[ 2017-12-23T15:23:26+08:00 ] ::1 /thinkphp_3.2.3_full/admin.php
INFO: [ app_init ] --START--
INFO: Run Behavior\BuildLiteBehavior [ RunTime:0.000013s ]
INFO: [ app_init ] --END-- [ RunTime:0.045445s ]
INFO: [ app_begin ] --START--
INFO: Run Behavior\ReadHtmlCacheBehavior [ RunTime:0.014549s ]
INFO: [ app_begin ] --END-- [ RunTime:0.014611s ]
INFO: [ view_parse ] --START--
INFO: [ template_filter ] --START--
INFO: Run Behavior\ContentReplaceBehavior [ RunTime:0.000868s ]
INFO: [ template_filter ] --END-- [ RunTime:0.000917s ]
INFO: Run Behavior\ParseTemplateBehavior [ RunTime:0.126520s ]
INFO: [ view_parse ] --END-- [ RunTime:0.126584s ]
INFO: [ view_filter ] --START--
INFO: Run Behavior\WriteHtmlCacheBehavior [ RunTime:0.013673s ]
INFO: [ view_filter ] --END-- [ RunTime:0.013719s ]
INFO: [ app_end ] --START--
INFO: Run Behavior\ShowPageTraceBehavior [ RunTime:0.013906s ]
INFO: [ app_end ] --END-- [ RunTime:0.013951s ]

[ 2017-12-23T15:23:31+08:00 ] ::1 /thinkphp_3.2.3_full/admin.php/Home/navtop/index.html
INFO: [ app_init ] --START--
INFO: Run Behavior\BuildLiteBehavior [ RunTime:0.000009s ]
INFO: [ app_init ] --END-- [ RunTime:0.000406s ]
INFO: [ app_begin ] --START--
INFO: Run Behavior\ReadHtmlCacheBehavior [ RunTime:0.000684s ]
INFO: [ app_begin ] --END-- [ RunTime:0.000732s ]
SQL: SHOW COLUMNS FROM `navtop` [ RunTime:0.0341s ]
SQL: SELECT * FROM `navtop` WHERE ( tid = 0 ) ORDER BY sort ASC  [ RunTime:0.0007s ]
SQL: SELECT * FROM `navtop` WHERE ( tid != 0 ) ORDER BY sort ASC  [ RunTime:0.0003s ]
INFO: [ view_parse ] --START--
INFO: [ template_filter ] --START--
INFO: Run Behavior\ContentReplaceBehavior [ RunTime:0.000071s ]
INFO: [ template_filter ] --END-- [ RunTime:0.000147s ]
INFO: Run Behavior\ParseTemplateBehavior [ RunTime:0.033260s ]
INFO: [ view_parse ] --END-- [ RunTime:0.033313s ]
INFO: [ view_filter ] --START--
INFO: Run Behavior\WriteHtmlCacheBehavior [ RunTime:0.000433s ]
INFO: [ view_filter ] --END-- [ RunTime:0.000465s ]
INFO: [ app_end ] --START--
INFO: Run Behavior\ShowPageTraceBehavior [ RunTime:0.000698s ]
INFO: [ app_end ] --END-- [ RunTime:0.000743s ]

[ 2017-12-23T15:23:32+08:00 ] ::1 /thinkphp_3.2.3_full/admin.php/Home/Category/index.html
INFO: [ app_init ] --START--
INFO: Run Behavior\BuildLiteBehavior [ RunTime:0.000010s ]
INFO: [ app_init ] --END-- [ RunTime:0.000896s ]
INFO: [ app_begin ] --START--
INFO: Run Behavior\ReadHtmlCacheBehavior [ RunTime:0.000410s ]
INFO: [ app_begin ] --END-- [ RunTime:0.000449s ]
SQL: SHOW COLUMNS FROM `category` [ RunTime:0.0462s ]
SQL: SELECT * FROM `category` WHERE ( tid = 0 ) ORDER BY id ASC  [ RunTime:0.0003s ]
SQL: SELECT * FROM `category` WHERE ( tid != 0 ) ORDER BY id ASC  [ RunTime:0.0002s ]
INFO: [ view_parse ] --START--
INFO: [ template_filter ] --START--
INFO: Run Behavior\ContentReplaceBehavior [ RunTime:0.000054s ]
INFO: [ template_filter ] --END-- [ RunTime:0.000097s ]
INFO: Run Behavior\ParseTemplateBehavior [ RunTime:0.031870s ]
INFO: [ view_parse ] --END-- [ RunTime:0.031926s ]
INFO: [ view_filter ] --START--
INFO: Run Behavior\WriteHtmlCacheBehavior [ RunTime:0.000275s ]
INFO: [ view_filter ] --END-- [ RunTime:0.000306s ]
INFO: [ app_end ] --START--
INFO: Run Behavior\ShowPageTraceBehavior [ RunTime:0.000507s ]
INFO: [ app_end ] --END-- [ RunTime:0.000560s ]

[ 2017-12-23T15:23:33+08:00 ] ::1 /thinkphp_3.2.3_full/admin.php/Home/article/index.html
INFO: [ app_init ] --START--
INFO: Run Behavior\BuildLiteBehavior [ RunTime:0.000009s ]
INFO: [ app_init ] --END-- [ RunTime:0.000355s ]
INFO: [ app_begin ] --START--
INFO: Run Behavior\ReadHtmlCacheBehavior [ RunTime:0.000407s ]
INFO: [ app_begin ] --END-- [ RunTime:0.000445s ]
SQL: SHOW COLUMNS FROM `article` [ RunTime:0.0239s ]
SQL: SELECT COUNT(*) AS tp_count FROM `article` LIMIT 1   [ RunTime:0.0003s ]
NOTIC: [2] Invalid argument supplied for foreach() D:\xampp\htdocs\thinkphp_3.2.3_full\ThinkPHP\Library\Think\Db\Driver.class.php 第 504 行.
SQL: SELECT * FROM `article` ORDER BY id DESC LIMIT 0,15   [ RunTime:0.0004s ]
INFO: [ view_parse ] --START--
INFO: [ template_filter ] --START--
INFO: Run Behavior\ContentReplaceBehavior [ RunTime:0.000057s ]
INFO: [ template_filter ] --END-- [ RunTime:0.000108s ]
NOTIC: [8] Use of undefined constant pic - assumed 'pic' D:\xampp\htdocs\thinkphp_3.2.3_full\Admin\Runtime\Cache\Home\0af49e14f553ba13f7b5d71d0440d4b3.php 第 71 行.
NOTIC: [8] Use of undefined constant commend - assumed 'commend' D:\xampp\htdocs\thinkphp_3.2.3_full\Admin\Runtime\Cache\Home\0af49e14f553ba13f7b5d71d0440d4b3.php 第 75 行.
NOTIC: [8] Use of undefined constant choice - assumed 'choice' D:\xampp\htdocs\thinkphp_3.2.3_full\Admin\Runtime\Cache\Home\0af49e14f553ba13f7b5d71d0440d4b3.php 第 76 行.
NOTIC: [8] Use of undefined constant tid - assumed 'tid' D:\xampp\htdocs\thinkphp_3.2.3_full\Admin\Runtime\Cache\Home\0af49e14f553ba13f7b5d71d0440d4b3.php 第 77 行.
NOTIC: [8] Undefined index: name D:\xampp\htdocs\thinkphp_3.2.3_full\Admin\Runtime\Cache\Home\0af49e14f553ba13f7b5d71d0440d4b3.php 第 77 行.
NOTIC: [8] Use of undefined constant open - assumed 'open' D:\xampp\htdocs\thinkphp_3.2.3_full\Admin\Runtime\Cache\Home\0af49e14f553ba13f7b5d71d0440d4b3.php 第 78 行.
NOTIC: [8] Use of undefined constant pic - assumed 'pic' D:\xampp\htdocs\thinkphp_3.2.3_full\Admin\Runtime\Cache\Home\0af49e14f553ba13f7b5d71d0440d4b3.php 第 71 行.
NOTIC: [8] Use of undefined constant commend - assumed 'commend' D:\xampp\htdocs\thinkphp_3.2.3_full\Admin\Runtime\Cache\Home\0af49e14f553ba13f7b5d71d0440d4b3.php 第 75 行.
NOTIC: [8] Use of undefined constant choice - assumed 'choice' D:\xampp\htdocs\thinkphp_3.2.3_full\Admin\Runtime\Cache\Home\0af49e14f553ba13f7b5d71d0440d4b3.php 第 76 行.
NOTIC: [8] Use of undefined constant tid - assumed 'tid' D:\xampp\htdocs\thinkphp_3.2.3_full\Admin\Runtime\Cache\Home\0af49e14f553ba13f7b5d71d0440d4b3.php 第 77 行.
NOTIC: [8] Use of undefined constant open - assumed 'open' D:\xampp\htdocs\thinkphp_3.2.3_full\Admin\Runtime\Cache\Home\0af49e14f553ba13f7b5d71d0440d4b3.php 第 78 行.
NOTIC: [8] Use of undefined constant pic - assumed 'pic' D:\xampp\htdocs\thinkphp_3.2.3_full\Admin\Runtime\Cache\Home\0af49e14f553ba13f7b5d71d0440d4b3.php 第 71 行.
NOTIC: [8] Use of undefined constant commend - assumed 'commend' D:\xampp\htdocs\thinkphp_3.2.3_full\Admin\Runtime\Cache\Home\0af49e14f553ba13f7b5d71d0440d4b3.php 第 75 行.
NOTIC: [8] Use of undefined constant choice - assumed 'choice' D:\xampp\htdocs\thinkphp_3.2.3_full\Admin\Runtime\Cache\Home\0af49e14f553ba13f7b5d71d0440d4b3.php 第 76 行.
NOTIC: [8] Use of undefined constant tid - assumed 'tid' D:\xampp\htdocs\thinkphp_3.2.3_full\Admin\Runtime\Cache\Home\0af49e14f553ba13f7b5d71d0440d4b3.php 第 77 行.
NOTIC: [8] Undefined index: name D:\xampp\htdocs\thinkphp_3.2.3_full\Admin\Runtime\Cache\Home\0af49e14f553ba13f7b5d71d0440d4b3.php 第 77 行.
NOTIC: [8] Use of undefined constant open - assumed 'open' D:\xampp\htdocs\thinkphp_3.2.3_full\Admin\Runtime\Cache\Home\0af49e14f553ba13f7b5d71d0440d4b3.php 第 78 行.
NOTIC: [8] Use of undefined constant pic - assumed 'pic' D:\xampp\htdocs\thinkphp_3.2.3_full\Admin\Runtime\Cache\Home\0af49e14f553ba13f7b5d71d0440d4b3.php 第 71 行.
NOTIC: [8] Use of undefined constant commend - assumed 'commend' D:\xampp\htdocs\thinkphp_3.2.3_full\Admin\Runtime\Cache\Home\0af49e14f553ba13f7b5d71d0440d4b3.php 第 75 行.
NOTIC: [8] Use of undefined constant choice - assumed 'choice' D:\xampp\htdocs\thinkphp_3.2.3_full\Admin\Runtime\Cache\Home\0af49e14f553ba13f7b5d71d0440d4b3.php 第 76 行.
NOTIC: [8] Use of undefined constant tid - assumed 'tid' D:\xampp\htdocs\thinkphp_3.2.3_full\Admin\Runtime\Cache\Home\0af49e14f553ba13f7b5d71d0440d4b3.php 第 77 行.
NOTIC: [8] Undefined index: name D:\xampp\htdocs\thinkphp_3.2.3_full\Admin\Runtime\Cache\Home\0af49e14f553ba13f7b5d71d0440d4b3.php 第 77 行.
NOTIC: [8] Use of undefined constant open - assumed 'open' D:\xampp\htdocs\thinkphp_3.2.3_full\Admin\Runtime\Cache\Home\0af49e14f553ba13f7b5d71d0440d4b3.php 第 78 行.
INFO: Run Behavior\ParseTemplateBehavior [ RunTime:0.021022s ]
INFO: [ view_parse ] --END-- [ RunTime:0.021065s ]
INFO: [ view_filter ] --START--
INFO: Run Behavior\WriteHtmlCacheBehavior [ RunTime:0.000432s ]
INFO: [ view_filter ] --END-- [ RunTime:0.000466s ]
INFO: [ app_end ] --START--
INFO: Run Behavior\ShowPageTraceBehavior [ RunTime:0.000556s ]
INFO: [ app_end ] --END-- [ RunTime:0.000615s ]

[ 2017-12-23T15:23:33+08:00 ] ::1 /thinkphp_3.2.3_full/admin.php/Home/banner/index.html
INFO: [ app_init ] --START--
INFO: Run Behavior\BuildLiteBehavior [ RunTime:0.000009s ]
INFO: [ app_init ] --END-- [ RunTime:0.000429s ]
INFO: [ app_begin ] --START--
INFO: Run Behavior\ReadHtmlCacheBehavior [ RunTime:0.000640s ]
INFO: [ app_begin ] --END-- [ RunTime:0.000680s ]
SQL: SHOW COLUMNS FROM `banner` [ RunTime:0.0621s ]
SQL: SELECT * FROM `banner` WHERE `id` = 1 LIMIT 1   [ RunTime:0.0003s ]
INFO: [ view_parse ] --START--
INFO: [ template_filter ] --START--
INFO: Run Behavior\ContentReplaceBehavior [ RunTime:0.000066s ]
INFO: [ template_filter ] --END-- [ RunTime:0.000104s ]
NOTIC: [8] Use of undefined constant apic - assumed 'apic' D:\xampp\htdocs\thinkphp_3.2.3_full\Admin\Runtime\Cache\Home\e66c1bfd7f1c937032433623bdf55fde.php 第 70 行.
NOTIC: [8] Use of undefined constant bpic - assumed 'bpic' D:\xampp\htdocs\thinkphp_3.2.3_full\Admin\Runtime\Cache\Home\e66c1bfd7f1c937032433623bdf55fde.php 第 96 行.
NOTIC: [8] Use of undefined constant cpic - assumed 'cpic' D:\xampp\htdocs\thinkphp_3.2.3_full\Admin\Runtime\Cache\Home\e66c1bfd7f1c937032433623bdf55fde.php 第 122 行.
INFO: Run Behavior\ParseTemplateBehavior [ RunTime:0.021790s ]
INFO: [ view_parse ] --END-- [ RunTime:0.021861s ]
INFO: [ view_filter ] --START--
INFO: Run Behavior\WriteHtmlCacheBehavior [ RunTime:0.000678s ]
INFO: [ view_filter ] --END-- [ RunTime:0.000715s ]
INFO: [ app_end ] --START--
INFO: Run Behavior\ShowPageTraceBehavior [ RunTime:0.000796s ]
INFO: [ app_end ] --END-- [ RunTime:0.000853s ]

[ 2017-12-23T15:23:35+08:00 ] ::1 /thinkphp_3.2.3_full/admin.php/Home/navtop/index.html
INFO: [ app_init ] --START--
INFO: Run Behavior\BuildLiteBehavior [ RunTime:0.000015s ]
INFO: [ app_init ] --END-- [ RunTime:0.000501s ]
INFO: [ app_begin ] --START--
INFO: Run Behavior\ReadHtmlCacheBehavior [ RunTime:0.000509s ]
INFO: [ app_begin ] --END-- [ RunTime:0.000581s ]
SQL: SHOW COLUMNS FROM `navtop` [ RunTime:0.0138s ]
SQL: SELECT * FROM `navtop` WHERE ( tid = 0 ) ORDER BY sort ASC  [ RunTime:0.0004s ]
SQL: SELECT * FROM `navtop` WHERE ( tid != 0 ) ORDER BY sort ASC  [ RunTime:0.0003s ]
INFO: [ view_parse ] --START--
INFO: [ template_filter ] --START--
INFO: Run Behavior\ContentReplaceBehavior [ RunTime:0.000053s ]
INFO: [ template_filter ] --END-- [ RunTime:0.000092s ]
INFO: Run Behavior\ParseTemplateBehavior [ RunTime:0.011076s ]
INFO: [ view_parse ] --END-- [ RunTime:0.011126s ]
INFO: [ view_filter ] --START--
INFO: Run Behavior\WriteHtmlCacheBehavior [ RunTime:0.000413s ]
INFO: [ view_filter ] --END-- [ RunTime:0.000450s ]
INFO: [ app_end ] --START--
INFO: Run Behavior\ShowPageTraceBehavior [ RunTime:0.000487s ]
INFO: [ app_end ] --END-- [ RunTime:0.000522s ]

[ 2017-12-23T15:23:35+08:00 ] ::1 /thinkphp_3.2.3_full/admin.php/Home/Category/index.html
INFO: [ app_init ] --START--
INFO: Run Behavior\BuildLiteBehavior [ RunTime:0.000009s ]
INFO: [ app_init ] --END-- [ RunTime:0.000331s ]
INFO: [ app_begin ] --START--
INFO: Run Behavior\ReadHtmlCacheBehavior [ RunTime:0.000404s ]
INFO: [ app_begin ] --END-- [ RunTime:0.000455s ]
SQL: SHOW COLUMNS FROM `category` [ RunTime:0.0155s ]
SQL: SELECT * FROM `category` WHERE ( tid = 0 ) ORDER BY id ASC  [ RunTime:0.0003s ]
SQL: SELECT * FROM `category` WHERE ( tid != 0 ) ORDER BY id ASC  [ RunTime:0.0002s ]
INFO: [ view_parse ] --START--
INFO: [ template_filter ] --START--
INFO: Run Behavior\ContentReplaceBehavior [ RunTime:0.000053s ]
INFO: [ template_filter ] --END-- [ RunTime:0.000093s ]
INFO: Run Behavior\ParseTemplateBehavior [ RunTime:0.011611s ]
INFO: [ view_parse ] --END-- [ RunTime:0.011755s ]
INFO: [ view_filter ] --START--
INFO: Run Behavior\WriteHtmlCacheBehavior [ RunTime:0.000919s ]
INFO: [ view_filter ] --END-- [ RunTime:0.000982s ]
INFO: [ app_end ] --START--
INFO: Run Behavior\ShowPageTraceBehavior [ RunTime:0.000650s ]
INFO: [ app_end ] --END-- [ RunTime:0.000705s ]

[ 2017-12-23T15:23:36+08:00 ] ::1 /thinkphp_3.2.3_full/admin.php/Home/article/index.html
INFO: [ app_init ] --START--
INFO: Run Behavior\BuildLiteBehavior [ RunTime:0.000009s ]
INFO: [ app_init ] --END-- [ RunTime:0.000343s ]
INFO: [ app_begin ] --START--
INFO: Run Behavior\ReadHtmlCacheBehavior [ RunTime:0.000413s ]
INFO: [ app_begin ] --END-- [ RunTime:0.000453s ]
SQL: SHOW COLUMNS FROM `article` [ RunTime:0.0130s ]
SQL: SELECT COUNT(*) AS tp_count FROM `article` LIMIT 1   [ RunTime:0.0003s ]
NOTIC: [2] Invalid argument supplied for foreach() D:\xampp\htdocs\thinkphp_3.2.3_full\ThinkPHP\Library\Think\Db\Driver.class.php 第 504 行.
SQL: SELECT * FROM `article` ORDER BY id DESC LIMIT 0,15   [ RunTime:0.0014s ]
INFO: [ view_parse ] --START--
INFO: [ template_filter ] --START--
INFO: Run Behavior\ContentReplaceBehavior [ RunTime:0.000057s ]
INFO: [ template_filter ] --END-- [ RunTime:0.000097s ]
NOTIC: [8] Use of undefined constant pic - assumed 'pic' D:\xampp\htdocs\thinkphp_3.2.3_full\Admin\Runtime\Cache\Home\0af49e14f553ba13f7b5d71d0440d4b3.php 第 71 行.
NOTIC: [8] Use of undefined constant commend - assumed 'commend' D:\xampp\htdocs\thinkphp_3.2.3_full\Admin\Runtime\Cache\Home\0af49e14f553ba13f7b5d71d0440d4b3.php 第 75 行.
NOTIC: [8] Use of undefined constant choice - assumed 'choice' D:\xampp\htdocs\thinkphp_3.2.3_full\Admin\Runtime\Cache\Home\0af49e14f553ba13f7b5d71d0440d4b3.php 第 76 行.
NOTIC: [8] Use of undefined constant tid - assumed 'tid' D:\xampp\htdocs\thinkphp_3.2.3_full\Admin\Runtime\Cache\Home\0af49e14f553ba13f7b5d71d0440d4b3.php 第 77 行.
NOTIC: [8] Undefined index: name D:\xampp\htdocs\thinkphp_3.2.3_full\Admin\Runtime\Cache\Home\0af49e14f553ba13f7b5d71d0440d4b3.php 第 77 行.
NOTIC: [8] Use of undefined constant open - assumed 'open' D:\xampp\htdocs\thinkphp_3.2.3_full\Admin\Runtime\Cache\Home\0af49e14f553ba13f7b5d71d0440d4b3.php 第 78 行.
NOTIC: [8] Use of undefined constant pic - assumed 'pic' D:\xampp\htdocs\thinkphp_3.2.3_full\Admin\Runtime\Cache\Home\0af49e14f553ba13f7b5d71d0440d4b3.php 第 71 行.
NOTIC: [8] Use of undefined constant commend - assumed 'commend' D:\xampp\htdocs\thinkphp_3.2.3_full\Admin\Runtime\Cache\Home\0af49e14f553ba13f7b5d71d0440d4b3.php 第 75 行.
NOTIC: [8] Use of undefined constant choice - assumed 'choice' D:\xampp\htdocs\thinkphp_3.2.3_full\Admin\Runtime\Cache\Home\0af49e14f553ba13f7b5d71d0440d4b3.php 第 76 行.
NOTIC: [8] Use of undefined constant tid - assumed 'tid' D:\xampp\htdocs\thinkphp_3.2.3_full\Admin\Runtime\Cache\Home\0af49e14f553ba13f7b5d71d0440d4b3.php 第 77 行.
NOTIC: [8] Use of undefined constant open - assumed 'open' D:\xampp\htdocs\thinkphp_3.2.3_full\Admin\Runtime\Cache\Home\0af49e14f553ba13f7b5d71d0440d4b3.php 第 78 行.
NOTIC: [8] Use of undefined constant pic - assumed 'pic' D:\xampp\htdocs\thinkphp_3.2.3_full\Admin\Runtime\Cache\Home\0af49e14f553ba13f7b5d71d0440d4b3.php 第 71 行.
NOTIC: [8] Use of undefined constant commend - assumed 'commend' D:\xampp\htdocs\thinkphp_3.2.3_full\Admin\Runtime\Cache\Home\0af49e14f553ba13f7b5d71d0440d4b3.php 第 75 行.
NOTIC: [8] Use of undefined constant choice - assumed 'choice' D:\xampp\htdocs\thinkphp_3.2.3_full\Admin\Runtime\Cache\Home\0af49e14f553ba13f7b5d71d0440d4b3.php 第 76 行.
NOTIC: [8] Use of undefined constant tid - assumed 'tid' D:\xampp\htdocs\thinkphp_3.2.3_full\Admin\Runtime\Cache\Home\0af49e14f553ba13f7b5d71d0440d4b3.php 第 77 行.
NOTIC: [8] Undefined index: name D:\xampp\htdocs\thinkphp_3.2.3_full\Admin\Runtime\Cache\Home\0af49e14f553ba13f7b5d71d0440d4b3.php 第 77 行.
NOTIC: [8] Use of undefined constant open - assumed 'open' D:\xampp\htdocs\thinkphp_3.2.3_full\Admin\Runtime\Cache\Home\0af49e14f553ba13f7b5d71d0440d4b3.php 第 78 行.
NOTIC: [8] Use of undefined constant pic - assumed 'pic' D:\xampp\htdocs\thinkphp_3.2.3_full\Admin\Runtime\Cache\Home\0af49e14f553ba13f7b5d71d0440d4b3.php 第 71 行.
NOTIC: [8] Use of undefined constant commend - assumed 'commend' D:\xampp\htdocs\thinkphp_3.2.3_full\Admin\Runtime\Cache\Home\0af49e14f553ba13f7b5d71d0440d4b3.php 第 75 行.
NOTIC: [8] Use of undefined constant choice - assumed 'choice' D:\xampp\htdocs\thinkphp_3.2.3_full\Admin\Runtime\Cache\Home\0af49e14f553ba13f7b5d71d0440d4b3.php 第 76 行.
NOTIC: [8] Use of undefined constant tid - assumed 'tid' D:\xampp\htdocs\thinkphp_3.2.3_full\Admin\Runtime\Cache\Home\0af49e14f553ba13f7b5d71d0440d4b3.php 第 77 行.
NOTIC: [8] Undefined index: name D:\xampp\htdocs\thinkphp_3.2.3_full\Admin\Runtime\Cache\Home\0af49e14f553ba13f7b5d71d0440d4b3.php 第 77 行.
NOTIC: [8] Use of undefined constant open - assumed 'open' D:\xampp\htdocs\thinkphp_3.2.3_full\Admin\Runtime\Cache\Home\0af49e14f553ba13f7b5d71d0440d4b3.php 第 78 行.
INFO: Run Behavior\ParseTemplateBehavior [ RunTime:0.010996s ]
INFO: [ view_parse ] --END-- [ RunTime:0.011038s ]
INFO: [ view_filter ] --START--
INFO: Run Behavior\WriteHtmlCacheBehavior [ RunTime:0.000529s ]
INFO: [ view_filter ] --END-- [ RunTime:0.000568s ]
INFO: [ app_end ] --START--
INFO: Run Behavior\ShowPageTraceBehavior [ RunTime:0.000633s ]
INFO: [ app_end ] --END-- [ RunTime:0.000679s ]

[ 2017-12-23T15:23:37+08:00 ] ::1 /thinkphp_3.2.3_full/admin.php/Home/conf/index.html
INFO: [ app_init ] --START--
INFO: Run Behavior\BuildLiteBehavior [ RunTime:0.000010s ]
INFO: [ app_init ] --END-- [ RunTime:0.000346s ]
INFO: [ app_begin ] --START--
INFO: Run Behavior\ReadHtmlCacheBehavior [ RunTime:0.000413s ]
INFO: [ app_begin ] --END-- [ RunTime:0.000454s ]
ERR: 无法加载控制器:Conf

[ 2017-12-23T15:23:40+08:00 ] ::1 /thinkphp_3.2.3_full/admin.php/Home/article/index.html
INFO: [ app_init ] --START--
INFO: Run Behavior\BuildLiteBehavior [ RunTime:0.000009s ]
INFO: [ app_init ] --END-- [ RunTime:0.000359s ]
INFO: [ app_begin ] --START--
INFO: Run Behavior\ReadHtmlCacheBehavior [ RunTime:0.000463s ]
INFO: [ app_begin ] --END-- [ RunTime:0.000503s ]
SQL: SHOW COLUMNS FROM `article` [ RunTime:0.0138s ]
SQL: SELECT COUNT(*) AS tp_count FROM `article` LIMIT 1   [ RunTime:0.0002s ]
NOTIC: [2] Invalid argument supplied for foreach() D:\xampp\htdocs\thinkphp_3.2.3_full\ThinkPHP\Library\Think\Db\Driver.class.php 第 504 行.
SQL: SELECT * FROM `article` ORDER BY id DESC LIMIT 0,15   [ RunTime:0.0003s ]
INFO: [ view_parse ] --START--
INFO: [ template_filter ] --START--
INFO: Run Behavior\ContentReplaceBehavior [ RunTime:0.000059s ]
INFO: [ template_filter ] --END-- [ RunTime:0.000100s ]
NOTIC: [8] Use of undefined constant pic - assumed 'pic' D:\xampp\htdocs\thinkphp_3.2.3_full\Admin\Runtime\Cache\Home\0af49e14f553ba13f7b5d71d0440d4b3.php 第 71 行.
NOTIC: [8] Use of undefined constant commend - assumed 'commend' D:\xampp\htdocs\thinkphp_3.2.3_full\Admin\Runtime\Cache\Home\0af49e14f553ba13f7b5d71d0440d4b3.php 第 75 行.
NOTIC: [8] Use of undefined constant choice - assumed 'choice' D:\xampp\htdocs\thinkphp_3.2.3_full\Admin\Runtime\Cache\Home\0af49e14f553ba13f7b5d71d0440d4b3.php 第 76 行.
NOTIC: [8] Use of undefined constant tid - assumed 'tid' D:\xampp\htdocs\thinkphp_3.2.3_full\Admin\Runtime\Cache\Home\0af49e14f553ba13f7b5d71d0440d4b3.php 第 77 行.
NOTIC: [8] Undefined index: name D:\xampp\htdocs\thinkphp_3.2.3_full\Admin\Runtime\Cache\Home\0af49e14f553ba13f7b5d71d0440d4b3.php 第 77 行.
NOTIC: [8] Use of undefined constant open - assumed 'open' D:\xampp\htdocs\thinkphp_3.2.3_full\Admin\Runtime\Cache\Home\0af49e14f553ba13f7b5d71d0440d4b3.php 第 78 行.
NOTIC: [8] Use of undefined constant pic - assumed 'pic' D:\xampp\htdocs\thinkphp_3.2.3_full\Admin\Runtime\Cache\Home\0af49e14f553ba13f7b5d71d0440d4b3.php 第 71 行.
NOTIC: [8] Use of undefined constant commend - assumed 'commend' D:\xampp\htdocs\thinkphp_3.2.3_full\Admin\Runtime\Cache\Home\0af49e14f553ba13f7b5d71d0440d4b3.php 第 75 行.
NOTIC: [8] Use of undefined constant choice - assumed 'choice' D:\xampp\htdocs\thinkphp_3.2.3_full\Admin\Runtime\Cache\Home\0af49e14f553ba13f7b5d71d0440d4b3.php 第 76 行.
NOTIC: [8] Use of undefined constant tid - assumed 'tid' D:\xampp\htdocs\thinkphp_3.2.3_full\Admin\Runtime\Cache\Home\0af49e14f553ba13f7b5d71d0440d4b3.php 第 77 行.
NOTIC: [8] Use of undefined constant open - assumed 'open' D:\xampp\htdocs\thinkphp_3.2.3_full\Admin\Runtime\Cache\Home\0af49e14f553ba13f7b5d71d0440d4b3.php 第 78 行.
NOTIC: [8] Use of undefined constant pic - assumed 'pic' D:\xampp\htdocs\thinkphp_3.2.3_full\Admin\Runtime\Cache\Home\0af49e14f553ba13f7b5d71d0440d4b3.php 第 71 行.
NOTIC: [8] Use of undefined constant commend - assumed 'commend' D:\xampp\htdocs\thinkphp_3.2.3_full\Admin\Runtime\Cache\Home\0af49e14f553ba13f7b5d71d0440d4b3.php 第 75 行.
NOTIC: [8] Use of undefined constant choice - assumed 'choice' D:\xampp\htdocs\thinkphp_3.2.3_full\Admin\Runtime\Cache\Home\0af49e14f553ba13f7b5d71d0440d4b3.php 第 76 行.
NOTIC: [8] Use of undefined constant tid - assumed 'tid' D:\xampp\htdocs\thinkphp_3.2.3_full\Admin\Runtime\Cache\Home\0af49e14f553ba13f7b5d71d0440d4b3.php 第 77 行.
NOTIC: [8] Undefined index: name D:\xampp\htdocs\thinkphp_3.2.3_full\Admin\Runtime\Cache\Home\0af49e14f553ba13f7b5d71d0440d4b3.php 第 77 行.
NOTIC: [8] Use of undefined constant open - assumed 'open' D:\xampp\htdocs\thinkphp_3.2.3_full\Admin\Runtime\Cache\Home\0af49e14f553ba13f7b5d71d0440d4b3.php 第 78 行.
NOTIC: [8] Use of undefined constant pic - assumed 'pic' D:\xampp\htdocs\thinkphp_3.2.3_full\Admin\Runtime\Cache\Home\0af49e14f553ba13f7b5d71d0440d4b3.php 第 71 行.
NOTIC: [8] Use of undefined constant commend - assumed 'commend' D:\xampp\htdocs\thinkphp_3.2.3_full\Admin\Runtime\Cache\Home\0af49e14f553ba13f7b5d71d0440d4b3.php 第 75 行.
NOTIC: [8] Use of undefined constant choice - assumed 'choice' D:\xampp\htdocs\thinkphp_3.2.3_full\Admin\Runtime\Cache\Home\0af49e14f553ba13f7b5d71d0440d4b3.php 第 76 行.
NOTIC: [8] Use of undefined constant tid - assumed 'tid' D:\xampp\htdocs\thinkphp_3.2.3_full\Admin\Runtime\Cache\Home\0af49e14f553ba13f7b5d71d0440d4b3.php 第 77 行.
NOTIC: [8] Undefined index: name D:\xampp\htdocs\thinkphp_3.2.3_full\Admin\Runtime\Cache\Home\0af49e14f553ba13f7b5d71d0440d4b3.php 第 77 行.
NOTIC: [8] Use of undefined constant open - assumed 'open' D:\xampp\htdocs\thinkphp_3.2.3_full\Admin\Runtime\Cache\Home\0af49e14f553ba13f7b5d71d0440d4b3.php 第 78 行.
INFO: Run Behavior\ParseTemplateBehavior [ RunTime:0.010671s ]
INFO: [ view_parse ] --END-- [ RunTime:0.010709s ]
INFO: [ view_filter ] --START--
INFO: Run Behavior\WriteHtmlCacheBehavior [ RunTime:0.000324s ]
INFO: [ view_filter ] --END-- [ RunTime:0.000353s ]
INFO: [ app_end ] --START--
INFO: Run Behavior\ShowPageTraceBehavior [ RunTime:0.000448s ]
INFO: [ app_end ] --END-- [ RunTime:0.000484s ]

