[ 2018-01-05T17:46:14+08:00 ] ::1 /YiShuBookPlatform/service/Api/admin.php/Home/User/index/p/1.html
INFO: [ app_init ] --START--
INFO: Run Behavior\BuildLiteBehavior [ RunTime:0.000015s ]
INFO: [ app_init ] --END-- [ RunTime:0.000629s ]
INFO: [ app_begin ] --START--
INFO: Run Behavior\ReadHtmlCacheBehavior [ RunTime:0.002162s ]
INFO: [ app_begin ] --END-- [ RunTime:0.002265s ]
SQL: SHOW COLUMNS FROM `y_admin` [ RunTime:0.0006s ]
SQL: SELECT * FROM `y_admin` WHERE ( adminname = 'admin' ) LIMIT 1   [ RunTime:0.0002s ]
SQL: SHOW COLUMNS FROM `y_user` [ RunTime:0.0006s ]
SQL: SELECT COUNT(*) AS tp_count FROM `y_user` LIMIT 1   [ RunTime:0.0002s ]
SQL: SELECT * FROM `y_user` ORDER BY userid ASC LIMIT 0,5   [ RunTime:0.0005s ]
INFO: [ view_parse ] --START--
INFO: [ template_filter ] --START--
INFO: Run Behavior\ContentReplaceBehavior [ RunTime:0.000075s ]
INFO: [ template_filter ] --END-- [ RunTime:0.000128s ]
NOTIC: [8] Use of undefined constant picture - assumed 'picture' C:\xampp\htdocs\YiShuBookPlatform\service\Api\Admin\Runtime\Cache\Home\195a947a52202a317d13267de92fe2b5.php 第 120 行.
NOTIC: [8] Use of undefined constant address - assumed 'address' C:\xampp\htdocs\YiShuBookPlatform\service\Api\Admin\Runtime\Cache\Home\195a947a52202a317d13267de92fe2b5.php 第 129 行.
NOTIC: [8] Use of undefined constant picture - assumed 'picture' C:\xampp\htdocs\YiShuBookPlatform\service\Api\Admin\Runtime\Cache\Home\195a947a52202a317d13267de92fe2b5.php 第 120 行.
NOTIC: [8] Use of undefined constant address - assumed 'address' C:\xampp\htdocs\YiShuBookPlatform\service\Api\Admin\Runtime\Cache\Home\195a947a52202a317d13267de92fe2b5.php 第 129 行.
NOTIC: [8] Use of undefined constant picture - assumed 'picture' C:\xampp\htdocs\YiShuBookPlatform\service\Api\Admin\Runtime\Cache\Home\195a947a52202a317d13267de92fe2b5.php 第 120 行.
NOTIC: [8] Use of undefined constant address - assumed 'address' C:\xampp\htdocs\YiShuBookPlatform\service\Api\Admin\Runtime\Cache\Home\195a947a52202a317d13267de92fe2b5.php 第 129 行.
NOTIC: [8] Use of undefined constant picture - assumed 'picture' C:\xampp\htdocs\YiShuBookPlatform\service\Api\Admin\Runtime\Cache\Home\195a947a52202a317d13267de92fe2b5.php 第 120 行.
NOTIC: [8] Use of undefined constant address - assumed 'address' C:\xampp\htdocs\YiShuBookPlatform\service\Api\Admin\Runtime\Cache\Home\195a947a52202a317d13267de92fe2b5.php 第 129 行.
NOTIC: [8] Use of undefined constant picture - assumed 'picture' C:\xampp\htdocs\YiShuBookPlatform\service\Api\Admin\Runtime\Cache\Home\195a947a52202a317d13267de92fe2b5.php 第 120 行.
NOTIC: [8] Use of undefined constant address - assumed 'address' C:\xampp\htdocs\YiShuBookPlatform\service\Api\Admin\Runtime\Cache\Home\195a947a52202a317d13267de92fe2b5.php 第 129 行.
INFO: Run Behavior\ParseTemplateBehavior [ RunTime:0.017142s ]
INFO: [ view_parse ] --END-- [ RunTime:0.017247s ]
INFO: [ view_filter ] --START--
INFO: Run Behavior\WriteHtmlCacheBehavior [ RunTime:0.002110s ]
INFO: [ view_filter ] --END-- [ RunTime:0.002200s ]
INFO: [ app_end ] --START--
INFO: Run Behavior\ShowPageTraceBehavior [ RunTime:0.002699s ]
INFO: [ app_end ] --END-- [ RunTime:0.002765s ]

[ 2018-01-05T17:46:15+08:00 ] ::1 /YiShuBookPlatform/service/Api/admin.php/Home/Examine/index.html
INFO: [ app_init ] --START--
INFO: Run Behavior\BuildLiteBehavior [ RunTime:0.000020s ]
INFO: [ app_init ] --END-- [ RunTime:0.000805s ]
INFO: [ app_begin ] --START--
INFO: Run Behavior\ReadHtmlCacheBehavior [ RunTime:0.001957s ]
INFO: [ app_begin ] --END-- [ RunTime:0.002058s ]
SQL: SHOW COLUMNS FROM `y_admin` [ RunTime:0.0008s ]
SQL: SELECT * FROM `y_admin` WHERE ( adminname = 'admin' ) LIMIT 1   [ RunTime:0.0003s ]
SQL: SHOW COLUMNS FROM `y_examine` [ RunTime:0.0007s ]
SQL: SELECT y_user.phone,y_user.nickname,y_examine.* from y_examine,y_user WHERE y_examine.userid = y_user.userid AND y_examine.state =0 [ RunTime:0.0004s ]
SQL: SELECT y_user.phone,y_user.nickname,y_examine.* from y_examine,y_user WHERE y_examine.userid = y_user.userid AND y_examine.state =1 [ RunTime:0.0002s ]
SQL: SELECT y_user.phone,y_user.nickname,y_examine.* from y_examine,y_user WHERE y_examine.userid = y_user.userid AND y_examine.state =2 [ RunTime:0.0002s ]
INFO: [ view_parse ] --START--
INFO: [ template_filter ] --START--
INFO: Run Behavior\ContentReplaceBehavior [ RunTime:0.000132s ]
INFO: [ template_filter ] --END-- [ RunTime:0.000189s ]
NOTIC: [8] Undefined variable: page C:\xampp\htdocs\YiShuBookPlatform\service\Api\Admin\Runtime\Cache\Home\9bb217902d2ac41e1e1701a869d1c2a5.php 第 154 行.
NOTIC: [8] Undefined variable: page C:\xampp\htdocs\YiShuBookPlatform\service\Api\Admin\Runtime\Cache\Home\9bb217902d2ac41e1e1701a869d1c2a5.php 第 194 行.
NOTIC: [8] Undefined variable: page C:\xampp\htdocs\YiShuBookPlatform\service\Api\Admin\Runtime\Cache\Home\9bb217902d2ac41e1e1701a869d1c2a5.php 第 234 行.
INFO: Run Behavior\ParseTemplateBehavior [ RunTime:0.019534s ]
INFO: [ view_parse ] --END-- [ RunTime:0.019599s ]
INFO: [ view_filter ] --START--
INFO: Run Behavior\WriteHtmlCacheBehavior [ RunTime:0.001529s ]
INFO: [ view_filter ] --END-- [ RunTime:0.001590s ]
INFO: [ app_end ] --START--
INFO: Run Behavior\ShowPageTraceBehavior [ RunTime:0.001770s ]
INFO: [ app_end ] --END-- [ RunTime:0.001853s ]

[ 2018-01-05T17:46:27+08:00 ] ::1 /YiShuBookPlatform/service/Api/admin.php/Home/Login/Koulin.html
INFO: [ app_init ] --START--
INFO: Run Behavior\BuildLiteBehavior [ RunTime:0.000028s ]
INFO: [ app_init ] --END-- [ RunTime:0.000785s ]
INFO: [ app_begin ] --START--
INFO: Run Behavior\ReadHtmlCacheBehavior [ RunTime:0.001497s ]
INFO: [ app_begin ] --END-- [ RunTime:0.001600s ]
SQL: SHOW COLUMNS FROM `y_admin` [ RunTime:0.0007s ]
SQL: SELECT * FROM `y_admin` WHERE ( token = 'e10adc3949ba59abbe56e057f20f883e' )  [ RunTime:0.0003s ]

[ 2018-01-05T17:46:28+08:00 ] ::1 /YiShuBookPlatform/service/Api/admin.php/Home/System/index.html
INFO: [ app_init ] --START--
INFO: Run Behavior\BuildLiteBehavior [ RunTime:0.000023s ]
INFO: [ app_init ] --END-- [ RunTime:0.000553s ]
INFO: [ app_begin ] --START--
INFO: Run Behavior\ReadHtmlCacheBehavior [ RunTime:0.001054s ]
INFO: [ app_begin ] --END-- [ RunTime:0.001121s ]
SQL: SHOW COLUMNS FROM `y_admin` [ RunTime:0.0009s ]
SQL: SELECT * FROM `y_admin` WHERE ( adminname = 'admin' ) LIMIT 1   [ RunTime:0.0003s ]
SQL: SHOW COLUMNS FROM `y_adminlog` [ RunTime:0.0006s ]
SQL: SELECT * FROM `y_adminlog` ORDER BY adminid DESC  [ RunTime:0.0002s ]
INFO: [ view_parse ] --START--
INFO: [ template_filter ] --START--
INFO: Run Behavior\ContentReplaceBehavior [ RunTime:0.000089s ]
INFO: [ template_filter ] --END-- [ RunTime:0.000157s ]
NOTIC: [8] Undefined variable: page C:\xampp\htdocs\YiShuBookPlatform\service\Api\Admin\Runtime\Cache\Home\143e1f9455905b66544235019e6914ce.php 第 138 行.
NOTIC: [8] Undefined variable: page C:\xampp\htdocs\YiShuBookPlatform\service\Api\Admin\Runtime\Cache\Home\143e1f9455905b66544235019e6914ce.php 第 164 行.
INFO: Run Behavior\ParseTemplateBehavior [ RunTime:0.013341s ]
INFO: [ view_parse ] --END-- [ RunTime:0.013397s ]
INFO: [ view_filter ] --START--
INFO: Run Behavior\WriteHtmlCacheBehavior [ RunTime:0.001173s ]
INFO: [ view_filter ] --END-- [ RunTime:0.001213s ]
INFO: [ app_end ] --START--
INFO: Run Behavior\ShowPageTraceBehavior [ RunTime:0.001921s ]
INFO: [ app_end ] --END-- [ RunTime:0.002000s ]

[ 2018-01-05T17:47:40+08:00 ] ::1 /YiShuBookPlatform/service/Api/admin.php/Home/user/index.html
INFO: [ app_init ] --START--
INFO: Run Behavior\BuildLiteBehavior [ RunTime:0.000024s ]
INFO: [ app_init ] --END-- [ RunTime:0.000611s ]
INFO: [ app_begin ] --START--
INFO: Run Behavior\ReadHtmlCacheBehavior [ RunTime:0.000895s ]
INFO: [ app_begin ] --END-- [ RunTime:0.000952s ]
SQL: SHOW COLUMNS FROM `y_admin` [ RunTime:0.0006s ]
SQL: SELECT * FROM `y_admin` WHERE ( adminname = 'admin' ) LIMIT 1   [ RunTime:0.0002s ]
SQL: SHOW COLUMNS FROM `y_user` [ RunTime:0.0008s ]
SQL: SELECT COUNT(*) AS tp_count FROM `y_user` LIMIT 1   [ RunTime:0.0002s ]
SQL: SELECT * FROM `y_user` ORDER BY userid ASC LIMIT 0,5   [ RunTime:0.0003s ]
INFO: [ view_parse ] --START--
INFO: [ template_filter ] --START--
INFO: Run Behavior\ContentReplaceBehavior [ RunTime:0.000098s ]
INFO: [ template_filter ] --END-- [ RunTime:0.000151s ]
NOTIC: [8] Use of undefined constant picture - assumed 'picture' C:\xampp\htdocs\YiShuBookPlatform\service\Api\Admin\Runtime\Cache\Home\195a947a52202a317d13267de92fe2b5.php 第 120 行.
NOTIC: [8] Use of undefined constant address - assumed 'address' C:\xampp\htdocs\YiShuBookPlatform\service\Api\Admin\Runtime\Cache\Home\195a947a52202a317d13267de92fe2b5.php 第 129 行.
NOTIC: [8] Use of undefined constant picture - assumed 'picture' C:\xampp\htdocs\YiShuBookPlatform\service\Api\Admin\Runtime\Cache\Home\195a947a52202a317d13267de92fe2b5.php 第 120 行.
NOTIC: [8] Use of undefined constant address - assumed 'address' C:\xampp\htdocs\YiShuBookPlatform\service\Api\Admin\Runtime\Cache\Home\195a947a52202a317d13267de92fe2b5.php 第 129 行.
NOTIC: [8] Use of undefined constant picture - assumed 'picture' C:\xampp\htdocs\YiShuBookPlatform\service\Api\Admin\Runtime\Cache\Home\195a947a52202a317d13267de92fe2b5.php 第 120 行.
NOTIC: [8] Use of undefined constant address - assumed 'address' C:\xampp\htdocs\YiShuBookPlatform\service\Api\Admin\Runtime\Cache\Home\195a947a52202a317d13267de92fe2b5.php 第 129 行.
NOTIC: [8] Use of undefined constant picture - assumed 'picture' C:\xampp\htdocs\YiShuBookPlatform\service\Api\Admin\Runtime\Cache\Home\195a947a52202a317d13267de92fe2b5.php 第 120 行.
NOTIC: [8] Use of undefined constant address - assumed 'address' C:\xampp\htdocs\YiShuBookPlatform\service\Api\Admin\Runtime\Cache\Home\195a947a52202a317d13267de92fe2b5.php 第 129 行.
NOTIC: [8] Use of undefined constant picture - assumed 'picture' C:\xampp\htdocs\YiShuBookPlatform\service\Api\Admin\Runtime\Cache\Home\195a947a52202a317d13267de92fe2b5.php 第 120 行.
NOTIC: [8] Use of undefined constant address - assumed 'address' C:\xampp\htdocs\YiShuBookPlatform\service\Api\Admin\Runtime\Cache\Home\195a947a52202a317d13267de92fe2b5.php 第 129 行.
INFO: Run Behavior\ParseTemplateBehavior [ RunTime:0.014395s ]
INFO: [ view_parse ] --END-- [ RunTime:0.014477s ]
INFO: [ view_filter ] --START--
INFO: Run Behavior\WriteHtmlCacheBehavior [ RunTime:0.001327s ]
INFO: [ view_filter ] --END-- [ RunTime:0.001372s ]
INFO: [ app_end ] --START--
INFO: Run Behavior\ShowPageTraceBehavior [ RunTime:0.002256s ]
INFO: [ app_end ] --END-- [ RunTime:0.002334s ]

[ 2018-01-05T17:47:44+08:00 ] ::1 /YiShuBookPlatform/service/Api/admin.php/Home/User/action.html
INFO: [ app_init ] --START--
INFO: Run Behavior\BuildLiteBehavior [ RunTime:0.000015s ]
INFO: [ app_init ] --END-- [ RunTime:0.000461s ]
INFO: [ app_begin ] --START--
INFO: Run Behavior\ReadHtmlCacheBehavior [ RunTime:0.000969s ]
INFO: [ app_begin ] --END-- [ RunTime:0.001040s ]
SQL: SHOW COLUMNS FROM `y_admin` [ RunTime:0.0008s ]
SQL: SELECT * FROM `y_admin` WHERE ( adminname = 'admin' ) LIMIT 1   [ RunTime:0.0003s ]
SQL: SHOW COLUMNS FROM `y_user` [ RunTime:0.0005s ]
SQL: SELECT * FROM `y_user` WHERE ( userid = '1' ) LIMIT 1   [ RunTime:0.0020s ]
NOTIC: [2] Illegal offset type in isset or empty C:\xampp\htdocs\YiShuBookPlatform\service\Api\ThinkPHP\Library\Think\Model.class.php 第 445 行.
SQL: UPDATE `y_user` SET `state`='1' WHERE ( userid = '1' ) [ RunTime:0.0033s ]

[ 2018-01-05T17:47:44+08:00 ] ::1 /YiShuBookPlatform/service/Api/admin.php/Home/User/action.html
INFO: [ app_init ] --START--
INFO: Run Behavior\BuildLiteBehavior [ RunTime:0.000032s ]
INFO: [ app_init ] --END-- [ RunTime:0.000996s ]
INFO: [ app_begin ] --START--
INFO: Run Behavior\ReadHtmlCacheBehavior [ RunTime:0.001543s ]
INFO: [ app_begin ] --END-- [ RunTime:0.001664s ]
SQL: SHOW COLUMNS FROM `y_admin` [ RunTime:0.0011s ]
SQL: SELECT * FROM `y_admin` WHERE ( adminname = 'admin' ) LIMIT 1   [ RunTime:0.0004s ]
SQL: SHOW COLUMNS FROM `y_user` [ RunTime:0.0009s ]
SQL: SELECT * FROM `y_user` WHERE ( userid = '1' ) LIMIT 1   [ RunTime:0.0006s ]
NOTIC: [2] Illegal offset type in isset or empty C:\xampp\htdocs\YiShuBookPlatform\service\Api\ThinkPHP\Library\Think\Model.class.php 第 445 行.
SQL: UPDATE `y_user` SET `state`='0' WHERE ( userid = '1' ) [ RunTime:0.0043s ]

[ 2018-01-05T17:47:45+08:00 ] ::1 /YiShuBookPlatform/service/Api/admin.php/Home/User/action.html
INFO: [ app_init ] --START--
INFO: Run Behavior\BuildLiteBehavior [ RunTime:0.000025s ]
INFO: [ app_init ] --END-- [ RunTime:0.000776s ]
INFO: [ app_begin ] --START--
INFO: Run Behavior\ReadHtmlCacheBehavior [ RunTime:0.001416s ]
INFO: [ app_begin ] --END-- [ RunTime:0.001510s ]
SQL: SHOW COLUMNS FROM `y_admin` [ RunTime:0.0010s ]
SQL: SELECT * FROM `y_admin` WHERE ( adminname = 'admin' ) LIMIT 1   [ RunTime:0.0004s ]
SQL: SHOW COLUMNS FROM `y_user` [ RunTime:0.0009s ]
SQL: SELECT * FROM `y_user` WHERE ( userid = '1' ) LIMIT 1   [ RunTime:0.0005s ]
NOTIC: [2] Illegal offset type in isset or empty C:\xampp\htdocs\YiShuBookPlatform\service\Api\ThinkPHP\Library\Think\Model.class.php 第 445 行.
SQL: UPDATE `y_user` SET `state`='1' WHERE ( userid = '1' ) [ RunTime:0.0036s ]

[ 2018-01-05T17:47:45+08:00 ] ::1 /YiShuBookPlatform/service/Api/admin.php/Home/User/action.html
INFO: [ app_init ] --START--
INFO: Run Behavior\BuildLiteBehavior [ RunTime:0.000017s ]
INFO: [ app_init ] --END-- [ RunTime:0.000550s ]
INFO: [ app_begin ] --START--
INFO: Run Behavior\ReadHtmlCacheBehavior [ RunTime:0.000999s ]
INFO: [ app_begin ] --END-- [ RunTime:0.001050s ]
SQL: SHOW COLUMNS FROM `y_admin` [ RunTime:0.0006s ]
SQL: SELECT * FROM `y_admin` WHERE ( adminname = 'admin' ) LIMIT 1   [ RunTime:0.0003s ]
SQL: SHOW COLUMNS FROM `y_user` [ RunTime:0.0005s ]
SQL: SELECT * FROM `y_user` WHERE ( userid = '1' ) LIMIT 1   [ RunTime:0.0003s ]
NOTIC: [2] Illegal offset type in isset or empty C:\xampp\htdocs\YiShuBookPlatform\service\Api\ThinkPHP\Library\Think\Model.class.php 第 445 行.
SQL: UPDATE `y_user` SET `state`='0' WHERE ( userid = '1' ) [ RunTime:0.0042s ]

[ 2018-01-05T17:47:54+08:00 ] ::1 /YiShuBookPlatform/service/Api/admin.php/Home/User/action.html
INFO: [ app_init ] --START--
INFO: Run Behavior\BuildLiteBehavior [ RunTime:0.000013s ]
INFO: [ app_init ] --END-- [ RunTime:0.000496s ]
INFO: [ app_begin ] --START--
INFO: Run Behavior\ReadHtmlCacheBehavior [ RunTime:0.001210s ]
INFO: [ app_begin ] --END-- [ RunTime:0.001288s ]
SQL: SHOW COLUMNS FROM `y_admin` [ RunTime:0.0007s ]
SQL: SELECT * FROM `y_admin` WHERE ( adminname = 'admin' ) LIMIT 1   [ RunTime:0.0003s ]
SQL: SHOW COLUMNS FROM `y_user` [ RunTime:0.0007s ]
SQL: SELECT * FROM `y_user` WHERE ( userid = '1' ) LIMIT 1   [ RunTime:0.0005s ]
NOTIC: [2] Illegal offset type in isset or empty C:\xampp\htdocs\YiShuBookPlatform\service\Api\ThinkPHP\Library\Think\Model.class.php 第 445 行.
SQL: UPDATE `y_user` SET `state`='1' WHERE ( userid = '1' ) [ RunTime:0.0026s ]

[ 2018-01-05T17:47:54+08:00 ] ::1 /YiShuBookPlatform/service/Api/admin.php/Home/User/action.html
INFO: [ app_init ] --START--
INFO: Run Behavior\BuildLiteBehavior [ RunTime:0.000016s ]
INFO: [ app_init ] --END-- [ RunTime:0.000570s ]
INFO: [ app_begin ] --START--
INFO: Run Behavior\ReadHtmlCacheBehavior [ RunTime:0.001039s ]
INFO: [ app_begin ] --END-- [ RunTime:0.001093s ]
SQL: SHOW COLUMNS FROM `y_admin` [ RunTime:0.0007s ]
SQL: SELECT * FROM `y_admin` WHERE ( adminname = 'admin' ) LIMIT 1   [ RunTime:0.0003s ]
SQL: SHOW COLUMNS FROM `y_user` [ RunTime:0.0006s ]
SQL: SELECT * FROM `y_user` WHERE ( userid = '1' ) LIMIT 1   [ RunTime:0.0003s ]
NOTIC: [2] Illegal offset type in isset or empty C:\xampp\htdocs\YiShuBookPlatform\service\Api\ThinkPHP\Library\Think\Model.class.php 第 445 行.
SQL: UPDATE `y_user` SET `state`='0' WHERE ( userid = '1' ) [ RunTime:0.0039s ]

[ 2018-01-05T17:47:55+08:00 ] ::1 /YiShuBookPlatform/service/Api/admin.php/Home/User/action.html
INFO: [ app_init ] --START--
INFO: Run Behavior\BuildLiteBehavior [ RunTime:0.000015s ]
INFO: [ app_init ] --END-- [ RunTime:0.000477s ]
INFO: [ app_begin ] --START--
INFO: Run Behavior\ReadHtmlCacheBehavior [ RunTime:0.000802s ]
INFO: [ app_begin ] --END-- [ RunTime:0.000848s ]
SQL: SHOW COLUMNS FROM `y_admin` [ RunTime:0.0009s ]
SQL: SELECT * FROM `y_admin` WHERE ( adminname = 'admin' ) LIMIT 1   [ RunTime:0.0004s ]
SQL: SHOW COLUMNS FROM `y_user` [ RunTime:0.0007s ]
SQL: SELECT * FROM `y_user` WHERE ( userid = '1' ) LIMIT 1   [ RunTime:0.0003s ]
NOTIC: [2] Illegal offset type in isset or empty C:\xampp\htdocs\YiShuBookPlatform\service\Api\ThinkPHP\Library\Think\Model.class.php 第 445 行.
SQL: UPDATE `y_user` SET `state`='1' WHERE ( userid = '1' ) [ RunTime:0.0034s ]

[ 2018-01-05T17:47:55+08:00 ] ::1 /YiShuBookPlatform/service/Api/admin.php/Home/User/action.html
INFO: [ app_init ] --START--
INFO: Run Behavior\BuildLiteBehavior [ RunTime:0.000016s ]
INFO: [ app_init ] --END-- [ RunTime:0.000526s ]
INFO: [ app_begin ] --START--
INFO: Run Behavior\ReadHtmlCacheBehavior [ RunTime:0.000987s ]
INFO: [ app_begin ] --END-- [ RunTime:0.001048s ]
SQL: SHOW COLUMNS FROM `y_admin` [ RunTime:0.0008s ]
SQL: SELECT * FROM `y_admin` WHERE ( adminname = 'admin' ) LIMIT 1   [ RunTime:0.0003s ]
SQL: SHOW COLUMNS FROM `y_user` [ RunTime:0.0007s ]
SQL: SELECT * FROM `y_user` WHERE ( userid = '1' ) LIMIT 1   [ RunTime:0.0005s ]
NOTIC: [2] Illegal offset type in isset or empty C:\xampp\htdocs\YiShuBookPlatform\service\Api\ThinkPHP\Library\Think\Model.class.php 第 445 行.
SQL: UPDATE `y_user` SET `state`='0' WHERE ( userid = '1' ) [ RunTime:0.0049s ]

[ 2018-01-05T17:47:55+08:00 ] ::1 /YiShuBookPlatform/service/Api/admin.php/Home/User/action.html
INFO: [ app_init ] --START--
INFO: Run Behavior\BuildLiteBehavior [ RunTime:0.000016s ]
INFO: [ app_init ] --END-- [ RunTime:0.000512s ]
INFO: [ app_begin ] --START--
INFO: Run Behavior\ReadHtmlCacheBehavior [ RunTime:0.001161s ]
INFO: [ app_begin ] --END-- [ RunTime:0.001235s ]
SQL: SHOW COLUMNS FROM `y_admin` [ RunTime:0.0006s ]
SQL: SELECT * FROM `y_admin` WHERE ( adminname = 'admin' ) LIMIT 1   [ RunTime:0.0002s ]
SQL: SHOW COLUMNS FROM `y_user` [ RunTime:0.0005s ]
SQL: SELECT * FROM `y_user` WHERE ( userid = '1' ) LIMIT 1   [ RunTime:0.0003s ]
NOTIC: [2] Illegal offset type in isset or empty C:\xampp\htdocs\YiShuBookPlatform\service\Api\ThinkPHP\Library\Think\Model.class.php 第 445 行.
SQL: UPDATE `y_user` SET `state`='1' WHERE ( userid = '1' ) [ RunTime:0.0040s ]

[ 2018-01-05T17:47:55+08:00 ] ::1 /YiShuBookPlatform/service/Api/admin.php/Home/User/action.html
INFO: [ app_init ] --START--
INFO: Run Behavior\BuildLiteBehavior [ RunTime:0.000020s ]
INFO: [ app_init ] --END-- [ RunTime:0.000550s ]
INFO: [ app_begin ] --START--
INFO: Run Behavior\ReadHtmlCacheBehavior [ RunTime:0.001258s ]
INFO: [ app_begin ] --END-- [ RunTime:0.001342s ]
SQL: SHOW COLUMNS FROM `y_admin` [ RunTime:0.0008s ]
SQL: SELECT * FROM `y_admin` WHERE ( adminname = 'admin' ) LIMIT 1   [ RunTime:0.0003s ]
SQL: SHOW COLUMNS FROM `y_user` [ RunTime:0.0007s ]
SQL: SELECT * FROM `y_user` WHERE ( userid = '1' ) LIMIT 1   [ RunTime:0.0004s ]
NOTIC: [2] Illegal offset type in isset or empty C:\xampp\htdocs\YiShuBookPlatform\service\Api\ThinkPHP\Library\Think\Model.class.php 第 445 行.
SQL: UPDATE `y_user` SET `state`='0' WHERE ( userid = '1' ) [ RunTime:0.0036s ]

[ 2018-01-05T17:49:13+08:00 ] ::1 /YiShuBookPlatform/service/Api/admin.php/Home/Login/Koulin.html
INFO: [ app_init ] --START--
INFO: Run Behavior\BuildLiteBehavior [ RunTime:0.000024s ]
INFO: [ app_init ] --END-- [ RunTime:0.001220s ]
INFO: [ app_begin ] --START--
INFO: Run Behavior\ReadHtmlCacheBehavior [ RunTime:0.001919s ]
INFO: [ app_begin ] --END-- [ RunTime:0.002000s ]
SQL: SHOW COLUMNS FROM `y_admin` [ RunTime:0.0007s ]
SQL: SELECT * FROM `y_admin` WHERE ( token = 'e10adc3949ba59abbe56e057f20f883e' )  [ RunTime:0.0003s ]

[ 2018-01-05T17:49:14+08:00 ] ::1 /YiShuBookPlatform/service/Api/admin.php/Home/System/index.html
INFO: [ app_init ] --START--
INFO: Run Behavior\BuildLiteBehavior [ RunTime:0.000014s ]
INFO: [ app_init ] --END-- [ RunTime:0.000598s ]
INFO: [ app_begin ] --START--
INFO: Run Behavior\ReadHtmlCacheBehavior [ RunTime:0.001440s ]
INFO: [ app_begin ] --END-- [ RunTime:0.001538s ]
SQL: SHOW COLUMNS FROM `y_admin` [ RunTime:0.0009s ]
SQL: SELECT * FROM `y_admin` WHERE ( adminname = 'admin' ) LIMIT 1   [ RunTime:0.0007s ]
SQL: SHOW COLUMNS FROM `y_adminlog` [ RunTime:0.0009s ]
SQL: SELECT * FROM `y_adminlog` ORDER BY adminid DESC  [ RunTime:0.0003s ]
INFO: [ view_parse ] --START--
INFO: [ template_filter ] --START--
INFO: Run Behavior\ContentReplaceBehavior [ RunTime:0.000084s ]
INFO: [ template_filter ] --END-- [ RunTime:0.000137s ]
NOTIC: [8] Undefined variable: page C:\xampp\htdocs\YiShuBookPlatform\service\Api\Admin\Runtime\Cache\Home\143e1f9455905b66544235019e6914ce.php 第 138 行.
NOTIC: [8] Undefined variable: page C:\xampp\htdocs\YiShuBookPlatform\service\Api\Admin\Runtime\Cache\Home\143e1f9455905b66544235019e6914ce.php 第 164 行.
INFO: Run Behavior\ParseTemplateBehavior [ RunTime:0.016319s ]
INFO: [ view_parse ] --END-- [ RunTime:0.016394s ]
INFO: [ view_filter ] --START--
INFO: Run Behavior\WriteHtmlCacheBehavior [ RunTime:0.000953s ]
INFO: [ view_filter ] --END-- [ RunTime:0.000998s ]
INFO: [ app_end ] --START--
INFO: Run Behavior\ShowPageTraceBehavior [ RunTime:0.001675s ]
INFO: [ app_end ] --END-- [ RunTime:0.001751s ]

[ 2018-01-05T19:04:37+08:00 ] ::1 /YiShuBookPlatform/service/Api/admin.php
INFO: [ app_init ] --START--
INFO: Run Behavior\BuildLiteBehavior [ RunTime:0.000026s ]
INFO: [ app_init ] --END-- [ RunTime:0.001497s ]
INFO: [ app_begin ] --START--
INFO: Run Behavior\ReadHtmlCacheBehavior [ RunTime:0.002655s ]
INFO: [ app_begin ] --END-- [ RunTime:0.002761s ]
SQL: SHOW COLUMNS FROM `y_admin` [ RunTime:0.0011s ]
NOTIC: [8] Undefined index: adminname C:\xampp\htdocs\YiShuBookPlatform\service\Api\Admin\Home\Controller\CommonController.class.php 第 16 行.
SQL: SELECT * FROM `y_admin` WHERE ( adminname = '%s' ) LIMIT 1   [ RunTime:0.0004s ]
NOTIC: [8] Undefined index: adminname C:\xampp\htdocs\YiShuBookPlatform\service\Api\Admin\Home\Controller\CommonController.class.php 第 17 行.
INFO: [ view_parse ] --START--
INFO: [ template_filter ] --START--
INFO: Run Behavior\ContentReplaceBehavior [ RunTime:0.000165s ]
INFO: [ template_filter ] --END-- [ RunTime:0.000250s ]
INFO: Run Behavior\ParseTemplateBehavior [ RunTime:0.018754s ]
INFO: [ view_parse ] --END-- [ RunTime:0.018847s ]
INFO: [ view_filter ] --START--
INFO: Run Behavior\WriteHtmlCacheBehavior [ RunTime:0.002888s ]
INFO: [ view_filter ] --END-- [ RunTime:0.002983s ]

[ 2018-01-05T19:04:40+08:00 ] ::1 /YiShuBookPlatform/service/Api/admin.php/Home/Login/index.html
INFO: [ app_init ] --START--
INFO: Run Behavior\BuildLiteBehavior [ RunTime:0.000026s ]
INFO: [ app_init ] --END-- [ RunTime:0.000816s ]
INFO: [ app_begin ] --START--
INFO: Run Behavior\ReadHtmlCacheBehavior [ RunTime:0.000928s ]
INFO: [ app_begin ] --END-- [ RunTime:0.000990s ]
INFO: [ view_parse ] --START--
INFO: [ template_filter ] --START--
INFO: Run Behavior\ContentReplaceBehavior [ RunTime:0.000061s ]
INFO: [ template_filter ] --END-- [ RunTime:0.000122s ]
INFO: Run Behavior\ParseTemplateBehavior [ RunTime:0.010864s ]
INFO: [ view_parse ] --END-- [ RunTime:0.010929s ]
INFO: [ view_filter ] --START--
INFO: Run Behavior\WriteHtmlCacheBehavior [ RunTime:0.000831s ]
INFO: [ view_filter ] --END-- [ RunTime:0.000884s ]
INFO: [ app_end ] --START--
INFO: Run Behavior\ShowPageTraceBehavior [ RunTime:0.002121s ]
INFO: [ app_end ] --END-- [ RunTime:0.002181s ]

[ 2018-01-05T19:08:20+08:00 ] 169.254.71.118 /YiShuBookPlatform/service/Api/admin.php/Home/Login/index.html
INFO: [ app_init ] --START--
INFO: Run Behavior\BuildLiteBehavior [ RunTime:0.000015s ]
INFO: [ app_init ] --END-- [ RunTime:0.000858s ]
INFO: [ app_begin ] --START--
INFO: Run Behavior\ReadHtmlCacheBehavior [ RunTime:0.002337s ]
INFO: [ app_begin ] --END-- [ RunTime:0.002408s ]
INFO: [ view_parse ] --START--
INFO: [ template_filter ] --START--
INFO: Run Behavior\ContentReplaceBehavior [ RunTime:0.000068s ]
INFO: [ template_filter ] --END-- [ RunTime:0.000136s ]
INFO: Run Behavior\ParseTemplateBehavior [ RunTime:0.017727s ]
INFO: [ view_parse ] --END-- [ RunTime:0.017837s ]
INFO: [ view_filter ] --START--
INFO: Run Behavior\WriteHtmlCacheBehavior [ RunTime:0.003489s ]
INFO: [ view_filter ] --END-- [ RunTime:0.003661s ]
INFO: [ app_end ] --START--
INFO: Run Behavior\ShowPageTraceBehavior [ RunTime:0.004076s ]
INFO: [ app_end ] --END-- [ RunTime:0.004169s ]

[ 2018-01-05T19:08:23+08:00 ] 169.254.71.118 /YiShuBookPlatform/service/Api/admin.php/Home/Login/logincheck.html
INFO: [ app_init ] --START--
INFO: Run Behavior\BuildLiteBehavior [ RunTime:0.000014s ]
INFO: [ app_init ] --END-- [ RunTime:0.000672s ]
INFO: [ app_begin ] --START--
INFO: Run Behavior\ReadHtmlCacheBehavior [ RunTime:0.001568s ]
INFO: [ app_begin ] --END-- [ RunTime:0.001621s ]
SQL: SHOW COLUMNS FROM `y_admin` [ RunTime:0.0008s ]
SQL: SELECT * FROM `y_admin` WHERE ( adminname = 'admin' AND adminpassword = '123' ) LIMIT 1   [ RunTime:0.0003s ]
SQL: SELECT * FROM `y_admin` WHERE ( adminname = 'admin' ) LIMIT 1   [ RunTime:0.0004s ]
SQL: SHOW COLUMNS FROM `y_adminlog` [ RunTime:0.0007s ]
SQL: INSERT INTO `y_adminlog` (`adminname`,`ip`,`time`,`country`,`count`) VALUES ('admin','169.254.71.118','2018-01-05 19:08:23','IANA保留地址','7') [ RunTime:0.0033s ]
SQL: UPDATE `y_admin` SET `count`='7' WHERE ( adminname = 'admin' ) [ RunTime:0.0037s ]

[ 2018-01-05T19:08:24+08:00 ] 169.254.71.118 /YiShuBookPlatform/service/Api/admin.php/Home/Index/index.html
INFO: [ app_init ] --START--
INFO: Run Behavior\BuildLiteBehavior [ RunTime:0.000022s ]
INFO: [ app_init ] --END-- [ RunTime:0.001161s ]
INFO: [ app_begin ] --START--
INFO: Run Behavior\ReadHtmlCacheBehavior [ RunTime:0.005673s ]
INFO: [ app_begin ] --END-- [ RunTime:0.005779s ]
SQL: SHOW COLUMNS FROM `y_admin` [ RunTime:0.0009s ]
SQL: SELECT * FROM `y_admin` WHERE ( adminname = 'admin' ) LIMIT 1   [ RunTime:0.0003s ]
SQL: SHOW COLUMNS FROM `y_adminlog` [ RunTime:0.0008s ]
SQL: SELECT * FROM `y_adminlog` WHERE ( time = '2018-01-05 19:08:23' ) LIMIT 1   [ RunTime:0.0004s ]
INFO: [ view_parse ] --START--
INFO: [ template_filter ] --START--
INFO: Run Behavior\ContentReplaceBehavior [ RunTime:0.000122s ]
INFO: [ template_filter ] --END-- [ RunTime:0.000210s ]
INFO: Run Behavior\ParseTemplateBehavior [ RunTime:0.029865s ]
INFO: [ view_parse ] --END-- [ RunTime:0.029968s ]
INFO: [ view_filter ] --START--
INFO: Run Behavior\WriteHtmlCacheBehavior [ RunTime:0.002536s ]
INFO: [ view_filter ] --END-- [ RunTime:0.002620s ]
INFO: [ app_end ] --START--
INFO: Run Behavior\ShowPageTraceBehavior [ RunTime:0.003544s ]
INFO: [ app_end ] --END-- [ RunTime:0.003770s ]

[ 2018-01-05T19:08:34+08:00 ] 169.254.71.118 /YiShuBookPlatform/service/Api/admin.php/Home/Login/Koulin.html
INFO: [ app_init ] --START--
INFO: Run Behavior\BuildLiteBehavior [ RunTime:0.000013s ]
INFO: [ app_init ] --END-- [ RunTime:0.000666s ]
INFO: [ app_begin ] --START--
INFO: Run Behavior\ReadHtmlCacheBehavior [ RunTime:0.001570s ]
INFO: [ app_begin ] --END-- [ RunTime:0.001623s ]
SQL: SHOW COLUMNS FROM `y_admin` [ RunTime:0.0007s ]
SQL: SELECT * FROM `y_admin` WHERE ( token = 'e10adc3949ba59abbe56e057f20f883e' )  [ RunTime:0.0003s ]

[ 2018-01-05T19:08:35+08:00 ] 169.254.71.118 /YiShuBookPlatform/service/Api/admin.php/Home/System/index.html
INFO: [ app_init ] --START--
INFO: Run Behavior\BuildLiteBehavior [ RunTime:0.000014s ]
INFO: [ app_init ] --END-- [ RunTime:0.000731s ]
INFO: [ app_begin ] --START--
INFO: Run Behavior\ReadHtmlCacheBehavior [ RunTime:0.001740s ]
INFO: [ app_begin ] --END-- [ RunTime:0.001794s ]
SQL: SHOW COLUMNS FROM `y_admin` [ RunTime:0.0006s ]
SQL: SELECT * FROM `y_admin` WHERE ( adminname = 'admin' ) LIMIT 1   [ RunTime:0.0002s ]
SQL: SHOW COLUMNS FROM `y_adminlog` [ RunTime:0.0006s ]
SQL: SELECT * FROM `y_adminlog` ORDER BY adminid DESC  [ RunTime:0.0003s ]
INFO: [ view_parse ] --START--
INFO: [ template_filter ] --START--
INFO: Run Behavior\ContentReplaceBehavior [ RunTime:0.000077s ]
INFO: [ template_filter ] --END-- [ RunTime:0.000127s ]
NOTIC: [8] Undefined variable: page C:\xampp\htdocs\YiShuBookPlatform\service\Api\Admin\Runtime\Cache\Home\143e1f9455905b66544235019e6914ce.php 第 138 行.
NOTIC: [8] Undefined variable: page C:\xampp\htdocs\YiShuBookPlatform\service\Api\Admin\Runtime\Cache\Home\143e1f9455905b66544235019e6914ce.php 第 164 行.
INFO: Run Behavior\ParseTemplateBehavior [ RunTime:0.019317s ]
INFO: [ view_parse ] --END-- [ RunTime:0.019400s ]
INFO: [ view_filter ] --START--
INFO: Run Behavior\WriteHtmlCacheBehavior [ RunTime:0.001396s ]
INFO: [ view_filter ] --END-- [ RunTime:0.001448s ]
INFO: [ app_end ] --START--
INFO: Run Behavior\ShowPageTraceBehavior [ RunTime:0.003046s ]
INFO: [ app_end ] --END-- [ RunTime:0.003153s ]

[ 2018-01-05T19:10:08+08:00 ] 169.254.71.118 /YiShuBookPlatform/service/Api/admin.php/Home/System/index.html
INFO: [ app_init ] --START--
INFO: Run Behavior\BuildLiteBehavior [ RunTime:0.000025s ]
INFO: [ app_init ] --END-- [ RunTime:0.001136s ]
INFO: [ app_begin ] --START--
INFO: Run Behavior\ReadHtmlCacheBehavior [ RunTime:0.014267s ]
INFO: [ app_begin ] --END-- [ RunTime:0.014376s ]
SQL: SHOW COLUMNS FROM `y_admin` [ RunTime:0.0010s ]
SQL: SELECT * FROM `y_admin` WHERE ( adminname = 'admin' ) LIMIT 1   [ RunTime:0.0005s ]
SQL: SHOW COLUMNS FROM `y_adminlog` [ RunTime:0.0010s ]
SQL: SELECT COUNT(*) AS tp_count FROM `y_adminlog` LIMIT 1   [ RunTime:0.0003s ]
SQL: SELECT * FROM `y_adminlog` ORDER BY adminid DESC LIMIT 0,5   [ RunTime:0.0007s ]
INFO: [ view_parse ] --START--
INFO: [ template_filter ] --START--
INFO: Run Behavior\ContentReplaceBehavior [ RunTime:0.000140s ]
INFO: [ template_filter ] --END-- [ RunTime:0.000227s ]
NOTIC: [8] Undefined variable: page C:\xampp\htdocs\YiShuBookPlatform\service\Api\Admin\Runtime\Cache\Home\143e1f9455905b66544235019e6914ce.php 第 138 行.
NOTIC: [8] Undefined variable: page C:\xampp\htdocs\YiShuBookPlatform\service\Api\Admin\Runtime\Cache\Home\143e1f9455905b66544235019e6914ce.php 第 164 行.
INFO: Run Behavior\ParseTemplateBehavior [ RunTime:0.024307s ]
INFO: [ view_parse ] --END-- [ RunTime:0.024414s ]
INFO: [ view_filter ] --START--
INFO: Run Behavior\WriteHtmlCacheBehavior [ RunTime:0.001936s ]
INFO: [ view_filter ] --END-- [ RunTime:0.002019s ]
INFO: [ app_end ] --START--
INFO: Run Behavior\ShowPageTraceBehavior [ RunTime:0.004518s ]
INFO: [ app_end ] --END-- [ RunTime:0.004640s ]

[ 2018-01-05T19:10:35+08:00 ] 169.254.71.118 /YiShuBookPlatform/service/Api/admin.php/Home/System/index.html
INFO: [ app_init ] --START--
INFO: Run Behavior\BuildLiteBehavior [ RunTime:0.000020s ]
INFO: [ app_init ] --END-- [ RunTime:0.000943s ]
INFO: [ app_begin ] --START--
INFO: Run Behavior\ReadHtmlCacheBehavior [ RunTime:0.001304s ]
INFO: [ app_begin ] --END-- [ RunTime:0.001395s ]
SQL: SHOW COLUMNS FROM `y_admin` [ RunTime:0.0007s ]
SQL: SELECT * FROM `y_admin` WHERE ( adminname = 'admin' ) LIMIT 1   [ RunTime:0.0003s ]
SQL: SHOW COLUMNS FROM `y_adminlog` [ RunTime:0.0005s ]
SQL: SELECT COUNT(*) AS tp_count FROM `y_adminlog` LIMIT 1   [ RunTime:0.0002s ]
SQL: SELECT * FROM `y_adminlog` ORDER BY adminid DESC LIMIT 0,5   [ RunTime:0.0004s ]
INFO: [ view_parse ] --START--
INFO: [ template_filter ] --START--
INFO: Run Behavior\ContentReplaceBehavior [ RunTime:0.000094s ]
INFO: [ template_filter ] --END-- [ RunTime:0.000152s ]
INFO: Run Behavior\ParseTemplateBehavior [ RunTime:0.015104s ]
INFO: [ view_parse ] --END-- [ RunTime:0.015173s ]
INFO: [ view_filter ] --START--
INFO: Run Behavior\WriteHtmlCacheBehavior [ RunTime:0.001701s ]
INFO: [ view_filter ] --END-- [ RunTime:0.001759s ]
INFO: [ app_end ] --START--
INFO: Run Behavior\ShowPageTraceBehavior [ RunTime:0.002594s ]
INFO: [ app_end ] --END-- [ RunTime:0.002754s ]

[ 2018-01-05T19:10:37+08:00 ] 169.254.71.118 /YiShuBookPlatform/service/Api/admin.php/Home/System/index/p/2.html
INFO: [ app_init ] --START--
INFO: Run Behavior\BuildLiteBehavior [ RunTime:0.000026s ]
INFO: [ app_init ] --END-- [ RunTime:0.000840s ]
INFO: [ app_begin ] --START--
INFO: Run Behavior\ReadHtmlCacheBehavior [ RunTime:0.001074s ]
INFO: [ app_begin ] --END-- [ RunTime:0.001145s ]
SQL: SHOW COLUMNS FROM `y_admin` [ RunTime:0.0011s ]
SQL: SELECT * FROM `y_admin` WHERE ( adminname = 'admin' ) LIMIT 1   [ RunTime:0.0004s ]
SQL: SHOW COLUMNS FROM `y_adminlog` [ RunTime:0.0007s ]
SQL: SELECT COUNT(*) AS tp_count FROM `y_adminlog` LIMIT 1   [ RunTime:0.0002s ]
SQL: SELECT * FROM `y_adminlog` ORDER BY adminid DESC LIMIT 5,5   [ RunTime:0.0004s ]
INFO: [ view_parse ] --START--
INFO: [ template_filter ] --START--
INFO: Run Behavior\ContentReplaceBehavior [ RunTime:0.000142s ]
INFO: [ template_filter ] --END-- [ RunTime:0.000231s ]
INFO: Run Behavior\ParseTemplateBehavior [ RunTime:0.012970s ]
INFO: [ view_parse ] --END-- [ RunTime:0.013039s ]
INFO: [ view_filter ] --START--
INFO: Run Behavior\WriteHtmlCacheBehavior [ RunTime:0.001313s ]
INFO: [ view_filter ] --END-- [ RunTime:0.001356s ]
INFO: [ app_end ] --START--
INFO: Run Behavior\ShowPageTraceBehavior [ RunTime:0.002951s ]
INFO: [ app_end ] --END-- [ RunTime:0.003033s ]

[ 2018-01-05T19:10:39+08:00 ] 169.254.71.118 /YiShuBookPlatform/service/Api/admin.php/Home/System/index/p/1.html
INFO: [ app_init ] --START--
INFO: Run Behavior\BuildLiteBehavior [ RunTime:0.000015s ]
INFO: [ app_init ] --END-- [ RunTime:0.000550s ]
INFO: [ app_begin ] --START--
INFO: Run Behavior\ReadHtmlCacheBehavior [ RunTime:0.001259s ]
INFO: [ app_begin ] --END-- [ RunTime:0.001335s ]
SQL: SHOW COLUMNS FROM `y_admin` [ RunTime:0.0007s ]
SQL: SELECT * FROM `y_admin` WHERE ( adminname = 'admin' ) LIMIT 1   [ RunTime:0.0003s ]
SQL: SHOW COLUMNS FROM `y_adminlog` [ RunTime:0.0005s ]
SQL: SELECT COUNT(*) AS tp_count FROM `y_adminlog` LIMIT 1   [ RunTime:0.0001s ]
SQL: SELECT * FROM `y_adminlog` ORDER BY adminid DESC LIMIT 0,5   [ RunTime:0.0003s ]
INFO: [ view_parse ] --START--
INFO: [ template_filter ] --START--
INFO: Run Behavior\ContentReplaceBehavior [ RunTime:0.000085s ]
INFO: [ template_filter ] --END-- [ RunTime:0.000137s ]
INFO: Run Behavior\ParseTemplateBehavior [ RunTime:0.012297s ]
INFO: [ view_parse ] --END-- [ RunTime:0.012361s ]
INFO: [ view_filter ] --START--
INFO: Run Behavior\WriteHtmlCacheBehavior [ RunTime:0.001420s ]
INFO: [ view_filter ] --END-- [ RunTime:0.001476s ]
INFO: [ app_end ] --START--
INFO: Run Behavior\ShowPageTraceBehavior [ RunTime:0.002336s ]
INFO: [ app_end ] --END-- [ RunTime:0.002491s ]

[ 2018-01-05T19:10:45+08:00 ] 169.254.71.118 /YiShuBookPlatform/service/Api/admin.php/Home/System/index/p/1.html
INFO: [ app_init ] --START--
INFO: Run Behavior\BuildLiteBehavior [ RunTime:0.000019s ]
INFO: [ app_init ] --END-- [ RunTime:0.000665s ]
INFO: [ app_begin ] --START--
INFO: Run Behavior\ReadHtmlCacheBehavior [ RunTime:0.001283s ]
INFO: [ app_begin ] --END-- [ RunTime:0.001359s ]
SQL: SHOW COLUMNS FROM `y_admin` [ RunTime:0.0009s ]
SQL: SELECT * FROM `y_admin` WHERE ( adminname = 'admin' ) LIMIT 1   [ RunTime:0.0004s ]
SQL: SHOW COLUMNS FROM `y_adminlog` [ RunTime:0.0008s ]
SQL: SELECT COUNT(*) AS tp_count FROM `y_adminlog` LIMIT 1   [ RunTime:0.0003s ]
SQL: SELECT * FROM `y_adminlog` ORDER BY adminid DESC LIMIT 0,7   [ RunTime:0.0005s ]
INFO: [ view_parse ] --START--
INFO: [ template_filter ] --START--
INFO: Run Behavior\ContentReplaceBehavior [ RunTime:0.000128s ]
INFO: [ template_filter ] --END-- [ RunTime:0.000211s ]
INFO: Run Behavior\ParseTemplateBehavior [ RunTime:0.018278s ]
INFO: [ view_parse ] --END-- [ RunTime:0.018352s ]
INFO: [ view_filter ] --START--
INFO: Run Behavior\WriteHtmlCacheBehavior [ RunTime:0.001466s ]
INFO: [ view_filter ] --END-- [ RunTime:0.001521s ]
INFO: [ app_end ] --START--
INFO: Run Behavior\ShowPageTraceBehavior [ RunTime:0.003004s ]
INFO: [ app_end ] --END-- [ RunTime:0.003111s ]

[ 2018-01-05T19:11:06+08:00 ] 169.254.71.118 /YiShuBookPlatform/service/Api/admin.php/Home/book/index.html
INFO: [ app_init ] --START--
INFO: Run Behavior\BuildLiteBehavior [ RunTime:0.000022s ]
INFO: [ app_init ] --END-- [ RunTime:0.000764s ]
INFO: [ app_begin ] --START--
INFO: Run Behavior\ReadHtmlCacheBehavior [ RunTime:0.001402s ]
INFO: [ app_begin ] --END-- [ RunTime:0.001475s ]
SQL: SHOW COLUMNS FROM `y_admin` [ RunTime:0.0007s ]
SQL: SELECT * FROM `y_admin` WHERE ( adminname = 'admin' ) LIMIT 1   [ RunTime:0.0002s ]
SQL: SHOW COLUMNS FROM `y_book` [ RunTime:0.0007s ]
SQL: SELECT COUNT(*) AS tp_count FROM `y_book` LIMIT 1   [ RunTime:0.0002s ]
SQL: SELECT * FROM `y_book` ORDER BY bookId ASC LIMIT 0,4   [ RunTime:0.0006s ]
INFO: [ view_parse ] --START--
INFO: [ template_filter ] --START--
INFO: Run Behavior\ContentReplaceBehavior [ RunTime:0.000077s ]
INFO: [ template_filter ] --END-- [ RunTime:0.000126s ]
NOTIC: [8] Use of undefined constant bookposter - assumed 'bookposter' C:\xampp\htdocs\YiShuBookPlatform\service\Api\Admin\Runtime\Cache\Home\31a1bbdde33600ca6fdd50403f2d00d6.php 第 124 行.
NOTIC: [8] Use of undefined constant bookposter - assumed 'bookposter' C:\xampp\htdocs\YiShuBookPlatform\service\Api\Admin\Runtime\Cache\Home\31a1bbdde33600ca6fdd50403f2d00d6.php 第 124 行.
INFO: Run Behavior\ParseTemplateBehavior [ RunTime:0.014842s ]
INFO: [ view_parse ] --END-- [ RunTime:0.014937s ]
INFO: [ view_filter ] --START--
INFO: Run Behavior\WriteHtmlCacheBehavior [ RunTime:0.001113s ]
INFO: [ view_filter ] --END-- [ RunTime:0.001173s ]
INFO: [ app_end ] --START--
INFO: Run Behavior\ShowPageTraceBehavior [ RunTime:0.003357s ]
INFO: [ app_end ] --END-- [ RunTime:0.003454s ]

[ 2018-01-05T19:11:10+08:00 ] 169.254.71.118 /YiShuBookPlatform/service/Api/admin.php/Home/oldbook/index.html
INFO: [ app_init ] --START--
INFO: Run Behavior\BuildLiteBehavior [ RunTime:0.000014s ]
INFO: [ app_init ] --END-- [ RunTime:0.000467s ]
INFO: [ app_begin ] --START--
INFO: Run Behavior\ReadHtmlCacheBehavior [ RunTime:0.000941s ]
INFO: [ app_begin ] --END-- [ RunTime:0.000992s ]
SQL: SHOW COLUMNS FROM `y_admin` [ RunTime:0.0007s ]
SQL: SELECT * FROM `y_admin` WHERE ( adminname = 'admin' ) LIMIT 1   [ RunTime:0.0003s ]
SQL: SHOW COLUMNS FROM `y_oldbook` [ RunTime:0.0007s ]
SQL: SELECT COUNT(*) AS tp_count FROM `y_oldbook` LIMIT 1   [ RunTime:0.0003s ]
SQL: SELECT y_user.phone,y_user.nickname,y_oldbook.* FROM `y_oldbook` INNER JOIN y_user on y_oldbook.userid = y_user.userid  ORDER BY bookid ASC LIMIT 0,5   [ RunTime:0.0005s ]
INFO: [ view_parse ] --START--
INFO: [ template_filter ] --START--
INFO: Run Behavior\ContentReplaceBehavior [ RunTime:0.000107s ]
INFO: [ template_filter ] --END-- [ RunTime:0.000183s ]
NOTIC: [8] Use of undefined constant bookposter - assumed 'bookposter' C:\xampp\htdocs\YiShuBookPlatform\service\Api\Admin\Runtime\Cache\Home\aebc84aca4c5f5556804b7a9c56d0efc.php 第 122 行.
NOTIC: [8] Use of undefined constant bookposter - assumed 'bookposter' C:\xampp\htdocs\YiShuBookPlatform\service\Api\Admin\Runtime\Cache\Home\aebc84aca4c5f5556804b7a9c56d0efc.php 第 122 行.
INFO: Run Behavior\ParseTemplateBehavior [ RunTime:0.014494s ]
INFO: [ view_parse ] --END-- [ RunTime:0.014584s ]
INFO: [ view_filter ] --START--
INFO: Run Behavior\WriteHtmlCacheBehavior [ RunTime:0.000684s ]
INFO: [ view_filter ] --END-- [ RunTime:0.000724s ]
INFO: [ app_end ] --START--
INFO: Run Behavior\ShowPageTraceBehavior [ RunTime:0.002758s ]
INFO: [ app_end ] --END-- [ RunTime:0.002863s ]

[ 2018-01-05T19:11:11+08:00 ] 169.254.71.118 /YiShuBookPlatform/service/Api/admin.php/Home/user/index.html
INFO: [ app_init ] --START--
INFO: Run Behavior\BuildLiteBehavior [ RunTime:0.000016s ]
INFO: [ app_init ] --END-- [ RunTime:0.000574s ]
INFO: [ app_begin ] --START--
INFO: Run Behavior\ReadHtmlCacheBehavior [ RunTime:0.000897s ]
INFO: [ app_begin ] --END-- [ RunTime:0.000948s ]
SQL: SHOW COLUMNS FROM `y_admin` [ RunTime:0.0007s ]
SQL: SELECT * FROM `y_admin` WHERE ( adminname = 'admin' ) LIMIT 1   [ RunTime:0.0003s ]
SQL: SHOW COLUMNS FROM `y_user` [ RunTime:0.0006s ]
SQL: SELECT COUNT(*) AS tp_count FROM `y_user` LIMIT 1   [ RunTime:0.0002s ]
SQL: SELECT * FROM `y_user` ORDER BY userid ASC LIMIT 0,5   [ RunTime:0.0004s ]
INFO: [ view_parse ] --START--
INFO: [ template_filter ] --START--
INFO: Run Behavior\ContentReplaceBehavior [ RunTime:0.000089s ]
INFO: [ template_filter ] --END-- [ RunTime:0.000154s ]
NOTIC: [8] Use of undefined constant picture - assumed 'picture' C:\xampp\htdocs\YiShuBookPlatform\service\Api\Admin\Runtime\Cache\Home\195a947a52202a317d13267de92fe2b5.php 第 120 行.
NOTIC: [8] Use of undefined constant address - assumed 'address' C:\xampp\htdocs\YiShuBookPlatform\service\Api\Admin\Runtime\Cache\Home\195a947a52202a317d13267de92fe2b5.php 第 129 行.
NOTIC: [8] Use of undefined constant picture - assumed 'picture' C:\xampp\htdocs\YiShuBookPlatform\service\Api\Admin\Runtime\Cache\Home\195a947a52202a317d13267de92fe2b5.php 第 120 行.
NOTIC: [8] Use of undefined constant address - assumed 'address' C:\xampp\htdocs\YiShuBookPlatform\service\Api\Admin\Runtime\Cache\Home\195a947a52202a317d13267de92fe2b5.php 第 129 行.
NOTIC: [8] Use of undefined constant picture - assumed 'picture' C:\xampp\htdocs\YiShuBookPlatform\service\Api\Admin\Runtime\Cache\Home\195a947a52202a317d13267de92fe2b5.php 第 120 行.
NOTIC: [8] Use of undefined constant address - assumed 'address' C:\xampp\htdocs\YiShuBookPlatform\service\Api\Admin\Runtime\Cache\Home\195a947a52202a317d13267de92fe2b5.php 第 129 行.
NOTIC: [8] Use of undefined constant picture - assumed 'picture' C:\xampp\htdocs\YiShuBookPlatform\service\Api\Admin\Runtime\Cache\Home\195a947a52202a317d13267de92fe2b5.php 第 120 行.
NOTIC: [8] Use of undefined constant address - assumed 'address' C:\xampp\htdocs\YiShuBookPlatform\service\Api\Admin\Runtime\Cache\Home\195a947a52202a317d13267de92fe2b5.php 第 129 行.
NOTIC: [8] Use of undefined constant picture - assumed 'picture' C:\xampp\htdocs\YiShuBookPlatform\service\Api\Admin\Runtime\Cache\Home\195a947a52202a317d13267de92fe2b5.php 第 120 行.
NOTIC: [8] Use of undefined constant address - assumed 'address' C:\xampp\htdocs\YiShuBookPlatform\service\Api\Admin\Runtime\Cache\Home\195a947a52202a317d13267de92fe2b5.php 第 129 行.
INFO: Run Behavior\ParseTemplateBehavior [ RunTime:0.015354s ]
INFO: [ view_parse ] --END-- [ RunTime:0.015427s ]
INFO: [ view_filter ] --START--
INFO: Run Behavior\WriteHtmlCacheBehavior [ RunTime:0.000822s ]
INFO: [ view_filter ] --END-- [ RunTime:0.000862s ]
INFO: [ app_end ] --START--
INFO: Run Behavior\ShowPageTraceBehavior [ RunTime:0.002256s ]
INFO: [ app_end ] --END-- [ RunTime:0.002361s ]

[ 2018-01-05T19:11:13+08:00 ] 169.254.71.118 /YiShuBookPlatform/service/Api/admin.php/Home/friend/index.html
INFO: [ app_init ] --START--
INFO: Run Behavior\BuildLiteBehavior [ RunTime:0.000016s ]
INFO: [ app_init ] --END-- [ RunTime:0.000585s ]
INFO: [ app_begin ] --START--
INFO: Run Behavior\ReadHtmlCacheBehavior [ RunTime:0.001600s ]
INFO: [ app_begin ] --END-- [ RunTime:0.001696s ]
SQL: SHOW COLUMNS FROM `y_admin` [ RunTime:0.0006s ]
SQL: SELECT * FROM `y_admin` WHERE ( adminname = 'admin' ) LIMIT 1   [ RunTime:0.0003s ]
SQL: SHOW COLUMNS FROM `y_friend` [ RunTime:0.0006s ]
SQL: SELECT COUNT(*) AS tp_count FROM `y_friend` LIMIT 1   [ RunTime:0.0002s ]
SQL: SELECT y_user.phone,y_user.nickname,y_friend.* FROM `y_friend` INNER JOIN y_user on y_user.userId = y_friend.userid  ORDER BY id ASC LIMIT 0,5   [ RunTime:0.0004s ]
INFO: [ view_parse ] --START--
INFO: [ template_filter ] --START--
INFO: Run Behavior\ContentReplaceBehavior [ RunTime:0.000071s ]
INFO: [ template_filter ] --END-- [ RunTime:0.000120s ]
INFO: Run Behavior\ParseTemplateBehavior [ RunTime:0.013914s ]
INFO: [ view_parse ] --END-- [ RunTime:0.014010s ]
INFO: [ view_filter ] --START--
INFO: Run Behavior\WriteHtmlCacheBehavior [ RunTime:0.000895s ]
INFO: [ view_filter ] --END-- [ RunTime:0.000938s ]
INFO: [ app_end ] --START--
INFO: Run Behavior\ShowPageTraceBehavior [ RunTime:0.001365s ]
INFO: [ app_end ] --END-- [ RunTime:0.001407s ]

[ 2018-01-05T19:11:18+08:00 ] 169.254.71.118 /YiShuBookPlatform/service/Api/admin.php/Home/Login/Koulin.html
INFO: [ app_init ] --START--
INFO: Run Behavior\BuildLiteBehavior [ RunTime:0.000016s ]
INFO: [ app_init ] --END-- [ RunTime:0.000647s ]
INFO: [ app_begin ] --START--
INFO: Run Behavior\ReadHtmlCacheBehavior [ RunTime:0.000927s ]
INFO: [ app_begin ] --END-- [ RunTime:0.000977s ]
SQL: SHOW COLUMNS FROM `y_admin` [ RunTime:0.0007s ]
SQL: SELECT * FROM `y_admin` WHERE ( token = 'e10adc3949ba59abbe56e057f20f883e' )  [ RunTime:0.0003s ]

[ 2018-01-05T19:11:19+08:00 ] 169.254.71.118 /YiShuBookPlatform/service/Api/admin.php/Home/System/index.html
INFO: [ app_init ] --START--
INFO: Run Behavior\BuildLiteBehavior [ RunTime:0.000021s ]
INFO: [ app_init ] --END-- [ RunTime:0.000706s ]
INFO: [ app_begin ] --START--
INFO: Run Behavior\ReadHtmlCacheBehavior [ RunTime:0.001438s ]
INFO: [ app_begin ] --END-- [ RunTime:0.001545s ]
SQL: SHOW COLUMNS FROM `y_admin` [ RunTime:0.0006s ]
SQL: SELECT * FROM `y_admin` WHERE ( adminname = 'admin' ) LIMIT 1   [ RunTime:0.0002s ]
SQL: SHOW COLUMNS FROM `y_adminlog` [ RunTime:0.0005s ]
SQL: SELECT COUNT(*) AS tp_count FROM `y_adminlog` LIMIT 1   [ RunTime:0.0002s ]
SQL: SELECT * FROM `y_adminlog` ORDER BY adminid DESC LIMIT 0,7   [ RunTime:0.0003s ]
INFO: [ view_parse ] --START--
INFO: [ template_filter ] --START--
INFO: Run Behavior\ContentReplaceBehavior [ RunTime:0.000086s ]
INFO: [ template_filter ] --END-- [ RunTime:0.000139s ]
INFO: Run Behavior\ParseTemplateBehavior [ RunTime:0.014239s ]
INFO: [ view_parse ] --END-- [ RunTime:0.014299s ]
INFO: [ view_filter ] --START--
INFO: Run Behavior\WriteHtmlCacheBehavior [ RunTime:0.000908s ]
INFO: [ view_filter ] --END-- [ RunTime:0.000964s ]
INFO: [ app_end ] --START--
INFO: Run Behavior\ShowPageTraceBehavior [ RunTime:0.002220s ]
INFO: [ app_end ] --END-- [ RunTime:0.002317s ]

[ 2018-01-05T19:12:41+08:00 ] 169.254.71.118 /YiShuBookPlatform/service/Api/admin.php/Home/System/index.html
INFO: [ app_init ] --START--
INFO: Run Behavior\BuildLiteBehavior [ RunTime:0.000016s ]
INFO: [ app_init ] --END-- [ RunTime:0.000758s ]
INFO: [ app_begin ] --START--
INFO: Run Behavior\ReadHtmlCacheBehavior [ RunTime:0.001475s ]
INFO: [ app_begin ] --END-- [ RunTime:0.001539s ]
SQL: SHOW COLUMNS FROM `y_admin` [ RunTime:0.0007s ]
SQL: SELECT * FROM `y_admin` WHERE ( adminname = 'admin' ) LIMIT 1   [ RunTime:0.0003s ]
SQL: SHOW COLUMNS FROM `y_adminlog` [ RunTime:0.0005s ]
SQL: SELECT COUNT(*) AS tp_count FROM `y_adminlog` LIMIT 1   [ RunTime:0.0002s ]
SQL: SELECT * FROM `y_adminlog` ORDER BY adminid DESC LIMIT 0,7   [ RunTime:0.0005s ]
INFO: [ view_parse ] --START--
INFO: [ template_filter ] --START--
INFO: Run Behavior\ContentReplaceBehavior [ RunTime:0.000081s ]
INFO: [ template_filter ] --END-- [ RunTime:0.000134s ]
INFO: Run Behavior\ParseTemplateBehavior [ RunTime:0.017107s ]
INFO: [ view_parse ] --END-- [ RunTime:0.017184s ]
INFO: [ view_filter ] --START--
INFO: Run Behavior\WriteHtmlCacheBehavior [ RunTime:0.001090s ]
INFO: [ view_filter ] --END-- [ RunTime:0.001151s ]
INFO: [ app_end ] --START--
INFO: Run Behavior\ShowPageTraceBehavior [ RunTime:0.003253s ]
INFO: [ app_end ] --END-- [ RunTime:0.003364s ]

[ 2018-01-05T19:13:05+08:00 ] 169.254.71.118 /YiShuBookPlatform/service/Api/admin.php/Home/System/index.html
INFO: [ app_init ] --START--
INFO: Run Behavior\BuildLiteBehavior [ RunTime:0.000016s ]
INFO: [ app_init ] --END-- [ RunTime:0.000585s ]
INFO: [ app_begin ] --START--
INFO: Run Behavior\ReadHtmlCacheBehavior [ RunTime:0.001311s ]
INFO: [ app_begin ] --END-- [ RunTime:0.001365s ]
SQL: SHOW COLUMNS FROM `y_admin` [ RunTime:0.0007s ]
SQL: SELECT * FROM `y_admin` WHERE ( adminname = 'admin' ) LIMIT 1   [ RunTime:0.0003s ]
SQL: SHOW COLUMNS FROM `y_adminlog` [ RunTime:0.0005s ]
SQL: SELECT COUNT(*) AS tp_count FROM `y_adminlog` LIMIT 1   [ RunTime:0.0002s ]
SQL: SELECT * FROM `y_adminlog` ORDER BY adminid DESC LIMIT 0,7   [ RunTime:0.0004s ]
INFO: [ view_parse ] --START--
INFO: [ template_filter ] --START--
INFO: Run Behavior\ContentReplaceBehavior [ RunTime:0.000076s ]
INFO: [ template_filter ] --END-- [ RunTime:0.000126s ]
INFO: Run Behavior\ParseTemplateBehavior [ RunTime:0.015169s ]
INFO: [ view_parse ] --END-- [ RunTime:0.015250s ]
INFO: [ view_filter ] --START--
INFO: Run Behavior\WriteHtmlCacheBehavior [ RunTime:0.001221s ]
INFO: [ view_filter ] --END-- [ RunTime:0.001260s ]
INFO: [ app_end ] --START--
INFO: Run Behavior\ShowPageTraceBehavior [ RunTime:0.002622s ]
INFO: [ app_end ] --END-- [ RunTime:0.002702s ]

[ 2018-01-05T19:14:16+08:00 ] 169.254.71.118 /YiShuBookPlatform/service/Api/admin.php/Home/System/index.html
INFO: [ app_init ] --START--
INFO: Run Behavior\BuildLiteBehavior [ RunTime:0.000023s ]
INFO: [ app_init ] --END-- [ RunTime:0.000971s ]
INFO: [ app_begin ] --START--
INFO: Run Behavior\ReadHtmlCacheBehavior [ RunTime:0.001153s ]
INFO: [ app_begin ] --END-- [ RunTime:0.001203s ]
SQL: SHOW COLUMNS FROM `y_admin` [ RunTime:0.0007s ]
SQL: SELECT * FROM `y_admin` WHERE ( adminname = 'admin' ) LIMIT 1   [ RunTime:0.0003s ]
SQL: SHOW COLUMNS FROM `y_adminlog` [ RunTime:0.0006s ]
SQL: SELECT COUNT(*) AS tp_count FROM `y_adminlog` LIMIT 1   [ RunTime:0.0002s ]
SQL: SELECT * FROM `y_adminlog` ORDER BY adminid DESC LIMIT 0,7   [ RunTime:0.0004s ]
INFO: [ view_parse ] --START--
INFO: [ template_filter ] --START--
INFO: Run Behavior\ContentReplaceBehavior [ RunTime:0.000082s ]
INFO: [ template_filter ] --END-- [ RunTime:0.000134s ]
INFO: Run Behavior\ParseTemplateBehavior [ RunTime:0.015578s ]
INFO: [ view_parse ] --END-- [ RunTime:0.015645s ]
INFO: [ view_filter ] --START--
INFO: Run Behavior\WriteHtmlCacheBehavior [ RunTime:0.001402s ]
INFO: [ view_filter ] --END-- [ RunTime:0.001448s ]
INFO: [ app_end ] --START--
INFO: Run Behavior\ShowPageTraceBehavior [ RunTime:0.002919s ]
INFO: [ app_end ] --END-- [ RunTime:0.003050s ]

[ 2018-01-05T19:20:18+08:00 ] 169.254.71.118 /YiShuBookPlatform/service/Api/admin.php/Home/System/index.html
INFO: [ app_init ] --START--
INFO: Run Behavior\BuildLiteBehavior [ RunTime:0.000014s ]
INFO: [ app_init ] --END-- [ RunTime:0.000587s ]
INFO: [ app_begin ] --START--
INFO: Run Behavior\ReadHtmlCacheBehavior [ RunTime:0.001879s ]
INFO: [ app_begin ] --END-- [ RunTime:0.001971s ]
SQL: SHOW COLUMNS FROM `y_admin` [ RunTime:0.0007s ]
SQL: SELECT * FROM `y_admin` WHERE ( adminname = 'admin' ) LIMIT 1   [ RunTime:0.0005s ]
SQL: SHOW COLUMNS FROM `y_adminlog` [ RunTime:0.0010s ]
SQL: SELECT COUNT(*) AS tp_count FROM `y_adminlog` LIMIT 1   [ RunTime:0.0003s ]
SQL: SELECT * FROM `y_adminlog` ORDER BY adminid DESC LIMIT 0,7   [ RunTime:0.0003s ]
SQL: SHOW COLUMNS FROM `y_system` [ RunTime:0.0035s ]
SQL: SELECT * FROM `y_system` LIMIT 1   [ RunTime:0.0002s ]
INFO: [ view_parse ] --START--
INFO: [ template_filter ] --START--
INFO: Run Behavior\ContentReplaceBehavior [ RunTime:0.000096s ]
INFO: [ template_filter ] --END-- [ RunTime:0.000152s ]
NOTIC: [8] Use of undefined constant systemstate - assumed 'systemstate' C:\xampp\htdocs\YiShuBookPlatform\service\Api\Admin\Runtime\Cache\Home\143e1f9455905b66544235019e6914ce.php 第 152 行.
NOTIC: [2] Illegal string offset 'systemstate' C:\xampp\htdocs\YiShuBookPlatform\service\Api\Admin\Runtime\Cache\Home\143e1f9455905b66544235019e6914ce.php 第 152 行.
NOTIC: [8] Use of undefined constant systemstate - assumed 'systemstate' C:\xampp\htdocs\YiShuBookPlatform\service\Api\Admin\Runtime\Cache\Home\143e1f9455905b66544235019e6914ce.php 第 153 行.
NOTIC: [2] Illegal string offset 'systemstate' C:\xampp\htdocs\YiShuBookPlatform\service\Api\Admin\Runtime\Cache\Home\143e1f9455905b66544235019e6914ce.php 第 153 行.
INFO: Run Behavior\ParseTemplateBehavior [ RunTime:0.017401s ]
INFO: [ view_parse ] --END-- [ RunTime:0.017458s ]
INFO: [ view_filter ] --START--
INFO: Run Behavior\WriteHtmlCacheBehavior [ RunTime:0.001110s ]
INFO: [ view_filter ] --END-- [ RunTime:0.001149s ]
INFO: [ app_end ] --START--
INFO: Run Behavior\ShowPageTraceBehavior [ RunTime:0.002041s ]
INFO: [ app_end ] --END-- [ RunTime:0.002158s ]

[ 2018-01-05T19:20:32+08:00 ] 169.254.71.118 /YiShuBookPlatform/service/Api/admin.php/Home/System/index.html
INFO: [ app_init ] --START--
INFO: Run Behavior\BuildLiteBehavior [ RunTime:0.000016s ]
INFO: [ app_init ] --END-- [ RunTime:0.000591s ]
INFO: [ app_begin ] --START--
INFO: Run Behavior\ReadHtmlCacheBehavior [ RunTime:0.001001s ]
INFO: [ app_begin ] --END-- [ RunTime:0.001066s ]
SQL: SHOW COLUMNS FROM `y_admin` [ RunTime:0.0006s ]
SQL: SELECT * FROM `y_admin` WHERE ( adminname = 'admin' ) LIMIT 1   [ RunTime:0.0002s ]
SQL: SHOW COLUMNS FROM `y_adminlog` [ RunTime:0.0005s ]
SQL: SELECT COUNT(*) AS tp_count FROM `y_adminlog` LIMIT 1   [ RunTime:0.0002s ]
SQL: SELECT * FROM `y_adminlog` ORDER BY adminid DESC LIMIT 0,7   [ RunTime:0.0005s ]
SQL: SHOW COLUMNS FROM `y_system` [ RunTime:0.0037s ]
SQL: SELECT * FROM `y_system` LIMIT 1   [ RunTime:0.0003s ]
INFO: [ view_parse ] --START--
INFO: [ template_filter ] --START--
INFO: Run Behavior\ContentReplaceBehavior [ RunTime:0.000086s ]
INFO: [ template_filter ] --END-- [ RunTime:0.000139s ]
NOTIC: [8] Use of undefined constant systemstate - assumed 'systemstate' C:\xampp\htdocs\YiShuBookPlatform\service\Api\Admin\Runtime\Cache\Home\143e1f9455905b66544235019e6914ce.php 第 152 行.
NOTIC: [2] Illegal string offset 'systemstate' C:\xampp\htdocs\YiShuBookPlatform\service\Api\Admin\Runtime\Cache\Home\143e1f9455905b66544235019e6914ce.php 第 152 行.
NOTIC: [8] Use of undefined constant systemstate - assumed 'systemstate' C:\xampp\htdocs\YiShuBookPlatform\service\Api\Admin\Runtime\Cache\Home\143e1f9455905b66544235019e6914ce.php 第 153 行.
NOTIC: [2] Illegal string offset 'systemstate' C:\xampp\htdocs\YiShuBookPlatform\service\Api\Admin\Runtime\Cache\Home\143e1f9455905b66544235019e6914ce.php 第 153 行.
INFO: Run Behavior\ParseTemplateBehavior [ RunTime:0.014112s ]
INFO: [ view_parse ] --END-- [ RunTime:0.014189s ]
INFO: [ view_filter ] --START--
INFO: Run Behavior\WriteHtmlCacheBehavior [ RunTime:0.001496s ]
INFO: [ view_filter ] --END-- [ RunTime:0.001566s ]
INFO: [ app_end ] --START--
INFO: Run Behavior\ShowPageTraceBehavior [ RunTime:0.002021s ]
INFO: [ app_end ] --END-- [ RunTime:0.002131s ]

[ 2018-01-05T19:30:03+08:00 ] 169.254.71.118 /YiShuBookPlatform/service/Api/admin.php/Home/System/index.html
INFO: [ app_init ] --START--
INFO: Run Behavior\BuildLiteBehavior [ RunTime:0.000015s ]
INFO: [ app_init ] --END-- [ RunTime:0.000587s ]
INFO: [ app_begin ] --START--
INFO: Run Behavior\ReadHtmlCacheBehavior [ RunTime:0.001619s ]
INFO: [ app_begin ] --END-- [ RunTime:0.001699s ]
SQL: SHOW COLUMNS FROM `y_admin` [ RunTime:0.0015s ]
SQL: SELECT * FROM `y_admin` WHERE ( adminname = 'admin' ) LIMIT 1   [ RunTime:0.0005s ]
SQL: SHOW COLUMNS FROM `y_adminlog` [ RunTime:0.0007s ]
SQL: SELECT COUNT(*) AS tp_count FROM `y_adminlog` LIMIT 1   [ RunTime:0.0002s ]
SQL: SELECT * FROM `y_adminlog` ORDER BY adminid DESC LIMIT 0,7   [ RunTime:0.0004s ]
SQL: SHOW COLUMNS FROM `y_system` [ RunTime:0.0036s ]
SQL: SELECT * FROM `y_system` LIMIT 1   [ RunTime:0.0003s ]
INFO: [ view_parse ] --START--
INFO: [ template_filter ] --START--
INFO: Run Behavior\ContentReplaceBehavior [ RunTime:0.000104s ]
INFO: [ template_filter ] --END-- [ RunTime:0.000169s ]
NOTIC: [8] Use of undefined constant systemstate - assumed 'systemstate' C:\xampp\htdocs\YiShuBookPlatform\service\Api\Admin\Runtime\Cache\Home\143e1f9455905b66544235019e6914ce.php 第 152 行.
NOTIC: [2] Illegal string offset 'systemstate' C:\xampp\htdocs\YiShuBookPlatform\service\Api\Admin\Runtime\Cache\Home\143e1f9455905b66544235019e6914ce.php 第 152 行.
NOTIC: [8] Use of undefined constant systemstate - assumed 'systemstate' C:\xampp\htdocs\YiShuBookPlatform\service\Api\Admin\Runtime\Cache\Home\143e1f9455905b66544235019e6914ce.php 第 153 行.
NOTIC: [2] Illegal string offset 'systemstate' C:\xampp\htdocs\YiShuBookPlatform\service\Api\Admin\Runtime\Cache\Home\143e1f9455905b66544235019e6914ce.php 第 153 行.
INFO: Run Behavior\ParseTemplateBehavior [ RunTime:0.018128s ]
INFO: [ view_parse ] --END-- [ RunTime:0.018221s ]
INFO: [ view_filter ] --START--
INFO: Run Behavior\WriteHtmlCacheBehavior [ RunTime:0.001392s ]
INFO: [ view_filter ] --END-- [ RunTime:0.001440s ]
INFO: [ app_end ] --START--
INFO: Run Behavior\ShowPageTraceBehavior [ RunTime:0.002257s ]
INFO: [ app_end ] --END-- [ RunTime:0.002351s ]

[ 2018-01-05T19:30:14+08:00 ] 169.254.71.118 /YiShuBookPlatform/service/Api/admin.php/Home/System/index.html
INFO: [ app_init ] --START--
INFO: Run Behavior\BuildLiteBehavior [ RunTime:0.000015s ]
INFO: [ app_init ] --END-- [ RunTime:0.000478s ]
INFO: [ app_begin ] --START--
INFO: Run Behavior\ReadHtmlCacheBehavior [ RunTime:0.000964s ]
INFO: [ app_begin ] --END-- [ RunTime:0.001031s ]
SQL: SHOW COLUMNS FROM `y_admin` [ RunTime:0.0008s ]
SQL: SELECT * FROM `y_admin` WHERE ( adminname = 'admin' ) LIMIT 1   [ RunTime:0.0003s ]
SQL: SHOW COLUMNS FROM `y_adminlog` [ RunTime:0.0008s ]
SQL: SELECT COUNT(*) AS tp_count FROM `y_adminlog` LIMIT 1   [ RunTime:0.0002s ]
SQL: SELECT * FROM `y_adminlog` ORDER BY adminid DESC LIMIT 0,7   [ RunTime:0.0003s ]
SQL: SHOW COLUMNS FROM `y_system` [ RunTime:0.0045s ]
SQL: SELECT * FROM `y_system` LIMIT 1   [ RunTime:0.0003s ]
INFO: [ view_parse ] --START--
INFO: [ template_filter ] --START--
INFO: Run Behavior\ContentReplaceBehavior [ RunTime:0.000110s ]
INFO: [ template_filter ] --END-- [ RunTime:0.000170s ]
NOTIC: [8] Use of undefined constant systemstate - assumed 'systemstate' C:\xampp\htdocs\YiShuBookPlatform\service\Api\Admin\Runtime\Cache\Home\143e1f9455905b66544235019e6914ce.php 第 152 行.
NOTIC: [2] Illegal string offset 'systemstate' C:\xampp\htdocs\YiShuBookPlatform\service\Api\Admin\Runtime\Cache\Home\143e1f9455905b66544235019e6914ce.php 第 152 行.
NOTIC: [8] Use of undefined constant systemstate - assumed 'systemstate' C:\xampp\htdocs\YiShuBookPlatform\service\Api\Admin\Runtime\Cache\Home\143e1f9455905b66544235019e6914ce.php 第 153 行.
NOTIC: [2] Illegal string offset 'systemstate' C:\xampp\htdocs\YiShuBookPlatform\service\Api\Admin\Runtime\Cache\Home\143e1f9455905b66544235019e6914ce.php 第 153 行.
INFO: Run Behavior\ParseTemplateBehavior [ RunTime:0.014762s ]
INFO: [ view_parse ] --END-- [ RunTime:0.014847s ]
INFO: [ view_filter ] --START--
INFO: Run Behavior\WriteHtmlCacheBehavior [ RunTime:0.001291s ]
INFO: [ view_filter ] --END-- [ RunTime:0.001347s ]
INFO: [ app_end ] --START--
INFO: Run Behavior\ShowPageTraceBehavior [ RunTime:0.001991s ]
INFO: [ app_end ] --END-- [ RunTime:0.002080s ]

[ 2018-01-05T19:30:44+08:00 ] 169.254.71.118 /YiShuBookPlatform/service/Api/admin.php/Home/System/index.html
INFO: [ app_init ] --START--
INFO: Run Behavior\BuildLiteBehavior [ RunTime:0.000036s ]
INFO: [ app_init ] --END-- [ RunTime:0.001201s ]
INFO: [ app_begin ] --START--
INFO: Run Behavior\ReadHtmlCacheBehavior [ RunTime:0.001234s ]
INFO: [ app_begin ] --END-- [ RunTime:0.001294s ]
SQL: SHOW COLUMNS FROM `y_admin` [ RunTime:0.0007s ]
SQL: SELECT * FROM `y_admin` WHERE ( adminname = 'admin' ) LIMIT 1   [ RunTime:0.0003s ]
SQL: SHOW COLUMNS FROM `y_adminlog` [ RunTime:0.0006s ]
SQL: SELECT COUNT(*) AS tp_count FROM `y_adminlog` LIMIT 1   [ RunTime:0.0002s ]
SQL: SELECT * FROM `y_adminlog` ORDER BY adminid DESC LIMIT 0,7   [ RunTime:0.0003s ]
SQL: SHOW COLUMNS FROM `y_system` [ RunTime:0.0039s ]
SQL: SELECT * FROM `y_system` LIMIT 1   [ RunTime:0.0002s ]
INFO: [ view_parse ] --START--
INFO: [ template_filter ] --START--
INFO: Run Behavior\ContentReplaceBehavior [ RunTime:0.000133s ]
INFO: [ template_filter ] --END-- [ RunTime:0.000196s ]
NOTIC: [8] Use of undefined constant systemstate - assumed 'systemstate' C:\xampp\htdocs\YiShuBookPlatform\service\Api\Admin\Runtime\Cache\Home\143e1f9455905b66544235019e6914ce.php 第 152 行.
NOTIC: [2] Illegal string offset 'systemstate' C:\xampp\htdocs\YiShuBookPlatform\service\Api\Admin\Runtime\Cache\Home\143e1f9455905b66544235019e6914ce.php 第 152 行.
NOTIC: [8] Use of undefined constant systemstate - assumed 'systemstate' C:\xampp\htdocs\YiShuBookPlatform\service\Api\Admin\Runtime\Cache\Home\143e1f9455905b66544235019e6914ce.php 第 153 行.
NOTIC: [2] Illegal string offset 'systemstate' C:\xampp\htdocs\YiShuBookPlatform\service\Api\Admin\Runtime\Cache\Home\143e1f9455905b66544235019e6914ce.php 第 153 行.
INFO: Run Behavior\ParseTemplateBehavior [ RunTime:0.016673s ]
INFO: [ view_parse ] --END-- [ RunTime:0.016745s ]
INFO: [ view_filter ] --START--
INFO: Run Behavior\WriteHtmlCacheBehavior [ RunTime:0.001519s ]
INFO: [ view_filter ] --END-- [ RunTime:0.001578s ]
INFO: [ app_end ] --START--
INFO: Run Behavior\ShowPageTraceBehavior [ RunTime:0.002088s ]
INFO: [ app_end ] --END-- [ RunTime:0.002180s ]

[ 2018-01-05T19:48:23+08:00 ] 169.254.71.118 /YiShuBookPlatform/service/Api/admin.php/Home/System/index.html?
INFO: [ app_init ] --START--
INFO: Run Behavior\BuildLiteBehavior [ RunTime:0.000025s ]
INFO: [ app_init ] --END-- [ RunTime:0.001372s ]
INFO: [ app_begin ] --START--
INFO: Run Behavior\ReadHtmlCacheBehavior [ RunTime:0.001313s ]
INFO: [ app_begin ] --END-- [ RunTime:0.001381s ]
SQL: SHOW COLUMNS FROM `y_admin` [ RunTime:0.0008s ]
SQL: SELECT * FROM `y_admin` WHERE ( adminname = 'admin' ) LIMIT 1   [ RunTime:0.0002s ]
SQL: SHOW COLUMNS FROM `y_adminlog` [ RunTime:0.0005s ]
SQL: SELECT COUNT(*) AS tp_count FROM `y_adminlog` LIMIT 1   [ RunTime:0.0001s ]
SQL: SELECT * FROM `y_adminlog` ORDER BY adminid DESC LIMIT 0,7   [ RunTime:0.0004s ]
SQL: SHOW COLUMNS FROM `y_system` [ RunTime:0.0044s ]
SQL: SELECT * FROM `y_system` LIMIT 1   [ RunTime:0.0003s ]
INFO: [ view_parse ] --START--
INFO: [ template_filter ] --START--
INFO: Run Behavior\ContentReplaceBehavior [ RunTime:0.000097s ]
INFO: [ template_filter ] --END-- [ RunTime:0.000159s ]
NOTIC: [8] Use of undefined constant systemstate - assumed 'systemstate' C:\xampp\htdocs\YiShuBookPlatform\service\Api\Admin\Runtime\Cache\Home\143e1f9455905b66544235019e6914ce.php 第 152 行.
NOTIC: [2] Illegal string offset 'systemstate' C:\xampp\htdocs\YiShuBookPlatform\service\Api\Admin\Runtime\Cache\Home\143e1f9455905b66544235019e6914ce.php 第 152 行.
NOTIC: [8] Use of undefined constant systemstate - assumed 'systemstate' C:\xampp\htdocs\YiShuBookPlatform\service\Api\Admin\Runtime\Cache\Home\143e1f9455905b66544235019e6914ce.php 第 153 行.
NOTIC: [2] Illegal string offset 'systemstate' C:\xampp\htdocs\YiShuBookPlatform\service\Api\Admin\Runtime\Cache\Home\143e1f9455905b66544235019e6914ce.php 第 153 行.
INFO: Run Behavior\ParseTemplateBehavior [ RunTime:0.016125s ]
INFO: [ view_parse ] --END-- [ RunTime:0.016213s ]
INFO: [ view_filter ] --START--
INFO: Run Behavior\WriteHtmlCacheBehavior [ RunTime:0.001386s ]
INFO: [ view_filter ] --END-- [ RunTime:0.001445s ]
INFO: [ app_end ] --START--
INFO: Run Behavior\ShowPageTraceBehavior [ RunTime:0.002272s ]
INFO: [ app_end ] --END-- [ RunTime:0.002367s ]

[ 2018-01-05T19:55:06+08:00 ] 169.254.71.118 /YiShuBookPlatform/service/Api/admin.php/Home/System/index.html?
INFO: [ app_init ] --START--
INFO: Run Behavior\BuildLiteBehavior [ RunTime:0.000030s ]
INFO: [ app_init ] --END-- [ RunTime:0.003903s ]
INFO: [ app_begin ] --START--
INFO: Run Behavior\ReadHtmlCacheBehavior [ RunTime:0.002170s ]
INFO: [ app_begin ] --END-- [ RunTime:0.002269s ]
SQL: SHOW COLUMNS FROM `y_admin` [ RunTime:0.0017s ]
SQL: SELECT * FROM `y_admin` WHERE ( adminname = 'admin' ) LIMIT 1   [ RunTime:0.0005s ]
SQL: SHOW COLUMNS FROM `y_adminlog` [ RunTime:0.0012s ]
SQL: SELECT COUNT(*) AS tp_count FROM `y_adminlog` LIMIT 1   [ RunTime:0.0005s ]
SQL: SELECT * FROM `y_adminlog` ORDER BY adminid DESC LIMIT 0,7   [ RunTime:0.0006s ]
SQL: SHOW COLUMNS FROM `y_system` [ RunTime:0.0058s ]
SQL: SELECT * FROM `y_system` LIMIT 1   [ RunTime:0.0003s ]
INFO: [ view_parse ] --START--
INFO: [ template_filter ] --START--
INFO: Run Behavior\ContentReplaceBehavior [ RunTime:0.000139s ]
INFO: [ template_filter ] --END-- [ RunTime:0.000230s ]
NOTIC: [8] Use of undefined constant systemstate - assumed 'systemstate' C:\xampp\htdocs\YiShuBookPlatform\service\Api\Admin\Runtime\Cache\Home\143e1f9455905b66544235019e6914ce.php 第 152 行.
NOTIC: [2] Illegal string offset 'systemstate' C:\xampp\htdocs\YiShuBookPlatform\service\Api\Admin\Runtime\Cache\Home\143e1f9455905b66544235019e6914ce.php 第 152 行.
NOTIC: [8] Use of undefined constant systemstate - assumed 'systemstate' C:\xampp\htdocs\YiShuBookPlatform\service\Api\Admin\Runtime\Cache\Home\143e1f9455905b66544235019e6914ce.php 第 153 行.
NOTIC: [2] Illegal string offset 'systemstate' C:\xampp\htdocs\YiShuBookPlatform\service\Api\Admin\Runtime\Cache\Home\143e1f9455905b66544235019e6914ce.php 第 153 行.
INFO: Run Behavior\ParseTemplateBehavior [ RunTime:0.025957s ]
INFO: [ view_parse ] --END-- [ RunTime:0.026077s ]
INFO: [ view_filter ] --START--
INFO: Run Behavior\WriteHtmlCacheBehavior [ RunTime:0.001997s ]
INFO: [ view_filter ] --END-- [ RunTime:0.002078s ]
INFO: [ app_end ] --START--
INFO: Run Behavior\ShowPageTraceBehavior [ RunTime:0.002923s ]
INFO: [ app_end ] --END-- [ RunTime:0.003079s ]

[ 2018-01-05T20:01:42+08:00 ] 169.254.71.118 /YiShuBookPlatform/service/Api/admin.php/Home/System/index.html?
INFO: [ app_init ] --START--
INFO: Run Behavior\BuildLiteBehavior [ RunTime:0.000020s ]
INFO: [ app_init ] --END-- [ RunTime:0.000925s ]
INFO: [ app_begin ] --START--
INFO: Run Behavior\ReadHtmlCacheBehavior [ RunTime:0.001244s ]
INFO: [ app_begin ] --END-- [ RunTime:0.001306s ]
SQL: SHOW COLUMNS FROM `y_admin` [ RunTime:0.0011s ]
SQL: SELECT * FROM `y_admin` WHERE ( adminname = 'admin' ) LIMIT 1   [ RunTime:0.0005s ]
SQL: SHOW COLUMNS FROM `y_adminlog` [ RunTime:0.0009s ]
SQL: SELECT COUNT(*) AS tp_count FROM `y_adminlog` LIMIT 1   [ RunTime:0.0002s ]
SQL: SELECT * FROM `y_adminlog` ORDER BY adminid DESC LIMIT 0,7   [ RunTime:0.0006s ]
SQL: SHOW COLUMNS FROM `y_system` [ RunTime:0.0043s ]
SQL: SELECT * FROM `y_system` LIMIT 1   [ RunTime:0.0003s ]
INFO: [ view_parse ] --START--
INFO: [ template_filter ] --START--
INFO: Run Behavior\ContentReplaceBehavior [ RunTime:0.000089s ]
INFO: [ template_filter ] --END-- [ RunTime:0.000152s ]
NOTIC: [8] Use of undefined constant systemstate - assumed 'systemstate' C:\xampp\htdocs\YiShuBookPlatform\service\Api\Admin\Runtime\Cache\Home\143e1f9455905b66544235019e6914ce.php 第 152 行.
NOTIC: [2] Illegal string offset 'systemstate' C:\xampp\htdocs\YiShuBookPlatform\service\Api\Admin\Runtime\Cache\Home\143e1f9455905b66544235019e6914ce.php 第 152 行.
NOTIC: [8] Use of undefined constant systemstate - assumed 'systemstate' C:\xampp\htdocs\YiShuBookPlatform\service\Api\Admin\Runtime\Cache\Home\143e1f9455905b66544235019e6914ce.php 第 153 行.
NOTIC: [2] Illegal string offset 'systemstate' C:\xampp\htdocs\YiShuBookPlatform\service\Api\Admin\Runtime\Cache\Home\143e1f9455905b66544235019e6914ce.php 第 153 行.
INFO: Run Behavior\ParseTemplateBehavior [ RunTime:0.016467s ]
INFO: [ view_parse ] --END-- [ RunTime:0.016546s ]
INFO: [ view_filter ] --START--
INFO: Run Behavior\WriteHtmlCacheBehavior [ RunTime:0.001155s ]
INFO: [ view_filter ] --END-- [ RunTime:0.001202s ]
INFO: [ app_end ] --START--
INFO: Run Behavior\ShowPageTraceBehavior [ RunTime:0.002568s ]
INFO: [ app_end ] --END-- [ RunTime:0.002660s ]

[ 2018-01-05T20:01:45+08:00 ] 169.254.71.118 /YiShuBookPlatform/service/Api/admin.php/Home/System/index.html?
INFO: [ app_init ] --START--
INFO: Run Behavior\BuildLiteBehavior [ RunTime:0.000018s ]
INFO: [ app_init ] --END-- [ RunTime:0.000581s ]
INFO: [ app_begin ] --START--
INFO: Run Behavior\ReadHtmlCacheBehavior [ RunTime:0.000872s ]
INFO: [ app_begin ] --END-- [ RunTime:0.000925s ]
SQL: SHOW COLUMNS FROM `y_admin` [ RunTime:0.0008s ]
SQL: SELECT * FROM `y_admin` WHERE ( adminname = 'admin' ) LIMIT 1   [ RunTime:0.0004s ]
SQL: SHOW COLUMNS FROM `y_adminlog` [ RunTime:0.0013s ]
SQL: SELECT COUNT(*) AS tp_count FROM `y_adminlog` LIMIT 1   [ RunTime:0.0003s ]
SQL: SELECT * FROM `y_adminlog` ORDER BY adminid DESC LIMIT 0,7   [ RunTime:0.0005s ]
SQL: SHOW COLUMNS FROM `y_system` [ RunTime:0.0040s ]
SQL: SELECT * FROM `y_system` LIMIT 1   [ RunTime:0.0003s ]
INFO: [ view_parse ] --START--
INFO: [ template_filter ] --START--
INFO: Run Behavior\ContentReplaceBehavior [ RunTime:0.000144s ]
INFO: [ template_filter ] --END-- [ RunTime:0.000231s ]
NOTIC: [8] Use of undefined constant systemstate - assumed 'systemstate' C:\xampp\htdocs\YiShuBookPlatform\service\Api\Admin\Runtime\Cache\Home\143e1f9455905b66544235019e6914ce.php 第 152 行.
NOTIC: [2] Illegal string offset 'systemstate' C:\xampp\htdocs\YiShuBookPlatform\service\Api\Admin\Runtime\Cache\Home\143e1f9455905b66544235019e6914ce.php 第 152 行.
NOTIC: [8] Use of undefined constant systemstate - assumed 'systemstate' C:\xampp\htdocs\YiShuBookPlatform\service\Api\Admin\Runtime\Cache\Home\143e1f9455905b66544235019e6914ce.php 第 153 行.
NOTIC: [2] Illegal string offset 'systemstate' C:\xampp\htdocs\YiShuBookPlatform\service\Api\Admin\Runtime\Cache\Home\143e1f9455905b66544235019e6914ce.php 第 153 行.
INFO: Run Behavior\ParseTemplateBehavior [ RunTime:0.019310s ]
INFO: [ view_parse ] --END-- [ RunTime:0.019538s ]
INFO: [ view_filter ] --START--
INFO: Run Behavior\WriteHtmlCacheBehavior [ RunTime:0.001064s ]
INFO: [ view_filter ] --END-- [ RunTime:0.001102s ]
INFO: [ app_end ] --START--
INFO: Run Behavior\ShowPageTraceBehavior [ RunTime:0.003663s ]
INFO: [ app_end ] --END-- [ RunTime:0.003760s ]

[ 2018-01-05T21:16:50+08:00 ] 169.254.71.118 /YiShuBookPlatform/service/Api/admin.php/Home/System/index.html?
INFO: [ app_init ] --START--
INFO: Run Behavior\BuildLiteBehavior [ RunTime:0.000017s ]
INFO: [ app_init ] --END-- [ RunTime:0.000797s ]
INFO: [ app_begin ] --START--
INFO: Run Behavior\ReadHtmlCacheBehavior [ RunTime:0.001756s ]
INFO: [ app_begin ] --END-- [ RunTime:0.001828s ]
SQL: SHOW COLUMNS FROM `y_admin` [ RunTime:0.0035s ]
SQL: SELECT * FROM `y_admin` WHERE ( adminname = 'admin' ) LIMIT 1   [ RunTime:0.0005s ]
SQL: SHOW COLUMNS FROM `y_adminlog` [ RunTime:0.0009s ]
SQL: SELECT COUNT(*) AS tp_count FROM `y_adminlog` LIMIT 1   [ RunTime:0.0002s ]
SQL: SELECT * FROM `y_adminlog` ORDER BY adminid DESC LIMIT 0,7   [ RunTime:0.0004s ]
SQL: SHOW COLUMNS FROM `y_system` [ RunTime:0.0045s ]
SQL: SELECT * FROM `y_system` LIMIT 1   [ RunTime:0.0003s ]
INFO: [ view_parse ] --START--
INFO: [ template_filter ] --START--
INFO: Run Behavior\ContentReplaceBehavior [ RunTime:0.000106s ]
INFO: [ template_filter ] --END-- [ RunTime:0.000170s ]
NOTIC: [8] Use of undefined constant systemstate - assumed 'systemstate' C:\xampp\htdocs\YiShuBookPlatform\service\Api\Admin\Runtime\Cache\Home\143e1f9455905b66544235019e6914ce.php 第 152 行.
NOTIC: [2] Illegal string offset 'systemstate' C:\xampp\htdocs\YiShuBookPlatform\service\Api\Admin\Runtime\Cache\Home\143e1f9455905b66544235019e6914ce.php 第 152 行.
NOTIC: [8] Use of undefined constant systemstate - assumed 'systemstate' C:\xampp\htdocs\YiShuBookPlatform\service\Api\Admin\Runtime\Cache\Home\143e1f9455905b66544235019e6914ce.php 第 153 行.
NOTIC: [2] Illegal string offset 'systemstate' C:\xampp\htdocs\YiShuBookPlatform\service\Api\Admin\Runtime\Cache\Home\143e1f9455905b66544235019e6914ce.php 第 153 行.
INFO: Run Behavior\ParseTemplateBehavior [ RunTime:0.024512s ]
INFO: [ view_parse ] --END-- [ RunTime:0.024671s ]
INFO: [ view_filter ] --START--
INFO: Run Behavior\WriteHtmlCacheBehavior [ RunTime:0.001822s ]
INFO: [ view_filter ] --END-- [ RunTime:0.001905s ]
INFO: [ app_end ] --START--
INFO: Run Behavior\ShowPageTraceBehavior [ RunTime:0.003008s ]
INFO: [ app_end ] --END-- [ RunTime:0.003121s ]

