[ 2018-01-04T08:42:50+08:00 ] ::1 /YiShuBookPlatform/service/Api/index.php/home/book/getBookCard
INFO: [ app_init ] --START--
INFO: Run Behavior\BuildLiteBehavior [ RunTime:0.000023s ]
INFO: [ app_init ] --END-- [ RunTime:0.000944s ]
INFO: [ app_begin ] --START--
INFO: Run Behavior\ReadHtmlCacheBehavior [ RunTime:0.001904s ]
INFO: [ app_begin ] --END-- [ RunTime:0.002001s ]
SQL: SHOW COLUMNS FROM `y_book` [ RunTime:0.0013s ]
SQL: SELECT * FROM `y_book` WHERE ( bookShow = '1' )  [ RunTime:0.0006s ]

[ 2018-01-04T09:08:49+08:00 ] ::1 /YiShuBookPlatform/service/Api/index.php/home/book/getBookCard
INFO: [ app_init ] --START--
INFO: Run Behavior\BuildLiteBehavior [ RunTime:0.000017s ]
INFO: [ app_init ] --END-- [ RunTime:0.000754s ]
INFO: [ app_begin ] --START--
INFO: Run Behavior\ReadHtmlCacheBehavior [ RunTime:0.002013s ]
INFO: [ app_begin ] --END-- [ RunTime:0.002111s ]
SQL: SHOW COLUMNS FROM `y_book` [ RunTime:0.0015s ]
SQL: SELECT * FROM `y_book` WHERE ( bookShow = '1' )  [ RunTime:0.0006s ]

[ 2018-01-04T09:09:07+08:00 ] ::1 /YiShuBookPlatform/service/Api/index.php/home/login/checklogin
INFO: [ app_init ] --START--
INFO: Run Behavior\BuildLiteBehavior [ RunTime:0.000016s ]
INFO: [ app_init ] --END-- [ RunTime:0.000703s ]
INFO: [ app_begin ] --START--
INFO: Run Behavior\ReadHtmlCacheBehavior [ RunTime:0.002805s ]
INFO: [ app_begin ] --END-- [ RunTime:0.003072s ]
SQL: SHOW COLUMNS FROM `y_user` [ RunTime:0.0014s ]
SQL: SELECT * FROM `y_user` WHERE ( phone = '15755320770' ) LIMIT 1   [ RunTime:0.0010s ]

[ 2018-01-04T09:09:15+08:00 ] ::1 /YiShuBookPlatform/service/Api/index.php/home/book/getBookCard
INFO: [ app_init ] --START--
INFO: Run Behavior\BuildLiteBehavior [ RunTime:0.000014s ]
INFO: [ app_init ] --END-- [ RunTime:0.000490s ]
INFO: [ app_begin ] --START--
INFO: Run Behavior\ReadHtmlCacheBehavior [ RunTime:0.001464s ]
INFO: [ app_begin ] --END-- [ RunTime:0.001564s ]
SQL: SHOW COLUMNS FROM `y_book` [ RunTime:0.0015s ]
SQL: SELECT * FROM `y_book` WHERE ( bookShow = '1' )  [ RunTime:0.0004s ]

[ 2018-01-04T09:14:24+08:00 ] ::1 /YiShuBookPlatform/service/Api/index.php/home/login/checklogin
INFO: [ app_init ] --START--
INFO: Run Behavior\BuildLiteBehavior [ RunTime:0.000024s ]
INFO: [ app_init ] --END-- [ RunTime:0.001028s ]
INFO: [ app_begin ] --START--
INFO: Run Behavior\ReadHtmlCacheBehavior [ RunTime:0.002795s ]
INFO: [ app_begin ] --END-- [ RunTime:0.002905s ]
SQL: SHOW COLUMNS FROM `y_user` [ RunTime:0.0013s ]
SQL: SELECT * FROM `y_user` WHERE ( phone = '15755320770' ) LIMIT 1   [ RunTime:0.0007s ]

[ 2018-01-04T09:14:26+08:00 ] ::1 /YiShuBookPlatform/service/Api/index.php/home/book/getBookCard
INFO: [ app_init ] --START--
INFO: Run Behavior\BuildLiteBehavior [ RunTime:0.000025s ]
INFO: [ app_init ] --END-- [ RunTime:0.000913s ]
INFO: [ app_begin ] --START--
INFO: Run Behavior\ReadHtmlCacheBehavior [ RunTime:0.001240s ]
INFO: [ app_begin ] --END-- [ RunTime:0.001322s ]
SQL: SHOW COLUMNS FROM `y_book` [ RunTime:0.0013s ]
SQL: SELECT * FROM `y_book` WHERE ( bookShow = '1' )  [ RunTime:0.0005s ]

[ 2018-01-04T09:14:39+08:00 ] ::1 /YiShuBookPlatform/service/Api/index.php/home/book/getBookCard
INFO: [ app_init ] --START--
INFO: Run Behavior\BuildLiteBehavior [ RunTime:0.000026s ]
INFO: [ app_init ] --END-- [ RunTime:0.001239s ]
INFO: [ app_begin ] --START--
INFO: Run Behavior\ReadHtmlCacheBehavior [ RunTime:0.001306s ]
INFO: [ app_begin ] --END-- [ RunTime:0.001390s ]
SQL: SHOW COLUMNS FROM `y_book` [ RunTime:0.0012s ]
SQL: SELECT * FROM `y_book` WHERE ( bookShow = '1' )  [ RunTime:0.0005s ]

[ 2018-01-04T09:14:41+08:00 ] ::1 /YiShuBookPlatform/service/Api/index.php/home/order/getOrderInfo
INFO: [ app_init ] --START--
INFO: Run Behavior\BuildLiteBehavior [ RunTime:0.000027s ]
INFO: [ app_init ] --END-- [ RunTime:0.000955s ]
INFO: [ app_begin ] --START--
INFO: Run Behavior\ReadHtmlCacheBehavior [ RunTime:0.001860s ]
INFO: [ app_begin ] --END-- [ RunTime:0.001975s ]
SQL: SHOW COLUMNS FROM `y_order` [ RunTime:0.0011s ]
SQL: SELECT * FROM `y_order` WHERE ( userid = '7' )  [ RunTime:0.0019s ]

[ 2018-01-04T09:14:42+08:00 ] ::1 /YiShuBookPlatform/service/Api/index.php/home/book/getBookCard
INFO: [ app_init ] --START--
INFO: Run Behavior\BuildLiteBehavior [ RunTime:0.000016s ]
INFO: [ app_init ] --END-- [ RunTime:0.000647s ]
INFO: [ app_begin ] --START--
INFO: Run Behavior\ReadHtmlCacheBehavior [ RunTime:0.001264s ]
INFO: [ app_begin ] --END-- [ RunTime:0.001345s ]
SQL: SHOW COLUMNS FROM `y_book` [ RunTime:0.0016s ]
SQL: SELECT * FROM `y_book` WHERE ( bookShow = '1' )  [ RunTime:0.0004s ]

[ 2018-01-04T09:14:43+08:00 ] ::1 /YiShuBookPlatform/service/Api/index.php/home/friendCircle/getDynamic
INFO: [ app_init ] --START--
INFO: Run Behavior\BuildLiteBehavior [ RunTime:0.000021s ]
INFO: [ app_init ] --END-- [ RunTime:0.000644s ]
INFO: [ app_begin ] --START--
INFO: Run Behavior\ReadHtmlCacheBehavior [ RunTime:0.001086s ]
INFO: [ app_begin ] --END-- [ RunTime:0.001172s ]
SQL: SHOW COLUMNS FROM `y_friend` [ RunTime:0.0013s ]
SQL: SELECT `id` FROM `y_friend` ORDER BY id DESC  [ RunTime:0.0019s ]
SQL: SELECT * FROM `y_friend` INNER JOIN y_user on y_friend.userid = y_user.userid  WHERE ( id = 49 )  [ RunTime:0.0010s ]
SQL: SHOW COLUMNS FROM `y_common` [ RunTime:0.0015s ]
SQL: SELECT * FROM `y_common` INNER JOIN y_user on y_common.userid = y_user.userid  WHERE ( fid = 49 )  [ RunTime:0.0009s ]

[ 2018-01-04T09:14:45+08:00 ] ::1 /YiShuBookPlatform/service/Api/index.php/home/activity/getActivities
INFO: [ app_init ] --START--
INFO: Run Behavior\BuildLiteBehavior [ RunTime:0.000016s ]
INFO: [ app_init ] --END-- [ RunTime:0.000589s ]
INFO: [ app_begin ] --START--
INFO: Run Behavior\ReadHtmlCacheBehavior [ RunTime:0.000815s ]
INFO: [ app_begin ] --END-- [ RunTime:0.000893s ]
SQL: SHOW COLUMNS FROM `y_activity` [ RunTime:0.0011s ]
SQL: SELECT * FROM `y_activity`  [ RunTime:0.0005s ]

[ 2018-01-04T09:14:47+08:00 ] ::1 /YiShuBookPlatform/service/Api/index.php/home/book/getBooksOnSale
INFO: [ app_init ] --START--
INFO: Run Behavior\BuildLiteBehavior [ RunTime:0.000020s ]
INFO: [ app_init ] --END-- [ RunTime:0.000645s ]
INFO: [ app_begin ] --START--
INFO: Run Behavior\ReadHtmlCacheBehavior [ RunTime:0.000880s ]
INFO: [ app_begin ] --END-- [ RunTime:0.000935s ]
SQL: SHOW COLUMNS FROM `y_book` [ RunTime:0.0013s ]
SQL: SELECT * FROM `y_book` WHERE ( bookSale = '1' )  [ RunTime:0.0006s ]

[ 2018-01-04T09:14:47+08:00 ] ::1 /YiShuBookPlatform/service/Api/index.php/home/book/getAllBooks
INFO: [ app_init ] --START--
INFO: Run Behavior\BuildLiteBehavior [ RunTime:0.000018s ]
INFO: [ app_init ] --END-- [ RunTime:0.000663s ]
INFO: [ app_begin ] --START--
INFO: Run Behavior\ReadHtmlCacheBehavior [ RunTime:0.001466s ]
INFO: [ app_begin ] --END-- [ RunTime:0.001567s ]
SQL: SHOW COLUMNS FROM `y_book` [ RunTime:0.0023s ]
SQL: SELECT * FROM `y_book`  [ RunTime:0.0005s ]

[ 2018-01-04T09:14:49+08:00 ] ::1 /YiShuBookPlatform/service/Api/index.php/home/book/getOldBooks
INFO: [ app_init ] --START--
INFO: Run Behavior\BuildLiteBehavior [ RunTime:0.000017s ]
INFO: [ app_init ] --END-- [ RunTime:0.000658s ]
INFO: [ app_begin ] --START--
INFO: Run Behavior\ReadHtmlCacheBehavior [ RunTime:0.000889s ]
INFO: [ app_begin ] --END-- [ RunTime:0.000948s ]
SQL: SHOW COLUMNS FROM `y_oldbook` [ RunTime:0.0014s ]
SQL: select y_user.nickname,y_oldbook.*from y_user,y_oldbook where y_oldbook.userid = y_user.userid [ RunTime:0.0008s ]

[ 2018-01-04T10:43:30+08:00 ] ::1 /YiShuBookPlatform/service/Api/index.php/home/book/getBookCard
INFO: [ app_init ] --START--
INFO: Run Behavior\BuildLiteBehavior [ RunTime:0.000017s ]
INFO: [ app_init ] --END-- [ RunTime:0.000732s ]
INFO: [ app_begin ] --START--
INFO: Run Behavior\ReadHtmlCacheBehavior [ RunTime:0.000985s ]
INFO: [ app_begin ] --END-- [ RunTime:0.001046s ]
SQL: SHOW COLUMNS FROM `y_book` [ RunTime:0.0011s ]
SQL: SELECT * FROM `y_book` WHERE ( bookShow = '1' )  [ RunTime:0.0005s ]

[ 2018-01-04T10:58:24+08:00 ] ::1 /YiShuBookPlatform/service/Api/index.php/home/friendCircle/getDynamic
INFO: [ app_init ] --START--
INFO: Run Behavior\BuildLiteBehavior [ RunTime:0.000017s ]
INFO: [ app_init ] --END-- [ RunTime:0.000757s ]
INFO: [ app_begin ] --START--
INFO: Run Behavior\ReadHtmlCacheBehavior [ RunTime:0.002550s ]
INFO: [ app_begin ] --END-- [ RunTime:0.002650s ]
SQL: SHOW COLUMNS FROM `y_friend` [ RunTime:0.0009s ]
SQL: SELECT `id` FROM `y_friend` ORDER BY id DESC  [ RunTime:0.0003s ]
SQL: SELECT * FROM `y_friend` INNER JOIN y_user on y_friend.userid = y_user.userid  WHERE ( id = 49 )  [ RunTime:0.0004s ]
SQL: SHOW COLUMNS FROM `y_common` [ RunTime:0.0006s ]
SQL: SELECT * FROM `y_common` INNER JOIN y_user on y_common.userid = y_user.userid  WHERE ( fid = 49 )  [ RunTime:0.0004s ]

[ 2018-01-04T10:58:25+08:00 ] ::1 /YiShuBookPlatform/service/Api/index.php/home/book/getBooksOnSale
INFO: [ app_init ] --START--
INFO: Run Behavior\BuildLiteBehavior [ RunTime:0.000020s ]
INFO: [ app_init ] --END-- [ RunTime:0.000710s ]
INFO: [ app_begin ] --START--
INFO: Run Behavior\ReadHtmlCacheBehavior [ RunTime:0.002135s ]
INFO: [ app_begin ] --END-- [ RunTime:0.002237s ]
SQL: SHOW COLUMNS FROM `y_book` [ RunTime:0.0012s ]
SQL: SELECT * FROM `y_book` WHERE ( bookSale = '1' )  [ RunTime:0.0007s ]

[ 2018-01-04T10:58:25+08:00 ] ::1 /YiShuBookPlatform/service/Api/index.php/home/book/getAllBooks
INFO: [ app_init ] --START--
INFO: Run Behavior\BuildLiteBehavior [ RunTime:0.000027s ]
INFO: [ app_init ] --END-- [ RunTime:0.000981s ]
INFO: [ app_begin ] --START--
INFO: Run Behavior\ReadHtmlCacheBehavior [ RunTime:0.001851s ]
INFO: [ app_begin ] --END-- [ RunTime:0.001940s ]
SQL: SHOW COLUMNS FROM `y_book` [ RunTime:0.0010s ]
SQL: SELECT * FROM `y_book`  [ RunTime:0.0004s ]

[ 2018-01-04T10:58:27+08:00 ] ::1 /YiShuBookPlatform/service/Api/index.php/home/book/getOldBooks
INFO: [ app_init ] --START--
INFO: Run Behavior\BuildLiteBehavior [ RunTime:0.000024s ]
INFO: [ app_init ] --END-- [ RunTime:0.000889s ]
INFO: [ app_begin ] --START--
INFO: Run Behavior\ReadHtmlCacheBehavior [ RunTime:0.000975s ]
INFO: [ app_begin ] --END-- [ RunTime:0.001033s ]
SQL: SHOW COLUMNS FROM `y_oldbook` [ RunTime:0.0011s ]
SQL: select y_user.nickname,y_oldbook.*from y_user,y_oldbook where y_oldbook.userid = y_user.userid [ RunTime:0.0006s ]

[ 2018-01-04T10:58:30+08:00 ] ::1 /YiShuBookPlatform/service/Api/index.php/home/book/getBooksOnSale
INFO: [ app_init ] --START--
INFO: Run Behavior\BuildLiteBehavior [ RunTime:0.000021s ]
INFO: [ app_init ] --END-- [ RunTime:0.000677s ]
INFO: [ app_begin ] --START--
INFO: Run Behavior\ReadHtmlCacheBehavior [ RunTime:0.001007s ]
INFO: [ app_begin ] --END-- [ RunTime:0.001076s ]
SQL: SHOW COLUMNS FROM `y_book` [ RunTime:0.0008s ]
SQL: SELECT * FROM `y_book` WHERE ( bookSale = '1' )  [ RunTime:0.0004s ]

[ 2018-01-04T10:58:30+08:00 ] ::1 /YiShuBookPlatform/service/Api/index.php/home/book/getAllBooks
INFO: [ app_init ] --START--
INFO: Run Behavior\BuildLiteBehavior [ RunTime:0.000023s ]
INFO: [ app_init ] --END-- [ RunTime:0.000670s ]
INFO: [ app_begin ] --START--
INFO: Run Behavior\ReadHtmlCacheBehavior [ RunTime:0.001792s ]
INFO: [ app_begin ] --END-- [ RunTime:0.001858s ]
SQL: SHOW COLUMNS FROM `y_book` [ RunTime:0.0011s ]
SQL: SELECT * FROM `y_book`  [ RunTime:0.0005s ]

[ 2018-01-04T10:58:42+08:00 ] ::1 /YiShuBookPlatform/service/Api/index.php/home/book/getOldBooks
INFO: [ app_init ] --START--
INFO: Run Behavior\BuildLiteBehavior [ RunTime:0.000023s ]
INFO: [ app_init ] --END-- [ RunTime:0.000534s ]
INFO: [ app_begin ] --START--
INFO: Run Behavior\ReadHtmlCacheBehavior [ RunTime:0.001301s ]
INFO: [ app_begin ] --END-- [ RunTime:0.001344s ]
SQL: SHOW COLUMNS FROM `y_oldbook` [ RunTime:0.0007s ]
SQL: select y_user.nickname,y_oldbook.*from y_user,y_oldbook where y_oldbook.userid = y_user.userid [ RunTime:0.0004s ]

[ 2018-01-04T16:36:59+08:00 ] ::1 /YiShuBookPlatform/service/Api/index.php/home/login/checklogin
INFO: [ app_init ] --START--
INFO: Run Behavior\BuildLiteBehavior [ RunTime:0.000025s ]
INFO: [ app_init ] --END-- [ RunTime:0.001114s ]
INFO: [ app_begin ] --START--
INFO: Run Behavior\ReadHtmlCacheBehavior [ RunTime:0.001883s ]
INFO: [ app_begin ] --END-- [ RunTime:0.001958s ]
SQL: SHOW COLUMNS FROM `y_user` [ RunTime:0.0009s ]
SQL: SELECT * FROM `y_user` WHERE ( phone = '15755320770' ) LIMIT 1   [ RunTime:0.0004s ]

[ 2018-01-04T16:37:04+08:00 ] ::1 /YiShuBookPlatform/service/Api/index.php/home/book/getBookCard
INFO: [ app_init ] --START--
INFO: Run Behavior\BuildLiteBehavior [ RunTime:0.000026s ]
INFO: [ app_init ] --END-- [ RunTime:0.000817s ]
INFO: [ app_begin ] --START--
INFO: Run Behavior\ReadHtmlCacheBehavior [ RunTime:0.001382s ]
INFO: [ app_begin ] --END-- [ RunTime:0.001481s ]
SQL: SHOW COLUMNS FROM `y_book` [ RunTime:0.0008s ]
SQL: SELECT * FROM `y_book` WHERE ( bookShow = '1' )  [ RunTime:0.0006s ]

[ 2018-01-04T16:37:06+08:00 ] ::1 /YiShuBookPlatform/service/Api/index.php/home/user/getNoticeById
INFO: [ app_init ] --START--
INFO: Run Behavior\BuildLiteBehavior [ RunTime:0.000021s ]
INFO: [ app_init ] --END-- [ RunTime:0.000805s ]
INFO: [ app_begin ] --START--
INFO: Run Behavior\ReadHtmlCacheBehavior [ RunTime:0.001772s ]
INFO: [ app_begin ] --END-- [ RunTime:0.001860s ]
SQL: SHOW COLUMNS FROM `y_notice` [ RunTime:0.0061s ]
SQL: SELECT * FROM `y_notice` WHERE ( userid = '7' )  [ RunTime:0.0013s ]

[ 2018-01-04T16:37:11+08:00 ] ::1 /YiShuBookPlatform/service/Api/index.php/home/user/sendMessage
INFO: [ app_init ] --START--
INFO: Run Behavior\BuildLiteBehavior [ RunTime:0.000013s ]
INFO: [ app_init ] --END-- [ RunTime:0.000450s ]
INFO: [ app_begin ] --START--
INFO: Run Behavior\ReadHtmlCacheBehavior [ RunTime:0.001143s ]
INFO: [ app_begin ] --END-- [ RunTime:0.001229s ]
SQL: SHOW COLUMNS FROM `y_message` [ RunTime:0.0007s ]
SQL: SELECT COUNT(*) AS tp_count FROM `y_message` WHERE ( userid = '7' ) LIMIT 1   [ RunTime:0.0021s ]
SQL: INSERT INTO `y_message` (`userid`,`messagecontent`,`phone`,`messagetime`) VALUES ('7','232','232','2018-01-04 16:37') [ RunTime:0.0029s ]

[ 2018-01-04T16:38:45+08:00 ] ::1 /YiShuBookPlatform/service/Api/index.php/home/user/getNoticeById
INFO: [ app_init ] --START--
INFO: Run Behavior\BuildLiteBehavior [ RunTime:0.000036s ]
INFO: [ app_init ] --END-- [ RunTime:0.000811s ]
INFO: [ app_begin ] --START--
INFO: Run Behavior\ReadHtmlCacheBehavior [ RunTime:0.004019s ]
INFO: [ app_begin ] --END-- [ RunTime:0.004271s ]
SQL: SHOW COLUMNS FROM `y_notice` [ RunTime:0.0023s ]
SQL: SELECT * FROM `y_notice` WHERE ( userid = '7' )  [ RunTime:0.0009s ]

[ 2018-01-04T17:06:18+08:00 ] ::1 /YiShuBookPlatform/service/Api/index.php/home/login/checklogin
INFO: [ app_init ] --START--
INFO: Run Behavior\BuildLiteBehavior [ RunTime:0.000026s ]
INFO: [ app_init ] --END-- [ RunTime:0.001284s ]
INFO: [ app_begin ] --START--
INFO: Run Behavior\ReadHtmlCacheBehavior [ RunTime:0.001928s ]
INFO: [ app_begin ] --END-- [ RunTime:0.002015s ]
SQL: SHOW COLUMNS FROM `y_user` [ RunTime:0.0011s ]
SQL: SELECT * FROM `y_user` WHERE ( phone = '15755320770' ) LIMIT 1   [ RunTime:0.0004s ]

[ 2018-01-04T17:06:23+08:00 ] ::1 /YiShuBookPlatform/service/Api/index.php/home/book/getBookCard
INFO: [ app_init ] --START--
INFO: Run Behavior\BuildLiteBehavior [ RunTime:0.000022s ]
INFO: [ app_init ] --END-- [ RunTime:0.000699s ]
INFO: [ app_begin ] --START--
INFO: Run Behavior\ReadHtmlCacheBehavior [ RunTime:0.000928s ]
INFO: [ app_begin ] --END-- [ RunTime:0.000989s ]
SQL: SHOW COLUMNS FROM `y_book` [ RunTime:0.0007s ]
SQL: SELECT * FROM `y_book` WHERE ( bookShow = '1' )  [ RunTime:0.0005s ]

[ 2018-01-04T17:06:25+08:00 ] ::1 /YiShuBookPlatform/service/Api/index.php/home/user/getNoticeById
INFO: [ app_init ] --START--
INFO: Run Behavior\BuildLiteBehavior [ RunTime:0.000018s ]
INFO: [ app_init ] --END-- [ RunTime:0.001097s ]
INFO: [ app_begin ] --START--
INFO: Run Behavior\ReadHtmlCacheBehavior [ RunTime:0.001404s ]
INFO: [ app_begin ] --END-- [ RunTime:0.001464s ]
SQL: SHOW COLUMNS FROM `y_notice` [ RunTime:0.0009s ]
SQL: SELECT * FROM `y_notice` WHERE ( userid = '7' )  [ RunTime:0.0005s ]

[ 2018-01-04T17:06:29+08:00 ] ::1 /YiShuBookPlatform/service/Api/index.php/home/user/deleteNotice
INFO: [ app_init ] --START--
INFO: Run Behavior\BuildLiteBehavior [ RunTime:0.000016s ]
INFO: [ app_init ] --END-- [ RunTime:0.000505s ]
INFO: [ app_begin ] --START--
INFO: Run Behavior\ReadHtmlCacheBehavior [ RunTime:0.001888s ]
INFO: [ app_begin ] --END-- [ RunTime:0.001956s ]
SQL: SHOW COLUMNS FROM `y_notice` [ RunTime:0.0007s ]
SQL: DELETE FROM `y_notice` WHERE ( noticeid = '22' ) [ RunTime:0.0043s ]

[ 2018-01-04T17:06:31+08:00 ] ::1 /YiShuBookPlatform/service/Api/index.php/home/user/getNoticeById
INFO: [ app_init ] --START--
INFO: Run Behavior\BuildLiteBehavior [ RunTime:0.000029s ]
INFO: [ app_init ] --END-- [ RunTime:0.001033s ]
INFO: [ app_begin ] --START--
INFO: Run Behavior\ReadHtmlCacheBehavior [ RunTime:0.001959s ]
INFO: [ app_begin ] --END-- [ RunTime:0.002044s ]
SQL: SHOW COLUMNS FROM `y_notice` [ RunTime:0.0009s ]
SQL: SELECT * FROM `y_notice` WHERE ( userid = '7' )  [ RunTime:0.0006s ]

[ 2018-01-04T17:06:35+08:00 ] ::1 /YiShuBookPlatform/service/Api/index.php/home/book/getBookCard
INFO: [ app_init ] --START--
INFO: Run Behavior\BuildLiteBehavior [ RunTime:0.000015s ]
INFO: [ app_init ] --END-- [ RunTime:0.000541s ]
INFO: [ app_begin ] --START--
INFO: Run Behavior\ReadHtmlCacheBehavior [ RunTime:0.002068s ]
INFO: [ app_begin ] --END-- [ RunTime:0.002160s ]
SQL: SHOW COLUMNS FROM `y_book` [ RunTime:0.0008s ]
SQL: SELECT * FROM `y_book` WHERE ( bookShow = '1' )  [ RunTime:0.0003s ]

[ 2018-01-04T17:06:50+08:00 ] ::1 /YiShuBookPlatform/service/Api/index.php/home/login/checklogin
INFO: [ app_init ] --START--
INFO: Run Behavior\BuildLiteBehavior [ RunTime:0.000015s ]
INFO: [ app_init ] --END-- [ RunTime:0.000649s ]
INFO: [ app_begin ] --START--
INFO: Run Behavior\ReadHtmlCacheBehavior [ RunTime:0.001288s ]
INFO: [ app_begin ] --END-- [ RunTime:0.001351s ]
SQL: SHOW COLUMNS FROM `y_user` [ RunTime:0.0008s ]
SQL: SELECT * FROM `y_user` WHERE ( phone = '15665537586' ) LIMIT 1   [ RunTime:0.0004s ]

[ 2018-01-04T17:06:52+08:00 ] ::1 /YiShuBookPlatform/service/Api/index.php/home/book/getBookCard
INFO: [ app_init ] --START--
INFO: Run Behavior\BuildLiteBehavior [ RunTime:0.000014s ]
INFO: [ app_init ] --END-- [ RunTime:0.000465s ]
INFO: [ app_begin ] --START--
INFO: Run Behavior\ReadHtmlCacheBehavior [ RunTime:0.000851s ]
INFO: [ app_begin ] --END-- [ RunTime:0.000899s ]
SQL: SHOW COLUMNS FROM `y_book` [ RunTime:0.0009s ]
SQL: SELECT * FROM `y_book` WHERE ( bookShow = '1' )  [ RunTime:0.0004s ]

[ 2018-01-04T17:06:55+08:00 ] ::1 /YiShuBookPlatform/service/Api/index.php/home/user/getNoticeById
INFO: [ app_init ] --START--
INFO: Run Behavior\BuildLiteBehavior [ RunTime:0.000023s ]
INFO: [ app_init ] --END-- [ RunTime:0.000807s ]
INFO: [ app_begin ] --START--
INFO: Run Behavior\ReadHtmlCacheBehavior [ RunTime:0.001374s ]
INFO: [ app_begin ] --END-- [ RunTime:0.001467s ]
SQL: SHOW COLUMNS FROM `y_notice` [ RunTime:0.0010s ]
SQL: SELECT * FROM `y_notice` WHERE ( userid = '15' )  [ RunTime:0.0007s ]

[ 2018-01-04T17:06:57+08:00 ] ::1 /YiShuBookPlatform/service/Api/index.php/home/user/deleteNotice
INFO: [ app_init ] --START--
INFO: Run Behavior\BuildLiteBehavior [ RunTime:0.000016s ]
INFO: [ app_init ] --END-- [ RunTime:0.000516s ]
INFO: [ app_begin ] --START--
INFO: Run Behavior\ReadHtmlCacheBehavior [ RunTime:0.001094s ]
INFO: [ app_begin ] --END-- [ RunTime:0.001153s ]
SQL: SHOW COLUMNS FROM `y_notice` [ RunTime:0.0006s ]
SQL: DELETE FROM `y_notice` WHERE ( noticeid = '19' ) [ RunTime:0.0040s ]

[ 2018-01-04T17:06:59+08:00 ] ::1 /YiShuBookPlatform/service/Api/index.php/home/user/getNoticeById
INFO: [ app_init ] --START--
INFO: Run Behavior\BuildLiteBehavior [ RunTime:0.000013s ]
INFO: [ app_init ] --END-- [ RunTime:0.000456s ]
INFO: [ app_begin ] --START--
INFO: Run Behavior\ReadHtmlCacheBehavior [ RunTime:0.000821s ]
INFO: [ app_begin ] --END-- [ RunTime:0.000869s ]
SQL: SHOW COLUMNS FROM `y_notice` [ RunTime:0.0007s ]
SQL: SELECT * FROM `y_notice` WHERE ( userid = '15' )  [ RunTime:0.0003s ]

[ 2018-01-04T17:07:26+08:00 ] ::1 /YiShuBookPlatform/service/Api/index.php/home/user/deleteNotice
INFO: [ app_init ] --START--
INFO: Run Behavior\BuildLiteBehavior [ RunTime:0.000014s ]
INFO: [ app_init ] --END-- [ RunTime:0.000519s ]
INFO: [ app_begin ] --START--
INFO: Run Behavior\ReadHtmlCacheBehavior [ RunTime:0.000944s ]
INFO: [ app_begin ] --END-- [ RunTime:0.000995s ]
SQL: SHOW COLUMNS FROM `y_notice` [ RunTime:0.0007s ]
SQL: DELETE FROM `y_notice` WHERE ( noticeid = '3' ) [ RunTime:0.0054s ]

[ 2018-01-04T17:07:28+08:00 ] ::1 /YiShuBookPlatform/service/Api/index.php/home/user/getNoticeById
INFO: [ app_init ] --START--
INFO: Run Behavior\BuildLiteBehavior [ RunTime:0.000019s ]
INFO: [ app_init ] --END-- [ RunTime:0.000659s ]
INFO: [ app_begin ] --START--
INFO: Run Behavior\ReadHtmlCacheBehavior [ RunTime:0.001572s ]
INFO: [ app_begin ] --END-- [ RunTime:0.001693s ]
SQL: SHOW COLUMNS FROM `y_notice` [ RunTime:0.0010s ]
SQL: SELECT * FROM `y_notice` WHERE ( userid = '15' )  [ RunTime:0.0005s ]

[ 2018-01-04T21:03:06+08:00 ] ::1 /YiShuBookPlatform/service/Api/index.php/home/login/checklogin
INFO: [ app_init ] --START--
INFO: Run Behavior\BuildLiteBehavior [ RunTime:0.000026s ]
INFO: [ app_init ] --END-- [ RunTime:0.001016s ]
INFO: [ app_begin ] --START--
INFO: Run Behavior\ReadHtmlCacheBehavior [ RunTime:0.001920s ]
INFO: [ app_begin ] --END-- [ RunTime:0.002016s ]
SQL: SHOW COLUMNS FROM `y_user` [ RunTime:0.0014s ]
SQL: SELECT * FROM `y_user` WHERE ( phone = '15755320770' ) LIMIT 1   [ RunTime:0.0006s ]

[ 2018-01-04T21:03:09+08:00 ] ::1 /YiShuBookPlatform/service/Api/index.php/home/book/getBookCard
INFO: [ app_init ] --START--
INFO: Run Behavior\BuildLiteBehavior [ RunTime:0.000015s ]
INFO: [ app_init ] --END-- [ RunTime:0.000541s ]
INFO: [ app_begin ] --START--
INFO: Run Behavior\ReadHtmlCacheBehavior [ RunTime:0.001022s ]
INFO: [ app_begin ] --END-- [ RunTime:0.001096s ]
SQL: SHOW COLUMNS FROM `y_book` [ RunTime:0.0010s ]
SQL: SELECT * FROM `y_book` WHERE ( bookShow = '1' )  [ RunTime:0.0004s ]

[ 2018-01-04T21:03:11+08:00 ] ::1 /YiShuBookPlatform/service/Api/index.php/home/user/getNoticeById
INFO: [ app_init ] --START--
INFO: Run Behavior\BuildLiteBehavior [ RunTime:0.000020s ]
INFO: [ app_init ] --END-- [ RunTime:0.000918s ]
INFO: [ app_begin ] --START--
INFO: Run Behavior\ReadHtmlCacheBehavior [ RunTime:0.001737s ]
INFO: [ app_begin ] --END-- [ RunTime:0.001817s ]
SQL: SHOW COLUMNS FROM `y_notice` [ RunTime:0.0008s ]
SQL: SELECT * FROM `y_notice` WHERE ( userid = '7' )  [ RunTime:0.0005s ]

[ 2018-01-04T21:03:15+08:00 ] ::1 /YiShuBookPlatform/service/Api/index.php/home/user/sendMessage
INFO: [ app_init ] --START--
INFO: Run Behavior\BuildLiteBehavior [ RunTime:0.000024s ]
INFO: [ app_init ] --END-- [ RunTime:0.000544s ]
INFO: [ app_begin ] --START--
INFO: Run Behavior\ReadHtmlCacheBehavior [ RunTime:0.001490s ]
INFO: [ app_begin ] --END-- [ RunTime:0.001549s ]
SQL: SHOW COLUMNS FROM `y_message` [ RunTime:0.0007s ]
SQL: SELECT COUNT(*) AS tp_count FROM `y_message` WHERE ( userid = '7' ) LIMIT 1   [ RunTime:0.0003s ]
SQL: INSERT INTO `y_message` (`userid`,`messagecontent`,`phone`,`messagetime`,`state`) VALUES ('7','232','3213','2018-01-04 21:03','0') [ RunTime:0.0041s ]

