[ 2018-01-11T11:08:40+08:00 ] 192.168.43.1 /YiShuBookPlatform/service/Api/index.php/home/login/checklogin
INFO: [ app_init ] --START--
INFO: Run Behavior\BuildLiteBehavior [ RunTime:0.000023s ]
INFO: [ app_init ] --END-- [ RunTime:0.003591s ]
INFO: [ app_begin ] --START--
INFO: Run Behavior\ReadHtmlCacheBehavior [ RunTime:0.002577s ]
INFO: [ app_begin ] --END-- [ RunTime:0.002681s ]
SQL: SHOW COLUMNS FROM `y_user` [ RunTime:0.0163s ]
SQL: SELECT * FROM `y_user` WHERE ( phone = '15665537586' ) LIMIT 1   [ RunTime:0.0044s ]

[ 2018-01-11T11:08:41+08:00 ] 192.168.43.1 /YiShuBookPlatform/service/Api/index.php/home/book/getBookCard
INFO: [ app_init ] --START--
INFO: Run Behavior\BuildLiteBehavior [ RunTime:0.000024s ]
INFO: [ app_init ] --END-- [ RunTime:0.000698s ]
INFO: [ app_begin ] --START--
INFO: Run Behavior\ReadHtmlCacheBehavior [ RunTime:0.001239s ]
INFO: [ app_begin ] --END-- [ RunTime:0.001337s ]
SQL: SHOW COLUMNS FROM `y_book` [ RunTime:0.0057s ]
SQL: SELECT * FROM `y_book` WHERE ( bookShow = '1' )  [ RunTime:0.0014s ]

[ 2018-01-11T11:08:41+08:00 ] 192.168.43.1 /YiShuBookPlatform/service/Api/index.php/home/book/getRank
INFO: [ app_init ] --START--
INFO: Run Behavior\BuildLiteBehavior [ RunTime:0.000022s ]
INFO: [ app_init ] --END-- [ RunTime:0.000718s ]
INFO: [ app_begin ] --START--
INFO: Run Behavior\ReadHtmlCacheBehavior [ RunTime:0.001295s ]
INFO: [ app_begin ] --END-- [ RunTime:0.001428s ]
SQL: SHOW COLUMNS FROM `y_ranklist` [ RunTime:0.0057s ]
SQL: SELECT * FROM `y_ranklist`  [ RunTime:0.0005s ]

[ 2018-01-11T11:08:41+08:00 ] 192.168.43.1 /YiShuBookPlatform/service/Api/index.php/home/index/count
INFO: [ app_init ] --START--
INFO: Run Behavior\BuildLiteBehavior [ RunTime:0.000023s ]
INFO: [ app_init ] --END-- [ RunTime:0.000799s ]
INFO: [ app_begin ] --START--
INFO: Run Behavior\ReadHtmlCacheBehavior [ RunTime:0.001439s ]
INFO: [ app_begin ] --END-- [ RunTime:0.001520s ]
SQL: SHOW COLUMNS FROM `y_order` [ RunTime:0.0110s ]
SQL: SHOW COLUMNS FROM `y_friend` [ RunTime:0.0033s ]
SQL: SHOW COLUMNS FROM `y_notice` [ RunTime:0.0053s ]
SQL: SELECT COUNT(*) AS tp_count FROM `y_order` WHERE ( userid = '15' ) LIMIT 1   [ RunTime:0.0101s ]
SQL: SELECT COUNT(*) AS tp_count FROM `y_friend` WHERE ( userid = '15' ) LIMIT 1   [ RunTime:0.0004s ]
SQL: SELECT COUNT(*) AS tp_count FROM `y_notice` WHERE ( userid = '15' ) LIMIT 1   [ RunTime:0.0007s ]

[ 2018-01-11T11:09:04+08:00 ] 192.168.43.220 /YiShuBookPlatform/service/Api/index.php/home/login/checklogin
INFO: [ app_init ] --START--
INFO: Run Behavior\BuildLiteBehavior [ RunTime:0.000024s ]
INFO: [ app_init ] --END-- [ RunTime:0.001149s ]
INFO: [ app_begin ] --START--
INFO: Run Behavior\ReadHtmlCacheBehavior [ RunTime:0.001703s ]
INFO: [ app_begin ] --END-- [ RunTime:0.001803s ]
SQL: SHOW COLUMNS FROM `y_user` [ RunTime:0.0044s ]
SQL: SELECT * FROM `y_user` WHERE ( phone = '15755320770' ) LIMIT 1   [ RunTime:0.0009s ]

[ 2018-01-11T11:09:05+08:00 ] 192.168.43.220 /YiShuBookPlatform/service/Api/index.php/home/book/getBookCard
INFO: [ app_init ] --START--
INFO: Run Behavior\BuildLiteBehavior [ RunTime:0.000024s ]
INFO: [ app_init ] --END-- [ RunTime:0.000938s ]
INFO: [ app_begin ] --START--
INFO: Run Behavior\ReadHtmlCacheBehavior [ RunTime:0.001179s ]
INFO: [ app_begin ] --END-- [ RunTime:0.001264s ]
SQL: SHOW COLUMNS FROM `y_book` [ RunTime:0.0044s ]
SQL: SELECT * FROM `y_book` WHERE ( bookShow = '1' )  [ RunTime:0.0006s ]

[ 2018-01-11T11:09:05+08:00 ] 192.168.43.220 /YiShuBookPlatform/service/Api/index.php/home/book/getRank
INFO: [ app_init ] --START--
INFO: Run Behavior\BuildLiteBehavior [ RunTime:0.000016s ]
INFO: [ app_init ] --END-- [ RunTime:0.000446s ]
INFO: [ app_begin ] --START--
INFO: Run Behavior\ReadHtmlCacheBehavior [ RunTime:0.000828s ]
INFO: [ app_begin ] --END-- [ RunTime:0.000901s ]
SQL: SHOW COLUMNS FROM `y_ranklist` [ RunTime:0.0053s ]
SQL: SELECT * FROM `y_ranklist`  [ RunTime:0.0005s ]

[ 2018-01-11T11:09:05+08:00 ] 192.168.43.220 /YiShuBookPlatform/service/Api/index.php/home/index/count
INFO: [ app_init ] --START--
INFO: Run Behavior\BuildLiteBehavior [ RunTime:0.000023s ]
INFO: [ app_init ] --END-- [ RunTime:0.000703s ]
INFO: [ app_begin ] --START--
INFO: Run Behavior\ReadHtmlCacheBehavior [ RunTime:0.000985s ]
INFO: [ app_begin ] --END-- [ RunTime:0.001038s ]
SQL: SHOW COLUMNS FROM `y_order` [ RunTime:0.0027s ]
SQL: SHOW COLUMNS FROM `y_friend` [ RunTime:0.0025s ]
SQL: SHOW COLUMNS FROM `y_notice` [ RunTime:0.0026s ]
SQL: SELECT COUNT(*) AS tp_count FROM `y_order` WHERE ( userid = '29' ) LIMIT 1   [ RunTime:0.0003s ]
SQL: SELECT COUNT(*) AS tp_count FROM `y_friend` WHERE ( userid = '29' ) LIMIT 1   [ RunTime:0.0002s ]
SQL: SELECT COUNT(*) AS tp_count FROM `y_notice` WHERE ( userid = '29' ) LIMIT 1   [ RunTime:0.0002s ]

[ 2018-01-11T11:09:07+08:00 ] 192.168.43.220 /YiShuBookPlatform/service/Api/index.php/home/book/getBooksOnSale
INFO: [ app_init ] --START--
INFO: Run Behavior\BuildLiteBehavior [ RunTime:0.000021s ]
INFO: [ app_init ] --END-- [ RunTime:0.000680s ]
INFO: [ app_begin ] --START--
INFO: Run Behavior\ReadHtmlCacheBehavior [ RunTime:0.001203s ]
INFO: [ app_begin ] --END-- [ RunTime:0.001312s ]
SQL: SHOW COLUMNS FROM `y_book` [ RunTime:0.0045s ]
SQL: SELECT * FROM `y_book` WHERE ( bookSale = '1' )  [ RunTime:0.0007s ]

[ 2018-01-11T11:09:07+08:00 ] 192.168.43.220 /YiShuBookPlatform/service/Api/index.php/home/book/getAllBooks
INFO: [ app_init ] --START--
INFO: Run Behavior\BuildLiteBehavior [ RunTime:0.000044s ]
INFO: [ app_init ] --END-- [ RunTime:0.000704s ]
INFO: [ app_begin ] --START--
INFO: Run Behavior\ReadHtmlCacheBehavior [ RunTime:0.001217s ]
INFO: [ app_begin ] --END-- [ RunTime:0.001312s ]
SQL: SHOW COLUMNS FROM `y_book` [ RunTime:0.0044s ]
SQL: SELECT * FROM `y_book`  [ RunTime:0.0007s ]

[ 2018-01-11T11:09:19+08:00 ] 192.168.43.220 /YiShuBookPlatform/service/Api/index.php/home/friendCircle/getDynamic
INFO: [ app_init ] --START--
INFO: Run Behavior\BuildLiteBehavior [ RunTime:0.000026s ]
INFO: [ app_init ] --END-- [ RunTime:0.000786s ]
INFO: [ app_begin ] --START--
INFO: Run Behavior\ReadHtmlCacheBehavior [ RunTime:0.001230s ]
INFO: [ app_begin ] --END-- [ RunTime:0.001323s ]
SQL: SHOW COLUMNS FROM `y_friend` [ RunTime:0.0045s ]
SQL: SELECT `id` FROM `y_friend` ORDER BY id DESC  [ RunTime:0.0004s ]
SQL: SELECT * FROM `y_friend` INNER JOIN y_user on y_friend.userid = y_user.userid  WHERE ( id = 64 )  [ RunTime:0.0084s ]
SQL: SHOW COLUMNS FROM `y_common` [ RunTime:0.0051s ]
SQL: SELECT * FROM `y_common` INNER JOIN y_user on y_common.userid = y_user.userid  WHERE ( fid = 64 )  [ RunTime:0.0020s ]
SQL: SELECT * FROM `y_friend` INNER JOIN y_user on y_friend.userid = y_user.userid  WHERE ( id = 63 )  [ RunTime:0.0008s ]
SQL: SELECT * FROM `y_common` INNER JOIN y_user on y_common.userid = y_user.userid  WHERE ( fid = 63 )  [ RunTime:0.0006s ]

[ 2018-01-11T11:09:29+08:00 ] 192.168.43.1 /YiShuBookPlatform/service/Api/index.php/home/user/upload
INFO: [ app_init ] --START--
INFO: Run Behavior\BuildLiteBehavior [ RunTime:0.000014s ]
INFO: [ app_init ] --END-- [ RunTime:0.000463s ]
INFO: [ app_begin ] --START--
INFO: Run Behavior\ReadHtmlCacheBehavior [ RunTime:0.000951s ]
INFO: [ app_begin ] --END-- [ RunTime:0.001024s ]
SQL: SHOW COLUMNS FROM `y_user` [ RunTime:0.0036s ]
NOTIC: [2] Illegal offset type in isset or empty C:\xampp\htdocs\YiShuBookPlatform\service\Api\ThinkPHP\Library\Think\Model.class.php 第 1015 行.
NOTIC: [8] Undefined index: validate C:\xampp\htdocs\YiShuBookPlatform\service\Api\ThinkPHP\Library\Think\Model.class.php 第 1185 行.
NOTIC: [8] Undefined index: auto C:\xampp\htdocs\YiShuBookPlatform\service\Api\ThinkPHP\Library\Think\Model.class.php 第 1128 行.
NOTIC: [2] call_user_func() expects parameter 1 to be a valid callback, no array or string given C:\xampp\htdocs\YiShuBookPlatform\service\Api\ThinkPHP\Library\Think\Upload.class.php 第 170 行.
NOTIC: [2] Illegal offset type in isset or empty C:\xampp\htdocs\YiShuBookPlatform\service\Api\ThinkPHP\Library\Think\Model.class.php 第 445 行.
SQL: UPDATE `y_user` SET `userid`='15',`picture`='/2018-01-11/5a56d5694941f.jpg' WHERE ( userid = '15' ) [ RunTime:0.0111s ]
SQL: SELECT * FROM `y_user` WHERE ( userid = '15' ) LIMIT 1   [ RunTime:0.0004s ]

[ 2018-01-11T11:09:29+08:00 ] 192.168.43.1 /YiShuBookPlatform/service/Api/index.php/home/book/getRank
INFO: [ app_init ] --START--
INFO: Run Behavior\BuildLiteBehavior [ RunTime:0.000023s ]
INFO: [ app_init ] --END-- [ RunTime:0.000622s ]
INFO: [ app_begin ] --START--
INFO: Run Behavior\ReadHtmlCacheBehavior [ RunTime:0.001160s ]
INFO: [ app_begin ] --END-- [ RunTime:0.001253s ]
SQL: SHOW COLUMNS FROM `y_ranklist` [ RunTime:0.0046s ]
SQL: SELECT * FROM `y_ranklist`  [ RunTime:0.0005s ]

[ 2018-01-11T11:09:29+08:00 ] 192.168.43.1 /YiShuBookPlatform/service/Api/index.php/home/index/count
INFO: [ app_init ] --START--
INFO: Run Behavior\BuildLiteBehavior [ RunTime:0.000025s ]
INFO: [ app_init ] --END-- [ RunTime:0.012294s ]
INFO: [ app_begin ] --START--
INFO: Run Behavior\ReadHtmlCacheBehavior [ RunTime:0.004533s ]
INFO: [ app_begin ] --END-- [ RunTime:0.004676s ]
SQL: SHOW COLUMNS FROM `y_order` [ RunTime:0.0071s ]
SQL: SHOW COLUMNS FROM `y_friend` [ RunTime:0.0055s ]
SQL: SHOW COLUMNS FROM `y_notice` [ RunTime:0.0091s ]
SQL: SELECT COUNT(*) AS tp_count FROM `y_order` WHERE ( userid = '15' ) LIMIT 1   [ RunTime:0.0007s ]
SQL: SELECT COUNT(*) AS tp_count FROM `y_friend` WHERE ( userid = '15' ) LIMIT 1   [ RunTime:0.0010s ]
SQL: SELECT COUNT(*) AS tp_count FROM `y_notice` WHERE ( userid = '15' ) LIMIT 1   [ RunTime:0.0007s ]

[ 2018-01-11T11:09:29+08:00 ] 192.168.43.1 /YiShuBookPlatform/service/Api/index.php/home/book/getBookCard
INFO: [ app_init ] --START--
INFO: Run Behavior\BuildLiteBehavior [ RunTime:0.000022s ]
INFO: [ app_init ] --END-- [ RunTime:0.001624s ]
INFO: [ app_begin ] --START--
INFO: Run Behavior\ReadHtmlCacheBehavior [ RunTime:0.014534s ]
INFO: [ app_begin ] --END-- [ RunTime:0.017181s ]
SQL: SHOW COLUMNS FROM `y_book` [ RunTime:0.0063s ]
SQL: SELECT * FROM `y_book` WHERE ( bookShow = '1' )  [ RunTime:0.0009s ]

[ 2018-01-11T11:09:48+08:00 ] 192.168.43.1 /YiShuBookPlatform/service/Api/index.php/home/book/getBookCard
INFO: [ app_init ] --START--
INFO: Run Behavior\BuildLiteBehavior [ RunTime:0.000022s ]
INFO: [ app_init ] --END-- [ RunTime:0.000703s ]
INFO: [ app_begin ] --START--
INFO: Run Behavior\ReadHtmlCacheBehavior [ RunTime:0.001104s ]
INFO: [ app_begin ] --END-- [ RunTime:0.001200s ]
SQL: SHOW COLUMNS FROM `y_book` [ RunTime:0.0042s ]
SQL: SELECT * FROM `y_book` WHERE ( bookShow = '1' )  [ RunTime:0.0006s ]

[ 2018-01-11T11:09:48+08:00 ] 192.168.43.1 /YiShuBookPlatform/service/Api/index.php/home/index/count
INFO: [ app_init ] --START--
INFO: Run Behavior\BuildLiteBehavior [ RunTime:0.001636s ]
INFO: [ app_init ] --END-- [ RunTime:0.003831s ]
INFO: [ app_begin ] --START--
INFO: Run Behavior\ReadHtmlCacheBehavior [ RunTime:0.360663s ]
INFO: [ app_begin ] --END-- [ RunTime:0.360818s ]
SQL: SHOW COLUMNS FROM `y_order` [ RunTime:0.0119s ]
SQL: SHOW COLUMNS FROM `y_friend` [ RunTime:0.0052s ]
SQL: SHOW COLUMNS FROM `y_notice` [ RunTime:0.0049s ]
SQL: SELECT COUNT(*) AS tp_count FROM `y_order` WHERE ( userid = '15' ) LIMIT 1   [ RunTime:0.0005s ]
SQL: SELECT COUNT(*) AS tp_count FROM `y_friend` WHERE ( userid = '15' ) LIMIT 1   [ RunTime:0.0005s ]
SQL: SELECT COUNT(*) AS tp_count FROM `y_notice` WHERE ( userid = '15' ) LIMIT 1   [ RunTime:0.0008s ]

[ 2018-01-11T11:09:49+08:00 ] 192.168.43.1 /YiShuBookPlatform/service/Api/index.php/home/book/getRank
INFO: [ app_init ] --START--
INFO: Run Behavior\BuildLiteBehavior [ RunTime:0.000028s ]
INFO: [ app_init ] --END-- [ RunTime:0.001513s ]
INFO: [ app_begin ] --START--
INFO: Run Behavior\ReadHtmlCacheBehavior [ RunTime:0.001789s ]
INFO: [ app_begin ] --END-- [ RunTime:0.001897s ]
SQL: SHOW COLUMNS FROM `y_ranklist` [ RunTime:0.0495s ]
SQL: SELECT * FROM `y_ranklist`  [ RunTime:0.0372s ]

[ 2018-01-11T11:13:01+08:00 ] 192.168.43.68 /YiShuBookPlatform/service/Api/index.php/home/login/checklogin
INFO: [ app_init ] --START--
INFO: Run Behavior\BuildLiteBehavior [ RunTime:0.000017s ]
INFO: [ app_init ] --END-- [ RunTime:0.000912s ]
INFO: [ app_begin ] --START--
INFO: Run Behavior\ReadHtmlCacheBehavior [ RunTime:0.001275s ]
INFO: [ app_begin ] --END-- [ RunTime:0.001361s ]
SQL: SHOW COLUMNS FROM `y_user` [ RunTime:0.0030s ]
SQL: SELECT * FROM `y_user` WHERE ( phone = '15665537586' ) LIMIT 1   [ RunTime:0.0003s ]

[ 2018-01-11T11:13:03+08:00 ] 192.168.43.68 /YiShuBookPlatform/service/Api/index.php/home/book/getBookCard
INFO: [ app_init ] --START--
INFO: Run Behavior\BuildLiteBehavior [ RunTime:0.000020s ]
INFO: [ app_init ] --END-- [ RunTime:0.000616s ]
INFO: [ app_begin ] --START--
INFO: Run Behavior\ReadHtmlCacheBehavior [ RunTime:0.001113s ]
INFO: [ app_begin ] --END-- [ RunTime:0.001206s ]
SQL: SHOW COLUMNS FROM `y_book` [ RunTime:0.0041s ]
SQL: SELECT * FROM `y_book` WHERE ( bookShow = '1' )  [ RunTime:0.0008s ]

[ 2018-01-11T11:13:03+08:00 ] 192.168.43.68 /YiShuBookPlatform/service/Api/index.php/home/index/count
INFO: [ app_init ] --START--
INFO: Run Behavior\BuildLiteBehavior [ RunTime:0.000023s ]
INFO: [ app_init ] --END-- [ RunTime:0.000979s ]
INFO: [ app_begin ] --START--
INFO: Run Behavior\ReadHtmlCacheBehavior [ RunTime:0.003227s ]
INFO: [ app_begin ] --END-- [ RunTime:0.003998s ]
SQL: SHOW COLUMNS FROM `y_order` [ RunTime:0.0042s ]
SQL: SHOW COLUMNS FROM `y_friend` [ RunTime:0.0040s ]
SQL: SHOW COLUMNS FROM `y_notice` [ RunTime:0.0041s ]
SQL: SELECT COUNT(*) AS tp_count FROM `y_order` WHERE ( userid = '15' ) LIMIT 1   [ RunTime:0.0005s ]
SQL: SELECT COUNT(*) AS tp_count FROM `y_friend` WHERE ( userid = '15' ) LIMIT 1   [ RunTime:0.0005s ]
SQL: SELECT COUNT(*) AS tp_count FROM `y_notice` WHERE ( userid = '15' ) LIMIT 1   [ RunTime:0.0006s ]

[ 2018-01-11T11:13:03+08:00 ] 192.168.43.68 /YiShuBookPlatform/service/Api/index.php/home/book/getRank
INFO: [ app_init ] --START--
INFO: Run Behavior\BuildLiteBehavior [ RunTime:0.000023s ]
INFO: [ app_init ] --END-- [ RunTime:0.001174s ]
INFO: [ app_begin ] --START--
INFO: Run Behavior\ReadHtmlCacheBehavior [ RunTime:0.002356s ]
INFO: [ app_begin ] --END-- [ RunTime:0.002451s ]
SQL: SHOW COLUMNS FROM `y_ranklist` [ RunTime:0.0042s ]
SQL: SELECT * FROM `y_ranklist`  [ RunTime:0.0004s ]

[ 2018-01-11T11:13:07+08:00 ] 192.168.43.68 /YiShuBookPlatform/service/Api/index.php/home/friendCircle/getDynamic
INFO: [ app_init ] --START--
INFO: Run Behavior\BuildLiteBehavior [ RunTime:0.000016s ]
INFO: [ app_init ] --END-- [ RunTime:0.000648s ]
INFO: [ app_begin ] --START--
INFO: Run Behavior\ReadHtmlCacheBehavior [ RunTime:0.001234s ]
INFO: [ app_begin ] --END-- [ RunTime:0.001294s ]
SQL: SHOW COLUMNS FROM `y_friend` [ RunTime:0.0006s ]
SQL: SELECT `id` FROM `y_friend` ORDER BY id DESC  [ RunTime:0.0002s ]
SQL: SELECT * FROM `y_friend` INNER JOIN y_user on y_friend.userid = y_user.userid  WHERE ( id = 64 )  [ RunTime:0.0004s ]
SQL: SHOW COLUMNS FROM `y_common` [ RunTime:0.0007s ]
SQL: SELECT * FROM `y_common` INNER JOIN y_user on y_common.userid = y_user.userid  WHERE ( fid = 64 )  [ RunTime:0.0005s ]
SQL: SELECT * FROM `y_friend` INNER JOIN y_user on y_friend.userid = y_user.userid  WHERE ( id = 63 )  [ RunTime:0.0005s ]
SQL: SELECT * FROM `y_common` INNER JOIN y_user on y_common.userid = y_user.userid  WHERE ( fid = 63 )  [ RunTime:0.0003s ]

[ 2018-01-11T11:13:07+08:00 ] 192.168.43.68 /YiShuBookPlatform/service/Api/index.php/home/book/getBooksOnSale
INFO: [ app_init ] --START--
INFO: Run Behavior\BuildLiteBehavior [ RunTime:0.000020s ]
INFO: [ app_init ] --END-- [ RunTime:0.000702s ]
INFO: [ app_begin ] --START--
INFO: Run Behavior\ReadHtmlCacheBehavior [ RunTime:0.001418s ]
INFO: [ app_begin ] --END-- [ RunTime:0.001495s ]
SQL: SHOW COLUMNS FROM `y_book` [ RunTime:0.0028s ]
SQL: SELECT * FROM `y_book` WHERE ( bookSale = '1' )  [ RunTime:0.0004s ]

[ 2018-01-11T11:13:07+08:00 ] 192.168.43.68 /YiShuBookPlatform/service/Api/index.php/home/book/getAllBooks
INFO: [ app_init ] --START--
INFO: Run Behavior\BuildLiteBehavior [ RunTime:0.000013s ]
INFO: [ app_init ] --END-- [ RunTime:0.000410s ]
INFO: [ app_begin ] --START--
INFO: Run Behavior\ReadHtmlCacheBehavior [ RunTime:0.000699s ]
INFO: [ app_begin ] --END-- [ RunTime:0.000743s ]
SQL: SHOW COLUMNS FROM `y_book` [ RunTime:0.0032s ]
SQL: SELECT * FROM `y_book`  [ RunTime:0.0005s ]

[ 2018-01-11T11:13:08+08:00 ] 192.168.43.68 /YiShuBookPlatform/service/Api/index.php/home/activity/getActivities
INFO: [ app_init ] --START--
INFO: Run Behavior\BuildLiteBehavior [ RunTime:0.000024s ]
INFO: [ app_init ] --END-- [ RunTime:0.000712s ]
INFO: [ app_begin ] --START--
INFO: Run Behavior\ReadHtmlCacheBehavior [ RunTime:0.001168s ]
INFO: [ app_begin ] --END-- [ RunTime:0.001257s ]
SQL: SHOW COLUMNS FROM `y_activity` [ RunTime:0.0074s ]
SQL: SELECT * FROM `y_activity`  [ RunTime:0.0005s ]

[ 2018-01-11T11:14:10+08:00 ] 192.168.43.68 /YiShuBookPlatform/service/Api/index.php/home/user/uploadbook
INFO: [ app_init ] --START--
INFO: Run Behavior\BuildLiteBehavior [ RunTime:0.000022s ]
INFO: [ app_init ] --END-- [ RunTime:0.000661s ]
INFO: [ app_begin ] --START--
INFO: Run Behavior\ReadHtmlCacheBehavior [ RunTime:0.001170s ]
INFO: [ app_begin ] --END-- [ RunTime:0.001261s ]
SQL: SHOW COLUMNS FROM `y_examine` [ RunTime:0.0090s ]
NOTIC: [8] Undefined index: validate C:\xampp\htdocs\YiShuBookPlatform\service\Api\ThinkPHP\Library\Think\Model.class.php 第 1185 行.
NOTIC: [8] Undefined index: auto C:\xampp\htdocs\YiShuBookPlatform\service\Api\ThinkPHP\Library\Think\Model.class.php 第 1128 行.
NOTIC: [2] call_user_func() expects parameter 1 to be a valid callback, no array or string given C:\xampp\htdocs\YiShuBookPlatform\service\Api\ThinkPHP\Library\Think\Upload.class.php 第 170 行.
SQL: INSERT INTO `y_examine` (`bookname`,`bookprice`,`bookcontent`,`booktype`,`userid`,`bookposter`,`state`,`time`) VALUES ('大学英语','5','八成新','大学课本','15','/2018-01-11/5a56d682710cd.jpg','0','2018-01-11 11:14') [ RunTime:0.0033s ]
SQL: SELECT * FROM `y_examine` WHERE ( userid = '15' ) LIMIT 1   [ RunTime:0.0006s ]

[ 2018-01-11T11:15:13+08:00 ] 192.168.43.68 /YiShuBookPlatform/service/Api/index.php/home/book/getBookCard
INFO: [ app_init ] --START--
INFO: Run Behavior\BuildLiteBehavior [ RunTime:0.000014s ]
INFO: [ app_init ] --END-- [ RunTime:0.000657s ]
INFO: [ app_begin ] --START--
INFO: Run Behavior\ReadHtmlCacheBehavior [ RunTime:0.001241s ]
INFO: [ app_begin ] --END-- [ RunTime:0.001309s ]
SQL: SHOW COLUMNS FROM `y_book` [ RunTime:0.0007s ]
SQL: SELECT * FROM `y_book` WHERE ( bookShow = '1' )  [ RunTime:0.0005s ]

[ 2018-01-11T11:15:13+08:00 ] 192.168.43.68 /YiShuBookPlatform/service/Api/index.php/home/index/count
INFO: [ app_init ] --START--
INFO: Run Behavior\BuildLiteBehavior [ RunTime:0.000060s ]
INFO: [ app_init ] --END-- [ RunTime:0.000918s ]
INFO: [ app_begin ] --START--
INFO: Run Behavior\ReadHtmlCacheBehavior [ RunTime:0.001535s ]
INFO: [ app_begin ] --END-- [ RunTime:0.001628s ]
SQL: SHOW COLUMNS FROM `y_order` [ RunTime:0.0008s ]
SQL: SHOW COLUMNS FROM `y_friend` [ RunTime:0.0006s ]
SQL: SHOW COLUMNS FROM `y_notice` [ RunTime:0.0006s ]
SQL: SELECT COUNT(*) AS tp_count FROM `y_order` WHERE ( userid = '15' ) LIMIT 1   [ RunTime:0.0003s ]
SQL: SELECT COUNT(*) AS tp_count FROM `y_friend` WHERE ( userid = '15' ) LIMIT 1   [ RunTime:0.0002s ]
SQL: SELECT COUNT(*) AS tp_count FROM `y_notice` WHERE ( userid = '15' ) LIMIT 1   [ RunTime:0.0002s ]

[ 2018-01-11T11:15:13+08:00 ] 192.168.43.68 /YiShuBookPlatform/service/Api/index.php/home/book/getRank
INFO: [ app_init ] --START--
INFO: Run Behavior\BuildLiteBehavior [ RunTime:0.000014s ]
INFO: [ app_init ] --END-- [ RunTime:0.000729s ]
INFO: [ app_begin ] --START--
INFO: Run Behavior\ReadHtmlCacheBehavior [ RunTime:0.001519s ]
INFO: [ app_begin ] --END-- [ RunTime:0.001578s ]
SQL: SHOW COLUMNS FROM `y_ranklist` [ RunTime:0.0006s ]
SQL: SELECT * FROM `y_ranklist`  [ RunTime:0.0002s ]

[ 2018-01-11T11:15:17+08:00 ] 192.168.43.68 /YiShuBookPlatform/service/Api/index.php/home/user/getNoticeById
INFO: [ app_init ] --START--
INFO: Run Behavior\BuildLiteBehavior [ RunTime:0.000025s ]
INFO: [ app_init ] --END-- [ RunTime:0.000895s ]
INFO: [ app_begin ] --START--
INFO: Run Behavior\ReadHtmlCacheBehavior [ RunTime:0.002181s ]
INFO: [ app_begin ] --END-- [ RunTime:0.002284s ]
SQL: SHOW COLUMNS FROM `y_notice` [ RunTime:0.0036s ]
SQL: SELECT * FROM `y_notice` WHERE ( userid = '15' ) ORDER BY noticeid DESC  [ RunTime:0.0024s ]

[ 2018-01-11T11:15:45+08:00 ] 192.168.43.68 /YiShuBookPlatform/service/Api/index.php/home/user/sendMessage
INFO: [ app_init ] --START--
INFO: Run Behavior\BuildLiteBehavior [ RunTime:0.000024s ]
INFO: [ app_init ] --END-- [ RunTime:0.001037s ]
INFO: [ app_begin ] --START--
INFO: Run Behavior\ReadHtmlCacheBehavior [ RunTime:0.002257s ]
INFO: [ app_begin ] --END-- [ RunTime:0.002352s ]
SQL: SHOW COLUMNS FROM `y_message` [ RunTime:0.0042s ]
SQL: SELECT COUNT(*) AS tp_count FROM `y_message` WHERE ( userid = '15' ) LIMIT 1   [ RunTime:0.0010s ]
SQL: INSERT INTO `y_message` (`userid`,`messagecontent`,`phone`,`messagetime`,`state`) VALUES ('15','你好 ，管理员','15665537586','2018-01-11 11:15','0') [ RunTime:0.0028s ]

[ 2018-01-11T11:21:49+08:00 ] 192.168.43.68 /YiShuBookPlatform/service/Api/index.php/home/user/sendMessage
INFO: [ app_init ] --START--
INFO: Run Behavior\BuildLiteBehavior [ RunTime:0.000013s ]
INFO: [ app_init ] --END-- [ RunTime:0.000524s ]
INFO: [ app_begin ] --START--
INFO: Run Behavior\ReadHtmlCacheBehavior [ RunTime:0.000966s ]
INFO: [ app_begin ] --END-- [ RunTime:0.001011s ]
SQL: SHOW COLUMNS FROM `y_message` [ RunTime:0.0042s ]
SQL: SELECT COUNT(*) AS tp_count FROM `y_message` WHERE ( userid = '15' ) LIMIT 1   [ RunTime:0.0006s ]
SQL: INSERT INTO `y_message` (`userid`,`messagecontent`,`phone`,`messagetime`,`state`) VALUES ('15','hello','13033036029','2018-01-11 11:21','0') [ RunTime:0.0030s ]

[ 2018-01-11T11:21:54+08:00 ] 192.168.43.68 /YiShuBookPlatform/service/Api/index.php/home/user/getNoticeById
INFO: [ app_init ] --START--
INFO: Run Behavior\BuildLiteBehavior [ RunTime:0.000022s ]
INFO: [ app_init ] --END-- [ RunTime:0.000671s ]
INFO: [ app_begin ] --START--
INFO: Run Behavior\ReadHtmlCacheBehavior [ RunTime:0.001137s ]
INFO: [ app_begin ] --END-- [ RunTime:0.001210s ]
SQL: SHOW COLUMNS FROM `y_notice` [ RunTime:0.0029s ]
SQL: SELECT * FROM `y_notice` WHERE ( userid = '15' ) ORDER BY noticeid DESC  [ RunTime:0.0005s ]

[ 2018-01-11T11:21:55+08:00 ] 192.168.43.68 /YiShuBookPlatform/service/Api/index.php/home/book/getBookCard
INFO: [ app_init ] --START--
INFO: Run Behavior\BuildLiteBehavior [ RunTime:0.000017s ]
INFO: [ app_init ] --END-- [ RunTime:0.000495s ]
INFO: [ app_begin ] --START--
INFO: Run Behavior\ReadHtmlCacheBehavior [ RunTime:0.001003s ]
INFO: [ app_begin ] --END-- [ RunTime:0.001073s ]
SQL: SHOW COLUMNS FROM `y_book` [ RunTime:0.0007s ]
SQL: SELECT * FROM `y_book` WHERE ( bookShow = '1' )  [ RunTime:0.0004s ]

[ 2018-01-11T11:21:55+08:00 ] 192.168.43.68 /YiShuBookPlatform/service/Api/index.php/home/index/count
INFO: [ app_init ] --START--
INFO: Run Behavior\BuildLiteBehavior [ RunTime:0.000024s ]
INFO: [ app_init ] --END-- [ RunTime:0.001022s ]
INFO: [ app_begin ] --START--
INFO: Run Behavior\ReadHtmlCacheBehavior [ RunTime:0.001166s ]
INFO: [ app_begin ] --END-- [ RunTime:0.001228s ]
SQL: SHOW COLUMNS FROM `y_order` [ RunTime:0.0006s ]
SQL: SHOW COLUMNS FROM `y_friend` [ RunTime:0.0004s ]
SQL: SHOW COLUMNS FROM `y_notice` [ RunTime:0.0004s ]
SQL: SELECT COUNT(*) AS tp_count FROM `y_order` WHERE ( userid = '15' ) LIMIT 1   [ RunTime:0.0003s ]
SQL: SELECT COUNT(*) AS tp_count FROM `y_friend` WHERE ( userid = '15' ) LIMIT 1   [ RunTime:0.0002s ]
SQL: SELECT COUNT(*) AS tp_count FROM `y_notice` WHERE ( userid = '15' ) LIMIT 1   [ RunTime:0.0002s ]

[ 2018-01-11T11:21:56+08:00 ] 192.168.43.68 /YiShuBookPlatform/service/Api/index.php/home/book/getRank
INFO: [ app_init ] --START--
INFO: Run Behavior\BuildLiteBehavior [ RunTime:0.000014s ]
INFO: [ app_init ] --END-- [ RunTime:0.000603s ]
INFO: [ app_begin ] --START--
INFO: Run Behavior\ReadHtmlCacheBehavior [ RunTime:0.000936s ]
INFO: [ app_begin ] --END-- [ RunTime:0.000981s ]
SQL: SHOW COLUMNS FROM `y_ranklist` [ RunTime:0.0026s ]
SQL: SELECT * FROM `y_ranklist`  [ RunTime:0.0003s ]

[ 2018-01-11T11:23:05+08:00 ] 192.168.43.68 /YiShuBookPlatform/service/Api/index.php/home/user/uploadbook
INFO: [ app_init ] --START--
INFO: Run Behavior\BuildLiteBehavior [ RunTime:0.000013s ]
INFO: [ app_init ] --END-- [ RunTime:0.000502s ]
INFO: [ app_begin ] --START--
INFO: Run Behavior\ReadHtmlCacheBehavior [ RunTime:0.001287s ]
INFO: [ app_begin ] --END-- [ RunTime:0.001337s ]
SQL: SHOW COLUMNS FROM `y_examine` [ RunTime:0.0007s ]
NOTIC: [8] Undefined index: validate C:\xampp\htdocs\YiShuBookPlatform\service\Api\ThinkPHP\Library\Think\Model.class.php 第 1185 行.
NOTIC: [8] Undefined index: auto C:\xampp\htdocs\YiShuBookPlatform\service\Api\ThinkPHP\Library\Think\Model.class.php 第 1128 行.
NOTIC: [2] call_user_func() expects parameter 1 to be a valid callback, no array or string given C:\xampp\htdocs\YiShuBookPlatform\service\Api\ThinkPHP\Library\Think\Upload.class.php 第 170 行.
SQL: INSERT INTO `y_examine` (`bookname`,`bookprice`,`bookcontent`,`booktype`,`userid`,`bookposter`,`state`,`time`) VALUES ('英语四级考试','10','考试辅导，四级轻松过','辅导书','15','/2018-01-11/5a56d8990149d.jpg','0','2018-01-11 11:23') [ RunTime:0.0036s ]
SQL: SELECT * FROM `y_examine` WHERE ( userid = '15' ) LIMIT 1   [ RunTime:0.0005s ]

[ 2018-01-11T11:23:33+08:00 ] 192.168.43.68 /YiShuBookPlatform/service/Api/index.php/home/user/uploadbook
INFO: [ app_init ] --START--
INFO: Run Behavior\BuildLiteBehavior [ RunTime:0.000036s ]
INFO: [ app_init ] --END-- [ RunTime:0.001536s ]
INFO: [ app_begin ] --START--
INFO: Run Behavior\ReadHtmlCacheBehavior [ RunTime:0.003073s ]
INFO: [ app_begin ] --END-- [ RunTime:0.003211s ]
SQL: SHOW COLUMNS FROM `y_examine` [ RunTime:0.0032s ]
NOTIC: [8] Undefined index: validate C:\xampp\htdocs\YiShuBookPlatform\service\Api\ThinkPHP\Library\Think\Model.class.php 第 1185 行.
NOTIC: [8] Undefined index: auto C:\xampp\htdocs\YiShuBookPlatform\service\Api\ThinkPHP\Library\Think\Model.class.php 第 1128 行.
NOTIC: [2] call_user_func() expects parameter 1 to be a valid callback, no array or string given C:\xampp\htdocs\YiShuBookPlatform\service\Api\ThinkPHP\Library\Think\Upload.class.php 第 170 行.
SQL: INSERT INTO `y_examine` (`bookname`,`bookprice`,`bookcontent`,`booktype`,`userid`,`bookposter`,`state`,`time`) VALUES ('123','12','123','123','15','/2018-01-11/5a56d8b5ef6b6.jpg','0','2018-01-11 11:23') [ RunTime:0.0040s ]
SQL: SELECT * FROM `y_examine` WHERE ( userid = '15' ) LIMIT 1   [ RunTime:0.0005s ]

[ 2018-01-11T11:23:36+08:00 ] 192.168.43.68 /YiShuBookPlatform/service/Api/index.php/home/book/getRank
INFO: [ app_init ] --START--
INFO: Run Behavior\BuildLiteBehavior [ RunTime:0.000019s ]
INFO: [ app_init ] --END-- [ RunTime:0.000570s ]
INFO: [ app_begin ] --START--
INFO: Run Behavior\ReadHtmlCacheBehavior [ RunTime:0.000719s ]
INFO: [ app_begin ] --END-- [ RunTime:0.000768s ]
SQL: SHOW COLUMNS FROM `y_ranklist` [ RunTime:0.0027s ]
SQL: SELECT * FROM `y_ranklist`  [ RunTime:0.0003s ]

[ 2018-01-11T11:23:36+08:00 ] 192.168.43.68 /YiShuBookPlatform/service/Api/index.php/home/index/count
INFO: [ app_init ] --START--
INFO: Run Behavior\BuildLiteBehavior [ RunTime:0.000013s ]
INFO: [ app_init ] --END-- [ RunTime:0.000443s ]
INFO: [ app_begin ] --START--
INFO: Run Behavior\ReadHtmlCacheBehavior [ RunTime:0.000745s ]
INFO: [ app_begin ] --END-- [ RunTime:0.000795s ]
SQL: SHOW COLUMNS FROM `y_order` [ RunTime:0.0007s ]
SQL: SHOW COLUMNS FROM `y_friend` [ RunTime:0.0005s ]
SQL: SHOW COLUMNS FROM `y_notice` [ RunTime:0.0005s ]
SQL: SELECT COUNT(*) AS tp_count FROM `y_order` WHERE ( userid = '15' ) LIMIT 1   [ RunTime:0.0004s ]
SQL: SELECT COUNT(*) AS tp_count FROM `y_friend` WHERE ( userid = '15' ) LIMIT 1   [ RunTime:0.0003s ]
SQL: SELECT COUNT(*) AS tp_count FROM `y_notice` WHERE ( userid = '15' ) LIMIT 1   [ RunTime:0.0002s ]

[ 2018-01-11T11:23:36+08:00 ] 192.168.43.68 /YiShuBookPlatform/service/Api/index.php/home/book/getBookCard
INFO: [ app_init ] --START--
INFO: Run Behavior\BuildLiteBehavior [ RunTime:0.000014s ]
INFO: [ app_init ] --END-- [ RunTime:0.000510s ]
INFO: [ app_begin ] --START--
INFO: Run Behavior\ReadHtmlCacheBehavior [ RunTime:0.002064s ]
INFO: [ app_begin ] --END-- [ RunTime:0.002134s ]
SQL: SHOW COLUMNS FROM `y_book` [ RunTime:0.0007s ]
SQL: SELECT * FROM `y_book` WHERE ( bookShow = '1' )  [ RunTime:0.0004s ]

[ 2018-01-11T11:35:29+08:00 ] 192.168.43.220 /YiShuBookPlatform/service/Api/index.php/home/book/getBookCard
INFO: [ app_init ] --START--
INFO: Run Behavior\BuildLiteBehavior [ RunTime:0.000014s ]
INFO: [ app_init ] --END-- [ RunTime:0.000504s ]
INFO: [ app_begin ] --START--
INFO: Run Behavior\ReadHtmlCacheBehavior [ RunTime:0.001407s ]
INFO: [ app_begin ] --END-- [ RunTime:0.001488s ]
SQL: SHOW COLUMNS FROM `y_book` [ RunTime:0.0007s ]
SQL: SELECT * FROM `y_book` WHERE ( bookShow = '1' )  [ RunTime:0.0003s ]

[ 2018-01-11T11:35:29+08:00 ] 192.168.43.220 /YiShuBookPlatform/service/Api/index.php/home/book/getRank
INFO: [ app_init ] --START--
INFO: Run Behavior\BuildLiteBehavior [ RunTime:0.000020s ]
INFO: [ app_init ] --END-- [ RunTime:0.000697s ]
INFO: [ app_begin ] --START--
INFO: Run Behavior\ReadHtmlCacheBehavior [ RunTime:0.001396s ]
INFO: [ app_begin ] --END-- [ RunTime:0.001472s ]
SQL: SHOW COLUMNS FROM `y_ranklist` [ RunTime:0.0028s ]
SQL: SELECT * FROM `y_ranklist`  [ RunTime:0.0003s ]

[ 2018-01-11T11:35:29+08:00 ] 192.168.43.220 /YiShuBookPlatform/service/Api/index.php/home/index/count
INFO: [ app_init ] --START--
INFO: Run Behavior\BuildLiteBehavior [ RunTime:0.000047s ]
INFO: [ app_init ] --END-- [ RunTime:0.001823s ]
INFO: [ app_begin ] --START--
INFO: Run Behavior\ReadHtmlCacheBehavior [ RunTime:0.001513s ]
INFO: [ app_begin ] --END-- [ RunTime:0.001587s ]
SQL: SHOW COLUMNS FROM `y_order` [ RunTime:0.0029s ]
SQL: SHOW COLUMNS FROM `y_friend` [ RunTime:0.0028s ]
SQL: SHOW COLUMNS FROM `y_notice` [ RunTime:0.0026s ]
SQL: SELECT COUNT(*) AS tp_count FROM `y_order` WHERE ( userid = '29' ) LIMIT 1   [ RunTime:0.0003s ]
SQL: SELECT COUNT(*) AS tp_count FROM `y_friend` WHERE ( userid = '29' ) LIMIT 1   [ RunTime:0.0002s ]
SQL: SELECT COUNT(*) AS tp_count FROM `y_notice` WHERE ( userid = '29' ) LIMIT 1   [ RunTime:0.0002s ]

[ 2018-01-11T11:36:05+08:00 ] 192.168.43.220 /YiShuBookPlatform/service/Api/index.php/home/activity/getActivities
INFO: [ app_init ] --START--
INFO: Run Behavior\BuildLiteBehavior [ RunTime:0.000016s ]
INFO: [ app_init ] --END-- [ RunTime:0.000475s ]
INFO: [ app_begin ] --START--
INFO: Run Behavior\ReadHtmlCacheBehavior [ RunTime:0.000889s ]
INFO: [ app_begin ] --END-- [ RunTime:0.000946s ]
SQL: SHOW COLUMNS FROM `y_activity` [ RunTime:0.0032s ]
SQL: SELECT * FROM `y_activity`  [ RunTime:0.0004s ]

[ 2018-01-11T11:36:08+08:00 ] 192.168.43.220 /YiShuBookPlatform/service/Api/index.php/home/activity/getActivities
INFO: [ app_init ] --START--
INFO: Run Behavior\BuildLiteBehavior [ RunTime:0.000016s ]
INFO: [ app_init ] --END-- [ RunTime:0.000454s ]
INFO: [ app_begin ] --START--
INFO: Run Behavior\ReadHtmlCacheBehavior [ RunTime:0.000713s ]
INFO: [ app_begin ] --END-- [ RunTime:0.000757s ]
SQL: SHOW COLUMNS FROM `y_activity` [ RunTime:0.0008s ]
SQL: SELECT * FROM `y_activity`  [ RunTime:0.0003s ]

[ 2018-01-11T11:36:09+08:00 ] 192.168.43.220 /YiShuBookPlatform/service/Api/index.php/home/index/count
INFO: [ app_init ] --START--
INFO: Run Behavior\BuildLiteBehavior [ RunTime:0.000019s ]
INFO: [ app_init ] --END-- [ RunTime:0.000600s ]
INFO: [ app_begin ] --START--
INFO: Run Behavior\ReadHtmlCacheBehavior [ RunTime:0.001111s ]
INFO: [ app_begin ] --END-- [ RunTime:0.001211s ]
SQL: SHOW COLUMNS FROM `y_order` [ RunTime:0.0007s ]
SQL: SHOW COLUMNS FROM `y_friend` [ RunTime:0.0041s ]
SQL: SHOW COLUMNS FROM `y_notice` [ RunTime:0.0028s ]
SQL: SELECT COUNT(*) AS tp_count FROM `y_order` WHERE ( userid = '29' ) LIMIT 1   [ RunTime:0.0004s ]
SQL: SELECT COUNT(*) AS tp_count FROM `y_friend` WHERE ( userid = '29' ) LIMIT 1   [ RunTime:0.0002s ]
SQL: SELECT COUNT(*) AS tp_count FROM `y_notice` WHERE ( userid = '29' ) LIMIT 1   [ RunTime:0.0002s ]

[ 2018-01-11T11:36:09+08:00 ] 192.168.43.220 /YiShuBookPlatform/service/Api/index.php/home/book/getBookCard
INFO: [ app_init ] --START--
INFO: Run Behavior\BuildLiteBehavior [ RunTime:0.000018s ]
INFO: [ app_init ] --END-- [ RunTime:0.000553s ]
INFO: [ app_begin ] --START--
INFO: Run Behavior\ReadHtmlCacheBehavior [ RunTime:0.001220s ]
INFO: [ app_begin ] --END-- [ RunTime:0.001310s ]
SQL: SHOW COLUMNS FROM `y_book` [ RunTime:0.0006s ]
SQL: SELECT * FROM `y_book` WHERE ( bookShow = '1' )  [ RunTime:0.0003s ]

[ 2018-01-11T11:36:09+08:00 ] 192.168.43.220 /YiShuBookPlatform/service/Api/index.php/home/book/getRank
INFO: [ app_init ] --START--
INFO: Run Behavior\BuildLiteBehavior [ RunTime:0.000013s ]
INFO: [ app_init ] --END-- [ RunTime:0.000501s ]
INFO: [ app_begin ] --START--
INFO: Run Behavior\ReadHtmlCacheBehavior [ RunTime:0.002182s ]
INFO: [ app_begin ] --END-- [ RunTime:0.002269s ]
SQL: SHOW COLUMNS FROM `y_ranklist` [ RunTime:0.0030s ]
SQL: SELECT * FROM `y_ranklist`  [ RunTime:0.0003s ]

[ 2018-01-11T11:36:19+08:00 ] 192.168.43.220 /YiShuBookPlatform/service/Api/index.php/home/book/getBookCard
INFO: [ app_init ] --START--
INFO: Run Behavior\BuildLiteBehavior [ RunTime:0.000022s ]
INFO: [ app_init ] --END-- [ RunTime:0.000773s ]
INFO: [ app_begin ] --START--
INFO: Run Behavior\ReadHtmlCacheBehavior [ RunTime:0.001491s ]
INFO: [ app_begin ] --END-- [ RunTime:0.001580s ]
SQL: SHOW COLUMNS FROM `y_book` [ RunTime:0.0011s ]
SQL: SELECT * FROM `y_book` WHERE ( bookShow = '1' )  [ RunTime:0.0006s ]

[ 2018-01-11T11:36:19+08:00 ] 192.168.43.220 /YiShuBookPlatform/service/Api/index.php/home/book/getRank
INFO: [ app_init ] --START--
INFO: Run Behavior\BuildLiteBehavior [ RunTime:0.000020s ]
INFO: [ app_init ] --END-- [ RunTime:0.000627s ]
INFO: [ app_begin ] --START--
INFO: Run Behavior\ReadHtmlCacheBehavior [ RunTime:0.001388s ]
INFO: [ app_begin ] --END-- [ RunTime:0.001469s ]
SQL: SHOW COLUMNS FROM `y_ranklist` [ RunTime:0.0006s ]
SQL: SELECT * FROM `y_ranklist`  [ RunTime:0.0002s ]

[ 2018-01-11T11:36:19+08:00 ] 192.168.43.220 /YiShuBookPlatform/service/Api/index.php/home/index/count
INFO: [ app_init ] --START--
INFO: Run Behavior\BuildLiteBehavior [ RunTime:0.000018s ]
INFO: [ app_init ] --END-- [ RunTime:0.001010s ]
INFO: [ app_begin ] --START--
INFO: Run Behavior\ReadHtmlCacheBehavior [ RunTime:0.002402s ]
INFO: [ app_begin ] --END-- [ RunTime:0.002509s ]
SQL: SHOW COLUMNS FROM `y_order` [ RunTime:0.0006s ]
SQL: SHOW COLUMNS FROM `y_friend` [ RunTime:0.0004s ]
SQL: SHOW COLUMNS FROM `y_notice` [ RunTime:0.0005s ]
SQL: SELECT COUNT(*) AS tp_count FROM `y_order` WHERE ( userid = '29' ) LIMIT 1   [ RunTime:0.0004s ]
SQL: SELECT COUNT(*) AS tp_count FROM `y_friend` WHERE ( userid = '29' ) LIMIT 1   [ RunTime:0.0002s ]
SQL: SELECT COUNT(*) AS tp_count FROM `y_notice` WHERE ( userid = '29' ) LIMIT 1   [ RunTime:0.0002s ]

[ 2018-01-11T11:36:33+08:00 ] 192.168.43.220 /YiShuBookPlatform/service/Api/index.php/home/book/getBookCard
INFO: [ app_init ] --START--
INFO: Run Behavior\BuildLiteBehavior [ RunTime:0.000019s ]
INFO: [ app_init ] --END-- [ RunTime:0.000582s ]
INFO: [ app_begin ] --START--
INFO: Run Behavior\ReadHtmlCacheBehavior [ RunTime:0.001016s ]
INFO: [ app_begin ] --END-- [ RunTime:0.001090s ]
SQL: SHOW COLUMNS FROM `y_book` [ RunTime:0.0012s ]
SQL: SELECT * FROM `y_book` WHERE ( bookShow = '1' )  [ RunTime:0.0006s ]

[ 2018-01-11T11:36:33+08:00 ] 192.168.43.220 /YiShuBookPlatform/service/Api/index.php/home/index/count
INFO: [ app_init ] --START--
INFO: Run Behavior\BuildLiteBehavior [ RunTime:0.000021s ]
INFO: [ app_init ] --END-- [ RunTime:0.007030s ]
INFO: [ app_begin ] --START--
INFO: Run Behavior\ReadHtmlCacheBehavior [ RunTime:0.001456s ]
INFO: [ app_begin ] --END-- [ RunTime:0.001548s ]
SQL: SHOW COLUMNS FROM `y_order` [ RunTime:0.0007s ]
SQL: SHOW COLUMNS FROM `y_friend` [ RunTime:0.0025s ]
SQL: SHOW COLUMNS FROM `y_notice` [ RunTime:0.0005s ]
SQL: SELECT COUNT(*) AS tp_count FROM `y_order` WHERE ( userid = '29' ) LIMIT 1   [ RunTime:0.0002s ]
SQL: SELECT COUNT(*) AS tp_count FROM `y_friend` WHERE ( userid = '29' ) LIMIT 1   [ RunTime:0.0002s ]
SQL: SELECT COUNT(*) AS tp_count FROM `y_notice` WHERE ( userid = '29' ) LIMIT 1   [ RunTime:0.0002s ]

[ 2018-01-11T11:36:33+08:00 ] 192.168.43.220 /YiShuBookPlatform/service/Api/index.php/home/book/getRank
INFO: [ app_init ] --START--
INFO: Run Behavior\BuildLiteBehavior [ RunTime:0.000024s ]
INFO: [ app_init ] --END-- [ RunTime:0.000673s ]
INFO: [ app_begin ] --START--
INFO: Run Behavior\ReadHtmlCacheBehavior [ RunTime:0.001414s ]
INFO: [ app_begin ] --END-- [ RunTime:0.001470s ]
SQL: SHOW COLUMNS FROM `y_ranklist` [ RunTime:0.0006s ]
SQL: SELECT * FROM `y_ranklist`  [ RunTime:0.0004s ]

[ 2018-01-11T11:38:10+08:00 ] 192.168.43.220 /YiShuBookPlatform/service/Api/index.php/home/book/getBooksOnSale
INFO: [ app_init ] --START--
INFO: Run Behavior\BuildLiteBehavior [ RunTime:0.000020s ]
INFO: [ app_init ] --END-- [ RunTime:0.000597s ]
INFO: [ app_begin ] --START--
INFO: Run Behavior\ReadHtmlCacheBehavior [ RunTime:0.001089s ]
INFO: [ app_begin ] --END-- [ RunTime:0.001162s ]
SQL: SHOW COLUMNS FROM `y_book` [ RunTime:0.0007s ]
SQL: SELECT * FROM `y_book` WHERE ( bookSale = '1' )  [ RunTime:0.0004s ]

[ 2018-01-11T11:38:10+08:00 ] 192.168.43.220 /YiShuBookPlatform/service/Api/index.php/home/book/getAllBooks
INFO: [ app_init ] --START--
INFO: Run Behavior\BuildLiteBehavior [ RunTime:0.000013s ]
INFO: [ app_init ] --END-- [ RunTime:0.000488s ]
INFO: [ app_begin ] --START--
INFO: Run Behavior\ReadHtmlCacheBehavior [ RunTime:0.001063s ]
INFO: [ app_begin ] --END-- [ RunTime:0.001116s ]
SQL: SHOW COLUMNS FROM `y_book` [ RunTime:0.0006s ]
SQL: SELECT * FROM `y_book`  [ RunTime:0.0004s ]

[ 2018-01-11T11:38:12+08:00 ] 192.168.43.220 /YiShuBookPlatform/service/Api/index.php/home/friendCircle/getDynamic
INFO: [ app_init ] --START--
INFO: Run Behavior\BuildLiteBehavior [ RunTime:0.000030s ]
INFO: [ app_init ] --END-- [ RunTime:0.000792s ]
INFO: [ app_begin ] --START--
INFO: Run Behavior\ReadHtmlCacheBehavior [ RunTime:0.002011s ]
INFO: [ app_begin ] --END-- [ RunTime:0.002141s ]
SQL: SHOW COLUMNS FROM `y_friend` [ RunTime:0.0027s ]
SQL: SELECT `id` FROM `y_friend` ORDER BY id DESC  [ RunTime:0.0003s ]
SQL: SELECT * FROM `y_friend` INNER JOIN y_user on y_friend.userid = y_user.userid  WHERE ( id = 64 )  [ RunTime:0.0004s ]
SQL: SHOW COLUMNS FROM `y_common` [ RunTime:0.0026s ]
SQL: SELECT * FROM `y_common` INNER JOIN y_user on y_common.userid = y_user.userid  WHERE ( fid = 64 )  [ RunTime:0.0024s ]

[ 2018-01-11T11:38:13+08:00 ] 192.168.43.220 /YiShuBookPlatform/service/Api/index.php/home/activity/getActivities
INFO: [ app_init ] --START--
INFO: Run Behavior\BuildLiteBehavior [ RunTime:0.000019s ]
INFO: [ app_init ] --END-- [ RunTime:0.000591s ]
INFO: [ app_begin ] --START--
INFO: Run Behavior\ReadHtmlCacheBehavior [ RunTime:0.001058s ]
INFO: [ app_begin ] --END-- [ RunTime:0.001128s ]
SQL: SHOW COLUMNS FROM `y_activity` [ RunTime:0.0044s ]
SQL: SELECT * FROM `y_activity`  [ RunTime:0.0007s ]

[ 2018-01-11T11:38:16+08:00 ] 192.168.43.220 /YiShuBookPlatform/service/Api/index.php/home/activity/getActivities
INFO: [ app_init ] --START--
INFO: Run Behavior\BuildLiteBehavior [ RunTime:0.000026s ]
INFO: [ app_init ] --END-- [ RunTime:0.000840s ]
INFO: [ app_begin ] --START--
INFO: Run Behavior\ReadHtmlCacheBehavior [ RunTime:0.001612s ]
INFO: [ app_begin ] --END-- [ RunTime:0.001716s ]
SQL: SHOW COLUMNS FROM `y_activity` [ RunTime:0.0036s ]
SQL: SELECT * FROM `y_activity`  [ RunTime:0.0004s ]

[ 2018-01-11T11:38:17+08:00 ] 192.168.43.220 /YiShuBookPlatform/service/Api/index.php/home/book/getRank
INFO: [ app_init ] --START--
INFO: Run Behavior\BuildLiteBehavior [ RunTime:0.000017s ]
INFO: [ app_init ] --END-- [ RunTime:0.000557s ]
INFO: [ app_begin ] --START--
INFO: Run Behavior\ReadHtmlCacheBehavior [ RunTime:0.000772s ]
INFO: [ app_begin ] --END-- [ RunTime:0.000824s ]
SQL: SHOW COLUMNS FROM `y_ranklist` [ RunTime:0.0008s ]
SQL: SELECT * FROM `y_ranklist`  [ RunTime:0.0003s ]

[ 2018-01-11T11:38:17+08:00 ] 192.168.43.220 /YiShuBookPlatform/service/Api/index.php/home/index/count
INFO: [ app_init ] --START--
INFO: Run Behavior\BuildLiteBehavior [ RunTime:0.000014s ]
INFO: [ app_init ] --END-- [ RunTime:0.000416s ]
INFO: [ app_begin ] --START--
INFO: Run Behavior\ReadHtmlCacheBehavior [ RunTime:0.000716s ]
INFO: [ app_begin ] --END-- [ RunTime:0.000765s ]
SQL: SHOW COLUMNS FROM `y_order` [ RunTime:0.0027s ]
SQL: SHOW COLUMNS FROM `y_friend` [ RunTime:0.0006s ]
SQL: SHOW COLUMNS FROM `y_notice` [ RunTime:0.0005s ]
SQL: SELECT COUNT(*) AS tp_count FROM `y_order` WHERE ( userid = '29' ) LIMIT 1   [ RunTime:0.0002s ]
SQL: SELECT COUNT(*) AS tp_count FROM `y_friend` WHERE ( userid = '29' ) LIMIT 1   [ RunTime:0.0002s ]
SQL: SELECT COUNT(*) AS tp_count FROM `y_notice` WHERE ( userid = '29' ) LIMIT 1   [ RunTime:0.0002s ]

[ 2018-01-11T16:24:32+08:00 ] 192.168.43.1 /YiShuBookPlatform/service/Api/index.php/home/login/checklogin
INFO: [ app_init ] --START--
INFO: Run Behavior\BuildLiteBehavior [ RunTime:0.000015s ]
INFO: [ app_init ] --END-- [ RunTime:0.000536s ]
INFO: [ app_begin ] --START--
INFO: Run Behavior\ReadHtmlCacheBehavior [ RunTime:0.001371s ]
INFO: [ app_begin ] --END-- [ RunTime:0.001467s ]
SQL: SHOW COLUMNS FROM `y_user` [ RunTime:0.0008s ]
SQL: SELECT * FROM `y_user` WHERE ( phone = '15665537586' ) LIMIT 1   [ RunTime:0.0003s ]

[ 2018-01-11T16:24:38+08:00 ] 192.168.43.1 /YiShuBookPlatform/service/Api/index.php/home/login/checklogin
INFO: [ app_init ] --START--
INFO: Run Behavior\BuildLiteBehavior [ RunTime:0.000015s ]
INFO: [ app_init ] --END-- [ RunTime:0.000504s ]
INFO: [ app_begin ] --START--
INFO: Run Behavior\ReadHtmlCacheBehavior [ RunTime:0.000820s ]
INFO: [ app_begin ] --END-- [ RunTime:0.000878s ]
SQL: SHOW COLUMNS FROM `y_user` [ RunTime:0.0007s ]
SQL: SELECT * FROM `y_user` WHERE ( phone = '15665537586' ) LIMIT 1   [ RunTime:0.0006s ]

[ 2018-01-11T16:24:39+08:00 ] 192.168.43.1 /YiShuBookPlatform/service/Api/index.php/home/book/getBookCard
INFO: [ app_init ] --START--
INFO: Run Behavior\BuildLiteBehavior [ RunTime:0.000028s ]
INFO: [ app_init ] --END-- [ RunTime:0.000883s ]
INFO: [ app_begin ] --START--
INFO: Run Behavior\ReadHtmlCacheBehavior [ RunTime:0.001499s ]
INFO: [ app_begin ] --END-- [ RunTime:0.001612s ]
SQL: SHOW COLUMNS FROM `y_book` [ RunTime:0.0042s ]
SQL: SELECT * FROM `y_book` WHERE ( bookShow = '1' )  [ RunTime:0.0006s ]

[ 2018-01-11T16:24:39+08:00 ] 192.168.43.1 /YiShuBookPlatform/service/Api/index.php/home/book/getRank
INFO: [ app_init ] --START--
INFO: Run Behavior\BuildLiteBehavior [ RunTime:0.000022s ]
INFO: [ app_init ] --END-- [ RunTime:0.000788s ]
INFO: [ app_begin ] --START--
INFO: Run Behavior\ReadHtmlCacheBehavior [ RunTime:0.001534s ]
INFO: [ app_begin ] --END-- [ RunTime:0.001629s ]
SQL: SHOW COLUMNS FROM `y_ranklist` [ RunTime:0.0008s ]
SQL: SELECT * FROM `y_ranklist`  [ RunTime:0.0003s ]

[ 2018-01-11T16:24:39+08:00 ] 192.168.43.1 /YiShuBookPlatform/service/Api/index.php/home/index/count
INFO: [ app_init ] --START--
INFO: Run Behavior\BuildLiteBehavior [ RunTime:0.000022s ]
INFO: [ app_init ] --END-- [ RunTime:0.001454s ]
INFO: [ app_begin ] --START--
INFO: Run Behavior\ReadHtmlCacheBehavior [ RunTime:0.002353s ]
INFO: [ app_begin ] --END-- [ RunTime:0.002446s ]
SQL: SHOW COLUMNS FROM `y_order` [ RunTime:0.0007s ]
SQL: SHOW COLUMNS FROM `y_friend` [ RunTime:0.0005s ]
SQL: SHOW COLUMNS FROM `y_notice` [ RunTime:0.0006s ]
SQL: SELECT COUNT(*) AS tp_count FROM `y_order` WHERE ( userid = '15' ) LIMIT 1   [ RunTime:0.0005s ]
SQL: SELECT COUNT(*) AS tp_count FROM `y_friend` WHERE ( userid = '15' ) LIMIT 1   [ RunTime:0.0005s ]
SQL: SELECT COUNT(*) AS tp_count FROM `y_notice` WHERE ( userid = '15' ) LIMIT 1   [ RunTime:0.0006s ]

[ 2018-01-11T16:34:50+08:00 ] 192.168.43.1 /YiShuBookPlatform/service/Api/index.php/home/login/checklogin
INFO: [ app_init ] --START--
INFO: Run Behavior\BuildLiteBehavior [ RunTime:0.000022s ]
INFO: [ app_init ] --END-- [ RunTime:0.000914s ]
INFO: [ app_begin ] --START--
INFO: Run Behavior\ReadHtmlCacheBehavior [ RunTime:0.001613s ]
INFO: [ app_begin ] --END-- [ RunTime:0.001700s ]
SQL: SHOW COLUMNS FROM `y_user` [ RunTime:0.0006s ]
SQL: SELECT * FROM `y_user` WHERE ( phone = '15665537586' ) LIMIT 1   [ RunTime:0.0003s ]

[ 2018-01-11T16:34:51+08:00 ] 192.168.43.1 /YiShuBookPlatform/service/Api/index.php/home/book/getBookCard
INFO: [ app_init ] --START--
INFO: Run Behavior\BuildLiteBehavior [ RunTime:0.000020s ]
INFO: [ app_init ] --END-- [ RunTime:0.000652s ]
INFO: [ app_begin ] --START--
INFO: Run Behavior\ReadHtmlCacheBehavior [ RunTime:0.000716s ]
INFO: [ app_begin ] --END-- [ RunTime:0.000772s ]
SQL: SHOW COLUMNS FROM `y_book` [ RunTime:0.0010s ]
SQL: SELECT * FROM `y_book` WHERE ( bookShow = '1' )  [ RunTime:0.0005s ]

[ 2018-01-11T16:34:51+08:00 ] 192.168.43.1 /YiShuBookPlatform/service/Api/index.php/home/index/count
INFO: [ app_init ] --START--
INFO: Run Behavior\BuildLiteBehavior [ RunTime:0.000021s ]
INFO: [ app_init ] --END-- [ RunTime:0.000757s ]
INFO: [ app_begin ] --START--
INFO: Run Behavior\ReadHtmlCacheBehavior [ RunTime:0.001615s ]
INFO: [ app_begin ] --END-- [ RunTime:0.001713s ]
SQL: SHOW COLUMNS FROM `y_order` [ RunTime:0.0007s ]
SQL: SHOW COLUMNS FROM `y_friend` [ RunTime:0.0005s ]
SQL: SHOW COLUMNS FROM `y_notice` [ RunTime:0.0025s ]
SQL: SELECT COUNT(*) AS tp_count FROM `y_order` WHERE ( userid = '15' ) LIMIT 1   [ RunTime:0.0003s ]
SQL: SELECT COUNT(*) AS tp_count FROM `y_friend` WHERE ( userid = '15' ) LIMIT 1   [ RunTime:0.0002s ]
SQL: SELECT COUNT(*) AS tp_count FROM `y_notice` WHERE ( userid = '15' ) LIMIT 1   [ RunTime:0.0002s ]

[ 2018-01-11T16:34:51+08:00 ] 192.168.43.1 /YiShuBookPlatform/service/Api/index.php/home/book/getRank
INFO: [ app_init ] --START--
INFO: Run Behavior\BuildLiteBehavior [ RunTime:0.000019s ]
INFO: [ app_init ] --END-- [ RunTime:0.000731s ]
INFO: [ app_begin ] --START--
INFO: Run Behavior\ReadHtmlCacheBehavior [ RunTime:0.003245s ]
INFO: [ app_begin ] --END-- [ RunTime:0.003330s ]
SQL: SHOW COLUMNS FROM `y_ranklist` [ RunTime:0.0006s ]
SQL: SELECT * FROM `y_ranklist`  [ RunTime:0.0002s ]

[ 2018-01-11T16:35:09+08:00 ] 192.168.43.1 /YiShuBookPlatform/service/Api/index.php/home/login/checklogin
INFO: [ app_init ] --START--
INFO: Run Behavior\BuildLiteBehavior [ RunTime:0.000021s ]
INFO: [ app_init ] --END-- [ RunTime:0.000874s ]
INFO: [ app_begin ] --START--
INFO: Run Behavior\ReadHtmlCacheBehavior [ RunTime:0.004253s ]
INFO: [ app_begin ] --END-- [ RunTime:0.004340s ]
SQL: SHOW COLUMNS FROM `y_user` [ RunTime:0.0007s ]
SQL: SELECT * FROM `y_user` WHERE ( phone = '15665537586' ) LIMIT 1   [ RunTime:0.0003s ]

[ 2018-01-11T16:35:10+08:00 ] 192.168.43.1 /YiShuBookPlatform/service/Api/index.php/home/index/count
INFO: [ app_init ] --START--
INFO: Run Behavior\BuildLiteBehavior [ RunTime:0.000021s ]
INFO: [ app_init ] --END-- [ RunTime:0.000713s ]
INFO: [ app_begin ] --START--
INFO: Run Behavior\ReadHtmlCacheBehavior [ RunTime:0.001468s ]
INFO: [ app_begin ] --END-- [ RunTime:0.001553s ]
SQL: SHOW COLUMNS FROM `y_order` [ RunTime:0.0007s ]
SQL: SHOW COLUMNS FROM `y_friend` [ RunTime:0.0007s ]
SQL: SHOW COLUMNS FROM `y_notice` [ RunTime:0.0006s ]
SQL: SELECT COUNT(*) AS tp_count FROM `y_order` WHERE ( userid = '15' ) LIMIT 1   [ RunTime:0.0003s ]
SQL: SELECT COUNT(*) AS tp_count FROM `y_friend` WHERE ( userid = '15' ) LIMIT 1   [ RunTime:0.0002s ]
SQL: SELECT COUNT(*) AS tp_count FROM `y_notice` WHERE ( userid = '15' ) LIMIT 1   [ RunTime:0.0002s ]

[ 2018-01-11T16:35:10+08:00 ] 192.168.43.1 /YiShuBookPlatform/service/Api/index.php/home/book/getBookCard
INFO: [ app_init ] --START--
INFO: Run Behavior\BuildLiteBehavior [ RunTime:0.000019s ]
INFO: [ app_init ] --END-- [ RunTime:0.000728s ]
INFO: [ app_begin ] --START--
INFO: Run Behavior\ReadHtmlCacheBehavior [ RunTime:0.002046s ]
INFO: [ app_begin ] --END-- [ RunTime:0.002135s ]
SQL: SHOW COLUMNS FROM `y_book` [ RunTime:0.0008s ]
SQL: SELECT * FROM `y_book` WHERE ( bookShow = '1' )  [ RunTime:0.0004s ]

[ 2018-01-11T16:35:10+08:00 ] 192.168.43.1 /YiShuBookPlatform/service/Api/index.php/home/book/getRank
INFO: [ app_init ] --START--
INFO: Run Behavior\BuildLiteBehavior [ RunTime:0.000242s ]
INFO: [ app_init ] --END-- [ RunTime:0.000819s ]
INFO: [ app_begin ] --START--
INFO: Run Behavior\ReadHtmlCacheBehavior [ RunTime:0.000749s ]
INFO: [ app_begin ] --END-- [ RunTime:0.000805s ]
SQL: SHOW COLUMNS FROM `y_ranklist` [ RunTime:0.0028s ]
SQL: SELECT * FROM `y_ranklist`  [ RunTime:0.0002s ]

[ 2018-01-11T16:35:14+08:00 ] 192.168.43.1 /YiShuBookPlatform/service/Api/index.php/home/friendCircle/getDynamic
INFO: [ app_init ] --START--
INFO: Run Behavior\BuildLiteBehavior [ RunTime:0.000018s ]
INFO: [ app_init ] --END-- [ RunTime:0.000595s ]
INFO: [ app_begin ] --START--
INFO: Run Behavior\ReadHtmlCacheBehavior [ RunTime:0.001051s ]
INFO: [ app_begin ] --END-- [ RunTime:0.001125s ]
SQL: SHOW COLUMNS FROM `y_friend` [ RunTime:0.0010s ]
SQL: SELECT `id` FROM `y_friend` ORDER BY id DESC  [ RunTime:0.0004s ]

[ 2018-01-11T16:35:23+08:00 ] 192.168.43.1 /YiShuBookPlatform/service/Api/index.php/home/friendCircle/addDynamic
INFO: [ app_init ] --START--
INFO: Run Behavior\BuildLiteBehavior [ RunTime:0.000016s ]
INFO: [ app_init ] --END-- [ RunTime:0.000603s ]
INFO: [ app_begin ] --START--
INFO: Run Behavior\ReadHtmlCacheBehavior [ RunTime:0.001567s ]
INFO: [ app_begin ] --END-- [ RunTime:0.001624s ]
SQL: SHOW COLUMNS FROM `y_friend` [ RunTime:0.0007s ]
SQL: INSERT INTO `y_friend` (`content`,`fabulous`,`userid`,`time`) VALUES ('hello','0','15','2018-01-11 16:35') [ RunTime:0.0036s ]
NOTIC: [2] Invalid argument supplied for foreach() C:\xampp\htdocs\YiShuBookPlatform\service\Api\Application\Home\Common\Response.class.php 第 46 行.

[ 2018-01-11T16:35:25+08:00 ] 192.168.43.1 /YiShuBookPlatform/service/Api/index.php/home/friendCircle/getDynamic
INFO: [ app_init ] --START--
INFO: Run Behavior\BuildLiteBehavior [ RunTime:0.000019s ]
INFO: [ app_init ] --END-- [ RunTime:0.000676s ]
INFO: [ app_begin ] --START--
INFO: Run Behavior\ReadHtmlCacheBehavior [ RunTime:0.002205s ]
INFO: [ app_begin ] --END-- [ RunTime:0.002276s ]
SQL: SHOW COLUMNS FROM `y_friend` [ RunTime:0.0008s ]
SQL: SELECT `id` FROM `y_friend` ORDER BY id DESC  [ RunTime:0.0003s ]
SQL: SELECT * FROM `y_friend` INNER JOIN y_user on y_friend.userid = y_user.userid  WHERE ( id = 65 )  [ RunTime:0.0004s ]
SQL: SHOW COLUMNS FROM `y_common` [ RunTime:0.0027s ]
SQL: SELECT * FROM `y_common` INNER JOIN y_user on y_common.userid = y_user.userid  WHERE ( fid = 65 )  [ RunTime:0.0004s ]

[ 2018-01-11T16:35:29+08:00 ] 192.168.43.1 /YiShuBookPlatform/service/Api/index.php/home/friendCircle/addFabulous
INFO: [ app_init ] --START--
INFO: Run Behavior\BuildLiteBehavior [ RunTime:0.000023s ]
INFO: [ app_init ] --END-- [ RunTime:0.000813s ]
INFO: [ app_begin ] --START--
INFO: Run Behavior\ReadHtmlCacheBehavior [ RunTime:0.002196s ]
INFO: [ app_begin ] --END-- [ RunTime:0.002296s ]
SQL: SHOW COLUMNS FROM `y_friend` [ RunTime:0.0010s ]
SQL: SELECT * FROM `y_friend` WHERE ( id = '65' )  [ RunTime:0.0004s ]
SQL: UPDATE `y_friend` SET `fabulous`='1' WHERE ( id = '65' ) [ RunTime:0.0029s ]

[ 2018-01-11T16:35:31+08:00 ] 192.168.43.1 /YiShuBookPlatform/service/Api/index.php/home/friendCircle/getDynamic
INFO: [ app_init ] --START--
INFO: Run Behavior\BuildLiteBehavior [ RunTime:0.000013s ]
INFO: [ app_init ] --END-- [ RunTime:0.000629s ]
INFO: [ app_begin ] --START--
INFO: Run Behavior\ReadHtmlCacheBehavior [ RunTime:0.001853s ]
INFO: [ app_begin ] --END-- [ RunTime:0.001931s ]
SQL: SHOW COLUMNS FROM `y_friend` [ RunTime:0.0006s ]
SQL: SELECT `id` FROM `y_friend` ORDER BY id DESC  [ RunTime:0.0002s ]
SQL: SELECT * FROM `y_friend` INNER JOIN y_user on y_friend.userid = y_user.userid  WHERE ( id = 65 )  [ RunTime:0.0003s ]
SQL: SHOW COLUMNS FROM `y_common` [ RunTime:0.0030s ]
SQL: SELECT * FROM `y_common` INNER JOIN y_user on y_common.userid = y_user.userid  WHERE ( fid = 65 )  [ RunTime:0.0004s ]

[ 2018-01-11T16:35:40+08:00 ] 192.168.43.1 /YiShuBookPlatform/service/Api/index.php/home/friendCircle/addFabulous
INFO: [ app_init ] --START--
INFO: Run Behavior\BuildLiteBehavior [ RunTime:0.000013s ]
INFO: [ app_init ] --END-- [ RunTime:0.000527s ]
INFO: [ app_begin ] --START--
INFO: Run Behavior\ReadHtmlCacheBehavior [ RunTime:0.001383s ]
INFO: [ app_begin ] --END-- [ RunTime:0.001440s ]
SQL: SHOW COLUMNS FROM `y_friend` [ RunTime:0.0007s ]
SQL: SELECT * FROM `y_friend` WHERE ( id = '65' )  [ RunTime:0.0003s ]
SQL: UPDATE `y_friend` SET `fabulous`='2' WHERE ( id = '65' ) [ RunTime:0.0043s ]

[ 2018-01-11T16:35:42+08:00 ] 192.168.43.1 /YiShuBookPlatform/service/Api/index.php/home/friendCircle/getDynamic
INFO: [ app_init ] --START--
INFO: Run Behavior\BuildLiteBehavior [ RunTime:0.000020s ]
INFO: [ app_init ] --END-- [ RunTime:0.000827s ]
INFO: [ app_begin ] --START--
INFO: Run Behavior\ReadHtmlCacheBehavior [ RunTime:0.002371s ]
INFO: [ app_begin ] --END-- [ RunTime:0.002465s ]
SQL: SHOW COLUMNS FROM `y_friend` [ RunTime:0.0006s ]
SQL: SELECT `id` FROM `y_friend` ORDER BY id DESC  [ RunTime:0.0002s ]
SQL: SELECT * FROM `y_friend` INNER JOIN y_user on y_friend.userid = y_user.userid  WHERE ( id = 65 )  [ RunTime:0.0004s ]
SQL: SHOW COLUMNS FROM `y_common` [ RunTime:0.0006s ]
SQL: SELECT * FROM `y_common` INNER JOIN y_user on y_common.userid = y_user.userid  WHERE ( fid = 65 )  [ RunTime:0.0003s ]

[ 2018-01-11T17:02:02+08:00 ] 192.168.43.253 /YiShuBookPlatform/service/Api/index.php/home/login/checklogin
INFO: [ app_init ] --START--
INFO: Run Behavior\BuildLiteBehavior [ RunTime:0.000014s ]
INFO: [ app_init ] --END-- [ RunTime:0.000447s ]
INFO: [ app_begin ] --START--
INFO: Run Behavior\ReadHtmlCacheBehavior [ RunTime:0.000741s ]
INFO: [ app_begin ] --END-- [ RunTime:0.000799s ]
SQL: SHOW COLUMNS FROM `y_user` [ RunTime:0.0006s ]
SQL: SELECT * FROM `y_user` WHERE ( phone = '15755320770' ) LIMIT 1   [ RunTime:0.0003s ]

[ 2018-01-11T17:02:04+08:00 ] 192.168.43.253 /YiShuBookPlatform/service/Api/index.php/home/book/getBookCard
INFO: [ app_init ] --START--
INFO: Run Behavior\BuildLiteBehavior [ RunTime:0.000024s ]
INFO: [ app_init ] --END-- [ RunTime:0.000739s ]
INFO: [ app_begin ] --START--
INFO: Run Behavior\ReadHtmlCacheBehavior [ RunTime:0.001094s ]
INFO: [ app_begin ] --END-- [ RunTime:0.001195s ]
SQL: SHOW COLUMNS FROM `y_book` [ RunTime:0.0044s ]
SQL: SELECT * FROM `y_book` WHERE ( bookShow = '1' )  [ RunTime:0.0006s ]

[ 2018-01-11T17:02:04+08:00 ] 192.168.43.253 /YiShuBookPlatform/service/Api/index.php/home/book/getRank
INFO: [ app_init ] --START--
INFO: Run Behavior\BuildLiteBehavior [ RunTime:0.000023s ]
INFO: [ app_init ] --END-- [ RunTime:0.000973s ]
INFO: [ app_begin ] --START--
INFO: Run Behavior\ReadHtmlCacheBehavior [ RunTime:0.001640s ]
INFO: [ app_begin ] --END-- [ RunTime:0.001749s ]
SQL: SHOW COLUMNS FROM `y_ranklist` [ RunTime:0.0009s ]
SQL: SELECT * FROM `y_ranklist`  [ RunTime:0.0004s ]

[ 2018-01-11T17:02:04+08:00 ] 192.168.43.253 /YiShuBookPlatform/service/Api/index.php/home/index/count
INFO: [ app_init ] --START--
INFO: Run Behavior\BuildLiteBehavior [ RunTime:0.000024s ]
INFO: [ app_init ] --END-- [ RunTime:0.000804s ]
INFO: [ app_begin ] --START--
INFO: Run Behavior\ReadHtmlCacheBehavior [ RunTime:0.003198s ]
INFO: [ app_begin ] --END-- [ RunTime:0.003415s ]
SQL: SHOW COLUMNS FROM `y_order` [ RunTime:0.0009s ]
SQL: SHOW COLUMNS FROM `y_friend` [ RunTime:0.0012s ]
SQL: SHOW COLUMNS FROM `y_notice` [ RunTime:0.0010s ]
SQL: SELECT COUNT(*) AS tp_count FROM `y_order` WHERE ( userid = '29' ) LIMIT 1   [ RunTime:0.0005s ]
SQL: SELECT COUNT(*) AS tp_count FROM `y_friend` WHERE ( userid = '29' ) LIMIT 1   [ RunTime:0.0004s ]
SQL: SELECT COUNT(*) AS tp_count FROM `y_notice` WHERE ( userid = '29' ) LIMIT 1   [ RunTime:0.0004s ]

[ 2018-01-11T17:02:15+08:00 ] 192.168.43.253 /YiShuBookPlatform/service/Api/index.php/home/book/getBooksOnSale
INFO: [ app_init ] --START--
INFO: Run Behavior\BuildLiteBehavior [ RunTime:0.000021s ]
INFO: [ app_init ] --END-- [ RunTime:0.000827s ]
INFO: [ app_begin ] --START--
INFO: Run Behavior\ReadHtmlCacheBehavior [ RunTime:0.001569s ]
INFO: [ app_begin ] --END-- [ RunTime:0.001665s ]
SQL: SHOW COLUMNS FROM `y_book` [ RunTime:0.0014s ]
SQL: SELECT * FROM `y_book` WHERE ( bookSale = '1' )  [ RunTime:0.0007s ]

[ 2018-01-11T17:02:15+08:00 ] 192.168.43.253 /YiShuBookPlatform/service/Api/index.php/home/book/getAllBooks
INFO: [ app_init ] --START--
INFO: Run Behavior\BuildLiteBehavior [ RunTime:0.000020s ]
INFO: [ app_init ] --END-- [ RunTime:0.000737s ]
INFO: [ app_begin ] --START--
INFO: Run Behavior\ReadHtmlCacheBehavior [ RunTime:0.001538s ]
INFO: [ app_begin ] --END-- [ RunTime:0.001627s ]
SQL: SHOW COLUMNS FROM `y_book` [ RunTime:0.0010s ]
SQL: SELECT * FROM `y_book`  [ RunTime:0.0009s ]

[ 2018-01-11T17:02:21+08:00 ] 192.168.43.253 /YiShuBookPlatform/service/Api/index.php/home/activity/getActivities
INFO: [ app_init ] --START--
INFO: Run Behavior\BuildLiteBehavior [ RunTime:0.000016s ]
INFO: [ app_init ] --END-- [ RunTime:0.000473s ]
INFO: [ app_begin ] --START--
INFO: Run Behavior\ReadHtmlCacheBehavior [ RunTime:0.000787s ]
INFO: [ app_begin ] --END-- [ RunTime:0.000849s ]
SQL: SHOW COLUMNS FROM `y_activity` [ RunTime:0.0043s ]
SQL: SELECT * FROM `y_activity`  [ RunTime:0.0005s ]

[ 2018-01-11T17:02:25+08:00 ] 192.168.43.253 /YiShuBookPlatform/service/Api/index.php/home/activity/getActivities
INFO: [ app_init ] --START--
INFO: Run Behavior\BuildLiteBehavior [ RunTime:0.000023s ]
INFO: [ app_init ] --END-- [ RunTime:0.000502s ]
INFO: [ app_begin ] --START--
INFO: Run Behavior\ReadHtmlCacheBehavior [ RunTime:0.001073s ]
INFO: [ app_begin ] --END-- [ RunTime:0.001175s ]
SQL: SHOW COLUMNS FROM `y_activity` [ RunTime:0.0032s ]
SQL: SELECT * FROM `y_activity`  [ RunTime:0.0003s ]

[ 2018-01-11T17:02:26+08:00 ] 192.168.43.253 /YiShuBookPlatform/service/Api/index.php/home/book/getBookCard
INFO: [ app_init ] --START--
INFO: Run Behavior\BuildLiteBehavior [ RunTime:0.000022s ]
INFO: [ app_init ] --END-- [ RunTime:0.000607s ]
INFO: [ app_begin ] --START--
INFO: Run Behavior\ReadHtmlCacheBehavior [ RunTime:0.001033s ]
INFO: [ app_begin ] --END-- [ RunTime:0.001124s ]
SQL: SHOW COLUMNS FROM `y_book` [ RunTime:0.0012s ]
SQL: SELECT * FROM `y_book` WHERE ( bookShow = '1' )  [ RunTime:0.0007s ]

[ 2018-01-11T17:02:26+08:00 ] 192.168.43.253 /YiShuBookPlatform/service/Api/index.php/home/book/getRank
INFO: [ app_init ] --START--
INFO: Run Behavior\BuildLiteBehavior [ RunTime:0.000023s ]
INFO: [ app_init ] --END-- [ RunTime:0.000835s ]
INFO: [ app_begin ] --START--
INFO: Run Behavior\ReadHtmlCacheBehavior [ RunTime:0.001483s ]
INFO: [ app_begin ] --END-- [ RunTime:0.001580s ]
SQL: SHOW COLUMNS FROM `y_ranklist` [ RunTime:0.0012s ]
SQL: SELECT * FROM `y_ranklist`  [ RunTime:0.0005s ]

[ 2018-01-11T17:02:26+08:00 ] 192.168.43.253 /YiShuBookPlatform/service/Api/index.php/home/index/count
INFO: [ app_init ] --START--
INFO: Run Behavior\BuildLiteBehavior [ RunTime:0.000022s ]
INFO: [ app_init ] --END-- [ RunTime:0.000620s ]
INFO: [ app_begin ] --START--
INFO: Run Behavior\ReadHtmlCacheBehavior [ RunTime:0.001063s ]
INFO: [ app_begin ] --END-- [ RunTime:0.001153s ]
SQL: SHOW COLUMNS FROM `y_order` [ RunTime:0.0009s ]
SQL: SHOW COLUMNS FROM `y_friend` [ RunTime:0.0009s ]
SQL: SHOW COLUMNS FROM `y_notice` [ RunTime:0.0045s ]
SQL: SELECT COUNT(*) AS tp_count FROM `y_order` WHERE ( userid = '29' ) LIMIT 1   [ RunTime:0.0005s ]
SQL: SELECT COUNT(*) AS tp_count FROM `y_friend` WHERE ( userid = '29' ) LIMIT 1   [ RunTime:0.0005s ]
SQL: SELECT COUNT(*) AS tp_count FROM `y_notice` WHERE ( userid = '29' ) LIMIT 1   [ RunTime:0.0004s ]

[ 2018-01-11T17:02:27+08:00 ] 192.168.43.253 /YiShuBookPlatform/service/Api/index.php/home/friendCircle/getDynamic
INFO: [ app_init ] --START--
INFO: Run Behavior\BuildLiteBehavior [ RunTime:0.000041s ]
INFO: [ app_init ] --END-- [ RunTime:0.000982s ]
INFO: [ app_begin ] --START--
INFO: Run Behavior\ReadHtmlCacheBehavior [ RunTime:0.000840s ]
INFO: [ app_begin ] --END-- [ RunTime:0.000910s ]
SQL: SHOW COLUMNS FROM `y_friend` [ RunTime:0.0008s ]
SQL: SELECT `id` FROM `y_friend` ORDER BY id DESC  [ RunTime:0.0004s ]

[ 2018-01-11T17:02:39+08:00 ] 192.168.43.253 /YiShuBookPlatform/service/Api/index.php/home/book/getBookCard
INFO: [ app_init ] --START--
INFO: Run Behavior\BuildLiteBehavior [ RunTime:0.000021s ]
INFO: [ app_init ] --END-- [ RunTime:0.000593s ]
INFO: [ app_begin ] --START--
INFO: Run Behavior\ReadHtmlCacheBehavior [ RunTime:0.001065s ]
INFO: [ app_begin ] --END-- [ RunTime:0.001155s ]
SQL: SHOW COLUMNS FROM `y_book` [ RunTime:0.0010s ]
SQL: SELECT * FROM `y_book` WHERE ( bookShow = '1' )  [ RunTime:0.0006s ]

[ 2018-01-11T17:02:39+08:00 ] 192.168.43.253 /YiShuBookPlatform/service/Api/index.php/home/book/getRank
INFO: [ app_init ] --START--
INFO: Run Behavior\BuildLiteBehavior [ RunTime:0.000023s ]
INFO: [ app_init ] --END-- [ RunTime:0.000752s ]
INFO: [ app_begin ] --START--
INFO: Run Behavior\ReadHtmlCacheBehavior [ RunTime:0.003071s ]
INFO: [ app_begin ] --END-- [ RunTime:0.003427s ]
SQL: SHOW COLUMNS FROM `y_ranklist` [ RunTime:0.0008s ]
SQL: SELECT * FROM `y_ranklist`  [ RunTime:0.0003s ]

[ 2018-01-11T17:02:39+08:00 ] 192.168.43.253 /YiShuBookPlatform/service/Api/index.php/home/index/count
INFO: [ app_init ] --START--
INFO: Run Behavior\BuildLiteBehavior [ RunTime:0.000024s ]
INFO: [ app_init ] --END-- [ RunTime:0.000636s ]
INFO: [ app_begin ] --START--
INFO: Run Behavior\ReadHtmlCacheBehavior [ RunTime:0.001094s ]
INFO: [ app_begin ] --END-- [ RunTime:0.001189s ]
SQL: SHOW COLUMNS FROM `y_order` [ RunTime:0.0010s ]
SQL: SHOW COLUMNS FROM `y_friend` [ RunTime:0.0009s ]
SQL: SHOW COLUMNS FROM `y_notice` [ RunTime:0.0010s ]
SQL: SELECT COUNT(*) AS tp_count FROM `y_order` WHERE ( userid = '29' ) LIMIT 1   [ RunTime:0.0005s ]
SQL: SELECT COUNT(*) AS tp_count FROM `y_friend` WHERE ( userid = '29' ) LIMIT 1   [ RunTime:0.0004s ]
SQL: SELECT COUNT(*) AS tp_count FROM `y_notice` WHERE ( userid = '29' ) LIMIT 1   [ RunTime:0.0006s ]

[ 2018-01-11T17:02:40+08:00 ] 192.168.43.253 /YiShuBookPlatform/service/Api/index.php/home/friendCircle/getDynamic
INFO: [ app_init ] --START--
INFO: Run Behavior\BuildLiteBehavior [ RunTime:0.000026s ]
INFO: [ app_init ] --END-- [ RunTime:0.000734s ]
INFO: [ app_begin ] --START--
INFO: Run Behavior\ReadHtmlCacheBehavior [ RunTime:0.001133s ]
INFO: [ app_begin ] --END-- [ RunTime:0.001229s ]
SQL: SHOW COLUMNS FROM `y_friend` [ RunTime:0.0012s ]
SQL: SELECT `id` FROM `y_friend` ORDER BY id DESC  [ RunTime:0.0007s ]

[ 2018-01-11T17:02:45+08:00 ] 192.168.43.253 /YiShuBookPlatform/service/Api/index.php/home/friendCircle/addDynamic
INFO: [ app_init ] --START--
INFO: Run Behavior\BuildLiteBehavior [ RunTime:0.000028s ]
INFO: [ app_init ] --END-- [ RunTime:0.000791s ]
INFO: [ app_begin ] --START--
INFO: Run Behavior\ReadHtmlCacheBehavior [ RunTime:0.000774s ]
INFO: [ app_begin ] --END-- [ RunTime:0.000834s ]
SQL: SHOW COLUMNS FROM `y_friend` [ RunTime:0.0006s ]
SQL: INSERT INTO `y_friend` (`content`,`fabulous`,`userid`,`time`) VALUES ('123','0','29','2018-01-11 17:02') [ RunTime:0.0067s ]
NOTIC: [2] Invalid argument supplied for foreach() C:\xampp\htdocs\YiShuBookPlatform\service\Api\Application\Home\Common\Response.class.php 第 46 行.

[ 2018-01-11T17:02:47+08:00 ] 192.168.43.253 /YiShuBookPlatform/service/Api/index.php/home/friendCircle/getDynamic
INFO: [ app_init ] --START--
INFO: Run Behavior\BuildLiteBehavior [ RunTime:0.000022s ]
INFO: [ app_init ] --END-- [ RunTime:0.000548s ]
INFO: [ app_begin ] --START--
INFO: Run Behavior\ReadHtmlCacheBehavior [ RunTime:0.001203s ]
INFO: [ app_begin ] --END-- [ RunTime:0.001319s ]
SQL: SHOW COLUMNS FROM `y_friend` [ RunTime:0.0009s ]
SQL: SELECT `id` FROM `y_friend` ORDER BY id DESC  [ RunTime:0.0003s ]
SQL: SELECT * FROM `y_friend` INNER JOIN y_user on y_friend.userid = y_user.userid  WHERE ( id = 66 )  [ RunTime:0.0006s ]
SQL: SHOW COLUMNS FROM `y_common` [ RunTime:0.0009s ]
SQL: SELECT * FROM `y_common` INNER JOIN y_user on y_common.userid = y_user.userid  WHERE ( fid = 66 )  [ RunTime:0.0006s ]

[ 2018-01-11T17:02:57+08:00 ] 192.168.43.1 /YiShuBookPlatform/service/Api/index.php/home/login/checklogin
INFO: [ app_init ] --START--
INFO: Run Behavior\BuildLiteBehavior [ RunTime:0.000021s ]
INFO: [ app_init ] --END-- [ RunTime:0.000503s ]
INFO: [ app_begin ] --START--
INFO: Run Behavior\ReadHtmlCacheBehavior [ RunTime:0.001068s ]
INFO: [ app_begin ] --END-- [ RunTime:0.001156s ]
SQL: SHOW COLUMNS FROM `y_user` [ RunTime:0.0007s ]
SQL: SELECT * FROM `y_user` WHERE ( phone = '15665537586' ) LIMIT 1   [ RunTime:0.0004s ]

[ 2018-01-11T17:02:58+08:00 ] 192.168.43.1 /YiShuBookPlatform/service/Api/index.php/home/book/getBookCard
INFO: [ app_init ] --START--
INFO: Run Behavior\BuildLiteBehavior [ RunTime:0.000023s ]
INFO: [ app_init ] --END-- [ RunTime:0.000628s ]
INFO: [ app_begin ] --START--
INFO: Run Behavior\ReadHtmlCacheBehavior [ RunTime:0.001064s ]
INFO: [ app_begin ] --END-- [ RunTime:0.001161s ]
SQL: SHOW COLUMNS FROM `y_book` [ RunTime:0.0009s ]
SQL: SELECT * FROM `y_book` WHERE ( bookShow = '1' )  [ RunTime:0.0006s ]

[ 2018-01-11T17:02:58+08:00 ] 192.168.43.1 /YiShuBookPlatform/service/Api/index.php/home/book/getRank
INFO: [ app_init ] --START--
INFO: Run Behavior\BuildLiteBehavior [ RunTime:0.000024s ]
INFO: [ app_init ] --END-- [ RunTime:0.000677s ]
INFO: [ app_begin ] --START--
INFO: Run Behavior\ReadHtmlCacheBehavior [ RunTime:0.001070s ]
INFO: [ app_begin ] --END-- [ RunTime:0.001154s ]
SQL: SHOW COLUMNS FROM `y_ranklist` [ RunTime:0.0007s ]
SQL: SELECT * FROM `y_ranklist`  [ RunTime:0.0003s ]

[ 2018-01-11T17:02:58+08:00 ] 192.168.43.1 /YiShuBookPlatform/service/Api/index.php/home/index/count
INFO: [ app_init ] --START--
INFO: Run Behavior\BuildLiteBehavior [ RunTime:0.000080s ]
INFO: [ app_init ] --END-- [ RunTime:0.001272s ]
INFO: [ app_begin ] --START--
INFO: Run Behavior\ReadHtmlCacheBehavior [ RunTime:0.005841s ]
INFO: [ app_begin ] --END-- [ RunTime:0.005987s ]
SQL: SHOW COLUMNS FROM `y_order` [ RunTime:0.0007s ]
SQL: SHOW COLUMNS FROM `y_friend` [ RunTime:0.0005s ]
SQL: SHOW COLUMNS FROM `y_notice` [ RunTime:0.0007s ]
SQL: SELECT COUNT(*) AS tp_count FROM `y_order` WHERE ( userid = '15' ) LIMIT 1   [ RunTime:0.0004s ]
SQL: SELECT COUNT(*) AS tp_count FROM `y_friend` WHERE ( userid = '15' ) LIMIT 1   [ RunTime:0.0002s ]
SQL: SELECT COUNT(*) AS tp_count FROM `y_notice` WHERE ( userid = '15' ) LIMIT 1   [ RunTime:0.0002s ]

[ 2018-01-11T17:03:01+08:00 ] 192.168.43.1 /YiShuBookPlatform/service/Api/index.php/home/friendCircle/getDynamic
INFO: [ app_init ] --START--
INFO: Run Behavior\BuildLiteBehavior [ RunTime:0.000013s ]
INFO: [ app_init ] --END-- [ RunTime:0.000460s ]
INFO: [ app_begin ] --START--
INFO: Run Behavior\ReadHtmlCacheBehavior [ RunTime:0.000756s ]
INFO: [ app_begin ] --END-- [ RunTime:0.000812s ]
SQL: SHOW COLUMNS FROM `y_friend` [ RunTime:0.0007s ]
SQL: SELECT `id` FROM `y_friend` ORDER BY id DESC  [ RunTime:0.0003s ]
SQL: SELECT * FROM `y_friend` INNER JOIN y_user on y_friend.userid = y_user.userid  WHERE ( id = 66 )  [ RunTime:0.0006s ]
SQL: SHOW COLUMNS FROM `y_common` [ RunTime:0.0008s ]
SQL: SELECT * FROM `y_common` INNER JOIN y_user on y_common.userid = y_user.userid  WHERE ( fid = 66 )  [ RunTime:0.0004s ]

[ 2018-01-11T17:03:03+08:00 ] 192.168.43.1 /YiShuBookPlatform/service/Api/index.php/home/friendCircle/addFabulous
INFO: [ app_init ] --START--
INFO: Run Behavior\BuildLiteBehavior [ RunTime:0.000021s ]
INFO: [ app_init ] --END-- [ RunTime:0.000435s ]
INFO: [ app_begin ] --START--
INFO: Run Behavior\ReadHtmlCacheBehavior [ RunTime:0.000698s ]
INFO: [ app_begin ] --END-- [ RunTime:0.000744s ]
SQL: SHOW COLUMNS FROM `y_friend` [ RunTime:0.0007s ]
SQL: SELECT * FROM `y_friend` WHERE ( id = '66' )  [ RunTime:0.0002s ]
SQL: UPDATE `y_friend` SET `fabulous`='1' WHERE ( id = '66' ) [ RunTime:0.0025s ]

[ 2018-01-11T17:03:05+08:00 ] 192.168.43.1 /YiShuBookPlatform/service/Api/index.php/home/friendCircle/getDynamic
INFO: [ app_init ] --START--
INFO: Run Behavior\BuildLiteBehavior [ RunTime:0.000025s ]
INFO: [ app_init ] --END-- [ RunTime:0.000718s ]
INFO: [ app_begin ] --START--
INFO: Run Behavior\ReadHtmlCacheBehavior [ RunTime:0.000795s ]
INFO: [ app_begin ] --END-- [ RunTime:0.000851s ]
SQL: SHOW COLUMNS FROM `y_friend` [ RunTime:0.0007s ]
SQL: SELECT `id` FROM `y_friend` ORDER BY id DESC  [ RunTime:0.0002s ]
SQL: SELECT * FROM `y_friend` INNER JOIN y_user on y_friend.userid = y_user.userid  WHERE ( id = 66 )  [ RunTime:0.0004s ]
SQL: SHOW COLUMNS FROM `y_common` [ RunTime:0.0029s ]
SQL: SELECT * FROM `y_common` INNER JOIN y_user on y_common.userid = y_user.userid  WHERE ( fid = 66 )  [ RunTime:0.0004s ]

[ 2018-01-11T17:03:10+08:00 ] 192.168.43.1 /YiShuBookPlatform/service/Api/index.php/home/friendCircle/addCommon
INFO: [ app_init ] --START--
INFO: Run Behavior\BuildLiteBehavior [ RunTime:0.000016s ]
INFO: [ app_init ] --END-- [ RunTime:0.000474s ]
INFO: [ app_begin ] --START--
INFO: Run Behavior\ReadHtmlCacheBehavior [ RunTime:0.001117s ]
INFO: [ app_begin ] --END-- [ RunTime:0.001189s ]
SQL: SHOW COLUMNS FROM `y_common` [ RunTime:0.0008s ]
SQL: INSERT INTO `y_common` (`commonContent`,`fid`,`userid`) VALUES ('可以','66','15') [ RunTime:0.0050s ]

[ 2018-01-11T17:03:12+08:00 ] 192.168.43.1 /YiShuBookPlatform/service/Api/index.php/home/friendCircle/getDynamic
INFO: [ app_init ] --START--
INFO: Run Behavior\BuildLiteBehavior [ RunTime:0.000027s ]
INFO: [ app_init ] --END-- [ RunTime:0.000707s ]
INFO: [ app_begin ] --START--
INFO: Run Behavior\ReadHtmlCacheBehavior [ RunTime:0.000966s ]
INFO: [ app_begin ] --END-- [ RunTime:0.001037s ]
SQL: SHOW COLUMNS FROM `y_friend` [ RunTime:0.0010s ]
SQL: SELECT `id` FROM `y_friend` ORDER BY id DESC  [ RunTime:0.0003s ]
SQL: SELECT * FROM `y_friend` INNER JOIN y_user on y_friend.userid = y_user.userid  WHERE ( id = 66 )  [ RunTime:0.0003s ]
SQL: SHOW COLUMNS FROM `y_common` [ RunTime:0.0033s ]
SQL: SELECT * FROM `y_common` INNER JOIN y_user on y_common.userid = y_user.userid  WHERE ( fid = 66 )  [ RunTime:0.0004s ]

[ 2018-01-11T17:03:14+08:00 ] 192.168.43.253 /YiShuBookPlatform/service/Api/index.php/home/activity/getActivities
INFO: [ app_init ] --START--
INFO: Run Behavior\BuildLiteBehavior [ RunTime:0.000036s ]
INFO: [ app_init ] --END-- [ RunTime:0.001170s ]
INFO: [ app_begin ] --START--
INFO: Run Behavior\ReadHtmlCacheBehavior [ RunTime:0.002317s ]
INFO: [ app_begin ] --END-- [ RunTime:0.002414s ]
SQL: SHOW COLUMNS FROM `y_activity` [ RunTime:0.0007s ]
SQL: SELECT * FROM `y_activity`  [ RunTime:0.0002s ]

[ 2018-01-11T17:03:16+08:00 ] 192.168.43.253 /YiShuBookPlatform/service/Api/index.php/home/book/getAllBooks
INFO: [ app_init ] --START--
INFO: Run Behavior\BuildLiteBehavior [ RunTime:0.000023s ]
INFO: [ app_init ] --END-- [ RunTime:0.000675s ]
INFO: [ app_begin ] --START--
INFO: Run Behavior\ReadHtmlCacheBehavior [ RunTime:0.001310s ]
INFO: [ app_begin ] --END-- [ RunTime:0.001442s ]
SQL: SHOW COLUMNS FROM `y_book` [ RunTime:0.0011s ]
SQL: SELECT * FROM `y_book`  [ RunTime:0.0007s ]

[ 2018-01-11T17:03:16+08:00 ] 192.168.43.253 /YiShuBookPlatform/service/Api/index.php/home/book/getBooksOnSale
INFO: [ app_init ] --START--
INFO: Run Behavior\BuildLiteBehavior [ RunTime:0.000026s ]
INFO: [ app_init ] --END-- [ RunTime:0.001251s ]
INFO: [ app_begin ] --START--
INFO: Run Behavior\ReadHtmlCacheBehavior [ RunTime:0.002137s ]
INFO: [ app_begin ] --END-- [ RunTime:0.002237s ]
SQL: SHOW COLUMNS FROM `y_book` [ RunTime:0.0011s ]
SQL: SELECT * FROM `y_book` WHERE ( bookSale = '1' )  [ RunTime:0.0007s ]

[ 2018-01-11T17:03:24+08:00 ] 192.168.43.253 /YiShuBookPlatform/service/Api/index.php/home/friendCircle/getDynamic
INFO: [ app_init ] --START--
INFO: Run Behavior\BuildLiteBehavior [ RunTime:0.000024s ]
INFO: [ app_init ] --END-- [ RunTime:0.000882s ]
INFO: [ app_begin ] --START--
INFO: Run Behavior\ReadHtmlCacheBehavior [ RunTime:0.001104s ]
INFO: [ app_begin ] --END-- [ RunTime:0.001171s ]
SQL: SHOW COLUMNS FROM `y_friend` [ RunTime:0.0006s ]
SQL: SELECT `id` FROM `y_friend` ORDER BY id DESC  [ RunTime:0.0003s ]
SQL: SELECT * FROM `y_friend` INNER JOIN y_user on y_friend.userid = y_user.userid  WHERE ( id = 66 )  [ RunTime:0.0009s ]
SQL: SHOW COLUMNS FROM `y_common` [ RunTime:0.0047s ]
SQL: SELECT * FROM `y_common` INNER JOIN y_user on y_common.userid = y_user.userid  WHERE ( fid = 66 )  [ RunTime:0.0004s ]

[ 2018-01-11T17:03:27+08:00 ] 192.168.43.253 /YiShuBookPlatform/service/Api/index.php/home/friendCircle/getDynamic
INFO: [ app_init ] --START--
INFO: Run Behavior\BuildLiteBehavior [ RunTime:0.000016s ]
INFO: [ app_init ] --END-- [ RunTime:0.000472s ]
INFO: [ app_begin ] --START--
INFO: Run Behavior\ReadHtmlCacheBehavior [ RunTime:0.001190s ]
INFO: [ app_begin ] --END-- [ RunTime:0.001298s ]
SQL: SHOW COLUMNS FROM `y_friend` [ RunTime:0.0007s ]
SQL: SELECT `id` FROM `y_friend` ORDER BY id DESC  [ RunTime:0.0006s ]
SQL: SELECT * FROM `y_friend` INNER JOIN y_user on y_friend.userid = y_user.userid  WHERE ( id = 66 )  [ RunTime:0.0014s ]
SQL: SHOW COLUMNS FROM `y_common` [ RunTime:0.0031s ]
SQL: SELECT * FROM `y_common` INNER JOIN y_user on y_common.userid = y_user.userid  WHERE ( fid = 66 )  [ RunTime:0.0005s ]

[ 2018-01-11T17:03:35+08:00 ] 192.168.43.1 /YiShuBookPlatform/service/Api/index.php/home/friendCircle/addDynamic
INFO: [ app_init ] --START--
INFO: Run Behavior\BuildLiteBehavior [ RunTime:0.000017s ]
INFO: [ app_init ] --END-- [ RunTime:0.000486s ]
INFO: [ app_begin ] --START--
INFO: Run Behavior\ReadHtmlCacheBehavior [ RunTime:0.000996s ]
INFO: [ app_begin ] --END-- [ RunTime:0.001065s ]
SQL: SHOW COLUMNS FROM `y_friend` [ RunTime:0.0010s ]
SQL: INSERT INTO `y_friend` (`content`,`fabulous`,`userid`,`time`) VALUES ('hello','0','15','2018-01-11 17:03') [ RunTime:0.0038s ]
NOTIC: [2] Invalid argument supplied for foreach() C:\xampp\htdocs\YiShuBookPlatform\service\Api\Application\Home\Common\Response.class.php 第 46 行.

[ 2018-01-11T17:03:37+08:00 ] 192.168.43.1 /YiShuBookPlatform/service/Api/index.php/home/friendCircle/getDynamic
INFO: [ app_init ] --START--
INFO: Run Behavior\BuildLiteBehavior [ RunTime:0.000016s ]
INFO: [ app_init ] --END-- [ RunTime:0.000478s ]
INFO: [ app_begin ] --START--
INFO: Run Behavior\ReadHtmlCacheBehavior [ RunTime:0.001120s ]
INFO: [ app_begin ] --END-- [ RunTime:0.001217s ]
SQL: SHOW COLUMNS FROM `y_friend` [ RunTime:0.0007s ]
SQL: SELECT `id` FROM `y_friend` ORDER BY id DESC  [ RunTime:0.0003s ]
SQL: SELECT * FROM `y_friend` INNER JOIN y_user on y_friend.userid = y_user.userid  WHERE ( id = 67 )  [ RunTime:0.0004s ]
SQL: SHOW COLUMNS FROM `y_common` [ RunTime:0.0006s ]
SQL: SELECT * FROM `y_common` INNER JOIN y_user on y_common.userid = y_user.userid  WHERE ( fid = 67 )  [ RunTime:0.0004s ]
SQL: SELECT * FROM `y_friend` INNER JOIN y_user on y_friend.userid = y_user.userid  WHERE ( id = 66 )  [ RunTime:0.0004s ]
SQL: SELECT * FROM `y_common` INNER JOIN y_user on y_common.userid = y_user.userid  WHERE ( fid = 66 )  [ RunTime:0.0004s ]

[ 2018-01-11T17:03:42+08:00 ] 192.168.43.1 /YiShuBookPlatform/service/Api/index.php/home/friendCircle/addFabulous
INFO: [ app_init ] --START--
INFO: Run Behavior\BuildLiteBehavior [ RunTime:0.000014s ]
INFO: [ app_init ] --END-- [ RunTime:0.000421s ]
INFO: [ app_begin ] --START--
INFO: Run Behavior\ReadHtmlCacheBehavior [ RunTime:0.000762s ]
INFO: [ app_begin ] --END-- [ RunTime:0.000815s ]
SQL: SHOW COLUMNS FROM `y_friend` [ RunTime:0.0006s ]
SQL: SELECT * FROM `y_friend` WHERE ( id = '67' )  [ RunTime:0.0002s ]
SQL: UPDATE `y_friend` SET `fabulous`='1' WHERE ( id = '67' ) [ RunTime:0.0028s ]

[ 2018-01-11T17:03:43+08:00 ] 192.168.43.253 /YiShuBookPlatform/service/Api/index.php/home/login/checklogin
INFO: [ app_init ] --START--
INFO: Run Behavior\BuildLiteBehavior [ RunTime:0.000013s ]
INFO: [ app_init ] --END-- [ RunTime:0.000497s ]
INFO: [ app_begin ] --START--
INFO: Run Behavior\ReadHtmlCacheBehavior [ RunTime:0.000913s ]
INFO: [ app_begin ] --END-- [ RunTime:0.000963s ]
SQL: SHOW COLUMNS FROM `y_user` [ RunTime:0.0007s ]
SQL: SELECT * FROM `y_user` WHERE ( phone = '15755320770' ) LIMIT 1   [ RunTime:0.0003s ]

[ 2018-01-11T17:03:44+08:00 ] 192.168.43.253 /YiShuBookPlatform/service/Api/index.php/home/book/getBookCard
INFO: [ app_init ] --START--
INFO: Run Behavior\BuildLiteBehavior [ RunTime:0.000023s ]
INFO: [ app_init ] --END-- [ RunTime:0.000716s ]
INFO: [ app_begin ] --START--
INFO: Run Behavior\ReadHtmlCacheBehavior [ RunTime:0.001186s ]
INFO: [ app_begin ] --END-- [ RunTime:0.001292s ]
SQL: SHOW COLUMNS FROM `y_book` [ RunTime:0.0014s ]
SQL: SELECT * FROM `y_book` WHERE ( bookShow = '1' )  [ RunTime:0.0006s ]

[ 2018-01-11T17:03:44+08:00 ] 192.168.43.253 /YiShuBookPlatform/service/Api/index.php/home/book/getRank
INFO: [ app_init ] --START--
INFO: Run Behavior\BuildLiteBehavior [ RunTime:0.000024s ]
INFO: [ app_init ] --END-- [ RunTime:0.000672s ]
INFO: [ app_begin ] --START--
INFO: Run Behavior\ReadHtmlCacheBehavior [ RunTime:0.001094s ]
INFO: [ app_begin ] --END-- [ RunTime:0.001195s ]
SQL: SHOW COLUMNS FROM `y_ranklist` [ RunTime:0.0009s ]
SQL: SELECT * FROM `y_ranklist`  [ RunTime:0.0005s ]

[ 2018-01-11T17:03:44+08:00 ] 192.168.43.253 /YiShuBookPlatform/service/Api/index.php/home/index/count
INFO: [ app_init ] --START--
INFO: Run Behavior\BuildLiteBehavior [ RunTime:0.000025s ]
INFO: [ app_init ] --END-- [ RunTime:0.000846s ]
INFO: [ app_begin ] --START--
INFO: Run Behavior\ReadHtmlCacheBehavior [ RunTime:0.001186s ]
INFO: [ app_begin ] --END-- [ RunTime:0.001281s ]
SQL: SHOW COLUMNS FROM `y_order` [ RunTime:0.0009s ]
SQL: SHOW COLUMNS FROM `y_friend` [ RunTime:0.0011s ]
SQL: SHOW COLUMNS FROM `y_notice` [ RunTime:0.0010s ]
SQL: SELECT COUNT(*) AS tp_count FROM `y_order` WHERE ( userid = '29' ) LIMIT 1   [ RunTime:0.0004s ]
SQL: SELECT COUNT(*) AS tp_count FROM `y_friend` WHERE ( userid = '29' ) LIMIT 1   [ RunTime:0.0003s ]
SQL: SELECT COUNT(*) AS tp_count FROM `y_notice` WHERE ( userid = '29' ) LIMIT 1   [ RunTime:0.0004s ]

[ 2018-01-11T17:03:44+08:00 ] 192.168.43.1 /YiShuBookPlatform/service/Api/index.php/home/friendCircle/getDynamic
INFO: [ app_init ] --START--
INFO: Run Behavior\BuildLiteBehavior [ RunTime:0.000020s ]
INFO: [ app_init ] --END-- [ RunTime:0.000665s ]
INFO: [ app_begin ] --START--
INFO: Run Behavior\ReadHtmlCacheBehavior [ RunTime:0.001220s ]
INFO: [ app_begin ] --END-- [ RunTime:0.001318s ]
SQL: SHOW COLUMNS FROM `y_friend` [ RunTime:0.0012s ]
SQL: SELECT `id` FROM `y_friend` ORDER BY id DESC  [ RunTime:0.0048s ]
SQL: SELECT * FROM `y_friend` INNER JOIN y_user on y_friend.userid = y_user.userid  WHERE ( id = 67 )  [ RunTime:0.0006s ]
SQL: SHOW COLUMNS FROM `y_common` [ RunTime:0.0009s ]
SQL: SELECT * FROM `y_common` INNER JOIN y_user on y_common.userid = y_user.userid  WHERE ( fid = 67 )  [ RunTime:0.0005s ]
SQL: SELECT * FROM `y_friend` INNER JOIN y_user on y_friend.userid = y_user.userid  WHERE ( id = 66 )  [ RunTime:0.0005s ]
SQL: SELECT * FROM `y_common` INNER JOIN y_user on y_common.userid = y_user.userid  WHERE ( fid = 66 )  [ RunTime:0.0006s ]

[ 2018-01-11T17:03:46+08:00 ] 192.168.43.253 /YiShuBookPlatform/service/Api/index.php/home/friendCircle/getDynamic
INFO: [ app_init ] --START--
INFO: Run Behavior\BuildLiteBehavior [ RunTime:0.000029s ]
INFO: [ app_init ] --END-- [ RunTime:0.000831s ]
INFO: [ app_begin ] --START--
INFO: Run Behavior\ReadHtmlCacheBehavior [ RunTime:0.001105s ]
INFO: [ app_begin ] --END-- [ RunTime:0.001217s ]
SQL: SHOW COLUMNS FROM `y_friend` [ RunTime:0.0010s ]
SQL: SELECT `id` FROM `y_friend` ORDER BY id DESC  [ RunTime:0.0003s ]
SQL: SELECT * FROM `y_friend` INNER JOIN y_user on y_friend.userid = y_user.userid  WHERE ( id = 67 )  [ RunTime:0.0004s ]
SQL: SHOW COLUMNS FROM `y_common` [ RunTime:0.0006s ]
SQL: SELECT * FROM `y_common` INNER JOIN y_user on y_common.userid = y_user.userid  WHERE ( fid = 67 )  [ RunTime:0.0004s ]
SQL: SELECT * FROM `y_friend` INNER JOIN y_user on y_friend.userid = y_user.userid  WHERE ( id = 66 )  [ RunTime:0.0004s ]
SQL: SELECT * FROM `y_common` INNER JOIN y_user on y_common.userid = y_user.userid  WHERE ( fid = 66 )  [ RunTime:0.0004s ]

[ 2018-01-11T17:03:48+08:00 ] 192.168.43.1 /YiShuBookPlatform/service/Api/index.php/home/friendCircle/getDynamic
INFO: [ app_init ] --START--
INFO: Run Behavior\BuildLiteBehavior [ RunTime:0.000023s ]
INFO: [ app_init ] --END-- [ RunTime:0.000718s ]
INFO: [ app_begin ] --START--
INFO: Run Behavior\ReadHtmlCacheBehavior [ RunTime:0.000959s ]
INFO: [ app_begin ] --END-- [ RunTime:0.001024s ]
SQL: SHOW COLUMNS FROM `y_friend` [ RunTime:0.0009s ]
SQL: SELECT `id` FROM `y_friend` ORDER BY id DESC  [ RunTime:0.0003s ]
SQL: SELECT * FROM `y_friend` INNER JOIN y_user on y_friend.userid = y_user.userid  WHERE ( id = 67 )  [ RunTime:0.0005s ]
SQL: SHOW COLUMNS FROM `y_common` [ RunTime:0.0008s ]
SQL: SELECT * FROM `y_common` INNER JOIN y_user on y_common.userid = y_user.userid  WHERE ( fid = 67 )  [ RunTime:0.0004s ]
SQL: SELECT * FROM `y_friend` INNER JOIN y_user on y_friend.userid = y_user.userid  WHERE ( id = 66 )  [ RunTime:0.0004s ]
SQL: SELECT * FROM `y_common` INNER JOIN y_user on y_common.userid = y_user.userid  WHERE ( fid = 66 )  [ RunTime:0.0003s ]

[ 2018-01-11T17:03:58+08:00 ] 192.168.43.253 /YiShuBookPlatform/service/Api/index.php/home/friendCircle/addCommon
INFO: [ app_init ] --START--
INFO: Run Behavior\BuildLiteBehavior [ RunTime:0.000015s ]
INFO: [ app_init ] --END-- [ RunTime:0.000475s ]
INFO: [ app_begin ] --START--
INFO: Run Behavior\ReadHtmlCacheBehavior [ RunTime:0.002253s ]
INFO: [ app_begin ] --END-- [ RunTime:0.002699s ]
SQL: SHOW COLUMNS FROM `y_common` [ RunTime:0.0009s ]
SQL: INSERT INTO `y_common` (`commonContent`,`fid`,`userid`) VALUES ('hello','67','29') [ RunTime:0.0039s ]

[ 2018-01-11T17:04:00+08:00 ] 192.168.43.253 /YiShuBookPlatform/service/Api/index.php/home/friendCircle/getDynamic
INFO: [ app_init ] --START--
INFO: Run Behavior\BuildLiteBehavior [ RunTime:0.000026s ]
INFO: [ app_init ] --END-- [ RunTime:0.000719s ]
INFO: [ app_begin ] --START--
INFO: Run Behavior\ReadHtmlCacheBehavior [ RunTime:0.001205s ]
INFO: [ app_begin ] --END-- [ RunTime:0.001314s ]
SQL: SHOW COLUMNS FROM `y_friend` [ RunTime:0.0014s ]
SQL: SELECT `id` FROM `y_friend` ORDER BY id DESC  [ RunTime:0.0005s ]
SQL: SELECT * FROM `y_friend` INNER JOIN y_user on y_friend.userid = y_user.userid  WHERE ( id = 67 )  [ RunTime:0.0007s ]
SQL: SHOW COLUMNS FROM `y_common` [ RunTime:0.0010s ]
SQL: SELECT * FROM `y_common` INNER JOIN y_user on y_common.userid = y_user.userid  WHERE ( fid = 67 )  [ RunTime:0.0006s ]
SQL: SELECT * FROM `y_friend` INNER JOIN y_user on y_friend.userid = y_user.userid  WHERE ( id = 66 )  [ RunTime:0.0006s ]
SQL: SELECT * FROM `y_common` INNER JOIN y_user on y_common.userid = y_user.userid  WHERE ( fid = 66 )  [ RunTime:0.0007s ]

[ 2018-01-11T18:42:56+08:00 ] 192.168.43.253 /YiShuBookPlatform/service/Api/index.php/home/login/checklogin
INFO: [ app_init ] --START--
INFO: Run Behavior\BuildLiteBehavior [ RunTime:0.000025s ]
INFO: [ app_init ] --END-- [ RunTime:0.000924s ]
INFO: [ app_begin ] --START--
INFO: Run Behavior\ReadHtmlCacheBehavior [ RunTime:0.001399s ]
INFO: [ app_begin ] --END-- [ RunTime:0.001469s ]
SQL: SHOW COLUMNS FROM `y_user` [ RunTime:0.0009s ]
SQL: SELECT * FROM `y_user` WHERE ( phone = '15755320770' ) LIMIT 1   [ RunTime:0.0005s ]

[ 2018-01-11T18:42:57+08:00 ] 192.168.43.253 /YiShuBookPlatform/service/Api/index.php/home/book/getBookCard
INFO: [ app_init ] --START--
INFO: Run Behavior\BuildLiteBehavior [ RunTime:0.000023s ]
INFO: [ app_init ] --END-- [ RunTime:0.000636s ]
INFO: [ app_begin ] --START--
INFO: Run Behavior\ReadHtmlCacheBehavior [ RunTime:0.001223s ]
INFO: [ app_begin ] --END-- [ RunTime:0.001318s ]
SQL: SHOW COLUMNS FROM `y_book` [ RunTime:0.0010s ]
SQL: SELECT * FROM `y_book` WHERE ( bookShow = '1' )  [ RunTime:0.0006s ]

[ 2018-01-11T18:42:58+08:00 ] 192.168.43.253 /YiShuBookPlatform/service/Api/index.php/home/book/getRank
INFO: [ app_init ] --START--
INFO: Run Behavior\BuildLiteBehavior [ RunTime:0.000023s ]
INFO: [ app_init ] --END-- [ RunTime:0.000795s ]
INFO: [ app_begin ] --START--
INFO: Run Behavior\ReadHtmlCacheBehavior [ RunTime:0.001816s ]
INFO: [ app_begin ] --END-- [ RunTime:0.001918s ]
SQL: SHOW COLUMNS FROM `y_ranklist` [ RunTime:0.0010s ]
SQL: SELECT * FROM `y_ranklist`  [ RunTime:0.0005s ]

[ 2018-01-11T18:42:58+08:00 ] 192.168.43.253 /YiShuBookPlatform/service/Api/index.php/home/index/count
INFO: [ app_init ] --START--
INFO: Run Behavior\BuildLiteBehavior [ RunTime:0.000023s ]
INFO: [ app_init ] --END-- [ RunTime:0.000858s ]
INFO: [ app_begin ] --START--
INFO: Run Behavior\ReadHtmlCacheBehavior [ RunTime:0.001544s ]
INFO: [ app_begin ] --END-- [ RunTime:0.001642s ]
SQL: SHOW COLUMNS FROM `y_order` [ RunTime:0.0012s ]
SQL: SHOW COLUMNS FROM `y_friend` [ RunTime:0.0011s ]
SQL: SHOW COLUMNS FROM `y_notice` [ RunTime:0.0047s ]
SQL: SELECT COUNT(*) AS tp_count FROM `y_order` WHERE ( userid = '29' ) LIMIT 1   [ RunTime:0.0006s ]
SQL: SELECT COUNT(*) AS tp_count FROM `y_friend` WHERE ( userid = '29' ) LIMIT 1   [ RunTime:0.0004s ]
SQL: SELECT COUNT(*) AS tp_count FROM `y_notice` WHERE ( userid = '29' ) LIMIT 1   [ RunTime:0.0004s ]

[ 2018-01-11T18:43:02+08:00 ] 192.168.43.253 /YiShuBookPlatform/service/Api/index.php/home/book/getBooksOnSale
INFO: [ app_init ] --START--
INFO: Run Behavior\BuildLiteBehavior [ RunTime:0.000025s ]
INFO: [ app_init ] --END-- [ RunTime:0.000670s ]
INFO: [ app_begin ] --START--
INFO: Run Behavior\ReadHtmlCacheBehavior [ RunTime:0.001063s ]
INFO: [ app_begin ] --END-- [ RunTime:0.001165s ]
SQL: SHOW COLUMNS FROM `y_book` [ RunTime:0.0010s ]
SQL: SELECT * FROM `y_book` WHERE ( bookSale = '1' )  [ RunTime:0.0005s ]

[ 2018-01-11T18:43:02+08:00 ] 192.168.43.253 /YiShuBookPlatform/service/Api/index.php/home/book/getAllBooks
INFO: [ app_init ] --START--
INFO: Run Behavior\BuildLiteBehavior [ RunTime:0.000022s ]
INFO: [ app_init ] --END-- [ RunTime:0.000740s ]
INFO: [ app_begin ] --START--
INFO: Run Behavior\ReadHtmlCacheBehavior [ RunTime:0.001309s ]
INFO: [ app_begin ] --END-- [ RunTime:0.001410s ]
SQL: SHOW COLUMNS FROM `y_book` [ RunTime:0.0010s ]
SQL: SELECT * FROM `y_book`  [ RunTime:0.0007s ]

[ 2018-01-11T18:43:05+08:00 ] 192.168.43.253 /YiShuBookPlatform/service/Api/index.php/home/friendCircle/getDynamic
INFO: [ app_init ] --START--
INFO: Run Behavior\BuildLiteBehavior [ RunTime:0.000027s ]
INFO: [ app_init ] --END-- [ RunTime:0.000937s ]
INFO: [ app_begin ] --START--
INFO: Run Behavior\ReadHtmlCacheBehavior [ RunTime:0.001227s ]
INFO: [ app_begin ] --END-- [ RunTime:0.001335s ]
SQL: SHOW COLUMNS FROM `y_friend` [ RunTime:0.0008s ]
SQL: SELECT `id` FROM `y_friend` ORDER BY id DESC  [ RunTime:0.0004s ]
SQL: SELECT * FROM `y_friend` INNER JOIN y_user on y_friend.userid = y_user.userid  WHERE ( id = 67 )  [ RunTime:0.0007s ]
SQL: SHOW COLUMNS FROM `y_common` [ RunTime:0.0045s ]
SQL: SELECT * FROM `y_common` INNER JOIN y_user on y_common.userid = y_user.userid  WHERE ( fid = 67 )  [ RunTime:0.0008s ]

[ 2018-01-11T18:43:07+08:00 ] 192.168.43.253 /YiShuBookPlatform/service/Api/index.php/home/activity/getActivities
INFO: [ app_init ] --START--
INFO: Run Behavior\BuildLiteBehavior [ RunTime:0.000017s ]
INFO: [ app_init ] --END-- [ RunTime:0.000530s ]
INFO: [ app_begin ] --START--
INFO: Run Behavior\ReadHtmlCacheBehavior [ RunTime:0.000918s ]
INFO: [ app_begin ] --END-- [ RunTime:0.000989s ]
SQL: SHOW COLUMNS FROM `y_activity` [ RunTime:0.0008s ]
SQL: SELECT * FROM `y_activity`  [ RunTime:0.0004s ]

[ 2018-01-11T18:43:08+08:00 ] 192.168.43.253 /YiShuBookPlatform/service/Api/index.php/home/activity/getActivities
INFO: [ app_init ] --START--
INFO: Run Behavior\BuildLiteBehavior [ RunTime:0.000025s ]
INFO: [ app_init ] --END-- [ RunTime:0.000731s ]
INFO: [ app_begin ] --START--
INFO: Run Behavior\ReadHtmlCacheBehavior [ RunTime:0.001353s ]
INFO: [ app_begin ] --END-- [ RunTime:0.001459s ]
SQL: SHOW COLUMNS FROM `y_activity` [ RunTime:0.0009s ]
SQL: SELECT * FROM `y_activity`  [ RunTime:0.0004s ]

[ 2018-01-11T18:43:09+08:00 ] 192.168.43.253 /YiShuBookPlatform/service/Api/index.php/home/book/getBookCard
INFO: [ app_init ] --START--
INFO: Run Behavior\BuildLiteBehavior [ RunTime:0.000022s ]
INFO: [ app_init ] --END-- [ RunTime:0.000633s ]
INFO: [ app_begin ] --START--
INFO: Run Behavior\ReadHtmlCacheBehavior [ RunTime:0.001071s ]
INFO: [ app_begin ] --END-- [ RunTime:0.001162s ]
SQL: SHOW COLUMNS FROM `y_book` [ RunTime:0.0010s ]
SQL: SELECT * FROM `y_book` WHERE ( bookShow = '1' )  [ RunTime:0.0007s ]

[ 2018-01-11T18:43:09+08:00 ] 192.168.43.253 /YiShuBookPlatform/service/Api/index.php/home/book/getRank
INFO: [ app_init ] --START--
INFO: Run Behavior\BuildLiteBehavior [ RunTime:0.000024s ]
INFO: [ app_init ] --END-- [ RunTime:0.000634s ]
INFO: [ app_begin ] --START--
INFO: Run Behavior\ReadHtmlCacheBehavior [ RunTime:0.001017s ]
INFO: [ app_begin ] --END-- [ RunTime:0.001139s ]
SQL: SHOW COLUMNS FROM `y_ranklist` [ RunTime:0.0009s ]
SQL: SELECT * FROM `y_ranklist`  [ RunTime:0.0005s ]

[ 2018-01-11T18:43:09+08:00 ] 192.168.43.253 /YiShuBookPlatform/service/Api/index.php/home/index/count
INFO: [ app_init ] --START--
INFO: Run Behavior\BuildLiteBehavior [ RunTime:0.000026s ]
INFO: [ app_init ] --END-- [ RunTime:0.000915s ]
INFO: [ app_begin ] --START--
INFO: Run Behavior\ReadHtmlCacheBehavior [ RunTime:0.002584s ]
INFO: [ app_begin ] --END-- [ RunTime:0.002759s ]
SQL: SHOW COLUMNS FROM `y_order` [ RunTime:0.0009s ]
SQL: SHOW COLUMNS FROM `y_friend` [ RunTime:0.0008s ]
SQL: SHOW COLUMNS FROM `y_notice` [ RunTime:0.0008s ]
SQL: SELECT COUNT(*) AS tp_count FROM `y_order` WHERE ( userid = '29' ) LIMIT 1   [ RunTime:0.0005s ]
SQL: SELECT COUNT(*) AS tp_count FROM `y_friend` WHERE ( userid = '29' ) LIMIT 1   [ RunTime:0.0004s ]
SQL: SELECT COUNT(*) AS tp_count FROM `y_notice` WHERE ( userid = '29' ) LIMIT 1   [ RunTime:0.0006s ]

[ 2018-01-11T18:43:12+08:00 ] 192.168.43.253 /YiShuBookPlatform/service/Api/index.php/home/book/getBooksOnSale
INFO: [ app_init ] --START--
INFO: Run Behavior\BuildLiteBehavior [ RunTime:0.000020s ]
INFO: [ app_init ] --END-- [ RunTime:0.000789s ]
INFO: [ app_begin ] --START--
INFO: Run Behavior\ReadHtmlCacheBehavior [ RunTime:0.002173s ]
INFO: [ app_begin ] --END-- [ RunTime:0.002270s ]
SQL: SHOW COLUMNS FROM `y_book` [ RunTime:0.0010s ]
SQL: SELECT * FROM `y_book` WHERE ( bookSale = '1' )  [ RunTime:0.0006s ]

[ 2018-01-11T18:43:12+08:00 ] 192.168.43.253 /YiShuBookPlatform/service/Api/index.php/home/book/getAllBooks
INFO: [ app_init ] --START--
INFO: Run Behavior\BuildLiteBehavior [ RunTime:0.000025s ]
INFO: [ app_init ] --END-- [ RunTime:0.000768s ]
INFO: [ app_begin ] --START--
INFO: Run Behavior\ReadHtmlCacheBehavior [ RunTime:0.001119s ]
INFO: [ app_begin ] --END-- [ RunTime:0.001215s ]
SQL: SHOW COLUMNS FROM `y_book` [ RunTime:0.0014s ]
SQL: SELECT * FROM `y_book`  [ RunTime:0.0008s ]

[ 2018-01-11T18:43:12+08:00 ] 192.168.43.253 /YiShuBookPlatform/service/Api/index.php/home/friendCircle/getDynamic
INFO: [ app_init ] --START--
INFO: Run Behavior\BuildLiteBehavior [ RunTime:0.000017s ]
INFO: [ app_init ] --END-- [ RunTime:0.000526s ]
INFO: [ app_begin ] --START--
INFO: Run Behavior\ReadHtmlCacheBehavior [ RunTime:0.001272s ]
INFO: [ app_begin ] --END-- [ RunTime:0.001425s ]
SQL: SHOW COLUMNS FROM `y_friend` [ RunTime:0.0009s ]
SQL: SELECT `id` FROM `y_friend` ORDER BY id DESC  [ RunTime:0.0005s ]
SQL: SELECT * FROM `y_friend` INNER JOIN y_user on y_friend.userid = y_user.userid  WHERE ( id = 67 )  [ RunTime:0.0006s ]
SQL: SHOW COLUMNS FROM `y_common` [ RunTime:0.0010s ]
SQL: SELECT * FROM `y_common` INNER JOIN y_user on y_common.userid = y_user.userid  WHERE ( fid = 67 )  [ RunTime:0.0004s ]

[ 2018-01-11T18:43:16+08:00 ] 192.168.43.253 /YiShuBookPlatform/service/Api/index.php/home/book/getBookCard
INFO: [ app_init ] --START--
INFO: Run Behavior\BuildLiteBehavior [ RunTime:0.000019s ]
INFO: [ app_init ] --END-- [ RunTime:0.000597s ]
INFO: [ app_begin ] --START--
INFO: Run Behavior\ReadHtmlCacheBehavior [ RunTime:0.001055s ]
INFO: [ app_begin ] --END-- [ RunTime:0.001138s ]
SQL: SHOW COLUMNS FROM `y_book` [ RunTime:0.0010s ]
SQL: SELECT * FROM `y_book` WHERE ( bookShow = '1' )  [ RunTime:0.0006s ]

[ 2018-01-11T18:43:16+08:00 ] 192.168.43.253 /YiShuBookPlatform/service/Api/index.php/home/book/getRank
INFO: [ app_init ] --START--
INFO: Run Behavior\BuildLiteBehavior [ RunTime:0.000022s ]
INFO: [ app_init ] --END-- [ RunTime:0.000899s ]
INFO: [ app_begin ] --START--
INFO: Run Behavior\ReadHtmlCacheBehavior [ RunTime:0.002115s ]
INFO: [ app_begin ] --END-- [ RunTime:0.002208s ]
SQL: SHOW COLUMNS FROM `y_ranklist` [ RunTime:0.0009s ]
SQL: SELECT * FROM `y_ranklist`  [ RunTime:0.0004s ]

[ 2018-01-11T18:43:16+08:00 ] 192.168.43.253 /YiShuBookPlatform/service/Api/index.php/home/index/count
INFO: [ app_init ] --START--
INFO: Run Behavior\BuildLiteBehavior [ RunTime:0.000023s ]
INFO: [ app_init ] --END-- [ RunTime:0.001036s ]
INFO: [ app_begin ] --START--
INFO: Run Behavior\ReadHtmlCacheBehavior [ RunTime:0.002164s ]
INFO: [ app_begin ] --END-- [ RunTime:0.002280s ]
SQL: SHOW COLUMNS FROM `y_order` [ RunTime:0.0010s ]
SQL: SHOW COLUMNS FROM `y_friend` [ RunTime:0.0008s ]
SQL: SHOW COLUMNS FROM `y_notice` [ RunTime:0.0007s ]
SQL: SELECT COUNT(*) AS tp_count FROM `y_order` WHERE ( userid = '29' ) LIMIT 1   [ RunTime:0.0004s ]
SQL: SELECT COUNT(*) AS tp_count FROM `y_friend` WHERE ( userid = '29' ) LIMIT 1   [ RunTime:0.0004s ]
SQL: SELECT COUNT(*) AS tp_count FROM `y_notice` WHERE ( userid = '29' ) LIMIT 1   [ RunTime:0.0003s ]

