[ 2018-01-01T18:56:23+08:00 ] ::1 /YiShuBookPlatform/service/Api/index.php/home/user/upload
INFO: [ app_init ] --START--
INFO: Run Behavior\BuildLiteBehavior [ RunTime:0.000023s ]
INFO: [ app_init ] --END-- [ RunTime:0.002849s ]
INFO: [ app_begin ] --START--
INFO: Run Behavior\ReadHtmlCacheBehavior [ RunTime:0.001923s ]
INFO: [ app_begin ] --END-- [ RunTime:0.002022s ]
SQL: SHOW COLUMNS FROM `y_user` [ RunTime:0.0047s ]

[ 2018-01-01T18:57:08+08:00 ] ::1 /YiShuBookPlatform/service/Api/index.php/home/login/checklogin
INFO: [ app_init ] --START--
INFO: Run Behavior\BuildLiteBehavior [ RunTime:0.000015s ]
INFO: [ app_init ] --END-- [ RunTime:0.000574s ]
INFO: [ app_begin ] --START--
INFO: Run Behavior\ReadHtmlCacheBehavior [ RunTime:0.001210s ]
INFO: [ app_begin ] --END-- [ RunTime:0.001282s ]
SQL: SHOW COLUMNS FROM `y_user` [ RunTime:0.0009s ]
SQL: SELECT * FROM `y_user` WHERE ( phone = '15755320770' ) LIMIT 1   [ RunTime:0.0007s ]

[ 2018-01-01T18:57:09+08:00 ] ::1 /YiShuBookPlatform/service/Api/index.php/home/book/getBookCard
INFO: [ app_init ] --START--
INFO: Run Behavior\BuildLiteBehavior [ RunTime:0.000022s ]
INFO: [ app_init ] --END-- [ RunTime:0.000711s ]
INFO: [ app_begin ] --START--
INFO: Run Behavior\ReadHtmlCacheBehavior [ RunTime:0.001267s ]
INFO: [ app_begin ] --END-- [ RunTime:0.001364s ]
SQL: SHOW COLUMNS FROM `y_book` [ RunTime:0.0014s ]
SQL: SELECT * FROM `y_book` WHERE ( bookSale = '1' )  [ RunTime:0.0008s ]

[ 2018-01-01T18:57:20+08:00 ] ::1 /YiShuBookPlatform/service/Api/index.php/home/user/upload
INFO: [ app_init ] --START--
INFO: Run Behavior\BuildLiteBehavior [ RunTime:0.000021s ]
INFO: [ app_init ] --END-- [ RunTime:0.000854s ]
INFO: [ app_begin ] --START--
INFO: Run Behavior\ReadHtmlCacheBehavior [ RunTime:0.001461s ]
INFO: [ app_begin ] --END-- [ RunTime:0.001544s ]
SQL: SHOW COLUMNS FROM `y_user` [ RunTime:0.0010s ]

[ 2018-01-01T18:57:39+08:00 ] ::1 /YiShuBookPlatform/service/Api/index.php/home/login/checklogin
INFO: [ app_init ] --START--
INFO: Run Behavior\BuildLiteBehavior [ RunTime:0.000029s ]
INFO: [ app_init ] --END-- [ RunTime:0.001340s ]
INFO: [ app_begin ] --START--
INFO: Run Behavior\ReadHtmlCacheBehavior [ RunTime:0.002271s ]
INFO: [ app_begin ] --END-- [ RunTime:0.002395s ]
SQL: SHOW COLUMNS FROM `y_user` [ RunTime:0.0014s ]
SQL: SELECT * FROM `y_user` WHERE ( phone = '15755320770' ) LIMIT 1   [ RunTime:0.0005s ]

[ 2018-01-01T18:57:40+08:00 ] ::1 /YiShuBookPlatform/service/Api/index.php/home/book/getBookCard
INFO: [ app_init ] --START--
INFO: Run Behavior\BuildLiteBehavior [ RunTime:0.000029s ]
INFO: [ app_init ] --END-- [ RunTime:0.000916s ]
INFO: [ app_begin ] --START--
INFO: Run Behavior\ReadHtmlCacheBehavior [ RunTime:0.001403s ]
INFO: [ app_begin ] --END-- [ RunTime:0.001510s ]
SQL: SHOW COLUMNS FROM `y_book` [ RunTime:0.0014s ]
SQL: SELECT * FROM `y_book` WHERE ( bookSale = '1' )  [ RunTime:0.0006s ]

[ 2018-01-01T18:57:51+08:00 ] ::1 /YiShuBookPlatform/service/Api/index.php/home/user/upload
INFO: [ app_init ] --START--
INFO: Run Behavior\BuildLiteBehavior [ RunTime:0.000027s ]
INFO: [ app_init ] --END-- [ RunTime:0.000810s ]
INFO: [ app_begin ] --START--
INFO: Run Behavior\ReadHtmlCacheBehavior [ RunTime:0.001529s ]
INFO: [ app_begin ] --END-- [ RunTime:0.001680s ]
SQL: SHOW COLUMNS FROM `y_user` [ RunTime:0.0014s ]

[ 2018-01-01T18:58:29+08:00 ] ::1 /YiShuBookPlatform/service/Api/index.php/home/user/upload
INFO: [ app_init ] --START--
INFO: Run Behavior\BuildLiteBehavior [ RunTime:0.000024s ]
INFO: [ app_init ] --END-- [ RunTime:0.000916s ]
INFO: [ app_begin ] --START--
INFO: Run Behavior\ReadHtmlCacheBehavior [ RunTime:0.002135s ]
INFO: [ app_begin ] --END-- [ RunTime:0.002271s ]
SQL: SHOW COLUMNS FROM `y_user` [ RunTime:0.0012s ]

[ 2018-01-01T19:01:26+08:00 ] ::1 /YiShuBookPlatform/service/Api/index.php/home/user/upload
INFO: [ app_init ] --START--
INFO: Run Behavior\BuildLiteBehavior [ RunTime:0.000023s ]
INFO: [ app_init ] --END-- [ RunTime:0.000949s ]
INFO: [ app_begin ] --START--
INFO: Run Behavior\ReadHtmlCacheBehavior [ RunTime:0.001296s ]
INFO: [ app_begin ] --END-- [ RunTime:0.001361s ]
SQL: SHOW COLUMNS FROM `y_user` [ RunTime:0.0016s ]
NOTIC: [2] call_user_func() expects parameter 1 to be a valid callback, no array or string given C:\xampp\htdocs\YiShuBookPlatform\service\Api\ThinkPHP\Library\Think\Upload.class.php 第 170 行.
NOTIC: [8] Undefined index: savepath C:\xampp\htdocs\YiShuBookPlatform\service\Api\Application\Home\Controller\UserController.class.php 第 87 行.
NOTIC: [8] Undefined index: savename C:\xampp\htdocs\YiShuBookPlatform\service\Api\Application\Home\Controller\UserController.class.php 第 87 行.
NOTIC: [2] Illegal offset type in isset or empty C:\xampp\htdocs\YiShuBookPlatform\service\Api\ThinkPHP\Library\Think\Model.class.php 第 445 行.
SQL: UPDATE `y_user` SET `picture`='' WHERE ( userid = '7' ) [ RunTime:0.0047s ]

[ 2018-01-01T19:02:00+08:00 ] ::1 /YiShuBookPlatform/service/Api/index.php/home/user/upload
INFO: [ app_init ] --START--
INFO: Run Behavior\BuildLiteBehavior [ RunTime:0.000024s ]
INFO: [ app_init ] --END-- [ RunTime:0.000927s ]
INFO: [ app_begin ] --START--
INFO: Run Behavior\ReadHtmlCacheBehavior [ RunTime:0.001389s ]
INFO: [ app_begin ] --END-- [ RunTime:0.001477s ]
SQL: SHOW COLUMNS FROM `y_user` [ RunTime:0.0008s ]
NOTIC: [2] call_user_func() expects parameter 1 to be a valid callback, no array or string given C:\xampp\htdocs\YiShuBookPlatform\service\Api\ThinkPHP\Library\Think\Upload.class.php 第 170 行.
NOTIC: [8] Undefined index: savepath C:\xampp\htdocs\YiShuBookPlatform\service\Api\Application\Home\Controller\UserController.class.php 第 87 行.
NOTIC: [8] Undefined index: savename C:\xampp\htdocs\YiShuBookPlatform\service\Api\Application\Home\Controller\UserController.class.php 第 87 行.
NOTIC: [2] Illegal offset type in isset or empty C:\xampp\htdocs\YiShuBookPlatform\service\Api\ThinkPHP\Library\Think\Model.class.php 第 445 行.
SQL: UPDATE `y_user` SET `picture`='' WHERE ( userid = '7' ) [ RunTime:0.0090s ]

[ 2018-01-01T19:02:25+08:00 ] ::1 /YiShuBookPlatform/service/Api/index.php/home/user/upload
INFO: [ app_init ] --START--
INFO: Run Behavior\BuildLiteBehavior [ RunTime:0.000015s ]
INFO: [ app_init ] --END-- [ RunTime:0.000735s ]
INFO: [ app_begin ] --START--
INFO: Run Behavior\ReadHtmlCacheBehavior [ RunTime:0.001756s ]
INFO: [ app_begin ] --END-- [ RunTime:0.001830s ]
SQL: SHOW COLUMNS FROM `y_user` [ RunTime:0.0007s ]
NOTIC: [2] call_user_func() expects parameter 1 to be a valid callback, no array or string given C:\xampp\htdocs\YiShuBookPlatform\service\Api\ThinkPHP\Library\Think\Upload.class.php 第 170 行.
NOTIC: [8] Undefined index: savepath C:\xampp\htdocs\YiShuBookPlatform\service\Api\Application\Home\Controller\UserController.class.php 第 87 行.
NOTIC: [8] Undefined index: savename C:\xampp\htdocs\YiShuBookPlatform\service\Api\Application\Home\Controller\UserController.class.php 第 87 行.
NOTIC: [2] Illegal offset type in isset or empty C:\xampp\htdocs\YiShuBookPlatform\service\Api\ThinkPHP\Library\Think\Model.class.php 第 445 行.
SQL: UPDATE `y_user` SET `picture`='' WHERE ( userid = '' ) [ RunTime:0.0005s ]

[ 2018-01-01T19:03:08+08:00 ] ::1 /YiShuBookPlatform/service/Api/index.php/home/user/upload
INFO: [ app_init ] --START--
INFO: Run Behavior\BuildLiteBehavior [ RunTime:0.000025s ]
INFO: [ app_init ] --END-- [ RunTime:0.001157s ]
INFO: [ app_begin ] --START--
INFO: Run Behavior\ReadHtmlCacheBehavior [ RunTime:0.004114s ]
INFO: [ app_begin ] --END-- [ RunTime:0.004217s ]
NOTIC: [2] call_user_func() expects parameter 1 to be a valid callback, no array or string given C:\xampp\htdocs\YiShuBookPlatform\service\Api\ThinkPHP\Library\Think\Upload.class.php 第 170 行.

[ 2018-01-01T19:10:36+08:00 ] ::1 /YiShuBookPlatform/service/Api/index.php/home/user/upload
INFO: [ app_init ] --START--
INFO: Run Behavior\BuildLiteBehavior [ RunTime:0.000013s ]
INFO: [ app_init ] --END-- [ RunTime:0.000628s ]
INFO: [ app_begin ] --START--
INFO: Run Behavior\ReadHtmlCacheBehavior [ RunTime:0.001701s ]
INFO: [ app_begin ] --END-- [ RunTime:0.001783s ]
SQL: SHOW COLUMNS FROM `y_user` [ RunTime:0.0011s ]
NOTIC: [2] call_user_func() expects parameter 1 to be a valid callback, no array or string given C:\xampp\htdocs\YiShuBookPlatform\service\Api\ThinkPHP\Library\Think\Upload.class.php 第 170 行.

[ 2018-01-01T19:13:24+08:00 ] ::1 /YiShuBookPlatform/service/Api/index.php/home/user/upload
INFO: [ app_init ] --START--
INFO: Run Behavior\BuildLiteBehavior [ RunTime:0.000026s ]
INFO: [ app_init ] --END-- [ RunTime:0.001565s ]
INFO: [ app_begin ] --START--
INFO: Run Behavior\ReadHtmlCacheBehavior [ RunTime:0.003543s ]
INFO: [ app_begin ] --END-- [ RunTime:0.003652s ]
SQL: SHOW COLUMNS FROM `y_user` [ RunTime:0.0013s ]
NOTIC: [2] call_user_func() expects parameter 1 to be a valid callback, no array or string given C:\xampp\htdocs\YiShuBookPlatform\service\Api\ThinkPHP\Library\Think\Upload.class.php 第 170 行.
NOTIC: [8] Undefined index: savepath C:\xampp\htdocs\YiShuBookPlatform\service\Api\Application\Home\Controller\UserController.class.php 第 90 行.
NOTIC: [8] Undefined index: savename C:\xampp\htdocs\YiShuBookPlatform\service\Api\Application\Home\Controller\UserController.class.php 第 90 行.
NOTIC: [2] Illegal offset type in isset or empty C:\xampp\htdocs\YiShuBookPlatform\service\Api\ThinkPHP\Library\Think\Model.class.php 第 445 行.
SQL: UPDATE `y_user` SET `picture`='' WHERE ( userid = '' ) [ RunTime:0.0007s ]

[ 2018-01-01T19:14:11+08:00 ] ::1 /YiShuBookPlatform/service/Api/index.php/home/user/upload
INFO: [ app_init ] --START--
INFO: Run Behavior\BuildLiteBehavior [ RunTime:0.000016s ]
INFO: [ app_init ] --END-- [ RunTime:0.000638s ]
INFO: [ app_begin ] --START--
INFO: Run Behavior\ReadHtmlCacheBehavior [ RunTime:0.001443s ]
INFO: [ app_begin ] --END-- [ RunTime:0.001487s ]
SQL: SHOW COLUMNS FROM `y_user` [ RunTime:0.0006s ]
NOTIC: [2] call_user_func() expects parameter 1 to be a valid callback, no array or string given C:\xampp\htdocs\YiShuBookPlatform\service\Api\ThinkPHP\Library\Think\Upload.class.php 第 170 行.
NOTIC: [8] Undefined index: savepath C:\xampp\htdocs\YiShuBookPlatform\service\Api\Application\Home\Controller\UserController.class.php 第 90 行.
NOTIC: [8] Undefined index: savename C:\xampp\htdocs\YiShuBookPlatform\service\Api\Application\Home\Controller\UserController.class.php 第 90 行.
NOTIC: [2] Illegal offset type in isset or empty C:\xampp\htdocs\YiShuBookPlatform\service\Api\ThinkPHP\Library\Think\Model.class.php 第 445 行.
SQL: UPDATE `y_user` SET `picture`='' WHERE ( userid = '' ) [ RunTime:0.0004s ]

[ 2018-01-01T19:15:27+08:00 ] ::1 /YiShuBookPlatform/service/Api/index.php/home/user/upload
INFO: [ app_init ] --START--
INFO: Run Behavior\BuildLiteBehavior [ RunTime:0.000017s ]
INFO: [ app_init ] --END-- [ RunTime:0.000748s ]
INFO: [ app_begin ] --START--
INFO: Run Behavior\ReadHtmlCacheBehavior [ RunTime:0.001520s ]
INFO: [ app_begin ] --END-- [ RunTime:0.001567s ]
NOTIC: [2] call_user_func() expects parameter 1 to be a valid callback, no array or string given C:\xampp\htdocs\YiShuBookPlatform\service\Api\ThinkPHP\Library\Think\Upload.class.php 第 170 行.

[ 2018-01-01T19:18:16+08:00 ] ::1 /YiShuBookPlatform/service/Api/index.php/home/user/upload
INFO: [ app_init ] --START--
INFO: Run Behavior\BuildLiteBehavior [ RunTime:0.000017s ]
INFO: [ app_init ] --END-- [ RunTime:0.001003s ]
INFO: [ app_begin ] --START--
INFO: Run Behavior\ReadHtmlCacheBehavior [ RunTime:0.001529s ]
INFO: [ app_begin ] --END-- [ RunTime:0.001603s ]
SQL: SHOW COLUMNS FROM `y_user` [ RunTime:0.0007s ]
NOTIC: [2] call_user_func() expects parameter 1 to be a valid callback, no array or string given C:\xampp\htdocs\YiShuBookPlatform\service\Api\ThinkPHP\Library\Think\Upload.class.php 第 170 行.
NOTIC: [8] Undefined index: savepath C:\xampp\htdocs\YiShuBookPlatform\service\Api\Application\Home\Controller\UserController.class.php 第 91 行.
NOTIC: [8] Undefined index: savename C:\xampp\htdocs\YiShuBookPlatform\service\Api\Application\Home\Controller\UserController.class.php 第 91 行.
NOTIC: [2] Illegal offset type in isset or empty C:\xampp\htdocs\YiShuBookPlatform\service\Api\ThinkPHP\Library\Think\Model.class.php 第 445 行.
SQL: UPDATE `y_user` SET `picture`='' WHERE ( userid = '7' ) [ RunTime:0.0052s ]

[ 2018-01-01T19:18:39+08:00 ] ::1 /YiShuBookPlatform/service/Api/index.php/home/user/upload
INFO: [ app_init ] --START--
INFO: Run Behavior\BuildLiteBehavior [ RunTime:0.000029s ]
INFO: [ app_init ] --END-- [ RunTime:0.001074s ]
INFO: [ app_begin ] --START--
INFO: Run Behavior\ReadHtmlCacheBehavior [ RunTime:0.002475s ]
INFO: [ app_begin ] --END-- [ RunTime:0.002573s ]
SQL: SHOW COLUMNS FROM `y_user` [ RunTime:0.0014s ]

[ 2018-01-01T19:18:48+08:00 ] ::1 /YiShuBookPlatform/service/Api/index.php/home/user/upload
INFO: [ app_init ] --START--
INFO: Run Behavior\BuildLiteBehavior [ RunTime:0.000018s ]
INFO: [ app_init ] --END-- [ RunTime:0.000806s ]
INFO: [ app_begin ] --START--
INFO: Run Behavior\ReadHtmlCacheBehavior [ RunTime:0.001489s ]
INFO: [ app_begin ] --END-- [ RunTime:0.001573s ]
SQL: SHOW COLUMNS FROM `y_user` [ RunTime:0.0009s ]
NOTIC: [2] call_user_func() expects parameter 1 to be a valid callback, no array or string given C:\xampp\htdocs\YiShuBookPlatform\service\Api\ThinkPHP\Library\Think\Upload.class.php 第 170 行.
NOTIC: [8] Undefined index: savepath C:\xampp\htdocs\YiShuBookPlatform\service\Api\Application\Home\Controller\UserController.class.php 第 92 行.
NOTIC: [8] Undefined index: savename C:\xampp\htdocs\YiShuBookPlatform\service\Api\Application\Home\Controller\UserController.class.php 第 92 行.
NOTIC: [2] Illegal offset type in isset or empty C:\xampp\htdocs\YiShuBookPlatform\service\Api\ThinkPHP\Library\Think\Model.class.php 第 445 行.
SQL: UPDATE `y_user` SET `picture`='' WHERE ( userid = '7' ) [ RunTime:0.0050s ]

[ 2018-01-01T19:18:54+08:00 ] ::1 /YiShuBookPlatform/service/Api/index.php/home/user/upload
INFO: [ app_init ] --START--
INFO: Run Behavior\BuildLiteBehavior [ RunTime:0.000014s ]
INFO: [ app_init ] --END-- [ RunTime:0.000574s ]
INFO: [ app_begin ] --START--
INFO: Run Behavior\ReadHtmlCacheBehavior [ RunTime:0.001580s ]
INFO: [ app_begin ] --END-- [ RunTime:0.001691s ]
SQL: SHOW COLUMNS FROM `y_user` [ RunTime:0.0008s ]

[ 2018-01-01T19:19:31+08:00 ] ::1 /YiShuBookPlatform/service/Api/index.php/home/user/upload
INFO: [ app_init ] --START--
INFO: Run Behavior\BuildLiteBehavior [ RunTime:0.000013s ]
INFO: [ app_init ] --END-- [ RunTime:0.000452s ]
INFO: [ app_begin ] --START--
INFO: Run Behavior\ReadHtmlCacheBehavior [ RunTime:0.000945s ]
INFO: [ app_begin ] --END-- [ RunTime:0.001017s ]
SQL: SHOW COLUMNS FROM `y_user` [ RunTime:0.0006s ]
NOTIC: [2] call_user_func() expects parameter 1 to be a valid callback, no array or string given C:\xampp\htdocs\YiShuBookPlatform\service\Api\ThinkPHP\Library\Think\Upload.class.php 第 170 行.
NOTIC: [8] Undefined index: savepath C:\xampp\htdocs\YiShuBookPlatform\service\Api\Application\Home\Controller\UserController.class.php 第 92 行.
NOTIC: [8] Undefined index: savename C:\xampp\htdocs\YiShuBookPlatform\service\Api\Application\Home\Controller\UserController.class.php 第 92 行.
NOTIC: [2] Illegal offset type in isset or empty C:\xampp\htdocs\YiShuBookPlatform\service\Api\ThinkPHP\Library\Think\Model.class.php 第 445 行.
SQL: UPDATE `y_user` SET `picture`='' WHERE ( userid = '7' ) [ RunTime:0.0033s ]

[ 2018-01-01T19:19:59+08:00 ] ::1 /YiShuBookPlatform/service/Api/index.php/home/user/upload
INFO: [ app_init ] --START--
INFO: Run Behavior\BuildLiteBehavior [ RunTime:0.000014s ]
INFO: [ app_init ] --END-- [ RunTime:0.000675s ]
INFO: [ app_begin ] --START--
INFO: Run Behavior\ReadHtmlCacheBehavior [ RunTime:0.001564s ]
INFO: [ app_begin ] --END-- [ RunTime:0.001629s ]
SQL: SHOW COLUMNS FROM `y_user` [ RunTime:0.0006s ]
NOTIC: [2] call_user_func() expects parameter 1 to be a valid callback, no array or string given C:\xampp\htdocs\YiShuBookPlatform\service\Api\ThinkPHP\Library\Think\Upload.class.php 第 170 行.
NOTIC: [8] Undefined index: savepath C:\xampp\htdocs\YiShuBookPlatform\service\Api\Application\Home\Controller\UserController.class.php 第 92 行.
NOTIC: [8] Undefined index: savename C:\xampp\htdocs\YiShuBookPlatform\service\Api\Application\Home\Controller\UserController.class.php 第 92 行.
NOTIC: [2] Illegal offset type in isset or empty C:\xampp\htdocs\YiShuBookPlatform\service\Api\ThinkPHP\Library\Think\Model.class.php 第 445 行.
SQL: UPDATE `y_user` SET `picture`='' WHERE ( userid = '7' ) [ RunTime:0.0059s ]

[ 2018-01-01T19:20:50+08:00 ] ::1 /YiShuBookPlatform/service/Api/index.php/home/user/upload
INFO: [ app_init ] --START--
INFO: Run Behavior\BuildLiteBehavior [ RunTime:0.000014s ]
INFO: [ app_init ] --END-- [ RunTime:0.000608s ]
INFO: [ app_begin ] --START--
INFO: Run Behavior\ReadHtmlCacheBehavior [ RunTime:0.001393s ]
INFO: [ app_begin ] --END-- [ RunTime:0.001449s ]
SQL: SHOW COLUMNS FROM `y_user` [ RunTime:0.0009s ]
NOTIC: [2] call_user_func() expects parameter 1 to be a valid callback, no array or string given C:\xampp\htdocs\YiShuBookPlatform\service\Api\ThinkPHP\Library\Think\Upload.class.php 第 170 行.
NOTIC: [8] Undefined index: savepath C:\xampp\htdocs\YiShuBookPlatform\service\Api\Application\Home\Controller\UserController.class.php 第 92 行.
NOTIC: [8] Undefined index: savename C:\xampp\htdocs\YiShuBookPlatform\service\Api\Application\Home\Controller\UserController.class.php 第 92 行.
NOTIC: [2] Illegal offset type in isset or empty C:\xampp\htdocs\YiShuBookPlatform\service\Api\ThinkPHP\Library\Think\Model.class.php 第 445 行.
SQL: UPDATE `y_user` SET `picture`='' WHERE ( userid = '7' ) [ RunTime:0.0034s ]

[ 2018-01-01T19:21:43+08:00 ] ::1 /YiShuBookPlatform/service/Api/index.php/home/user/upload
INFO: [ app_init ] --START--
INFO: Run Behavior\BuildLiteBehavior [ RunTime:0.000024s ]
INFO: [ app_init ] --END-- [ RunTime:0.001392s ]
INFO: [ app_begin ] --START--
INFO: Run Behavior\ReadHtmlCacheBehavior [ RunTime:0.002759s ]
INFO: [ app_begin ] --END-- [ RunTime:0.002868s ]
SQL: SHOW COLUMNS FROM `y_user` [ RunTime:0.0010s ]

[ 2018-01-01T19:21:44+08:00 ] ::1 /YiShuBookPlatform/service/Api/index.php/home/user/upload
INFO: [ app_init ] --START--
INFO: Run Behavior\BuildLiteBehavior [ RunTime:0.000016s ]
INFO: [ app_init ] --END-- [ RunTime:0.000861s ]
INFO: [ app_begin ] --START--
INFO: Run Behavior\ReadHtmlCacheBehavior [ RunTime:0.002962s ]
INFO: [ app_begin ] --END-- [ RunTime:0.003096s ]
SQL: SHOW COLUMNS FROM `y_user` [ RunTime:0.0010s ]

[ 2018-01-01T19:21:44+08:00 ] ::1 /YiShuBookPlatform/service/Api/index.php/home/user/upload
INFO: [ app_init ] --START--
INFO: Run Behavior\BuildLiteBehavior [ RunTime:0.000025s ]
INFO: [ app_init ] --END-- [ RunTime:0.002284s ]
INFO: [ app_begin ] --START--
INFO: Run Behavior\ReadHtmlCacheBehavior [ RunTime:0.002354s ]
INFO: [ app_begin ] --END-- [ RunTime:0.002451s ]
SQL: SHOW COLUMNS FROM `y_user` [ RunTime:0.0009s ]

[ 2018-01-01T19:21:44+08:00 ] ::1 /YiShuBookPlatform/service/Api/index.php/home/user/upload
INFO: [ app_init ] --START--
INFO: Run Behavior\BuildLiteBehavior [ RunTime:0.000016s ]
INFO: [ app_init ] --END-- [ RunTime:0.000641s ]
INFO: [ app_begin ] --START--
INFO: Run Behavior\ReadHtmlCacheBehavior [ RunTime:0.002012s ]
INFO: [ app_begin ] --END-- [ RunTime:0.002091s ]
SQL: SHOW COLUMNS FROM `y_user` [ RunTime:0.0010s ]

[ 2018-01-01T19:21:53+08:00 ] ::1 /YiShuBookPlatform/service/Api/index.php/home/user/upload
INFO: [ app_init ] --START--
INFO: Run Behavior\BuildLiteBehavior [ RunTime:0.000014s ]
INFO: [ app_init ] --END-- [ RunTime:0.000627s ]
INFO: [ app_begin ] --START--
INFO: Run Behavior\ReadHtmlCacheBehavior [ RunTime:0.001542s ]
INFO: [ app_begin ] --END-- [ RunTime:0.001602s ]
SQL: SHOW COLUMNS FROM `y_user` [ RunTime:0.0007s ]
NOTIC: [2] call_user_func() expects parameter 1 to be a valid callback, no array or string given C:\xampp\htdocs\YiShuBookPlatform\service\Api\ThinkPHP\Library\Think\Upload.class.php 第 170 行.
NOTIC: [8] Undefined index: savepath C:\xampp\htdocs\YiShuBookPlatform\service\Api\Application\Home\Controller\UserController.class.php 第 92 行.
NOTIC: [8] Undefined index: savename C:\xampp\htdocs\YiShuBookPlatform\service\Api\Application\Home\Controller\UserController.class.php 第 92 行.
NOTIC: [2] Illegal offset type in isset or empty C:\xampp\htdocs\YiShuBookPlatform\service\Api\ThinkPHP\Library\Think\Model.class.php 第 445 行.
SQL: UPDATE `y_user` SET `picture`='' WHERE ( userid = '7' ) [ RunTime:0.0052s ]

[ 2018-01-01T19:23:33+08:00 ] ::1 /YiShuBookPlatform/service/Api/index.php/home/user/upload
INFO: [ app_init ] --START--
INFO: Run Behavior\BuildLiteBehavior [ RunTime:0.000014s ]
INFO: [ app_init ] --END-- [ RunTime:0.000630s ]
INFO: [ app_begin ] --START--
INFO: Run Behavior\ReadHtmlCacheBehavior [ RunTime:0.001481s ]
INFO: [ app_begin ] --END-- [ RunTime:0.001530s ]
SQL: SHOW COLUMNS FROM `y_user` [ RunTime:0.0011s ]
NOTIC: [2] call_user_func() expects parameter 1 to be a valid callback, no array or string given C:\xampp\htdocs\YiShuBookPlatform\service\Api\ThinkPHP\Library\Think\Upload.class.php 第 170 行.
NOTIC: [8] Undefined index: savepath C:\xampp\htdocs\YiShuBookPlatform\service\Api\Application\Home\Controller\UserController.class.php 第 89 行.
NOTIC: [8] Undefined index: savename C:\xampp\htdocs\YiShuBookPlatform\service\Api\Application\Home\Controller\UserController.class.php 第 89 行.
NOTIC: [2] Illegal offset type in isset or empty C:\xampp\htdocs\YiShuBookPlatform\service\Api\ThinkPHP\Library\Think\Model.class.php 第 445 行.
SQL: UPDATE `y_user` SET `picture`='' WHERE ( userid = '7' ) [ RunTime:0.0045s ]

[ 2018-01-01T19:25:18+08:00 ] ::1 /YiShuBookPlatform/service/Api/index.php/home/user/upload
INFO: [ app_init ] --START--
INFO: Run Behavior\BuildLiteBehavior [ RunTime:0.000017s ]
INFO: [ app_init ] --END-- [ RunTime:0.001412s ]
INFO: [ app_begin ] --START--
INFO: Run Behavior\ReadHtmlCacheBehavior [ RunTime:0.001513s ]
INFO: [ app_begin ] --END-- [ RunTime:0.001562s ]

[ 2018-01-01T19:25:58+08:00 ] ::1 /YiShuBookPlatform/service/Api/index.php/home/user/upload
INFO: [ app_init ] --START--
INFO: Run Behavior\BuildLiteBehavior [ RunTime:0.000016s ]
INFO: [ app_init ] --END-- [ RunTime:0.000584s ]
INFO: [ app_begin ] --START--
INFO: Run Behavior\ReadHtmlCacheBehavior [ RunTime:0.002084s ]
INFO: [ app_begin ] --END-- [ RunTime:0.002188s ]
SQL: SHOW COLUMNS FROM `y_user` [ RunTime:0.0007s ]
NOTIC: [2] call_user_func() expects parameter 1 to be a valid callback, no array or string given C:\xampp\htdocs\YiShuBookPlatform\service\Api\ThinkPHP\Library\Think\Upload.class.php 第 170 行.
NOTIC: [8] Undefined index: savepath C:\xampp\htdocs\YiShuBookPlatform\service\Api\Application\Home\Controller\UserController.class.php 第 89 行.
NOTIC: [8] Undefined index: savename C:\xampp\htdocs\YiShuBookPlatform\service\Api\Application\Home\Controller\UserController.class.php 第 89 行.
NOTIC: [2] Illegal offset type in isset or empty C:\xampp\htdocs\YiShuBookPlatform\service\Api\ThinkPHP\Library\Think\Model.class.php 第 445 行.
SQL: UPDATE `y_user` SET `picture`='' WHERE ( userid = '7' ) [ RunTime:0.0049s ]

[ 2018-01-01T19:28:59+08:00 ] ::1 /YiShuBookPlatform/service/Api/index.php/home/user/upload
INFO: [ app_init ] --START--
INFO: Run Behavior\BuildLiteBehavior [ RunTime:0.000027s ]
INFO: [ app_init ] --END-- [ RunTime:0.000892s ]
INFO: [ app_begin ] --START--
INFO: Run Behavior\ReadHtmlCacheBehavior [ RunTime:0.001820s ]
INFO: [ app_begin ] --END-- [ RunTime:0.001884s ]
SQL: SHOW COLUMNS FROM `y_user` [ RunTime:0.0009s ]
NOTIC: [2] call_user_func() expects parameter 1 to be a valid callback, no array or string given C:\xampp\htdocs\YiShuBookPlatform\service\Api\ThinkPHP\Library\Think\Upload.class.php 第 170 行.
NOTIC: [8] Undefined index: savepath C:\xampp\htdocs\YiShuBookPlatform\service\Api\Application\Home\Controller\UserController.class.php 第 89 行.
NOTIC: [8] Undefined index: savename C:\xampp\htdocs\YiShuBookPlatform\service\Api\Application\Home\Controller\UserController.class.php 第 89 行.
NOTIC: [2] Illegal offset type in isset or empty C:\xampp\htdocs\YiShuBookPlatform\service\Api\ThinkPHP\Library\Think\Model.class.php 第 445 行.
SQL: UPDATE `y_user` SET `picture`='' WHERE ( userid = '1' ) [ RunTime:0.0039s ]

[ 2018-01-01T19:31:46+08:00 ] ::1 /YiShuBookPlatform/service/Api/index.php/home/user/upload
INFO: [ app_init ] --START--
INFO: Run Behavior\BuildLiteBehavior [ RunTime:0.000019s ]
INFO: [ app_init ] --END-- [ RunTime:0.000840s ]
INFO: [ app_begin ] --START--
INFO: Run Behavior\ReadHtmlCacheBehavior [ RunTime:0.002374s ]
INFO: [ app_begin ] --END-- [ RunTime:0.002487s ]
SQL: SHOW COLUMNS FROM `y_user` [ RunTime:0.0008s ]
NOTIC: [2] call_user_func() expects parameter 1 to be a valid callback, no array or string given C:\xampp\htdocs\YiShuBookPlatform\service\Api\ThinkPHP\Library\Think\Upload.class.php 第 170 行.
NOTIC: [8] Undefined index: savepath C:\xampp\htdocs\YiShuBookPlatform\service\Api\Application\Home\Controller\UserController.class.php 第 87 行.
NOTIC: [8] Undefined index: savename C:\xampp\htdocs\YiShuBookPlatform\service\Api\Application\Home\Controller\UserController.class.php 第 87 行.

[ 2018-01-01T19:32:11+08:00 ] ::1 /YiShuBookPlatform/service/Api/index.php/home/user/upload
INFO: [ app_init ] --START--
INFO: Run Behavior\BuildLiteBehavior [ RunTime:0.000028s ]
INFO: [ app_init ] --END-- [ RunTime:0.001200s ]
INFO: [ app_begin ] --START--
INFO: Run Behavior\ReadHtmlCacheBehavior [ RunTime:0.002326s ]
INFO: [ app_begin ] --END-- [ RunTime:0.002397s ]
SQL: SHOW COLUMNS FROM `y_user` [ RunTime:0.0007s ]
NOTIC: [2] call_user_func() expects parameter 1 to be a valid callback, no array or string given C:\xampp\htdocs\YiShuBookPlatform\service\Api\ThinkPHP\Library\Think\Upload.class.php 第 170 行.
NOTIC: [8] Undefined index: savepath C:\xampp\htdocs\YiShuBookPlatform\service\Api\Application\Home\Controller\UserController.class.php 第 87 行.
NOTIC: [8] Undefined index: savename C:\xampp\htdocs\YiShuBookPlatform\service\Api\Application\Home\Controller\UserController.class.php 第 87 行.

[ 2018-01-01T19:32:28+08:00 ] ::1 /YiShuBookPlatform/service/Api/index.php/home/user/upload
INFO: [ app_init ] --START--
INFO: Run Behavior\BuildLiteBehavior [ RunTime:0.000019s ]
INFO: [ app_init ] --END-- [ RunTime:0.000818s ]
INFO: [ app_begin ] --START--
INFO: Run Behavior\ReadHtmlCacheBehavior [ RunTime:0.001734s ]
INFO: [ app_begin ] --END-- [ RunTime:0.001816s ]
SQL: SHOW COLUMNS FROM `y_user` [ RunTime:0.0007s ]
NOTIC: [2] call_user_func() expects parameter 1 to be a valid callback, no array or string given C:\xampp\htdocs\YiShuBookPlatform\service\Api\ThinkPHP\Library\Think\Upload.class.php 第 170 行.
NOTIC: [8] Undefined index: savepath C:\xampp\htdocs\YiShuBookPlatform\service\Api\Application\Home\Controller\UserController.class.php 第 87 行.
NOTIC: [8] Undefined index: savename C:\xampp\htdocs\YiShuBookPlatform\service\Api\Application\Home\Controller\UserController.class.php 第 87 行.

[ 2018-01-01T19:34:17+08:00 ] ::1 /YiShuBookPlatform/service/Api/index.php/home/book/getBookCard
INFO: [ app_init ] --START--
INFO: Run Behavior\BuildLiteBehavior [ RunTime:0.000026s ]
INFO: [ app_init ] --END-- [ RunTime:0.001314s ]
INFO: [ app_begin ] --START--
INFO: Run Behavior\ReadHtmlCacheBehavior [ RunTime:0.003149s ]
INFO: [ app_begin ] --END-- [ RunTime:0.003250s ]
SQL: SHOW COLUMNS FROM `y_book` [ RunTime:0.0013s ]
SQL: SELECT * FROM `y_book` WHERE ( bookSale = '1' )  [ RunTime:0.0008s ]

[ 2018-01-01T19:34:22+08:00 ] ::1 /YiShuBookPlatform/service/Api/index.php/home/order/getOrderInfo
INFO: [ app_init ] --START--
INFO: Run Behavior\BuildLiteBehavior [ RunTime:0.000014s ]
INFO: [ app_init ] --END-- [ RunTime:0.000584s ]
INFO: [ app_begin ] --START--
INFO: Run Behavior\ReadHtmlCacheBehavior [ RunTime:0.001509s ]
INFO: [ app_begin ] --END-- [ RunTime:0.001568s ]
SQL: SHOW COLUMNS FROM `y_order` [ RunTime:0.0036s ]
SQL: SELECT * FROM `y_order` WHERE ( userid = '7' )  [ RunTime:0.0007s ]

[ 2018-01-01T19:34:24+08:00 ] ::1 /YiShuBookPlatform/service/Api/index.php/home/book/getBookCard
INFO: [ app_init ] --START--
INFO: Run Behavior\BuildLiteBehavior [ RunTime:0.000016s ]
INFO: [ app_init ] --END-- [ RunTime:0.000629s ]
INFO: [ app_begin ] --START--
INFO: Run Behavior\ReadHtmlCacheBehavior [ RunTime:0.002079s ]
INFO: [ app_begin ] --END-- [ RunTime:0.002172s ]
SQL: SHOW COLUMNS FROM `y_book` [ RunTime:0.0011s ]
SQL: SELECT * FROM `y_book` WHERE ( bookSale = '1' )  [ RunTime:0.0005s ]

[ 2018-01-01T19:34:45+08:00 ] ::1 /YiShuBookPlatform/service/Api/index.php/home/book/getBookCard
INFO: [ app_init ] --START--
INFO: Run Behavior\BuildLiteBehavior [ RunTime:0.000025s ]
INFO: [ app_init ] --END-- [ RunTime:0.001600s ]
INFO: [ app_begin ] --START--
INFO: Run Behavior\ReadHtmlCacheBehavior [ RunTime:0.002453s ]
INFO: [ app_begin ] --END-- [ RunTime:0.002557s ]
SQL: SHOW COLUMNS FROM `y_book` [ RunTime:0.0011s ]
SQL: SELECT * FROM `y_book` WHERE ( bookSale = '1' )  [ RunTime:0.0006s ]

[ 2018-01-01T19:34:48+08:00 ] ::1 /YiShuBookPlatform/service/Api/index.php/home/order/getOrderInfo
INFO: [ app_init ] --START--
INFO: Run Behavior\BuildLiteBehavior [ RunTime:0.000016s ]
INFO: [ app_init ] --END-- [ RunTime:0.000639s ]
INFO: [ app_begin ] --START--
INFO: Run Behavior\ReadHtmlCacheBehavior [ RunTime:0.002239s ]
INFO: [ app_begin ] --END-- [ RunTime:0.002320s ]
SQL: SHOW COLUMNS FROM `y_order` [ RunTime:0.0008s ]
SQL: SELECT * FROM `y_order` WHERE ( userid = '7' )  [ RunTime:0.0004s ]

[ 2018-01-01T19:34:54+08:00 ] ::1 /YiShuBookPlatform/service/Api/index.php/home/book/getBookCard
INFO: [ app_init ] --START--
INFO: Run Behavior\BuildLiteBehavior [ RunTime:0.000026s ]
INFO: [ app_init ] --END-- [ RunTime:0.000955s ]
INFO: [ app_begin ] --START--
INFO: Run Behavior\ReadHtmlCacheBehavior [ RunTime:0.002834s ]
INFO: [ app_begin ] --END-- [ RunTime:0.002935s ]
SQL: SHOW COLUMNS FROM `y_book` [ RunTime:0.0011s ]
SQL: SELECT * FROM `y_book` WHERE ( bookSale = '1' )  [ RunTime:0.0005s ]

[ 2018-01-01T19:35:02+08:00 ] ::1 /YiShuBookPlatform/service/Api/index.php/home/book/getBookCard
INFO: [ app_init ] --START--
INFO: Run Behavior\BuildLiteBehavior [ RunTime:0.000015s ]
INFO: [ app_init ] --END-- [ RunTime:0.000598s ]
INFO: [ app_begin ] --START--
INFO: Run Behavior\ReadHtmlCacheBehavior [ RunTime:0.001621s ]
INFO: [ app_begin ] --END-- [ RunTime:0.001696s ]
SQL: SHOW COLUMNS FROM `y_book` [ RunTime:0.0009s ]
SQL: SELECT * FROM `y_book` WHERE ( bookSale = '1' )  [ RunTime:0.0004s ]

[ 2018-01-01T19:35:10+08:00 ] ::1 /YiShuBookPlatform/service/Api/index.php/home/book/getBookCard
INFO: [ app_init ] --START--
INFO: Run Behavior\BuildLiteBehavior [ RunTime:0.000024s ]
INFO: [ app_init ] --END-- [ RunTime:0.001231s ]
INFO: [ app_begin ] --START--
INFO: Run Behavior\ReadHtmlCacheBehavior [ RunTime:0.002303s ]
INFO: [ app_begin ] --END-- [ RunTime:0.002392s ]
SQL: SHOW COLUMNS FROM `y_book` [ RunTime:0.0008s ]
SQL: SELECT * FROM `y_book` WHERE ( bookSale = '1' )  [ RunTime:0.0003s ]

[ 2018-01-01T19:35:17+08:00 ] ::1 /YiShuBookPlatform/service/Api/index.php/home/book/getBookCard
INFO: [ app_init ] --START--
INFO: Run Behavior\BuildLiteBehavior [ RunTime:0.000025s ]
INFO: [ app_init ] --END-- [ RunTime:0.000894s ]
INFO: [ app_begin ] --START--
INFO: Run Behavior\ReadHtmlCacheBehavior [ RunTime:0.002138s ]
INFO: [ app_begin ] --END-- [ RunTime:0.002207s ]
SQL: SHOW COLUMNS FROM `y_book` [ RunTime:0.0012s ]
SQL: SELECT * FROM `y_book` WHERE ( bookSale = '1' )  [ RunTime:0.0007s ]

[ 2018-01-01T19:35:26+08:00 ] ::1 /YiShuBookPlatform/service/Api/index.php/home/friendCircle/getDynamic
INFO: [ app_init ] --START--
INFO: Run Behavior\BuildLiteBehavior [ RunTime:0.000019s ]
INFO: [ app_init ] --END-- [ RunTime:0.000954s ]
INFO: [ app_begin ] --START--
INFO: Run Behavior\ReadHtmlCacheBehavior [ RunTime:0.002942s ]
INFO: [ app_begin ] --END-- [ RunTime:0.003042s ]
SQL: SHOW COLUMNS FROM `y_friend` [ RunTime:0.0012s ]
SQL: SELECT `id` FROM `y_friend` ORDER BY id DESC  [ RunTime:0.0007s ]
SQL: SELECT * FROM `y_friend` INNER JOIN y_user on y_friend.userid = y_user.userid  WHERE ( id = 44 )  [ RunTime:0.0008s ]
SQL: SHOW COLUMNS FROM `y_common` [ RunTime:0.0011s ]
SQL: SELECT * FROM `y_common` INNER JOIN y_user on y_common.userid = y_user.userid  WHERE ( fid = 44 )  [ RunTime:0.0006s ]
SQL: SELECT * FROM `y_friend` INNER JOIN y_user on y_friend.userid = y_user.userid  WHERE ( id = 43 )  [ RunTime:0.0004s ]
SQL: SELECT * FROM `y_common` INNER JOIN y_user on y_common.userid = y_user.userid  WHERE ( fid = 43 )  [ RunTime:0.0006s ]
SQL: SELECT * FROM `y_friend` INNER JOIN y_user on y_friend.userid = y_user.userid  WHERE ( id = 42 )  [ RunTime:0.0003s ]
SQL: SELECT * FROM `y_common` INNER JOIN y_user on y_common.userid = y_user.userid  WHERE ( fid = 42 )  [ RunTime:0.0004s ]
SQL: SELECT * FROM `y_friend` INNER JOIN y_user on y_friend.userid = y_user.userid  WHERE ( id = 41 )  [ RunTime:0.0007s ]
SQL: SELECT * FROM `y_common` INNER JOIN y_user on y_common.userid = y_user.userid  WHERE ( fid = 41 )  [ RunTime:0.0006s ]
SQL: SELECT * FROM `y_friend` INNER JOIN y_user on y_friend.userid = y_user.userid  WHERE ( id = 39 )  [ RunTime:0.0005s ]
SQL: SELECT * FROM `y_common` INNER JOIN y_user on y_common.userid = y_user.userid  WHERE ( fid = 39 )  [ RunTime:0.0005s ]
SQL: SELECT * FROM `y_friend` INNER JOIN y_user on y_friend.userid = y_user.userid  WHERE ( id = 32 )  [ RunTime:0.0004s ]
SQL: SELECT * FROM `y_common` INNER JOIN y_user on y_common.userid = y_user.userid  WHERE ( fid = 32 )  [ RunTime:0.0004s ]

[ 2018-01-01T19:35:27+08:00 ] ::1 /YiShuBookPlatform/service/Api/index.php/home/book/getBooksOnSale
INFO: [ app_init ] --START--
INFO: Run Behavior\BuildLiteBehavior [ RunTime:0.000021s ]
INFO: [ app_init ] --END-- [ RunTime:0.000810s ]
INFO: [ app_begin ] --START--
INFO: Run Behavior\ReadHtmlCacheBehavior [ RunTime:0.002612s ]
INFO: [ app_begin ] --END-- [ RunTime:0.002696s ]
SQL: SHOW COLUMNS FROM `y_book` [ RunTime:0.0010s ]
SQL: SELECT * FROM `y_book` WHERE ( bookSale = '1' )  [ RunTime:0.0005s ]

[ 2018-01-01T19:35:27+08:00 ] ::1 /YiShuBookPlatform/service/Api/index.php/home/book/getAllBooks
INFO: [ app_init ] --START--
INFO: Run Behavior\BuildLiteBehavior [ RunTime:0.000024s ]
INFO: [ app_init ] --END-- [ RunTime:0.001125s ]
INFO: [ app_begin ] --START--
INFO: Run Behavior\ReadHtmlCacheBehavior [ RunTime:0.002591s ]
INFO: [ app_begin ] --END-- [ RunTime:0.002679s ]
SQL: SHOW COLUMNS FROM `y_book` [ RunTime:0.0010s ]
SQL: SELECT * FROM `y_book`  [ RunTime:0.0006s ]

[ 2018-01-01T19:35:28+08:00 ] ::1 /YiShuBookPlatform/service/Api/index.php/home/book/getOldBooks
INFO: [ app_init ] --START--
INFO: Run Behavior\BuildLiteBehavior [ RunTime:0.000025s ]
INFO: [ app_init ] --END-- [ RunTime:0.000979s ]
INFO: [ app_begin ] --START--
INFO: Run Behavior\ReadHtmlCacheBehavior [ RunTime:0.002749s ]
INFO: [ app_begin ] --END-- [ RunTime:0.002837s ]
SQL: SHOW COLUMNS FROM `y_oldbook` [ RunTime:0.0044s ]
SQL: select y_user.nickname,y_oldbook.*from y_user,y_oldbook where y_oldbook.userid = y_user.userid [ RunTime:0.0006s ]

[ 2018-01-01T19:35:30+08:00 ] ::1 /YiShuBookPlatform/service/Api/index.php/home/book/getBooksOnSale
INFO: [ app_init ] --START--
INFO: Run Behavior\BuildLiteBehavior [ RunTime:0.000024s ]
INFO: [ app_init ] --END-- [ RunTime:0.000843s ]
INFO: [ app_begin ] --START--
INFO: Run Behavior\ReadHtmlCacheBehavior [ RunTime:0.002784s ]
INFO: [ app_begin ] --END-- [ RunTime:0.002886s ]
SQL: SHOW COLUMNS FROM `y_book` [ RunTime:0.0008s ]
SQL: SELECT * FROM `y_book` WHERE ( bookSale = '1' )  [ RunTime:0.0003s ]

[ 2018-01-01T19:35:30+08:00 ] ::1 /YiShuBookPlatform/service/Api/index.php/home/book/getAllBooks
INFO: [ app_init ] --START--
INFO: Run Behavior\BuildLiteBehavior [ RunTime:0.000018s ]
INFO: [ app_init ] --END-- [ RunTime:0.000797s ]
INFO: [ app_begin ] --START--
INFO: Run Behavior\ReadHtmlCacheBehavior [ RunTime:0.003105s ]
INFO: [ app_begin ] --END-- [ RunTime:0.003194s ]
SQL: SHOW COLUMNS FROM `y_book` [ RunTime:0.0012s ]
SQL: SELECT * FROM `y_book`  [ RunTime:0.0006s ]

[ 2018-01-01T19:35:38+08:00 ] ::1 /YiShuBookPlatform/service/Api/index.php/home/book/getBookCard
INFO: [ app_init ] --START--
INFO: Run Behavior\BuildLiteBehavior [ RunTime:0.000023s ]
INFO: [ app_init ] --END-- [ RunTime:0.000898s ]
INFO: [ app_begin ] --START--
INFO: Run Behavior\ReadHtmlCacheBehavior [ RunTime:0.001538s ]
INFO: [ app_begin ] --END-- [ RunTime:0.001606s ]
SQL: SHOW COLUMNS FROM `y_book` [ RunTime:0.0008s ]
SQL: SELECT * FROM `y_book` WHERE ( bookSale = '1' )  [ RunTime:0.0005s ]

[ 2018-01-01T19:36:24+08:00 ] ::1 /YiShuBookPlatform/service/Api/index.php/home/book/getBookCard
INFO: [ app_init ] --START--
INFO: Run Behavior\BuildLiteBehavior [ RunTime:0.000021s ]
INFO: [ app_init ] --END-- [ RunTime:0.000758s ]
INFO: [ app_begin ] --START--
INFO: Run Behavior\ReadHtmlCacheBehavior [ RunTime:0.001637s ]
INFO: [ app_begin ] --END-- [ RunTime:0.001704s ]
SQL: SHOW COLUMNS FROM `y_book` [ RunTime:0.0012s ]
SQL: SELECT * FROM `y_book` WHERE ( bookSale = '1' )  [ RunTime:0.0006s ]

[ 2018-01-01T19:37:16+08:00 ] ::1 /YiShuBookPlatform/service/Api/index.php/home/book/getBookCard
INFO: [ app_init ] --START--
INFO: Run Behavior\BuildLiteBehavior [ RunTime:0.000024s ]
INFO: [ app_init ] --END-- [ RunTime:0.000905s ]
INFO: [ app_begin ] --START--
INFO: Run Behavior\ReadHtmlCacheBehavior [ RunTime:0.002276s ]
INFO: [ app_begin ] --END-- [ RunTime:0.002367s ]
SQL: SHOW COLUMNS FROM `y_book` [ RunTime:0.0027s ]
SQL: SELECT * FROM `y_book` WHERE ( bookSale = '1' )  [ RunTime:0.0005s ]

[ 2018-01-01T19:37:19+08:00 ] ::1 /YiShuBookPlatform/service/Api/index.php/home/order/getOrderInfo
INFO: [ app_init ] --START--
INFO: Run Behavior\BuildLiteBehavior [ RunTime:0.000015s ]
INFO: [ app_init ] --END-- [ RunTime:0.000551s ]
INFO: [ app_begin ] --START--
INFO: Run Behavior\ReadHtmlCacheBehavior [ RunTime:0.001504s ]
INFO: [ app_begin ] --END-- [ RunTime:0.001561s ]
SQL: SHOW COLUMNS FROM `y_order` [ RunTime:0.0009s ]
SQL: SELECT * FROM `y_order` WHERE ( userid = '7' )  [ RunTime:0.0005s ]

[ 2018-01-01T19:37:41+08:00 ] ::1 /YiShuBookPlatform/service/Api/index.php/home/book/getBookCard
INFO: [ app_init ] --START--
INFO: Run Behavior\BuildLiteBehavior [ RunTime:0.000026s ]
INFO: [ app_init ] --END-- [ RunTime:0.000959s ]
INFO: [ app_begin ] --START--
INFO: Run Behavior\ReadHtmlCacheBehavior [ RunTime:0.002466s ]
INFO: [ app_begin ] --END-- [ RunTime:0.002558s ]
SQL: SHOW COLUMNS FROM `y_book` [ RunTime:0.0009s ]
SQL: SELECT * FROM `y_book` WHERE ( bookSale = '1' )  [ RunTime:0.0005s ]

[ 2018-01-01T19:37:44+08:00 ] ::1 /YiShuBookPlatform/service/Api/index.php/home/order/getOrderInfo
INFO: [ app_init ] --START--
INFO: Run Behavior\BuildLiteBehavior [ RunTime:0.000014s ]
INFO: [ app_init ] --END-- [ RunTime:0.000550s ]
INFO: [ app_begin ] --START--
INFO: Run Behavior\ReadHtmlCacheBehavior [ RunTime:0.001818s ]
INFO: [ app_begin ] --END-- [ RunTime:0.001907s ]
SQL: SHOW COLUMNS FROM `y_order` [ RunTime:0.0007s ]
SQL: SELECT * FROM `y_order` WHERE ( userid = '7' )  [ RunTime:0.0003s ]

[ 2018-01-01T19:37:59+08:00 ] ::1 /YiShuBookPlatform/service/Api/index.php/home/book/getBookCard
INFO: [ app_init ] --START--
INFO: Run Behavior\BuildLiteBehavior [ RunTime:0.000025s ]
INFO: [ app_init ] --END-- [ RunTime:0.000992s ]
INFO: [ app_begin ] --START--
INFO: Run Behavior\ReadHtmlCacheBehavior [ RunTime:0.002944s ]
INFO: [ app_begin ] --END-- [ RunTime:0.003060s ]
SQL: SHOW COLUMNS FROM `y_book` [ RunTime:0.0007s ]
SQL: SELECT * FROM `y_book` WHERE ( bookSale = '1' )  [ RunTime:0.0004s ]

[ 2018-01-01T19:38:02+08:00 ] ::1 /YiShuBookPlatform/service/Api/index.php/home/book/getBooksOnSale
INFO: [ app_init ] --START--
INFO: Run Behavior\BuildLiteBehavior [ RunTime:0.000021s ]
INFO: [ app_init ] --END-- [ RunTime:0.000801s ]
INFO: [ app_begin ] --START--
INFO: Run Behavior\ReadHtmlCacheBehavior [ RunTime:0.003013s ]
INFO: [ app_begin ] --END-- [ RunTime:0.003104s ]
SQL: SHOW COLUMNS FROM `y_book` [ RunTime:0.0007s ]
SQL: SELECT * FROM `y_book` WHERE ( bookSale = '1' )  [ RunTime:0.0004s ]

[ 2018-01-01T19:38:02+08:00 ] ::1 /YiShuBookPlatform/service/Api/index.php/home/book/getAllBooks
INFO: [ app_init ] --START--
INFO: Run Behavior\BuildLiteBehavior [ RunTime:0.000020s ]
INFO: [ app_init ] --END-- [ RunTime:0.000818s ]
INFO: [ app_begin ] --START--
INFO: Run Behavior\ReadHtmlCacheBehavior [ RunTime:0.002280s ]
INFO: [ app_begin ] --END-- [ RunTime:0.002372s ]
SQL: SHOW COLUMNS FROM `y_book` [ RunTime:0.0010s ]
SQL: SELECT * FROM `y_book`  [ RunTime:0.0005s ]

[ 2018-01-01T19:38:14+08:00 ] ::1 /YiShuBookPlatform/service/Api/index.php/home/order/addOrder
INFO: [ app_init ] --START--
INFO: Run Behavior\BuildLiteBehavior [ RunTime:0.000017s ]
INFO: [ app_init ] --END-- [ RunTime:0.000758s ]
INFO: [ app_begin ] --START--
INFO: Run Behavior\ReadHtmlCacheBehavior [ RunTime:0.001671s ]
INFO: [ app_begin ] --END-- [ RunTime:0.001726s ]
SQL: SHOW COLUMNS FROM `y_order` [ RunTime:0.0033s ]
SQL: INSERT INTO `y_order` (`bookName`,`orderPrice`,`sessionDate`,`userId`,`orderAdress`,`orderPic`) VALUES ('冷雨','28','1514806694','7','安徽信息工程学院文津校区4栋','book1.jpg') [ RunTime:0.0050s ]

[ 2018-01-01T19:38:17+08:00 ] ::1 /YiShuBookPlatform/service/Api/index.php/home/book/getBookCard
INFO: [ app_init ] --START--
INFO: Run Behavior\BuildLiteBehavior [ RunTime:0.000024s ]
INFO: [ app_init ] --END-- [ RunTime:0.000880s ]
INFO: [ app_begin ] --START--
INFO: Run Behavior\ReadHtmlCacheBehavior [ RunTime:0.001717s ]
INFO: [ app_begin ] --END-- [ RunTime:0.001785s ]
SQL: SHOW COLUMNS FROM `y_book` [ RunTime:0.0012s ]
SQL: SELECT * FROM `y_book` WHERE ( bookSale = '1' )  [ RunTime:0.0007s ]

[ 2018-01-01T19:38:27+08:00 ] ::1 /YiShuBookPlatform/service/Api/index.php/home/order/getOrderInfo
INFO: [ app_init ] --START--
INFO: Run Behavior\BuildLiteBehavior [ RunTime:0.000018s ]
INFO: [ app_init ] --END-- [ RunTime:0.000741s ]
INFO: [ app_begin ] --START--
INFO: Run Behavior\ReadHtmlCacheBehavior [ RunTime:0.002730s ]
INFO: [ app_begin ] --END-- [ RunTime:0.002840s ]
SQL: SHOW COLUMNS FROM `y_order` [ RunTime:0.0043s ]
SQL: SELECT * FROM `y_order` WHERE ( userid = '7' )  [ RunTime:0.0004s ]

[ 2018-01-01T19:38:32+08:00 ] ::1 /YiShuBookPlatform/service/Api/index.php/home/book/getBookCard
INFO: [ app_init ] --START--
INFO: Run Behavior\BuildLiteBehavior [ RunTime:0.000023s ]
INFO: [ app_init ] --END-- [ RunTime:0.000860s ]
INFO: [ app_begin ] --START--
INFO: Run Behavior\ReadHtmlCacheBehavior [ RunTime:0.002573s ]
INFO: [ app_begin ] --END-- [ RunTime:0.002668s ]
SQL: SHOW COLUMNS FROM `y_book` [ RunTime:0.0009s ]
SQL: SELECT * FROM `y_book` WHERE ( bookSale = '1' )  [ RunTime:0.0005s ]

[ 2018-01-01T19:39:14+08:00 ] ::1 /YiShuBookPlatform/service/Api/index.php/home/book/getBookCard
INFO: [ app_init ] --START--
INFO: Run Behavior\BuildLiteBehavior [ RunTime:0.000028s ]
INFO: [ app_init ] --END-- [ RunTime:0.001282s ]
INFO: [ app_begin ] --START--
INFO: Run Behavior\ReadHtmlCacheBehavior [ RunTime:0.002474s ]
INFO: [ app_begin ] --END-- [ RunTime:0.002554s ]
SQL: SHOW COLUMNS FROM `y_book` [ RunTime:0.0010s ]
SQL: SELECT * FROM `y_book` WHERE ( bookSale = '1' )  [ RunTime:0.0005s ]

[ 2018-01-01T19:39:32+08:00 ] ::1 /YiShuBookPlatform/service/Api/index.php/home/user/saveInfo
INFO: [ app_init ] --START--
INFO: Run Behavior\BuildLiteBehavior [ RunTime:0.000016s ]
INFO: [ app_init ] --END-- [ RunTime:0.000633s ]
INFO: [ app_begin ] --START--
INFO: Run Behavior\ReadHtmlCacheBehavior [ RunTime:0.001735s ]
INFO: [ app_begin ] --END-- [ RunTime:0.001794s ]
SQL: SHOW COLUMNS FROM `y_user` [ RunTime:0.0007s ]
NOTIC: [2] Illegal offset type in isset or empty C:\xampp\htdocs\YiShuBookPlatform\service\Api\ThinkPHP\Library\Think\Model.class.php 第 445 行.
SQL: UPDATE `y_user` SET `nickname`='HT',`address`='安徽信息工程学院文津校区4栋' WHERE ( userid = '7' ) [ RunTime:0.0113s ]
SQL: SELECT * FROM `y_user` WHERE ( userid = '7' ) LIMIT 1   [ RunTime:0.0004s ]

[ 2018-01-01T19:39:33+08:00 ] ::1 /YiShuBookPlatform/service/Api/index.php/home/book/getBookCard
INFO: [ app_init ] --START--
INFO: Run Behavior\BuildLiteBehavior [ RunTime:0.000016s ]
INFO: [ app_init ] --END-- [ RunTime:0.000596s ]
INFO: [ app_begin ] --START--
INFO: Run Behavior\ReadHtmlCacheBehavior [ RunTime:0.002870s ]
INFO: [ app_begin ] --END-- [ RunTime:0.002974s ]
SQL: SHOW COLUMNS FROM `y_book` [ RunTime:0.0009s ]
SQL: SELECT * FROM `y_book` WHERE ( bookSale = '1' )  [ RunTime:0.0005s ]

[ 2018-01-01T19:39:56+08:00 ] ::1 /YiShuBookPlatform/service/Api/index.php/home/user/saveInfo
INFO: [ app_init ] --START--
INFO: Run Behavior\BuildLiteBehavior [ RunTime:0.000013s ]
INFO: [ app_init ] --END-- [ RunTime:0.000549s ]
INFO: [ app_begin ] --START--
INFO: Run Behavior\ReadHtmlCacheBehavior [ RunTime:0.001523s ]
INFO: [ app_begin ] --END-- [ RunTime:0.001590s ]
SQL: SHOW COLUMNS FROM `y_user` [ RunTime:0.0008s ]
NOTIC: [2] Illegal offset type in isset or empty C:\xampp\htdocs\YiShuBookPlatform\service\Api\ThinkPHP\Library\Think\Model.class.php 第 445 行.
SQL: UPDATE `y_user` SET `nickname`='Ht',`address`='安徽信息工程学院文津校区4栋' WHERE ( userid = '7' ) [ RunTime:0.0048s ]
SQL: SELECT * FROM `y_user` WHERE ( userid = '7' ) LIMIT 1   [ RunTime:0.0004s ]

[ 2018-01-01T19:39:57+08:00 ] ::1 /YiShuBookPlatform/service/Api/index.php/home/book/getBookCard
INFO: [ app_init ] --START--
INFO: Run Behavior\BuildLiteBehavior [ RunTime:0.000026s ]
INFO: [ app_init ] --END-- [ RunTime:0.001017s ]
INFO: [ app_begin ] --START--
INFO: Run Behavior\ReadHtmlCacheBehavior [ RunTime:0.002846s ]
INFO: [ app_begin ] --END-- [ RunTime:0.002950s ]
SQL: SHOW COLUMNS FROM `y_book` [ RunTime:0.0010s ]
SQL: SELECT * FROM `y_book` WHERE ( bookSale = '1' )  [ RunTime:0.0005s ]

[ 2018-01-01T19:40:17+08:00 ] ::1 /YiShuBookPlatform/service/Api/index.php/home/book/getBookCard
INFO: [ app_init ] --START--
INFO: Run Behavior\BuildLiteBehavior [ RunTime:0.000016s ]
INFO: [ app_init ] --END-- [ RunTime:0.000618s ]
INFO: [ app_begin ] --START--
INFO: Run Behavior\ReadHtmlCacheBehavior [ RunTime:0.001937s ]
INFO: [ app_begin ] --END-- [ RunTime:0.002018s ]
SQL: SHOW COLUMNS FROM `y_book` [ RunTime:0.0010s ]
SQL: SELECT * FROM `y_book` WHERE ( bookSale = '1' )  [ RunTime:0.0006s ]

[ 2018-01-01T19:40:23+08:00 ] ::1 /YiShuBookPlatform/service/Api/index.php/home/book/getBookCard
INFO: [ app_init ] --START--
INFO: Run Behavior\BuildLiteBehavior [ RunTime:0.000020s ]
INFO: [ app_init ] --END-- [ RunTime:0.000824s ]
INFO: [ app_begin ] --START--
INFO: Run Behavior\ReadHtmlCacheBehavior [ RunTime:0.002483s ]
INFO: [ app_begin ] --END-- [ RunTime:0.002599s ]
SQL: SHOW COLUMNS FROM `y_book` [ RunTime:0.0011s ]
SQL: SELECT * FROM `y_book` WHERE ( bookSale = '1' )  [ RunTime:0.0006s ]

[ 2018-01-01T19:40:30+08:00 ] ::1 /YiShuBookPlatform/service/Api/index.php/home/friendCircle/getDynamic
INFO: [ app_init ] --START--
INFO: Run Behavior\BuildLiteBehavior [ RunTime:0.000045s ]
INFO: [ app_init ] --END-- [ RunTime:0.000940s ]
INFO: [ app_begin ] --START--
INFO: Run Behavior\ReadHtmlCacheBehavior [ RunTime:0.003142s ]
INFO: [ app_begin ] --END-- [ RunTime:0.003250s ]
SQL: SHOW COLUMNS FROM `y_friend` [ RunTime:0.0046s ]
SQL: SELECT `id` FROM `y_friend` ORDER BY id DESC  [ RunTime:0.0004s ]
SQL: SELECT * FROM `y_friend` INNER JOIN y_user on y_friend.userid = y_user.userid  WHERE ( id = 44 )  [ RunTime:0.0005s ]
SQL: SHOW COLUMNS FROM `y_common` [ RunTime:0.0040s ]
SQL: SELECT * FROM `y_common` INNER JOIN y_user on y_common.userid = y_user.userid  WHERE ( fid = 44 )  [ RunTime:0.0006s ]
SQL: SELECT * FROM `y_friend` INNER JOIN y_user on y_friend.userid = y_user.userid  WHERE ( id = 43 )  [ RunTime:0.0005s ]
SQL: SELECT * FROM `y_common` INNER JOIN y_user on y_common.userid = y_user.userid  WHERE ( fid = 43 )  [ RunTime:0.0005s ]
SQL: SELECT * FROM `y_friend` INNER JOIN y_user on y_friend.userid = y_user.userid  WHERE ( id = 42 )  [ RunTime:0.0004s ]
SQL: SELECT * FROM `y_common` INNER JOIN y_user on y_common.userid = y_user.userid  WHERE ( fid = 42 )  [ RunTime:0.0004s ]
SQL: SELECT * FROM `y_friend` INNER JOIN y_user on y_friend.userid = y_user.userid  WHERE ( id = 41 )  [ RunTime:0.0003s ]
SQL: SELECT * FROM `y_common` INNER JOIN y_user on y_common.userid = y_user.userid  WHERE ( fid = 41 )  [ RunTime:0.0003s ]
SQL: SELECT * FROM `y_friend` INNER JOIN y_user on y_friend.userid = y_user.userid  WHERE ( id = 39 )  [ RunTime:0.0005s ]
SQL: SELECT * FROM `y_common` INNER JOIN y_user on y_common.userid = y_user.userid  WHERE ( fid = 39 )  [ RunTime:0.0004s ]
SQL: SELECT * FROM `y_friend` INNER JOIN y_user on y_friend.userid = y_user.userid  WHERE ( id = 32 )  [ RunTime:0.0002s ]
SQL: SELECT * FROM `y_common` INNER JOIN y_user on y_common.userid = y_user.userid  WHERE ( fid = 32 )  [ RunTime:0.0002s ]

[ 2018-01-01T19:40:31+08:00 ] ::1 /YiShuBookPlatform/service/Api/index.php/home/book/getAllBooks
INFO: [ app_init ] --START--
INFO: Run Behavior\BuildLiteBehavior [ RunTime:0.000024s ]
INFO: [ app_init ] --END-- [ RunTime:0.000836s ]
INFO: [ app_begin ] --START--
INFO: Run Behavior\ReadHtmlCacheBehavior [ RunTime:0.002388s ]
INFO: [ app_begin ] --END-- [ RunTime:0.002476s ]
SQL: SHOW COLUMNS FROM `y_book` [ RunTime:0.0011s ]
SQL: SELECT * FROM `y_book`  [ RunTime:0.0006s ]

[ 2018-01-01T19:40:31+08:00 ] ::1 /YiShuBookPlatform/service/Api/index.php/home/book/getBooksOnSale
INFO: [ app_init ] --START--
INFO: Run Behavior\BuildLiteBehavior [ RunTime:0.000025s ]
INFO: [ app_init ] --END-- [ RunTime:0.000848s ]
INFO: [ app_begin ] --START--
INFO: Run Behavior\ReadHtmlCacheBehavior [ RunTime:0.002342s ]
INFO: [ app_begin ] --END-- [ RunTime:0.002438s ]
SQL: SHOW COLUMNS FROM `y_book` [ RunTime:0.0013s ]
SQL: SELECT * FROM `y_book` WHERE ( bookSale = '1' )  [ RunTime:0.0008s ]

[ 2018-01-01T19:40:34+08:00 ] ::1 /YiShuBookPlatform/service/Api/index.php/home/book/getBookCard
INFO: [ app_init ] --START--
INFO: Run Behavior\BuildLiteBehavior [ RunTime:0.000022s ]
INFO: [ app_init ] --END-- [ RunTime:0.000840s ]
INFO: [ app_begin ] --START--
INFO: Run Behavior\ReadHtmlCacheBehavior [ RunTime:0.001614s ]
INFO: [ app_begin ] --END-- [ RunTime:0.001684s ]
SQL: SHOW COLUMNS FROM `y_book` [ RunTime:0.0011s ]
SQL: SELECT * FROM `y_book` WHERE ( bookSale = '1' )  [ RunTime:0.0007s ]

[ 2018-01-01T19:41:11+08:00 ] ::1 /YiShuBookPlatform/service/Api/index.php/home/book/getBookCard
INFO: [ app_init ] --START--
INFO: Run Behavior\BuildLiteBehavior [ RunTime:0.000028s ]
INFO: [ app_init ] --END-- [ RunTime:0.001206s ]
INFO: [ app_begin ] --START--
INFO: Run Behavior\ReadHtmlCacheBehavior [ RunTime:0.002306s ]
INFO: [ app_begin ] --END-- [ RunTime:0.002396s ]
SQL: SHOW COLUMNS FROM `y_book` [ RunTime:0.0008s ]
SQL: SELECT * FROM `y_book` WHERE ( bookSale = '1' )  [ RunTime:0.0004s ]

[ 2018-01-01T19:41:26+08:00 ] ::1 /YiShuBookPlatform/service/Api/index.php/home/book/getBookCard
INFO: [ app_init ] --START--
INFO: Run Behavior\BuildLiteBehavior [ RunTime:0.000045s ]
INFO: [ app_init ] --END-- [ RunTime:0.001241s ]
INFO: [ app_begin ] --START--
INFO: Run Behavior\ReadHtmlCacheBehavior [ RunTime:0.002464s ]
INFO: [ app_begin ] --END-- [ RunTime:0.002547s ]
SQL: SHOW COLUMNS FROM `y_book` [ RunTime:0.0008s ]
SQL: SELECT * FROM `y_book` WHERE ( bookSale = '1' )  [ RunTime:0.0004s ]

