[ 2018-01-05T11:33:05+08:00 ] ::1 /YiShuBookPlatform/service/Api/index.php/home/login/checklogin
INFO: [ app_init ] --START--
INFO: Run Behavior\BuildLiteBehavior [ RunTime:0.000027s ]
INFO: [ app_init ] --END-- [ RunTime:0.001045s ]
INFO: [ app_begin ] --START--
INFO: Run Behavior\ReadHtmlCacheBehavior [ RunTime:0.001855s ]
INFO: [ app_begin ] --END-- [ RunTime:0.001940s ]
SQL: SHOW COLUMNS FROM `y_user` [ RunTime:0.0010s ]
SQL: SELECT * FROM `y_user` WHERE ( phone = '15755320770' ) LIMIT 1   [ RunTime:0.0005s ]

[ 2018-01-05T11:33:09+08:00 ] ::1 /YiShuBookPlatform/service/Api/index.php/home/book/getBookCard
INFO: [ app_init ] --START--
INFO: Run Behavior\BuildLiteBehavior [ RunTime:0.000026s ]
INFO: [ app_init ] --END-- [ RunTime:0.000915s ]
INFO: [ app_begin ] --START--
INFO: Run Behavior\ReadHtmlCacheBehavior [ RunTime:0.001803s ]
INFO: [ app_begin ] --END-- [ RunTime:0.001897s ]
SQL: SHOW COLUMNS FROM `y_book` [ RunTime:0.0011s ]
SQL: SELECT * FROM `y_book` WHERE ( bookShow = '1' )  [ RunTime:0.0005s ]

[ 2018-01-05T11:33:15+08:00 ] ::1 /YiShuBookPlatform/service/Api/index.php/home/book/getBooksOnSale
INFO: [ app_init ] --START--
INFO: Run Behavior\BuildLiteBehavior [ RunTime:0.000027s ]
INFO: [ app_init ] --END-- [ RunTime:0.000882s ]
INFO: [ app_begin ] --START--
INFO: Run Behavior\ReadHtmlCacheBehavior [ RunTime:0.001410s ]
INFO: [ app_begin ] --END-- [ RunTime:0.001507s ]
SQL: SHOW COLUMNS FROM `y_book` [ RunTime:0.0013s ]
SQL: SELECT * FROM `y_book` WHERE ( bookSale = '1' )  [ RunTime:0.0005s ]

[ 2018-01-05T11:33:15+08:00 ] ::1 /YiShuBookPlatform/service/Api/index.php/home/book/getAllBooks
INFO: [ app_init ] --START--
INFO: Run Behavior\BuildLiteBehavior [ RunTime:0.000022s ]
INFO: [ app_init ] --END-- [ RunTime:0.001061s ]
INFO: [ app_begin ] --START--
INFO: Run Behavior\ReadHtmlCacheBehavior [ RunTime:0.002314s ]
INFO: [ app_begin ] --END-- [ RunTime:0.002408s ]
SQL: SHOW COLUMNS FROM `y_book` [ RunTime:0.0010s ]
SQL: SELECT * FROM `y_book`  [ RunTime:0.0005s ]

[ 2018-01-05T11:33:16+08:00 ] ::1 /YiShuBookPlatform/service/Api/index.php/home/friendCircle/getDynamic
INFO: [ app_init ] --START--
INFO: Run Behavior\BuildLiteBehavior [ RunTime:0.000025s ]
INFO: [ app_init ] --END-- [ RunTime:0.001203s ]
INFO: [ app_begin ] --START--
INFO: Run Behavior\ReadHtmlCacheBehavior [ RunTime:0.002021s ]
INFO: [ app_begin ] --END-- [ RunTime:0.002124s ]
SQL: SHOW COLUMNS FROM `y_friend` [ RunTime:0.0009s ]
SQL: SELECT `id` FROM `y_friend` ORDER BY id DESC  [ RunTime:0.0005s ]
SQL: SELECT * FROM `y_friend` INNER JOIN y_user on y_friend.userid = y_user.userid  WHERE ( id = 2 )  [ RunTime:0.0009s ]
SQL: SHOW COLUMNS FROM `y_common` [ RunTime:0.0018s ]
SQL: SELECT * FROM `y_common` INNER JOIN y_user on y_common.userid = y_user.userid  WHERE ( fid = 2 )  [ RunTime:0.0007s ]

[ 2018-01-05T11:33:18+08:00 ] ::1 /YiShuBookPlatform/service/Api/index.php/home/activity/getActivities
INFO: [ app_init ] --START--
INFO: Run Behavior\BuildLiteBehavior [ RunTime:0.000022s ]
INFO: [ app_init ] --END-- [ RunTime:0.000797s ]
INFO: [ app_begin ] --START--
INFO: Run Behavior\ReadHtmlCacheBehavior [ RunTime:0.001352s ]
INFO: [ app_begin ] --END-- [ RunTime:0.001437s ]
SQL: SHOW COLUMNS FROM `y_activity` [ RunTime:0.0006s ]
SQL: SELECT * FROM `y_activity`  [ RunTime:0.0003s ]

[ 2018-01-05T11:33:31+08:00 ] ::1 /YiShuBookPlatform/service/Api/index.php/home/book/getBookCard
INFO: [ app_init ] --START--
INFO: Run Behavior\BuildLiteBehavior [ RunTime:0.000021s ]
INFO: [ app_init ] --END-- [ RunTime:0.000705s ]
INFO: [ app_begin ] --START--
INFO: Run Behavior\ReadHtmlCacheBehavior [ RunTime:0.000942s ]
INFO: [ app_begin ] --END-- [ RunTime:0.001018s ]
SQL: SHOW COLUMNS FROM `y_book` [ RunTime:0.0010s ]
SQL: SELECT * FROM `y_book` WHERE ( bookShow = '1' )  [ RunTime:0.0005s ]

[ 2018-01-05T11:33:42+08:00 ] ::1 /YiShuBookPlatform/service/Api/index.php/home/book/getBookCard
INFO: [ app_init ] --START--
INFO: Run Behavior\BuildLiteBehavior [ RunTime:0.000022s ]
INFO: [ app_init ] --END-- [ RunTime:0.000929s ]
INFO: [ app_begin ] --START--
INFO: Run Behavior\ReadHtmlCacheBehavior [ RunTime:0.001848s ]
INFO: [ app_begin ] --END-- [ RunTime:0.001912s ]
SQL: SHOW COLUMNS FROM `y_book` [ RunTime:0.0010s ]
SQL: SELECT * FROM `y_book` WHERE ( bookShow = '1' )  [ RunTime:0.0004s ]

[ 2018-01-05T11:34:16+08:00 ] ::1 /YiShuBookPlatform/service/Api/index.php/home/login/checklogin
INFO: [ app_init ] --START--
INFO: Run Behavior\BuildLiteBehavior [ RunTime:0.000024s ]
INFO: [ app_init ] --END-- [ RunTime:0.000859s ]
INFO: [ app_begin ] --START--
INFO: Run Behavior\ReadHtmlCacheBehavior [ RunTime:0.001560s ]
INFO: [ app_begin ] --END-- [ RunTime:0.001668s ]
SQL: SHOW COLUMNS FROM `y_user` [ RunTime:0.0007s ]
SQL: SELECT * FROM `y_user` WHERE ( phone = '15755320770' ) LIMIT 1   [ RunTime:0.0004s ]

[ 2018-01-05T11:34:20+08:00 ] ::1 /YiShuBookPlatform/service/Api/index.php/home/book/getBookCard
INFO: [ app_init ] --START--
INFO: Run Behavior\BuildLiteBehavior [ RunTime:0.000023s ]
INFO: [ app_init ] --END-- [ RunTime:0.000716s ]
INFO: [ app_begin ] --START--
INFO: Run Behavior\ReadHtmlCacheBehavior [ RunTime:0.001839s ]
INFO: [ app_begin ] --END-- [ RunTime:0.001942s ]
SQL: SHOW COLUMNS FROM `y_book` [ RunTime:0.0010s ]
SQL: SELECT * FROM `y_book` WHERE ( bookShow = '1' )  [ RunTime:0.0005s ]

[ 2018-01-05T11:34:32+08:00 ] ::1 /YiShuBookPlatform/service/Api/index.php/home/book/getBookCard
INFO: [ app_init ] --START--
INFO: Run Behavior\BuildLiteBehavior [ RunTime:0.000015s ]
INFO: [ app_init ] --END-- [ RunTime:0.000511s ]
INFO: [ app_begin ] --START--
INFO: Run Behavior\ReadHtmlCacheBehavior [ RunTime:0.001355s ]
INFO: [ app_begin ] --END-- [ RunTime:0.001444s ]
SQL: SHOW COLUMNS FROM `y_book` [ RunTime:0.0010s ]
SQL: SELECT * FROM `y_book` WHERE ( bookShow = '1' )  [ RunTime:0.0005s ]

[ 2018-01-05T11:34:39+08:00 ] ::1 /YiShuBookPlatform/service/Api/index.php/home/book/getAllBooks
INFO: [ app_init ] --START--
INFO: Run Behavior\BuildLiteBehavior [ RunTime:0.000024s ]
INFO: [ app_init ] --END-- [ RunTime:0.000764s ]
INFO: [ app_begin ] --START--
INFO: Run Behavior\ReadHtmlCacheBehavior [ RunTime:0.002183s ]
INFO: [ app_begin ] --END-- [ RunTime:0.002273s ]
SQL: SHOW COLUMNS FROM `y_book` [ RunTime:0.0009s ]
SQL: SELECT * FROM `y_book`  [ RunTime:0.0006s ]

[ 2018-01-05T11:34:39+08:00 ] ::1 /YiShuBookPlatform/service/Api/index.php/home/book/getBooksOnSale
INFO: [ app_init ] --START--
INFO: Run Behavior\BuildLiteBehavior [ RunTime:0.000032s ]
INFO: [ app_init ] --END-- [ RunTime:0.001239s ]
INFO: [ app_begin ] --START--
INFO: Run Behavior\ReadHtmlCacheBehavior [ RunTime:0.002386s ]
INFO: [ app_begin ] --END-- [ RunTime:0.002484s ]
SQL: SHOW COLUMNS FROM `y_book` [ RunTime:0.0009s ]
SQL: SELECT * FROM `y_book` WHERE ( bookSale = '1' )  [ RunTime:0.0007s ]

[ 2018-01-05T11:34:44+08:00 ] ::1 /YiShuBookPlatform/service/Api/index.php/home/book/getBookCard
INFO: [ app_init ] --START--
INFO: Run Behavior\BuildLiteBehavior [ RunTime:0.000016s ]
INFO: [ app_init ] --END-- [ RunTime:0.000702s ]
INFO: [ app_begin ] --START--
INFO: Run Behavior\ReadHtmlCacheBehavior [ RunTime:0.000946s ]
INFO: [ app_begin ] --END-- [ RunTime:0.001025s ]
SQL: SHOW COLUMNS FROM `y_book` [ RunTime:0.0010s ]
SQL: SELECT * FROM `y_book` WHERE ( bookShow = '1' )  [ RunTime:0.0005s ]

[ 2018-01-05T11:34:46+08:00 ] ::1 /YiShuBookPlatform/service/Api/index.php/home/book/getBookCard
INFO: [ app_init ] --START--
INFO: Run Behavior\BuildLiteBehavior [ RunTime:0.000013s ]
INFO: [ app_init ] --END-- [ RunTime:0.000506s ]
INFO: [ app_begin ] --START--
INFO: Run Behavior\ReadHtmlCacheBehavior [ RunTime:0.001408s ]
INFO: [ app_begin ] --END-- [ RunTime:0.001499s ]
SQL: SHOW COLUMNS FROM `y_book` [ RunTime:0.0008s ]
SQL: SELECT * FROM `y_book` WHERE ( bookShow = '1' )  [ RunTime:0.0004s ]

[ 2018-01-05T11:35:08+08:00 ] ::1 /YiShuBookPlatform/service/Api/index.php/home/book/getBooksOnSale
INFO: [ app_init ] --START--
INFO: Run Behavior\BuildLiteBehavior [ RunTime:0.000023s ]
INFO: [ app_init ] --END-- [ RunTime:0.000720s ]
INFO: [ app_begin ] --START--
INFO: Run Behavior\ReadHtmlCacheBehavior [ RunTime:0.001341s ]
INFO: [ app_begin ] --END-- [ RunTime:0.001423s ]
SQL: SHOW COLUMNS FROM `y_book` [ RunTime:0.0012s ]
SQL: SELECT * FROM `y_book` WHERE ( bookSale = '1' )  [ RunTime:0.0006s ]

[ 2018-01-05T11:35:08+08:00 ] ::1 /YiShuBookPlatform/service/Api/index.php/home/book/getAllBooks
INFO: [ app_init ] --START--
INFO: Run Behavior\BuildLiteBehavior [ RunTime:0.000019s ]
INFO: [ app_init ] --END-- [ RunTime:0.000694s ]
INFO: [ app_begin ] --START--
INFO: Run Behavior\ReadHtmlCacheBehavior [ RunTime:0.001378s ]
INFO: [ app_begin ] --END-- [ RunTime:0.001462s ]
SQL: SHOW COLUMNS FROM `y_book` [ RunTime:0.0008s ]
SQL: SELECT * FROM `y_book`  [ RunTime:0.0004s ]

[ 2018-01-05T11:35:09+08:00 ] ::1 /YiShuBookPlatform/service/Api/index.php/home/book/getAllBooks
INFO: [ app_init ] --START--
INFO: Run Behavior\BuildLiteBehavior [ RunTime:0.000023s ]
INFO: [ app_init ] --END-- [ RunTime:0.000873s ]
INFO: [ app_begin ] --START--
INFO: Run Behavior\ReadHtmlCacheBehavior [ RunTime:0.000904s ]
INFO: [ app_begin ] --END-- [ RunTime:0.000974s ]
SQL: SHOW COLUMNS FROM `y_book` [ RunTime:0.0006s ]
SQL: SELECT * FROM `y_book`  [ RunTime:0.0002s ]

[ 2018-01-05T11:35:09+08:00 ] ::1 /YiShuBookPlatform/service/Api/index.php/home/book/getBooksOnSale
INFO: [ app_init ] --START--
INFO: Run Behavior\BuildLiteBehavior [ RunTime:0.000018s ]
INFO: [ app_init ] --END-- [ RunTime:0.000613s ]
INFO: [ app_begin ] --START--
INFO: Run Behavior\ReadHtmlCacheBehavior [ RunTime:0.001195s ]
INFO: [ app_begin ] --END-- [ RunTime:0.001259s ]
SQL: SHOW COLUMNS FROM `y_book` [ RunTime:0.0009s ]
SQL: SELECT * FROM `y_book` WHERE ( bookSale = '1' )  [ RunTime:0.0005s ]

[ 2018-01-05T11:35:30+08:00 ] ::1 /YiShuBookPlatform/service/Api/index.php/home/book/getBooksOnSale
INFO: [ app_init ] --START--
INFO: Run Behavior\BuildLiteBehavior [ RunTime:0.000013s ]
INFO: [ app_init ] --END-- [ RunTime:0.000453s ]
INFO: [ app_begin ] --START--
INFO: Run Behavior\ReadHtmlCacheBehavior [ RunTime:0.001082s ]
INFO: [ app_begin ] --END-- [ RunTime:0.001154s ]
SQL: SHOW COLUMNS FROM `y_book` [ RunTime:0.0010s ]
SQL: SELECT * FROM `y_book` WHERE ( bookSale = '1' )  [ RunTime:0.0004s ]

[ 2018-01-05T11:35:30+08:00 ] ::1 /YiShuBookPlatform/service/Api/index.php/home/book/getAllBooks
INFO: [ app_init ] --START--
INFO: Run Behavior\BuildLiteBehavior [ RunTime:0.000015s ]
INFO: [ app_init ] --END-- [ RunTime:0.000610s ]
INFO: [ app_begin ] --START--
INFO: Run Behavior\ReadHtmlCacheBehavior [ RunTime:0.002268s ]
INFO: [ app_begin ] --END-- [ RunTime:0.002354s ]
SQL: SHOW COLUMNS FROM `y_book` [ RunTime:0.0010s ]
SQL: SELECT * FROM `y_book`  [ RunTime:0.0005s ]

