[ 2018-01-03T09:22:44+08:00 ] ::1 /YiShuBookPlatform/service/Api/Public/js/jquery-3.2.js
INFO: [ app_init ] --START--
INFO: Run Behavior\BuildLiteBehavior [ RunTime:0.000014s ]
INFO: [ app_init ] --END-- [ RunTime:0.000537s ]
ERR: 无法加载模块:Public


[ 2018-01-03T09:29:10+08:00 ] ::1 /YiShuBookPlatform/service/Api/Uploadsactivity1.png
INFO: [ app_init ] --START--
INFO: Run Behavior\BuildLiteBehavior [ RunTime:0.000022s ]
INFO: [ app_init ] --END-- [ RunTime:0.000804s ]
ERR: 无法加载模块:Uploadsactivity1

[ 2018-01-03T09:29:10+08:00 ] ::1 /YiShuBookPlatform/service/Api/Uploadsactivity2.png
INFO: [ app_init ] --START--
INFO: Run Behavior\BuildLiteBehavior [ RunTime:0.000048s ]
INFO: [ app_init ] --END-- [ RunTime:0.001588s ]
ERR: 无法加载模块:Uploadsactivity2

[ 2018-01-03T11:36:54+08:00 ] ::1 /YiShuBookPlatform/service/Api/Uploadsactivity1.png
INFO: [ app_init ] --START--
INFO: Run Behavior\BuildLiteBehavior [ RunTime:0.000013s ]
INFO: [ app_init ] --END-- [ RunTime:0.000457s ]
ERR: 无法加载模块:Uploadsactivity1

[ 2018-01-03T11:36:54+08:00 ] ::1 /YiShuBookPlatform/service/Api/Uploadsactivity2.png
INFO: [ app_init ] --START--
INFO: Run Behavior\BuildLiteBehavior [ RunTime:0.000024s ]
INFO: [ app_init ] --END-- [ RunTime:0.001102s ]
ERR: 无法加载模块:Uploadsactivity2

[ 2018-01-03T12:46:03+08:00 ] ::1 /YiShuBookPlatform/service/Api/Uploadsactivity1.png
INFO: [ app_init ] --START--
INFO: Run Behavior\BuildLiteBehavior [ RunTime:0.000015s ]
INFO: [ app_init ] --END-- [ RunTime:0.000500s ]
ERR: 无法加载模块:Uploadsactivity1

[ 2018-01-03T12:46:03+08:00 ] ::1 /YiShuBookPlatform/service/Api/Uploadsactivity2.png
INFO: [ app_init ] --START--
INFO: Run Behavior\BuildLiteBehavior [ RunTime:0.000021s ]
INFO: [ app_init ] --END-- [ RunTime:0.000723s ]
ERR: 无法加载模块:Uploadsactivity2

[ 2018-01-03T12:48:53+08:00 ] ::1 /YiShuBookPlatform/service/Api/Uploads//2018-01-02/activity1.png
INFO: [ app_init ] --START--
INFO: Run Behavior\BuildLiteBehavior [ RunTime:0.000020s ]
INFO: [ app_init ] --END-- [ RunTime:0.000709s ]
ERR: 无法加载模块:Uploads

[ 2018-01-03T12:48:53+08:00 ] ::1 /YiShuBookPlatform/service/Api/Uploads/activity2.png
INFO: [ app_init ] --START--
INFO: Run Behavior\BuildLiteBehavior [ RunTime:0.000021s ]
INFO: [ app_init ] --END-- [ RunTime:0.000695s ]
ERR: 无法加载模块:Uploads

[ 2018-01-03T12:48:58+08:00 ] ::1 /YiShuBookPlatform/service/Api/Uploads//2018-01-02/activity1.png
INFO: [ app_init ] --START--
INFO: Run Behavior\BuildLiteBehavior [ RunTime:0.000015s ]
INFO: [ app_init ] --END-- [ RunTime:0.000454s ]
ERR: 无法加载模块:Uploads

[ 2018-01-03T12:48:58+08:00 ] ::1 /YiShuBookPlatform/service/Api/Uploads/activity2.png
INFO: [ app_init ] --START--
INFO: Run Behavior\BuildLiteBehavior [ RunTime:0.000024s ]
INFO: [ app_init ] --END-- [ RunTime:0.002092s ]
ERR: 无法加载模块:Uploads

[ 2018-01-03T12:49:32+08:00 ] ::1 /YiShuBookPlatform/service/Api/Uploads/activity2.png
INFO: [ app_init ] --START--
INFO: Run Behavior\BuildLiteBehavior [ RunTime:0.000016s ]
INFO: [ app_init ] --END-- [ RunTime:0.000641s ]
ERR: 无法加载模块:Uploads

[ 2018-01-03T12:50:54+08:00 ] ::1 /YiShuBookPlatform/service/Api/Uploads/activity2.png
INFO: [ app_init ] --START--
INFO: Run Behavior\BuildLiteBehavior [ RunTime:0.000021s ]
INFO: [ app_init ] --END-- [ RunTime:0.000755s ]
ERR: 无法加载模块:Uploads

[ 2018-01-03T12:51:45+08:00 ] ::1 /YiShuBookPlatform/service/Api/Uploads//2018-01-02/activity1.jpg
INFO: [ app_init ] --START--
INFO: Run Behavior\BuildLiteBehavior [ RunTime:0.000025s ]
INFO: [ app_init ] --END-- [ RunTime:0.000874s ]
ERR: 无法加载模块:Uploads

[ 2018-01-03T12:51:45+08:00 ] ::1 /YiShuBookPlatform/service/Api/Uploads/activity2.png
INFO: [ app_init ] --START--
INFO: Run Behavior\BuildLiteBehavior [ RunTime:0.000027s ]
INFO: [ app_init ] --END-- [ RunTime:0.000753s ]
ERR: 无法加载模块:Uploads

[ 2018-01-03T12:52:31+08:00 ] ::1 /YiShuBookPlatform/service/Api/Uploads/activity2.png
INFO: [ app_init ] --START--
INFO: Run Behavior\BuildLiteBehavior [ RunTime:0.000024s ]
INFO: [ app_init ] --END-- [ RunTime:0.000674s ]
ERR: 无法加载模块:Uploads

[ 2018-01-03T12:52:31+08:00 ] ::1 /YiShuBookPlatform/service/Api/Uploads//2018-01-02/activity1.jpg
INFO: [ app_init ] --START--
INFO: Run Behavior\BuildLiteBehavior [ RunTime:0.000020s ]
INFO: [ app_init ] --END-- [ RunTime:0.000668s ]
ERR: 无法加载模块:Uploads

[ 2018-01-03T12:53:38+08:00 ] ::1 /YiShuBookPlatform/service/Api/Uploads/02/activity2.jpg
INFO: [ app_init ] --START--
INFO: Run Behavior\BuildLiteBehavior [ RunTime:0.000025s ]
INFO: [ app_init ] --END-- [ RunTime:0.000941s ]
ERR: 无法加载模块:Uploads

[ 2018-01-03T12:55:06+08:00 ] ::1 /YiShuBookPlatform/service/Api/Uploads//2018-01-02/5a4b384de2c26.jpg
INFO: [ app_init ] --START--
INFO: Run Behavior\BuildLiteBehavior [ RunTime:0.000024s ]
INFO: [ app_init ] --END-- [ RunTime:0.000797s ]
ERR: 无法加载模块:Uploads

[ 2018-01-03T13:30:18+08:00 ] ::1 /YiShuBookPlatform/service/Api/Public/js/jquery-3.2.js
INFO: [ app_init ] --START--
INFO: Run Behavior\BuildLiteBehavior [ RunTime:0.000028s ]
INFO: [ app_init ] --END-- [ RunTime:0.001228s ]
ERR: 无法加载模块:Public

[ 2018-01-03T13:30:18+08:00 ] ::1 /YiShuBookPlatform/service/Api/Public/js/jquery.pjax.js
INFO: [ app_init ] --START--
INFO: Run Behavior\BuildLiteBehavior [ RunTime:0.000041s ]
INFO: [ app_init ] --END-- [ RunTime:0.001299s ]
ERR: 无法加载模块:Public

[ 2018-01-03T13:30:18+08:00 ] ::1 /YiShuBookPlatform/service/Api/Public/js/jquery-3.2.js
INFO: [ app_init ] --START--
INFO: Run Behavior\BuildLiteBehavior [ RunTime:0.000015s ]
INFO: [ app_init ] --END-- [ RunTime:0.000499s ]
ERR: 无法加载模块:Public

[ 2018-01-03T18:02:32+08:00 ] ::1 /YiShuBookPlatform/service/Api/Public/js/jquery-3.2.js
INFO: [ app_init ] --START--
INFO: Run Behavior\BuildLiteBehavior [ RunTime:0.000021s ]
INFO: [ app_init ] --END-- [ RunTime:0.000696s ]
ERR: 无法加载模块:Public

[ 2018-01-03T18:02:32+08:00 ] ::1 /YiShuBookPlatform/service/Api/Public/js/jquery.pjax.js
INFO: [ app_init ] --START--
INFO: Run Behavior\BuildLiteBehavior [ RunTime:0.000018s ]
INFO: [ app_init ] --END-- [ RunTime:0.001057s ]
ERR: 无法加载模块:Public

[ 2018-01-03T18:02:32+08:00 ] ::1 /YiShuBookPlatform/service/Api/Public/js/jquery-3.2.js
INFO: [ app_init ] --START--
INFO: Run Behavior\BuildLiteBehavior [ RunTime:0.000013s ]
INFO: [ app_init ] --END-- [ RunTime:0.000467s ]
ERR: 无法加载模块:Public

[ 2018-01-03T18:25:26+08:00 ] ::1 /YiShuBookPlatform/service/Api/Public/js/jquery-3.2.js
INFO: [ app_init ] --START--
INFO: Run Behavior\BuildLiteBehavior [ RunTime:0.000023s ]
INFO: [ app_init ] --END-- [ RunTime:0.000774s ]
ERR: 无法加载模块:Public


[ 2018-01-03T18:35:23+08:00 ] ::1 /YiShuBookPlatform/service/Api/Public/js/jquery.pjax.js
INFO: [ app_init ] --START--
INFO: Run Behavior\BuildLiteBehavior [ RunTime:0.000015s ]
INFO: [ app_init ] --END-- [ RunTime:0.000504s ]
ERR: 无法加载模块:Public

[ 2018-01-03T18:35:23+08:00 ] ::1 /YiShuBookPlatform/service/Api/Public/js/jquery-3.2.js
INFO: [ app_init ] --START--
INFO: Run Behavior\BuildLiteBehavior [ RunTime:0.000026s ]
INFO: [ app_init ] --END-- [ RunTime:0.001681s ]
ERR: 无法加载模块:Public

[ 2018-01-03T18:36:09+08:00 ] ::1 /YiShuBookPlatform/service/Api/Public/js/jquery-3.2.js
INFO: [ app_init ] --START--
INFO: Run Behavior\BuildLiteBehavior [ RunTime:0.000021s ]
INFO: [ app_init ] --END-- [ RunTime:0.000633s ]
ERR: 无法加载模块:Public

[ 2018-01-03T18:36:09+08:00 ] ::1 /YiShuBookPlatform/service/Api/Public/js/jquery.pjax.js
INFO: [ app_init ] --START--
INFO: Run Behavior\BuildLiteBehavior [ RunTime:0.000026s ]
INFO: [ app_init ] --END-- [ RunTime:0.001343s ]
ERR: 无法加载模块:Public

[ 2018-01-03T18:36:09+08:00 ] ::1 /YiShuBookPlatform/service/Api/Public/js/jquery-3.2.js
INFO: [ app_init ] --START--
INFO: Run Behavior\BuildLiteBehavior [ RunTime:0.000015s ]
INFO: [ app_init ] --END-- [ RunTime:0.000524s ]
ERR: 无法加载模块:Public

[ 2018-01-03T18:38:32+08:00 ] ::1 /YiShuBookPlatform/service/Api/Public/js/jquery.pjax.js
INFO: [ app_init ] --START--
INFO: Run Behavior\BuildLiteBehavior [ RunTime:0.000016s ]
INFO: [ app_init ] --END-- [ RunTime:0.000570s ]
ERR: 无法加载模块:Public

[ 2018-01-03T18:38:32+08:00 ] ::1 /YiShuBookPlatform/service/Api/Public/js/jquery-3.2.js
INFO: [ app_init ] --START--
INFO: Run Behavior\BuildLiteBehavior [ RunTime:0.000023s ]
INFO: [ app_init ] --END-- [ RunTime:0.000800s ]
ERR: 无法加载模块:Public

[ 2018-01-03T18:39:51+08:00 ] ::1 /YiShuBookPlatform/service/Api/Public/js/jquery-3.2.js
INFO: [ app_init ] --START--
INFO: Run Behavior\BuildLiteBehavior [ RunTime:0.000022s ]
INFO: [ app_init ] --END-- [ RunTime:0.000704s ]
ERR: 无法加载模块:Public


[ 2018-01-03T18:40:12+08:00 ] ::1 /YiShuBookPlatform/service/Api/Public/js/jquery.pjax.js
INFO: [ app_init ] --START--
INFO: Run Behavior\BuildLiteBehavior [ RunTime:0.000024s ]
INFO: [ app_init ] --END-- [ RunTime:0.000705s ]
ERR: 无法加载模块:Public

[ 2018-01-03T18:40:12+08:00 ] ::1 /YiShuBookPlatform/service/Api/Public/js/jquery-3.2.js
INFO: [ app_init ] --START--
INFO: Run Behavior\BuildLiteBehavior [ RunTime:0.000020s ]
INFO: [ app_init ] --END-- [ RunTime:0.000651s ]
ERR: 无法加载模块:Public

[ 2018-01-03T18:40:57+08:00 ] ::1 /YiShuBookPlatform/service/Api/Public/js/jquery-3.2.js
INFO: [ app_init ] --START--
INFO: Run Behavior\BuildLiteBehavior [ RunTime:0.000018s ]
INFO: [ app_init ] --END-- [ RunTime:0.000593s ]
ERR: 无法加载模块:Public

[ 2018-01-03T18:40:57+08:00 ] ::1 /YiShuBookPlatform/service/Api/Public/js/jquery.pjax.js
INFO: [ app_init ] --START--
INFO: Run Behavior\BuildLiteBehavior [ RunTime:0.000017s ]
INFO: [ app_init ] --END-- [ RunTime:0.000584s ]
ERR: 无法加载模块:Public

[ 2018-01-03T18:40:57+08:00 ] ::1 /YiShuBookPlatform/service/Api/Public/js/jquery-3.2.js
INFO: [ app_init ] --START--
INFO: Run Behavior\BuildLiteBehavior [ RunTime:0.000013s ]
INFO: [ app_init ] --END-- [ RunTime:0.000412s ]
ERR: 无法加载模块:Public

[ 2018-01-03T18:42:10+08:00 ] ::1 /YiShuBookPlatform/service/Api/Public/js/jquery.pjax.js
INFO: [ app_init ] --START--
INFO: Run Behavior\BuildLiteBehavior [ RunTime:0.000014s ]
INFO: [ app_init ] --END-- [ RunTime:0.000598s ]
ERR: 无法加载模块:Public

[ 2018-01-03T18:42:10+08:00 ] ::1 /YiShuBookPlatform/service/Api/Public/js/jquery-3.2.js
INFO: [ app_init ] --START--
INFO: Run Behavior\BuildLiteBehavior [ RunTime:0.000016s ]
INFO: [ app_init ] --END-- [ RunTime:0.000683s ]
ERR: 无法加载模块:Public

[ 2018-01-03T18:42:57+08:00 ] ::1 /YiShuBookPlatform/service/Api/Public/js/jquery.pjax.js
INFO: [ app_init ] --START--
INFO: Run Behavior\BuildLiteBehavior [ RunTime:0.000020s ]
INFO: [ app_init ] --END-- [ RunTime:0.000592s ]
ERR: 无法加载模块:Public

[ 2018-01-03T18:42:57+08:00 ] ::1 /YiShuBookPlatform/service/Api/Public/js/jquery-3.2.js
INFO: [ app_init ] --START--
INFO: Run Behavior\BuildLiteBehavior [ RunTime:0.000016s ]
INFO: [ app_init ] --END-- [ RunTime:0.000782s ]
ERR: 无法加载模块:Public

[ 2018-01-03T18:43:00+08:00 ] ::1 /YiShuBookPlatform/service/Api/Public/js/jquery-3.2.js
INFO: [ app_init ] --START--
INFO: Run Behavior\BuildLiteBehavior [ RunTime:0.000027s ]
INFO: [ app_init ] --END-- [ RunTime:0.000692s ]
ERR: 无法加载模块:Public

[ 2018-01-03T18:43:00+08:00 ] ::1 /YiShuBookPlatform/service/Api/Public/js/jquery.pjax.js
INFO: [ app_init ] --START--
INFO: Run Behavior\BuildLiteBehavior [ RunTime:0.000018s ]
INFO: [ app_init ] --END-- [ RunTime:0.000786s ]
ERR: 无法加载模块:Public

[ 2018-01-03T18:43:00+08:00 ] ::1 /YiShuBookPlatform/service/Api/Public/js/jquery-3.2.js
INFO: [ app_init ] --START--
INFO: Run Behavior\BuildLiteBehavior [ RunTime:0.000015s ]
INFO: [ app_init ] --END-- [ RunTime:0.000439s ]
ERR: 无法加载模块:Public

[ 2018-01-03T18:44:01+08:00 ] ::1 /YiShuBookPlatform/service/Api/Public/js/jquery.pjax.js
INFO: [ app_init ] --START--
INFO: Run Behavior\BuildLiteBehavior [ RunTime:0.000022s ]
INFO: [ app_init ] --END-- [ RunTime:0.000623s ]
ERR: 无法加载模块:Public

[ 2018-01-03T18:44:01+08:00 ] ::1 /YiShuBookPlatform/service/Api/Public/js/jquery-3.2.js
INFO: [ app_init ] --START--
INFO: Run Behavior\BuildLiteBehavior [ RunTime:0.000014s ]
INFO: [ app_init ] --END-- [ RunTime:0.000484s ]
ERR: 无法加载模块:Public

[ 2018-01-03T18:44:37+08:00 ] ::1 /YiShuBookPlatform/service/Api/Public/js/jquery.pjax.js
INFO: [ app_init ] --START--
INFO: Run Behavior\BuildLiteBehavior [ RunTime:0.000020s ]
INFO: [ app_init ] --END-- [ RunTime:0.000641s ]
ERR: 无法加载模块:Public

[ 2018-01-03T18:44:37+08:00 ] ::1 /YiShuBookPlatform/service/Api/Public/js/jquery-3.2.js
INFO: [ app_init ] --START--
INFO: Run Behavior\BuildLiteBehavior [ RunTime:0.000025s ]
INFO: [ app_init ] --END-- [ RunTime:0.000933s ]
ERR: 无法加载模块:Public

[ 2018-01-03T18:45:37+08:00 ] ::1 /YiShuBookPlatform/service/Api/Public/js/jquery.pjax.js
INFO: [ app_init ] --START--
INFO: Run Behavior\BuildLiteBehavior [ RunTime:0.000033s ]
INFO: [ app_init ] --END-- [ RunTime:0.000971s ]
ERR: 无法加载模块:Public

[ 2018-01-03T18:45:37+08:00 ] ::1 /YiShuBookPlatform/service/Api/Public/js/jquery-3.2.js
INFO: [ app_init ] --START--
INFO: Run Behavior\BuildLiteBehavior [ RunTime:0.000023s ]
INFO: [ app_init ] --END-- [ RunTime:0.000968s ]
ERR: 无法加载模块:Public

[ 2018-01-03T18:46:07+08:00 ] ::1 /YiShuBookPlatform/service/Api/Public/js/jquery.pjax.js
INFO: [ app_init ] --START--
INFO: Run Behavior\BuildLiteBehavior [ RunTime:0.000018s ]
INFO: [ app_init ] --END-- [ RunTime:0.000612s ]
ERR: 无法加载模块:Public

[ 2018-01-03T18:46:07+08:00 ] ::1 /YiShuBookPlatform/service/Api/Public/js/jquery-3.2.js
INFO: [ app_init ] --START--
INFO: Run Behavior\BuildLiteBehavior [ RunTime:0.000020s ]
INFO: [ app_init ] --END-- [ RunTime:0.000596s ]
ERR: 无法加载模块:Public

[ 2018-01-03T18:46:19+08:00 ] ::1 /YiShuBookPlatform/service/Api/Public/js/jquery.pjax.js
INFO: [ app_init ] --START--
INFO: Run Behavior\BuildLiteBehavior [ RunTime:0.000021s ]
INFO: [ app_init ] --END-- [ RunTime:0.000673s ]
ERR: 无法加载模块:Public

[ 2018-01-03T18:46:19+08:00 ] ::1 /YiShuBookPlatform/service/Api/Public/js/jquery-3.2.js
INFO: [ app_init ] --START--
INFO: Run Behavior\BuildLiteBehavior [ RunTime:0.000022s ]
INFO: [ app_init ] --END-- [ RunTime:0.000651s ]
ERR: 无法加载模块:Public

[ 2018-01-03T18:46:32+08:00 ] ::1 /YiShuBookPlatform/service/Api/Public/js/jquery-3.2.js
INFO: [ app_init ] --START--
INFO: Run Behavior\BuildLiteBehavior [ RunTime:0.000015s ]
INFO: [ app_init ] --END-- [ RunTime:0.000461s ]
ERR: 无法加载模块:Public

[ 2018-01-03T18:46:32+08:00 ] ::1 /YiShuBookPlatform/service/Api/Public/js/jquery.pjax.js
INFO: [ app_init ] --START--
INFO: Run Behavior\BuildLiteBehavior [ RunTime:0.000013s ]
INFO: [ app_init ] --END-- [ RunTime:0.000461s ]
ERR: 无法加载模块:Public

[ 2018-01-03T18:46:32+08:00 ] ::1 /YiShuBookPlatform/service/Api/Public/js/jquery-3.2.js
INFO: [ app_init ] --START--
INFO: Run Behavior\BuildLiteBehavior [ RunTime:0.000024s ]
INFO: [ app_init ] --END-- [ RunTime:0.000755s ]
ERR: 无法加载模块:Public

[ 2018-01-03T18:48:39+08:00 ] ::1 /YiShuBookPlatform/service/Api/Public/js/jquery.pjax.js
INFO: [ app_init ] --START--
INFO: Run Behavior\BuildLiteBehavior [ RunTime:0.000020s ]
INFO: [ app_init ] --END-- [ RunTime:0.000691s ]
ERR: 无法加载模块:Public

[ 2018-01-03T18:48:39+08:00 ] ::1 /YiShuBookPlatform/service/Api/Public/js/jquery-3.2.js
INFO: [ app_init ] --START--
INFO: Run Behavior\BuildLiteBehavior [ RunTime:0.000024s ]
INFO: [ app_init ] --END-- [ RunTime:0.000979s ]
ERR: 无法加载模块:Public

[ 2018-01-03T18:49:47+08:00 ] ::1 /YiShuBookPlatform/service/Api/Public/js/jquery-3.2.js
INFO: [ app_init ] --START--
INFO: Run Behavior\BuildLiteBehavior [ RunTime:0.000016s ]
INFO: [ app_init ] --END-- [ RunTime:0.000481s ]
ERR: 无法加载模块:Public

[ 2018-01-03T18:49:47+08:00 ] ::1 /YiShuBookPlatform/service/Api/Public/js/jquery.pjax.js
INFO: [ app_init ] --START--
INFO: Run Behavior\BuildLiteBehavior [ RunTime:0.000025s ]
INFO: [ app_init ] --END-- [ RunTime:0.001186s ]
ERR: 无法加载模块:Public

[ 2018-01-03T18:49:47+08:00 ] ::1 /YiShuBookPlatform/service/Api/Public/js/jquery-3.2.js
INFO: [ app_init ] --START--
INFO: Run Behavior\BuildLiteBehavior [ RunTime:0.000024s ]
INFO: [ app_init ] --END-- [ RunTime:0.000803s ]
ERR: 无法加载模块:Public

[ 2018-01-03T18:51:55+08:00 ] ::1 /YiShuBookPlatform/service/Api/Public/js/jquery.pjax.js
INFO: [ app_init ] --START--
INFO: Run Behavior\BuildLiteBehavior [ RunTime:0.000019s ]
INFO: [ app_init ] --END-- [ RunTime:0.000678s ]
ERR: 无法加载模块:Public

[ 2018-01-03T18:51:55+08:00 ] ::1 /YiShuBookPlatform/service/Api/Public/js/jquery-3.2.js
INFO: [ app_init ] --START--
INFO: Run Behavior\BuildLiteBehavior [ RunTime:0.000016s ]
INFO: [ app_init ] --END-- [ RunTime:0.000592s ]
ERR: 无法加载模块:Public

[ 2018-01-03T20:08:54+08:00 ] 127.0.0.1 /YiShuBookPlatform/service/Api/Public/js/jquery.pjax.js
INFO: [ app_init ] --START--
INFO: Run Behavior\BuildLiteBehavior [ RunTime:0.000030s ]
INFO: [ app_init ] --END-- [ RunTime:0.000765s ]
ERR: 无法加载模块:Public

[ 2018-01-03T20:08:54+08:00 ] 127.0.0.1 /YiShuBookPlatform/service/Api/Public/js/jquery-3.2.js
INFO: [ app_init ] --START--
INFO: Run Behavior\BuildLiteBehavior [ RunTime:0.000027s ]
INFO: [ app_init ] --END-- [ RunTime:0.001307s ]
ERR: 无法加载模块:Public

[ 2018-01-03T20:09:14+08:00 ] 127.0.0.1 /YiShuBookPlatform/service/Api/Public/js/jquery.pjax.js
INFO: [ app_init ] --START--
INFO: Run Behavior\BuildLiteBehavior [ RunTime:0.000023s ]
INFO: [ app_init ] --END-- [ RunTime:0.000649s ]
ERR: 无法加载模块:Public

[ 2018-01-03T20:09:14+08:00 ] 127.0.0.1 /YiShuBookPlatform/service/Api/Public/js/jquery-3.2.js
INFO: [ app_init ] --START--
INFO: Run Behavior\BuildLiteBehavior [ RunTime:0.000019s ]
INFO: [ app_init ] --END-- [ RunTime:0.000842s ]
ERR: 无法加载模块:Public

[ 2018-01-03T20:11:30+08:00 ] 172.16.121.25 /YiShuBookPlatform/service/Api/Public/js/jquery.pjax.js
INFO: [ app_init ] --START--
INFO: Run Behavior\BuildLiteBehavior [ RunTime:0.000021s ]
INFO: [ app_init ] --END-- [ RunTime:0.000914s ]
ERR: 无法加载模块:Public

[ 2018-01-03T20:11:30+08:00 ] 172.16.121.25 /YiShuBookPlatform/service/Api/Public/js/jquery-3.2.js
INFO: [ app_init ] --START--
INFO: Run Behavior\BuildLiteBehavior [ RunTime:0.000021s ]
INFO: [ app_init ] --END-- [ RunTime:0.000849s ]
ERR: 无法加载模块:Public

[ 2018-01-03T20:11:39+08:00 ] 172.16.121.25 /YiShuBookPlatform/service/Api/Public/js/jquery.pjax.js
INFO: [ app_init ] --START--
INFO: Run Behavior\BuildLiteBehavior [ RunTime:0.000025s ]
INFO: [ app_init ] --END-- [ RunTime:0.000708s ]
ERR: 无法加载模块:Public

[ 2018-01-03T20:11:39+08:00 ] 172.16.121.25 /YiShuBookPlatform/service/Api/Public/js/jquery-3.2.js
INFO: [ app_init ] --START--
INFO: Run Behavior\BuildLiteBehavior [ RunTime:0.000020s ]
INFO: [ app_init ] --END-- [ RunTime:0.000669s ]
ERR: 无法加载模块:Public

[ 2018-01-03T20:18:23+08:00 ] 172.16.121.25 /YiShuBookPlatform/service/Api/Public/js/jquery-3.2.js
INFO: [ app_init ] --START--
INFO: Run Behavior\BuildLiteBehavior [ RunTime:0.000013s ]
INFO: [ app_init ] --END-- [ RunTime:0.000412s ]
ERR: 无法加载模块:Public

[ 2018-01-03T20:18:25+08:00 ] 172.16.121.25 /YiShuBookPlatform/service/Api/Public/js/jquery.pjax.js
INFO: [ app_init ] --START--
INFO: Run Behavior\BuildLiteBehavior [ RunTime:0.000022s ]
INFO: [ app_init ] --END-- [ RunTime:0.000726s ]
ERR: 无法加载模块:Public

[ 2018-01-03T20:18:25+08:00 ] 172.16.121.25 /YiShuBookPlatform/service/Api/Public/js/jquery-3.2.js
INFO: [ app_init ] --START--
INFO: Run Behavior\BuildLiteBehavior [ RunTime:0.000026s ]
INFO: [ app_init ] --END-- [ RunTime:0.001611s ]
ERR: 无法加载模块:Public

[ 2018-01-03T20:18:26+08:00 ] 172.16.121.25 /YiShuBookPlatform/service/Api/Public/js/jquery.pjax.js
INFO: [ app_init ] --START--
INFO: Run Behavior\BuildLiteBehavior [ RunTime:0.000023s ]
INFO: [ app_init ] --END-- [ RunTime:0.000734s ]
ERR: 无法加载模块:Public

[ 2018-01-03T20:18:26+08:00 ] 172.16.121.25 /YiShuBookPlatform/service/Api/Public/js/jquery-3.2.js
INFO: [ app_init ] --START--
INFO: Run Behavior\BuildLiteBehavior [ RunTime:0.000022s ]
INFO: [ app_init ] --END-- [ RunTime:0.000690s ]
ERR: 无法加载模块:Public

[ 2018-01-03T20:18:36+08:00 ] ::1 /YiShuBookPlatform/service/Api/Public/js/jquery.pjax.js
INFO: [ app_init ] --START--
INFO: Run Behavior\BuildLiteBehavior [ RunTime:0.000015s ]
INFO: [ app_init ] --END-- [ RunTime:0.000453s ]
ERR: 无法加载模块:Public

[ 2018-01-03T20:18:36+08:00 ] ::1 /YiShuBookPlatform/service/Api/Public/js/jquery-3.2.js
INFO: [ app_init ] --START--
INFO: Run Behavior\BuildLiteBehavior [ RunTime:0.000024s ]
INFO: [ app_init ] --END-- [ RunTime:0.000951s ]
ERR: 无法加载模块:Public

[ 2018-01-03T20:36:49+08:00 ] ::1 /YiShuBookPlatform/service/Api/Public/js/jquery-3.2.js
INFO: [ app_init ] --START--
INFO: Run Behavior\BuildLiteBehavior [ RunTime:0.000022s ]
INFO: [ app_init ] --END-- [ RunTime:0.000659s ]
ERR: 无法加载模块:Public

[ 2018-01-03T20:36:49+08:00 ] ::1 /YiShuBookPlatform/service/Api/Public/js/jquery.pjax.js
INFO: [ app_init ] --START--
INFO: Run Behavior\BuildLiteBehavior [ RunTime:0.000020s ]
INFO: [ app_init ] --END-- [ RunTime:0.001267s ]
ERR: 无法加载模块:Public

[ 2018-01-03T20:36:49+08:00 ] ::1 /YiShuBookPlatform/service/Api/Public/js/jquery-3.2.js
INFO: [ app_init ] --START--
INFO: Run Behavior\BuildLiteBehavior [ RunTime:0.000014s ]
INFO: [ app_init ] --END-- [ RunTime:0.000466s ]
ERR: 无法加载模块:Public

[ 2018-01-03T20:37:04+08:00 ] 172.16.121.25 /YiShuBookPlatform/service/Api/Public/js/jquery.pjax.js
INFO: [ app_init ] --START--
INFO: Run Behavior\BuildLiteBehavior [ RunTime:0.000023s ]
INFO: [ app_init ] --END-- [ RunTime:0.000662s ]
ERR: 无法加载模块:Public

[ 2018-01-03T20:37:04+08:00 ] 172.16.121.25 /YiShuBookPlatform/service/Api/Public/js/jquery-3.2.js
INFO: [ app_init ] --START--
INFO: Run Behavior\BuildLiteBehavior [ RunTime:0.000015s ]
INFO: [ app_init ] --END-- [ RunTime:0.000644s ]
ERR: 无法加载模块:Public

[ 2018-01-03T20:51:09+08:00 ] 172.16.121.25 /YiShuBookPlatform/service/Api/Public/js/jquery-3.2.js
INFO: [ app_init ] --START--
INFO: Run Behavior\BuildLiteBehavior [ RunTime:0.000024s ]
INFO: [ app_init ] --END-- [ RunTime:0.000724s ]
ERR: 无法加载模块:Public

[ 2018-01-03T20:51:09+08:00 ] 172.16.121.25 /YiShuBookPlatform/service/Api/Public/js/jquery.pjax.js
INFO: [ app_init ] --START--
INFO: Run Behavior\BuildLiteBehavior [ RunTime:0.000014s ]
INFO: [ app_init ] --END-- [ RunTime:0.000545s ]
ERR: 无法加载模块:Public

[ 2018-01-03T20:51:09+08:00 ] 172.16.121.25 /YiShuBookPlatform/service/Api/Public/js/jquery-3.2.js
INFO: [ app_init ] --START--
INFO: Run Behavior\BuildLiteBehavior [ RunTime:0.000015s ]
INFO: [ app_init ] --END-- [ RunTime:0.000491s ]
ERR: 无法加载模块:Public

[ 2018-01-03T20:53:26+08:00 ] 172.16.121.25 /YiShuBookPlatform/service/Api/Public/js/jquery.pjax.js
INFO: [ app_init ] --START--
INFO: Run Behavior\BuildLiteBehavior [ RunTime:0.000030s ]
INFO: [ app_init ] --END-- [ RunTime:0.000863s ]
ERR: 无法加载模块:Public

[ 2018-01-03T20:53:26+08:00 ] 172.16.121.25 /YiShuBookPlatform/service/Api/Public/js/jquery-3.2.js
INFO: [ app_init ] --START--
INFO: Run Behavior\BuildLiteBehavior [ RunTime:0.000016s ]
INFO: [ app_init ] --END-- [ RunTime:0.000798s ]
ERR: 无法加载模块:Public

[ 2018-01-03T20:53:44+08:00 ] 172.16.121.25 /YiShuBookPlatform/service/Api/Public/js/jquery.pjax.js
INFO: [ app_init ] --START--
INFO: Run Behavior\BuildLiteBehavior [ RunTime:0.000016s ]
INFO: [ app_init ] --END-- [ RunTime:0.000507s ]
ERR: 无法加载模块:Public

[ 2018-01-03T20:53:44+08:00 ] 172.16.121.25 /YiShuBookPlatform/service/Api/Public/js/jquery-3.2.js
INFO: [ app_init ] --START--
INFO: Run Behavior\BuildLiteBehavior [ RunTime:0.000020s ]
INFO: [ app_init ] --END-- [ RunTime:0.000520s ]
ERR: 无法加载模块:Public

[ 2018-01-03T20:59:26+08:00 ] 172.16.121.25 /YiShuBookPlatform/service/Api/Public/js/jquery.pjax.js
INFO: [ app_init ] --START--
INFO: Run Behavior\BuildLiteBehavior [ RunTime:0.000021s ]
INFO: [ app_init ] --END-- [ RunTime:0.000714s ]
ERR: 无法加载模块:Public

[ 2018-01-03T20:59:26+08:00 ] 172.16.121.25 /YiShuBookPlatform/service/Api/Public/js/jquery-3.2.js
INFO: [ app_init ] --START--
INFO: Run Behavior\BuildLiteBehavior [ RunTime:0.000027s ]
INFO: [ app_init ] --END-- [ RunTime:0.001069s ]
ERR: 无法加载模块:Public

[ 2018-01-03T21:03:54+08:00 ] ::1 /YiShuBookPlatform/service/Api/Public/js/jquery-3.2.js
INFO: [ app_init ] --START--
INFO: Run Behavior\BuildLiteBehavior [ RunTime:0.000025s ]
INFO: [ app_init ] --END-- [ RunTime:0.000929s ]
ERR: 无法加载模块:Public

[ 2018-01-03T21:03:54+08:00 ] ::1 /YiShuBookPlatform/service/Api/Public/js/jquery.pjax.js
INFO: [ app_init ] --START--
INFO: Run Behavior\BuildLiteBehavior [ RunTime:0.000024s ]
INFO: [ app_init ] --END-- [ RunTime:0.000857s ]
ERR: 无法加载模块:Public

[ 2018-01-03T21:03:54+08:00 ] ::1 /YiShuBookPlatform/service/Api/Public/js/jquery-3.2.js
INFO: [ app_init ] --START--
INFO: Run Behavior\BuildLiteBehavior [ RunTime:0.000026s ]
INFO: [ app_init ] --END-- [ RunTime:0.001351s ]
ERR: 无法加载模块:Public

[ 2018-01-03T21:05:35+08:00 ] ::1 /YiShuBookPlatform/service/Api/Public/js/jquery.pjax.js
INFO: [ app_init ] --START--
INFO: Run Behavior\BuildLiteBehavior [ RunTime:0.000020s ]
INFO: [ app_init ] --END-- [ RunTime:0.000660s ]
ERR: 无法加载模块:Public

[ 2018-01-03T21:05:35+08:00 ] ::1 /YiShuBookPlatform/service/Api/Public/js/jquery-3.2.js
INFO: [ app_init ] --START--
INFO: Run Behavior\BuildLiteBehavior [ RunTime:0.000018s ]
INFO: [ app_init ] --END-- [ RunTime:0.000696s ]
ERR: 无法加载模块:Public

[ 2018-01-03T21:17:32+08:00 ] ::1 /YiShuBookPlatform/service/Api/Public/js/jquery-3.2.js
INFO: [ app_init ] --START--
INFO: Run Behavior\BuildLiteBehavior [ RunTime:0.000021s ]
INFO: [ app_init ] --END-- [ RunTime:0.000700s ]
ERR: 无法加载模块:Public

[ 2018-01-03T21:17:32+08:00 ] ::1 /YiShuBookPlatform/service/Api/Public/js/jquery.pjax.js
INFO: [ app_init ] --START--
INFO: Run Behavior\BuildLiteBehavior [ RunTime:0.000017s ]
INFO: [ app_init ] --END-- [ RunTime:0.000581s ]
ERR: 无法加载模块:Public

[ 2018-01-03T21:17:32+08:00 ] ::1 /YiShuBookPlatform/service/Api/Public/js/jquery-3.2.js
INFO: [ app_init ] --START--
INFO: Run Behavior\BuildLiteBehavior [ RunTime:0.000013s ]
INFO: [ app_init ] --END-- [ RunTime:0.000439s ]
ERR: 无法加载模块:Public

[ 2018-01-03T21:18:24+08:00 ] ::1 /YiShuBookPlatform/service/Api/Public/js/jquery-3.2.js
INFO: [ app_init ] --START--
INFO: Run Behavior\BuildLiteBehavior [ RunTime:0.000033s ]
INFO: [ app_init ] --END-- [ RunTime:0.000799s ]
ERR: 无法加载模块:Public

[ 2018-01-03T21:18:24+08:00 ] ::1 /YiShuBookPlatform/service/Api/Public/js/jquery.pjax.js
INFO: [ app_init ] --START--
INFO: Run Behavior\BuildLiteBehavior [ RunTime:0.000023s ]
INFO: [ app_init ] --END-- [ RunTime:0.000840s ]
ERR: 无法加载模块:Public

[ 2018-01-03T21:18:24+08:00 ] ::1 /YiShuBookPlatform/service/Api/Public/js/jquery-3.2.js
INFO: [ app_init ] --START--
INFO: Run Behavior\BuildLiteBehavior [ RunTime:0.000014s ]
INFO: [ app_init ] --END-- [ RunTime:0.000439s ]
ERR: 无法加载模块:Public

