[ 2018-01-05T08:18:32+08:00 ] ::1 /YiShuBookPlatform/service/Api/Public/admin/public.js
INFO: [ app_init ] --START--
INFO: Run Behavior\BuildLiteBehavior [ RunTime:0.000027s ]
INFO: [ app_init ] --END-- [ RunTime:0.001017s ]
ERR: 无法加载模块:Public

[ 2018-01-05T08:18:33+08:00 ] ::1 /YiShuBookPlatform/service/Api/Public/admin/public.js
INFO: [ app_init ] --START--
INFO: Run Behavior\BuildLiteBehavior [ RunTime:0.000015s ]
INFO: [ app_init ] --END-- [ RunTime:0.000529s ]
ERR: 无法加载模块:Public

[ 2018-01-05T08:18:35+08:00 ] ::1 /YiShuBookPlatform/service/Api/Public/admin/public.js
INFO: [ app_init ] --START--
INFO: Run Behavior\BuildLiteBehavior [ RunTime:0.000014s ]
INFO: [ app_init ] --END-- [ RunTime:0.000492s ]
ERR: 无法加载模块:Public

[ 2018-01-05T08:18:41+08:00 ] ::1 /YiShuBookPlatform/service/Api/Public/admin/public.js
INFO: [ app_init ] --START--
INFO: Run Behavior\BuildLiteBehavior [ RunTime:0.000016s ]
INFO: [ app_init ] --END-- [ RunTime:0.000655s ]
ERR: 无法加载模块:Public

[ 2018-01-05T08:18:43+08:00 ] ::1 /YiShuBookPlatform/service/Api/Public/admin/public.js
INFO: [ app_init ] --START--
INFO: Run Behavior\BuildLiteBehavior [ RunTime:0.000015s ]
INFO: [ app_init ] --END-- [ RunTime:0.000467s ]
ERR: 无法加载模块:Public

[ 2018-01-05T08:18:46+08:00 ] ::1 /YiShuBookPlatform/service/Api/Public/admin/public.js
INFO: [ app_init ] --START--
INFO: Run Behavior\BuildLiteBehavior [ RunTime:0.000016s ]
INFO: [ app_init ] --END-- [ RunTime:0.000615s ]
ERR: 无法加载模块:Public

[ 2018-01-05T08:19:55+08:00 ] ::1 /YiShuBookPlatform/service/Api/Public/admin/public.js
INFO: [ app_init ] --START--
INFO: Run Behavior\BuildLiteBehavior [ RunTime:0.000016s ]
INFO: [ app_init ] --END-- [ RunTime:0.000521s ]
ERR: 无法加载模块:Public

[ 2018-01-05T08:19:57+08:00 ] ::1 /YiShuBookPlatform/service/Api/Public/admin/public.js
INFO: [ app_init ] --START--
INFO: Run Behavior\BuildLiteBehavior [ RunTime:0.000021s ]
INFO: [ app_init ] --END-- [ RunTime:0.000758s ]
ERR: 无法加载模块:Public

[ 2018-01-05T08:20:02+08:00 ] ::1 /YiShuBookPlatform/service/Api/Public/admin/public.js
INFO: [ app_init ] --START--
INFO: Run Behavior\BuildLiteBehavior [ RunTime:0.000019s ]
INFO: [ app_init ] --END-- [ RunTime:0.000802s ]
ERR: 无法加载模块:Public

[ 2018-01-05T08:20:03+08:00 ] ::1 /YiShuBookPlatform/service/Api/Public/admin/public.js
INFO: [ app_init ] --START--
INFO: Run Behavior\BuildLiteBehavior [ RunTime:0.000014s ]
INFO: [ app_init ] --END-- [ RunTime:0.000474s ]
ERR: 无法加载模块:Public

[ 2018-01-05T08:20:07+08:00 ] ::1 /YiShuBookPlatform/service/Api/Public/admin/public.js
INFO: [ app_init ] --START--
INFO: Run Behavior\BuildLiteBehavior [ RunTime:0.000013s ]
INFO: [ app_init ] --END-- [ RunTime:0.000421s ]
ERR: 无法加载模块:Public

[ 2018-01-05T08:21:12+08:00 ] ::1 /YiShuBookPlatform/service/Api/Public/admin/public.js
INFO: [ app_init ] --START--
INFO: Run Behavior\BuildLiteBehavior [ RunTime:0.000014s ]
INFO: [ app_init ] --END-- [ RunTime:0.000456s ]
ERR: 无法加载模块:Public

[ 2018-01-05T08:21:13+08:00 ] ::1 /YiShuBookPlatform/service/Api/Public/admin/public.js
INFO: [ app_init ] --START--
INFO: Run Behavior\BuildLiteBehavior [ RunTime:0.000014s ]
INFO: [ app_init ] --END-- [ RunTime:0.000496s ]
ERR: 无法加载模块:Public

[ 2018-01-05T08:21:18+08:00 ] ::1 /YiShuBookPlatform/service/Api/Public/admin/public.js
INFO: [ app_init ] --START--
INFO: Run Behavior\BuildLiteBehavior [ RunTime:0.000014s ]
INFO: [ app_init ] --END-- [ RunTime:0.000466s ]
ERR: 无法加载模块:Public

[ 2018-01-05T08:21:20+08:00 ] ::1 /YiShuBookPlatform/service/Api/Public/admin/public.js
INFO: [ app_init ] --START--
INFO: Run Behavior\BuildLiteBehavior [ RunTime:0.000017s ]
INFO: [ app_init ] --END-- [ RunTime:0.000516s ]
ERR: 无法加载模块:Public

[ 2018-01-05T08:21:23+08:00 ] ::1 /YiShuBookPlatform/service/Api/Public/admin/public.js
INFO: [ app_init ] --START--
INFO: Run Behavior\BuildLiteBehavior [ RunTime:0.000016s ]
INFO: [ app_init ] --END-- [ RunTime:0.000509s ]
ERR: 无法加载模块:Public

[ 2018-01-05T08:21:27+08:00 ] ::1 /YiShuBookPlatform/service/Api/Public/admin/public.js
INFO: [ app_init ] --START--
INFO: Run Behavior\BuildLiteBehavior [ RunTime:0.000017s ]
INFO: [ app_init ] --END-- [ RunTime:0.000569s ]
ERR: 无法加载模块:Public

[ 2018-01-05T08:21:34+08:00 ] ::1 /YiShuBookPlatform/service/Api/Public/admin/public.js
INFO: [ app_init ] --START--
INFO: Run Behavior\BuildLiteBehavior [ RunTime:0.000014s ]
INFO: [ app_init ] --END-- [ RunTime:0.000475s ]
ERR: 无法加载模块:Public

[ 2018-01-05T08:21:36+08:00 ] ::1 /YiShuBookPlatform/service/Api/Public/admin/public.js
INFO: [ app_init ] --START--
INFO: Run Behavior\BuildLiteBehavior [ RunTime:0.000014s ]
INFO: [ app_init ] --END-- [ RunTime:0.000469s ]
ERR: 无法加载模块:Public

[ 2018-01-05T08:21:40+08:00 ] ::1 /YiShuBookPlatform/service/Api/Public/admin/public.js
INFO: [ app_init ] --START--
INFO: Run Behavior\BuildLiteBehavior [ RunTime:0.000016s ]
INFO: [ app_init ] --END-- [ RunTime:0.000571s ]
ERR: 无法加载模块:Public

[ 2018-01-05T08:22:03+08:00 ] ::1 /YiShuBookPlatform/service/Api/Public/admin/public.js
INFO: [ app_init ] --START--
INFO: Run Behavior\BuildLiteBehavior [ RunTime:0.000018s ]
INFO: [ app_init ] --END-- [ RunTime:0.000796s ]
ERR: 无法加载模块:Public

[ 2018-01-05T08:22:05+08:00 ] ::1 /YiShuBookPlatform/service/Api/Public/admin/public.js
INFO: [ app_init ] --START--
INFO: Run Behavior\BuildLiteBehavior [ RunTime:0.000024s ]
INFO: [ app_init ] --END-- [ RunTime:0.000738s ]
ERR: 无法加载模块:Public

[ 2018-01-05T08:22:10+08:00 ] ::1 /YiShuBookPlatform/service/Api/Public/admin/public.js
INFO: [ app_init ] --START--
INFO: Run Behavior\BuildLiteBehavior [ RunTime:0.000016s ]
INFO: [ app_init ] --END-- [ RunTime:0.000582s ]
ERR: 无法加载模块:Public

[ 2018-01-05T08:22:11+08:00 ] ::1 /YiShuBookPlatform/service/Api/Public/admin/public.js
INFO: [ app_init ] --START--
INFO: Run Behavior\BuildLiteBehavior [ RunTime:0.000030s ]
INFO: [ app_init ] --END-- [ RunTime:0.000492s ]
ERR: 无法加载模块:Public

[ 2018-01-05T08:22:16+08:00 ] ::1 /YiShuBookPlatform/service/Api/Public/admin/public.js
INFO: [ app_init ] --START--
INFO: Run Behavior\BuildLiteBehavior [ RunTime:0.000031s ]
INFO: [ app_init ] --END-- [ RunTime:0.000745s ]
ERR: 无法加载模块:Public

[ 2018-01-05T08:31:08+08:00 ] ::1 /YiShuBookPlatform/service/Api/Public/admin/public.js
INFO: [ app_init ] --START--
INFO: Run Behavior\BuildLiteBehavior [ RunTime:0.000034s ]
INFO: [ app_init ] --END-- [ RunTime:0.000886s ]
ERR: 无法加载模块:Public

[ 2018-01-05T08:31:12+08:00 ] ::1 /YiShuBookPlatform/service/Api/Public/admin/public.js
INFO: [ app_init ] --START--
INFO: Run Behavior\BuildLiteBehavior [ RunTime:0.000014s ]
INFO: [ app_init ] --END-- [ RunTime:0.000435s ]
ERR: 无法加载模块:Public

[ 2018-01-05T08:31:16+08:00 ] ::1 /YiShuBookPlatform/service/Api/Public/admin/public.js
INFO: [ app_init ] --START--
INFO: Run Behavior\BuildLiteBehavior [ RunTime:0.000020s ]
INFO: [ app_init ] --END-- [ RunTime:0.000880s ]
ERR: 无法加载模块:Public

[ 2018-01-05T08:31:22+08:00 ] ::1 /YiShuBookPlatform/service/Api/Public/admin/public.js
INFO: [ app_init ] --START--
INFO: Run Behavior\BuildLiteBehavior [ RunTime:0.000013s ]
INFO: [ app_init ] --END-- [ RunTime:0.000473s ]
ERR: 无法加载模块:Public

[ 2018-01-05T08:31:25+08:00 ] ::1 /YiShuBookPlatform/service/Api/Public/admin/public.js
INFO: [ app_init ] --START--
INFO: Run Behavior\BuildLiteBehavior [ RunTime:0.000014s ]
INFO: [ app_init ] --END-- [ RunTime:0.000448s ]
ERR: 无法加载模块:Public

[ 2018-01-05T08:31:49+08:00 ] ::1 /YiShuBookPlatform/service/Api/Public/admin/public.js
INFO: [ app_init ] --START--
INFO: Run Behavior\BuildLiteBehavior [ RunTime:0.000015s ]
INFO: [ app_init ] --END-- [ RunTime:0.000489s ]
ERR: 无法加载模块:Public

[ 2018-01-05T08:31:52+08:00 ] ::1 /YiShuBookPlatform/service/Api/Public/admin/public.js
INFO: [ app_init ] --START--
INFO: Run Behavior\BuildLiteBehavior [ RunTime:0.000014s ]
INFO: [ app_init ] --END-- [ RunTime:0.000466s ]
ERR: 无法加载模块:Public

[ 2018-01-05T08:31:59+08:00 ] ::1 /YiShuBookPlatform/service/Api/Public/admin/public.js
INFO: [ app_init ] --START--
INFO: Run Behavior\BuildLiteBehavior [ RunTime:0.000015s ]
INFO: [ app_init ] --END-- [ RunTime:0.000622s ]
ERR: 无法加载模块:Public

[ 2018-01-05T08:32:01+08:00 ] ::1 /YiShuBookPlatform/service/Api/Public/admin/public.js
INFO: [ app_init ] --START--
INFO: Run Behavior\BuildLiteBehavior [ RunTime:0.000015s ]
INFO: [ app_init ] --END-- [ RunTime:0.000616s ]
ERR: 无法加载模块:Public

[ 2018-01-05T08:32:04+08:00 ] ::1 /YiShuBookPlatform/service/Api/Public/admin/public.js
INFO: [ app_init ] --START--
INFO: Run Behavior\BuildLiteBehavior [ RunTime:0.000014s ]
INFO: [ app_init ] --END-- [ RunTime:0.000606s ]
ERR: 无法加载模块:Public

[ 2018-01-05T08:32:43+08:00 ] ::1 /YiShuBookPlatform/service/Api/Public/admin/public.js
INFO: [ app_init ] --START--
INFO: Run Behavior\BuildLiteBehavior [ RunTime:0.000021s ]
INFO: [ app_init ] --END-- [ RunTime:0.000974s ]
ERR: 无法加载模块:Public

[ 2018-01-05T09:02:19+08:00 ] ::1 /YiShuBookPlatform/service/Api/Admin/Home/View/Book/__ROOT__/Uploads%7B$list.bookposter%7D
INFO: [ app_init ] --START--
INFO: Run Behavior\BuildLiteBehavior [ RunTime:0.000027s ]
INFO: [ app_init ] --END-- [ RunTime:0.000891s ]
ERR: 无法加载模块:Admin

[ 2018-01-05T09:36:57+08:00 ] ::1 /YiShuBookPlatform/service/Api/Uploads2
INFO: [ app_init ] --START--
INFO: Run Behavior\BuildLiteBehavior [ RunTime:0.000025s ]
INFO: [ app_init ] --END-- [ RunTime:0.001611s ]
ERR: 无法加载模块:Uploads2

[ 2018-01-05T09:43:45+08:00 ] ::1 /YiShuBookPlatform/service/Api/Uploads/2018-01-02/5a4b6b4aeb178.jpg
INFO: [ app_init ] --START--
INFO: Run Behavior\BuildLiteBehavior [ RunTime:0.000024s ]
INFO: [ app_init ] --END-- [ RunTime:0.001138s ]
ERR: 无法加载模块:Uploads

[ 2018-01-05T09:43:45+08:00 ] ::1 /YiShuBookPlatform/service/Api/Uploads3232
INFO: [ app_init ] --START--
INFO: Run Behavior\BuildLiteBehavior [ RunTime:0.000025s ]
INFO: [ app_init ] --END-- [ RunTime:0.001671s ]
ERR: 无法加载模块:Uploads3232

[ 2018-01-05T09:43:45+08:00 ] ::1 /YiShuBookPlatform/service/Api/Uploads3434
INFO: [ app_init ] --START--
INFO: Run Behavior\BuildLiteBehavior [ RunTime:0.000017s ]
INFO: [ app_init ] --END-- [ RunTime:0.000705s ]
ERR: 无法加载模块:Uploads3434

[ 2018-01-05T09:43:54+08:00 ] ::1 /YiShuBookPlatform/service/Api/Uploads/2018-01-02/5a4b6b4aeb178.jpg
INFO: [ app_init ] --START--
INFO: Run Behavior\BuildLiteBehavior [ RunTime:0.000018s ]
INFO: [ app_init ] --END-- [ RunTime:0.000564s ]
ERR: 无法加载模块:Uploads

[ 2018-01-05T09:43:54+08:00 ] ::1 /YiShuBookPlatform/service/Api/Uploads3232
INFO: [ app_init ] --START--
INFO: Run Behavior\BuildLiteBehavior [ RunTime:0.000028s ]
INFO: [ app_init ] --END-- [ RunTime:0.000980s ]
ERR: 无法加载模块:Uploads3232

[ 2018-01-05T09:43:54+08:00 ] ::1 /YiShuBookPlatform/service/Api/Uploads3434
INFO: [ app_init ] --START--
INFO: Run Behavior\BuildLiteBehavior [ RunTime:0.000021s ]
INFO: [ app_init ] --END-- [ RunTime:0.001107s ]
ERR: 无法加载模块:Uploads3434

[ 2018-01-05T11:07:34+08:00 ] ::1 /YiShuBookPlatform/service/Api/Uploads/2018-01-02/5a4b6b4aeb178.jpg
INFO: [ app_init ] --START--
INFO: Run Behavior\BuildLiteBehavior [ RunTime:0.000021s ]
INFO: [ app_init ] --END-- [ RunTime:0.000733s ]
ERR: 无法加载模块:Uploads

[ 2018-01-05T11:07:34+08:00 ] ::1 /YiShuBookPlatform/service/Api/Uploads3232
INFO: [ app_init ] --START--
INFO: Run Behavior\BuildLiteBehavior [ RunTime:0.000027s ]
INFO: [ app_init ] --END-- [ RunTime:0.001088s ]
ERR: 无法加载模块:Uploads3232

[ 2018-01-05T11:07:34+08:00 ] ::1 /YiShuBookPlatform/service/Api/Uploads3434
INFO: [ app_init ] --START--
INFO: Run Behavior\BuildLiteBehavior [ RunTime:0.000015s ]
INFO: [ app_init ] --END-- [ RunTime:0.000710s ]
ERR: 无法加载模块:Uploads3434

[ 2018-01-05T11:17:31+08:00 ] ::1 /YiShuBookPlatform/service/Api/Uploads/2018-01-02/5a4b6b4aeb178.jpg
INFO: [ app_init ] --START--
INFO: Run Behavior\BuildLiteBehavior [ RunTime:0.000022s ]
INFO: [ app_init ] --END-- [ RunTime:0.000711s ]
ERR: 无法加载模块:Uploads

[ 2018-01-05T11:17:31+08:00 ] ::1 /YiShuBookPlatform/service/Api/Uploads3232
INFO: [ app_init ] --START--
INFO: Run Behavior\BuildLiteBehavior [ RunTime:0.000024s ]
INFO: [ app_init ] --END-- [ RunTime:0.000952s ]
ERR: 无法加载模块:Uploads3232

[ 2018-01-05T11:17:31+08:00 ] ::1 /YiShuBookPlatform/service/Api/Uploads3434
INFO: [ app_init ] --START--
INFO: Run Behavior\BuildLiteBehavior [ RunTime:0.000027s ]
INFO: [ app_init ] --END-- [ RunTime:0.001762s ]
ERR: 无法加载模块:Uploads3434

[ 2018-01-05T11:18:01+08:00 ] ::1 /YiShuBookPlatform/service/Api/Uploads/2018-01-02/5a4b6b4aeb178.jpg
INFO: [ app_init ] --START--
INFO: Run Behavior\BuildLiteBehavior [ RunTime:0.000023s ]
INFO: [ app_init ] --END-- [ RunTime:0.001084s ]
ERR: 无法加载模块:Uploads

[ 2018-01-05T11:18:01+08:00 ] ::1 /YiShuBookPlatform/service/Api/Uploads3434
INFO: [ app_init ] --START--
INFO: Run Behavior\BuildLiteBehavior [ RunTime:0.000025s ]
INFO: [ app_init ] --END-- [ RunTime:0.001136s ]
ERR: 无法加载模块:Uploads3434

[ 2018-01-05T11:18:01+08:00 ] ::1 /YiShuBookPlatform/service/Api/Uploads3232
INFO: [ app_init ] --START--
INFO: Run Behavior\BuildLiteBehavior [ RunTime:0.000027s ]
INFO: [ app_init ] --END-- [ RunTime:0.001064s ]
ERR: 无法加载模块:Uploads3232

[ 2018-01-05T11:25:37+08:00 ] ::1 /YiShuBookPlatform/service/Api/Uploads/2018-01-02/5a4b6b4aeb178.jpg
INFO: [ app_init ] --START--
INFO: Run Behavior\BuildLiteBehavior [ RunTime:0.000029s ]
INFO: [ app_init ] --END-- [ RunTime:0.001675s ]
ERR: 无法加载模块:Uploads

[ 2018-01-05T11:25:37+08:00 ] ::1 /YiShuBookPlatform/service/Api/Uploads3232
INFO: [ app_init ] --START--
INFO: Run Behavior\BuildLiteBehavior [ RunTime:0.000015s ]
INFO: [ app_init ] --END-- [ RunTime:0.000728s ]
ERR: 无法加载模块:Uploads3232

[ 2018-01-05T11:25:37+08:00 ] ::1 /YiShuBookPlatform/service/Api/Uploads3434
INFO: [ app_init ] --START--
INFO: Run Behavior\BuildLiteBehavior [ RunTime:0.000014s ]
INFO: [ app_init ] --END-- [ RunTime:0.000656s ]
ERR: 无法加载模块:Uploads3434

[ 2018-01-05T11:39:08+08:00 ] ::1 /YiShuBookPlatform/service/Api/Uploads3232
INFO: [ app_init ] --START--
INFO: Run Behavior\BuildLiteBehavior [ RunTime:0.000026s ]
INFO: [ app_init ] --END-- [ RunTime:0.001069s ]
ERR: 无法加载模块:Uploads3232

[ 2018-01-05T11:39:08+08:00 ] ::1 /YiShuBookPlatform/service/Api/Uploads/2018-01-02/5a4b6b4aeb178.jpg
INFO: [ app_init ] --START--
INFO: Run Behavior\BuildLiteBehavior [ RunTime:0.000024s ]
INFO: [ app_init ] --END-- [ RunTime:0.001109s ]
ERR: 无法加载模块:Uploads

[ 2018-01-05T11:39:08+08:00 ] ::1 /YiShuBookPlatform/service/Api/Uploads3434
INFO: [ app_init ] --START--
INFO: Run Behavior\BuildLiteBehavior [ RunTime:0.000025s ]
INFO: [ app_init ] --END-- [ RunTime:0.001347s ]
ERR: 无法加载模块:Uploads3434

[ 2018-01-05T11:48:08+08:00 ] ::1 /YiShuBookPlatform/service/Api/Uploads3232
INFO: [ app_init ] --START--
INFO: Run Behavior\BuildLiteBehavior [ RunTime:0.000166s ]
INFO: [ app_init ] --END-- [ RunTime:0.001345s ]
ERR: 无法加载模块:Uploads3232

[ 2018-01-05T11:48:08+08:00 ] ::1 /YiShuBookPlatform/service/Api/Uploads3434
INFO: [ app_init ] --START--
INFO: Run Behavior\BuildLiteBehavior [ RunTime:0.000025s ]
INFO: [ app_init ] --END-- [ RunTime:0.000792s ]
ERR: 无法加载模块:Uploads3434

[ 2018-01-05T11:48:08+08:00 ] ::1 /YiShuBookPlatform/service/Api/Uploads/2018-01-02/5a4b6b4aeb178.jpg
INFO: [ app_init ] --START--
INFO: Run Behavior\BuildLiteBehavior [ RunTime:0.000022s ]
INFO: [ app_init ] --END-- [ RunTime:0.000945s ]
ERR: 无法加载模块:Uploads

[ 2018-01-05T11:48:09+08:00 ] ::1 /YiShuBookPlatform/service/Api/Uploads3434
INFO: [ app_init ] --START--
INFO: Run Behavior\BuildLiteBehavior [ RunTime:0.000022s ]
INFO: [ app_init ] --END-- [ RunTime:0.001004s ]
ERR: 无法加载模块:Uploads3434

[ 2018-01-05T11:48:09+08:00 ] ::1 /YiShuBookPlatform/service/Api/Uploads3232
INFO: [ app_init ] --START--
INFO: Run Behavior\BuildLiteBehavior [ RunTime:0.000045s ]
INFO: [ app_init ] --END-- [ RunTime:0.003270s ]
ERR: 无法加载模块:Uploads3232

[ 2018-01-05T11:48:09+08:00 ] ::1 /YiShuBookPlatform/service/Api/Uploads/2018-01-02/5a4b6b4aeb178.jpg
INFO: [ app_init ] --START--
INFO: Run Behavior\BuildLiteBehavior [ RunTime:0.000349s ]
INFO: [ app_init ] --END-- [ RunTime:0.003244s ]
ERR: 无法加载模块:Uploads

[ 2018-01-05T12:44:17+08:00 ] ::1 /YiShuBookPlatform/service/Api/Uploads/2018-01-02/5a4b6b4aeb178.jpg
INFO: [ app_init ] --START--
INFO: Run Behavior\BuildLiteBehavior [ RunTime:0.000024s ]
INFO: [ app_init ] --END-- [ RunTime:0.000688s ]
ERR: 无法加载模块:Uploads

[ 2018-01-05T12:44:17+08:00 ] ::1 /YiShuBookPlatform/service/Api/Uploads3232
INFO: [ app_init ] --START--
INFO: Run Behavior\BuildLiteBehavior [ RunTime:0.000022s ]
INFO: [ app_init ] --END-- [ RunTime:0.001347s ]
ERR: 无法加载模块:Uploads3232

[ 2018-01-05T12:44:17+08:00 ] ::1 /YiShuBookPlatform/service/Api/Uploads3434
INFO: [ app_init ] --START--
INFO: Run Behavior\BuildLiteBehavior [ RunTime:0.000024s ]
INFO: [ app_init ] --END-- [ RunTime:0.001478s ]
ERR: 无法加载模块:Uploads3434

[ 2018-01-05T13:21:23+08:00 ] ::1 /YiShuBookPlatform/service/Api/Uploads/2018-01-02/5a4b6b4aeb178.jpg
INFO: [ app_init ] --START--
INFO: Run Behavior\BuildLiteBehavior [ RunTime:0.000023s ]
INFO: [ app_init ] --END-- [ RunTime:0.000746s ]
ERR: 无法加载模块:Uploads

[ 2018-01-05T13:21:23+08:00 ] ::1 /YiShuBookPlatform/service/Api/Uploads3232
INFO: [ app_init ] --START--
INFO: Run Behavior\BuildLiteBehavior [ RunTime:0.000028s ]
INFO: [ app_init ] --END-- [ RunTime:0.001136s ]
ERR: 无法加载模块:Uploads3232

[ 2018-01-05T13:21:23+08:00 ] ::1 /YiShuBookPlatform/service/Api/Uploads3434
INFO: [ app_init ] --START--
INFO: Run Behavior\BuildLiteBehavior [ RunTime:0.000026s ]
INFO: [ app_init ] --END-- [ RunTime:0.001223s ]
ERR: 无法加载模块:Uploads3434

[ 2018-01-05T13:26:49+08:00 ] ::1 /YiShuBookPlatform/service/Api/Uploads/2018-01-02/5a4b6b4aeb178.jpg
INFO: [ app_init ] --START--
INFO: Run Behavior\BuildLiteBehavior [ RunTime:0.000022s ]
INFO: [ app_init ] --END-- [ RunTime:0.000814s ]
ERR: 无法加载模块:Uploads

[ 2018-01-05T13:26:49+08:00 ] ::1 /YiShuBookPlatform/service/Api/Uploads3434
INFO: [ app_init ] --START--
INFO: Run Behavior\BuildLiteBehavior [ RunTime:0.000031s ]
INFO: [ app_init ] --END-- [ RunTime:0.001632s ]
ERR: 无法加载模块:Uploads3434

[ 2018-01-05T13:26:49+08:00 ] ::1 /YiShuBookPlatform/service/Api/Uploads3232
INFO: [ app_init ] --START--
INFO: Run Behavior\BuildLiteBehavior [ RunTime:0.000026s ]
INFO: [ app_init ] --END-- [ RunTime:0.001073s ]
ERR: 无法加载模块:Uploads3232

[ 2018-01-05T13:29:24+08:00 ] ::1 /YiShuBookPlatform/service/Api/Uploads/2018-01-02/5a4b6b4aeb178.jpg
INFO: [ app_init ] --START--
INFO: Run Behavior\BuildLiteBehavior [ RunTime:0.000022s ]
INFO: [ app_init ] --END-- [ RunTime:0.001094s ]
ERR: 无法加载模块:Uploads

[ 2018-01-05T13:29:24+08:00 ] ::1 /YiShuBookPlatform/service/Api/Uploads3232
INFO: [ app_init ] --START--
INFO: Run Behavior\BuildLiteBehavior [ RunTime:0.000029s ]
INFO: [ app_init ] --END-- [ RunTime:0.001030s ]
ERR: 无法加载模块:Uploads3232

[ 2018-01-05T13:29:24+08:00 ] ::1 /YiShuBookPlatform/service/Api/Uploads3434
INFO: [ app_init ] --START--
INFO: Run Behavior\BuildLiteBehavior [ RunTime:0.000027s ]
INFO: [ app_init ] --END-- [ RunTime:0.001187s ]
ERR: 无法加载模块:Uploads3434

[ 2018-01-05T13:31:28+08:00 ] ::1 /YiShuBookPlatform/service/Api/Uploads/2018-01-02/5a4b6b4aeb178.jpg
INFO: [ app_init ] --START--
INFO: Run Behavior\BuildLiteBehavior [ RunTime:0.000024s ]
INFO: [ app_init ] --END-- [ RunTime:0.001467s ]
ERR: 无法加载模块:Uploads

[ 2018-01-05T13:31:28+08:00 ] ::1 /YiShuBookPlatform/service/Api/Uploads3232
INFO: [ app_init ] --START--
INFO: Run Behavior\BuildLiteBehavior [ RunTime:0.000029s ]
INFO: [ app_init ] --END-- [ RunTime:0.000912s ]
ERR: 无法加载模块:Uploads3232

[ 2018-01-05T13:31:28+08:00 ] ::1 /YiShuBookPlatform/service/Api/Uploads3434
INFO: [ app_init ] --START--
INFO: Run Behavior\BuildLiteBehavior [ RunTime:0.000025s ]
INFO: [ app_init ] --END-- [ RunTime:0.001018s ]
ERR: 无法加载模块:Uploads3434

[ 2018-01-05T13:31:29+08:00 ] ::1 /YiShuBookPlatform/service/Api/Uploads3232
INFO: [ app_init ] --START--
INFO: Run Behavior\BuildLiteBehavior [ RunTime:0.000023s ]
INFO: [ app_init ] --END-- [ RunTime:0.000718s ]
ERR: 无法加载模块:Uploads3232

[ 2018-01-05T13:31:29+08:00 ] ::1 /YiShuBookPlatform/service/Api/Uploads3434
INFO: [ app_init ] --START--
INFO: Run Behavior\BuildLiteBehavior [ RunTime:0.000022s ]
INFO: [ app_init ] --END-- [ RunTime:0.000735s ]
ERR: 无法加载模块:Uploads3434

[ 2018-01-05T13:31:29+08:00 ] ::1 /YiShuBookPlatform/service/Api/Uploads/2018-01-02/5a4b6b4aeb178.jpg
INFO: [ app_init ] --START--
INFO: Run Behavior\BuildLiteBehavior [ RunTime:0.000023s ]
INFO: [ app_init ] --END-- [ RunTime:0.001317s ]
ERR: 无法加载模块:Uploads

[ 2018-01-05T13:31:42+08:00 ] ::1 /YiShuBookPlatform/service/Api/Uploads3232
INFO: [ app_init ] --START--
INFO: Run Behavior\BuildLiteBehavior [ RunTime:0.000022s ]
INFO: [ app_init ] --END-- [ RunTime:0.000703s ]
ERR: 无法加载模块:Uploads3232

[ 2018-01-05T13:31:42+08:00 ] ::1 /YiShuBookPlatform/service/Api/Uploads3434
INFO: [ app_init ] --START--
INFO: Run Behavior\BuildLiteBehavior [ RunTime:0.000024s ]
INFO: [ app_init ] --END-- [ RunTime:0.002950s ]
ERR: 无法加载模块:Uploads3434

[ 2018-01-05T13:31:42+08:00 ] ::1 /YiShuBookPlatform/service/Api/Uploads/2018-01-02/5a4b6b4aeb178.jpg
INFO: [ app_init ] --START--
INFO: Run Behavior\BuildLiteBehavior [ RunTime:0.000027s ]
INFO: [ app_init ] --END-- [ RunTime:0.001125s ]
ERR: 无法加载模块:Uploads

[ 2018-01-05T13:32:07+08:00 ] ::1 /YiShuBookPlatform/service/Api/Uploads3232
INFO: [ app_init ] --START--
INFO: Run Behavior\BuildLiteBehavior [ RunTime:0.000022s ]
INFO: [ app_init ] --END-- [ RunTime:0.000684s ]
ERR: 无法加载模块:Uploads3232

[ 2018-01-05T13:32:07+08:00 ] ::1 /YiShuBookPlatform/service/Api/Uploads/2018-01-02/5a4b6b4aeb178.jpg
INFO: [ app_init ] --START--
INFO: Run Behavior\BuildLiteBehavior [ RunTime:0.000024s ]
INFO: [ app_init ] --END-- [ RunTime:0.001180s ]
ERR: 无法加载模块:Uploads

[ 2018-01-05T13:32:07+08:00 ] ::1 /YiShuBookPlatform/service/Api/Uploads3434
INFO: [ app_init ] --START--
INFO: Run Behavior\BuildLiteBehavior [ RunTime:0.000023s ]
INFO: [ app_init ] --END-- [ RunTime:0.000806s ]
ERR: 无法加载模块:Uploads3434

[ 2018-01-05T13:32:43+08:00 ] ::1 /YiShuBookPlatform/service/Api/Uploads/2018-01-02/5a4b6b4aeb178.jpg
INFO: [ app_init ] --START--
INFO: Run Behavior\BuildLiteBehavior [ RunTime:0.000029s ]
INFO: [ app_init ] --END-- [ RunTime:0.000920s ]
ERR: 无法加载模块:Uploads

[ 2018-01-05T13:32:43+08:00 ] ::1 /YiShuBookPlatform/service/Api/Uploads3434
INFO: [ app_init ] --START--
INFO: Run Behavior\BuildLiteBehavior [ RunTime:0.000014s ]
INFO: [ app_init ] --END-- [ RunTime:0.000479s ]
ERR: 无法加载模块:Uploads3434

[ 2018-01-05T13:32:43+08:00 ] ::1 /YiShuBookPlatform/service/Api/Uploads3232
INFO: [ app_init ] --START--
INFO: Run Behavior\BuildLiteBehavior [ RunTime:0.000041s ]
INFO: [ app_init ] --END-- [ RunTime:0.003726s ]
ERR: 无法加载模块:Uploads3232

[ 2018-01-05T13:32:56+08:00 ] ::1 /YiShuBookPlatform/service/Api/Uploads3232
INFO: [ app_init ] --START--
INFO: Run Behavior\BuildLiteBehavior [ RunTime:0.000025s ]
INFO: [ app_init ] --END-- [ RunTime:0.000851s ]
ERR: 无法加载模块:Uploads3232

[ 2018-01-05T13:32:56+08:00 ] ::1 /YiShuBookPlatform/service/Api/Uploads/2018-01-02/5a4b6b4aeb178.jpg
INFO: [ app_init ] --START--
INFO: Run Behavior\BuildLiteBehavior [ RunTime:0.000022s ]
INFO: [ app_init ] --END-- [ RunTime:0.000878s ]
ERR: 无法加载模块:Uploads

[ 2018-01-05T13:32:56+08:00 ] ::1 /YiShuBookPlatform/service/Api/Uploads3434
INFO: [ app_init ] --START--
INFO: Run Behavior\BuildLiteBehavior [ RunTime:0.000028s ]
INFO: [ app_init ] --END-- [ RunTime:0.003042s ]
ERR: 无法加载模块:Uploads3434

[ 2018-01-05T13:33:40+08:00 ] ::1 /YiShuBookPlatform/service/Api/Uploads/2018-01-02/5a4b6b4aeb178.jpg
INFO: [ app_init ] --START--
INFO: Run Behavior\BuildLiteBehavior [ RunTime:0.000021s ]
INFO: [ app_init ] --END-- [ RunTime:0.000702s ]
ERR: 无法加载模块:Uploads

[ 2018-01-05T13:33:40+08:00 ] ::1 /YiShuBookPlatform/service/Api/Uploads3232
INFO: [ app_init ] --START--
INFO: Run Behavior\BuildLiteBehavior [ RunTime:0.000023s ]
INFO: [ app_init ] --END-- [ RunTime:0.000912s ]
ERR: 无法加载模块:Uploads3232

[ 2018-01-05T13:33:40+08:00 ] ::1 /YiShuBookPlatform/service/Api/Uploads3434
INFO: [ app_init ] --START--
INFO: Run Behavior\BuildLiteBehavior [ RunTime:0.000023s ]
INFO: [ app_init ] --END-- [ RunTime:0.002379s ]
ERR: 无法加载模块:Uploads3434

[ 2018-01-05T13:33:57+08:00 ] ::1 /YiShuBookPlatform/service/Api/Uploads/2018-01-02/5a4b6b4aeb178.jpg
INFO: [ app_init ] --START--
INFO: Run Behavior\BuildLiteBehavior [ RunTime:0.000022s ]
INFO: [ app_init ] --END-- [ RunTime:0.000911s ]
ERR: 无法加载模块:Uploads

[ 2018-01-05T13:33:57+08:00 ] ::1 /YiShuBookPlatform/service/Api/Uploads3434
INFO: [ app_init ] --START--
INFO: Run Behavior\BuildLiteBehavior [ RunTime:0.000025s ]
INFO: [ app_init ] --END-- [ RunTime:0.000953s ]
ERR: 无法加载模块:Uploads3434

[ 2018-01-05T13:33:57+08:00 ] ::1 /YiShuBookPlatform/service/Api/Uploads3232
INFO: [ app_init ] --START--
INFO: Run Behavior\BuildLiteBehavior [ RunTime:0.000024s ]
INFO: [ app_init ] --END-- [ RunTime:0.001024s ]
ERR: 无法加载模块:Uploads3232

[ 2018-01-05T13:33:57+08:00 ] ::1 /YiShuBookPlatform/service/Api/Uploads/2018-01-02/5a4b6b4aeb178.jpg
INFO: [ app_init ] --START--
INFO: Run Behavior\BuildLiteBehavior [ RunTime:0.000022s ]
INFO: [ app_init ] --END-- [ RunTime:0.000703s ]
ERR: 无法加载模块:Uploads

[ 2018-01-05T13:33:57+08:00 ] ::1 /YiShuBookPlatform/service/Api/Uploads3232
INFO: [ app_init ] --START--
INFO: Run Behavior\BuildLiteBehavior [ RunTime:0.000024s ]
INFO: [ app_init ] --END-- [ RunTime:0.000843s ]
ERR: 无法加载模块:Uploads3232

[ 2018-01-05T13:33:57+08:00 ] ::1 /YiShuBookPlatform/service/Api/Uploads3434
INFO: [ app_init ] --START--
INFO: Run Behavior\BuildLiteBehavior [ RunTime:0.000026s ]
INFO: [ app_init ] --END-- [ RunTime:0.001127s ]
ERR: 无法加载模块:Uploads3434

[ 2018-01-05T13:34:26+08:00 ] ::1 /YiShuBookPlatform/service/Api/Uploads/2018-01-02/5a4b6b4aeb178.jpg
INFO: [ app_init ] --START--
INFO: Run Behavior\BuildLiteBehavior [ RunTime:0.000043s ]
INFO: [ app_init ] --END-- [ RunTime:0.001940s ]
ERR: 无法加载模块:Uploads

[ 2018-01-05T13:34:26+08:00 ] ::1 /YiShuBookPlatform/service/Api/Uploads3232
INFO: [ app_init ] --START--
INFO: Run Behavior\BuildLiteBehavior [ RunTime:0.000024s ]
INFO: [ app_init ] --END-- [ RunTime:0.000774s ]
ERR: 无法加载模块:Uploads3232

[ 2018-01-05T13:34:26+08:00 ] ::1 /YiShuBookPlatform/service/Api/Uploads3434
INFO: [ app_init ] --START--
INFO: Run Behavior\BuildLiteBehavior [ RunTime:0.000014s ]
INFO: [ app_init ] --END-- [ RunTime:0.000524s ]
ERR: 无法加载模块:Uploads3434

[ 2018-01-05T13:35:18+08:00 ] ::1 /YiShuBookPlatform/service/Api/Uploads/2018-01-02/5a4b6b4aeb178.jpg
INFO: [ app_init ] --START--
INFO: Run Behavior\BuildLiteBehavior [ RunTime:0.000022s ]
INFO: [ app_init ] --END-- [ RunTime:0.000714s ]
ERR: 无法加载模块:Uploads

[ 2018-01-05T13:35:18+08:00 ] ::1 /YiShuBookPlatform/service/Api/Uploads3232
INFO: [ app_init ] --START--
INFO: Run Behavior\BuildLiteBehavior [ RunTime:0.000022s ]
INFO: [ app_init ] --END-- [ RunTime:0.000711s ]
ERR: 无法加载模块:Uploads3232

[ 2018-01-05T13:35:18+08:00 ] ::1 /YiShuBookPlatform/service/Api/Uploads3434
INFO: [ app_init ] --START--
INFO: Run Behavior\BuildLiteBehavior [ RunTime:0.000022s ]
INFO: [ app_init ] --END-- [ RunTime:0.000819s ]
ERR: 无法加载模块:Uploads3434

[ 2018-01-05T13:35:53+08:00 ] ::1 /YiShuBookPlatform/service/Api/Uploads3232
INFO: [ app_init ] --START--
INFO: Run Behavior\BuildLiteBehavior [ RunTime:0.000025s ]
INFO: [ app_init ] --END-- [ RunTime:0.000888s ]
ERR: 无法加载模块:Uploads3232

[ 2018-01-05T13:35:52+08:00 ] ::1 /YiShuBookPlatform/service/Api/Uploads/2018-01-02/5a4b6b4aeb178.jpg
INFO: [ app_init ] --START--
INFO: Run Behavior\BuildLiteBehavior [ RunTime:0.000022s ]
INFO: [ app_init ] --END-- [ RunTime:0.000676s ]
ERR: 无法加载模块:Uploads

[ 2018-01-05T13:35:53+08:00 ] ::1 /YiShuBookPlatform/service/Api/Uploads3434
INFO: [ app_init ] --START--
INFO: Run Behavior\BuildLiteBehavior [ RunTime:0.000023s ]
INFO: [ app_init ] --END-- [ RunTime:0.000866s ]
ERR: 无法加载模块:Uploads3434

[ 2018-01-05T13:36:04+08:00 ] ::1 /YiShuBookPlatform/service/Api/Uploads/2018-01-02/5a4b6b4aeb178.jpg
INFO: [ app_init ] --START--
INFO: Run Behavior\BuildLiteBehavior [ RunTime:0.000026s ]
INFO: [ app_init ] --END-- [ RunTime:0.000815s ]
ERR: 无法加载模块:Uploads

[ 2018-01-05T13:36:04+08:00 ] ::1 /YiShuBookPlatform/service/Api/Uploads3232
INFO: [ app_init ] --START--
INFO: Run Behavior\BuildLiteBehavior [ RunTime:0.000022s ]
INFO: [ app_init ] --END-- [ RunTime:0.000815s ]
ERR: 无法加载模块:Uploads3232

[ 2018-01-05T13:36:04+08:00 ] ::1 /YiShuBookPlatform/service/Api/Uploads3434
INFO: [ app_init ] --START--
INFO: Run Behavior\BuildLiteBehavior [ RunTime:0.000025s ]
INFO: [ app_init ] --END-- [ RunTime:0.001072s ]
ERR: 无法加载模块:Uploads3434

[ 2018-01-05T13:36:18+08:00 ] ::1 /YiShuBookPlatform/service/Api/Uploads/2018-01-02/5a4b6b4aeb178.jpg
INFO: [ app_init ] --START--
INFO: Run Behavior\BuildLiteBehavior [ RunTime:0.000022s ]
INFO: [ app_init ] --END-- [ RunTime:0.000713s ]
ERR: 无法加载模块:Uploads

[ 2018-01-05T13:36:18+08:00 ] ::1 /YiShuBookPlatform/service/Api/Uploads3232
INFO: [ app_init ] --START--
INFO: Run Behavior\BuildLiteBehavior [ RunTime:0.000027s ]
INFO: [ app_init ] --END-- [ RunTime:0.000899s ]
ERR: 无法加载模块:Uploads3232

[ 2018-01-05T13:36:18+08:00 ] ::1 /YiShuBookPlatform/service/Api/Uploads3434
INFO: [ app_init ] --START--
INFO: Run Behavior\BuildLiteBehavior [ RunTime:0.000032s ]
INFO: [ app_init ] --END-- [ RunTime:0.001119s ]
ERR: 无法加载模块:Uploads3434

[ 2018-01-05T13:39:16+08:00 ] ::1 /YiShuBookPlatform/service/Api/Uploads/2018-01-02/5a4b6b4aeb178.jpg
INFO: [ app_init ] --START--
INFO: Run Behavior\BuildLiteBehavior [ RunTime:0.000026s ]
INFO: [ app_init ] --END-- [ RunTime:0.000815s ]
ERR: 无法加载模块:Uploads

[ 2018-01-05T13:39:16+08:00 ] ::1 /YiShuBookPlatform/service/Api/Uploads3232
INFO: [ app_init ] --START--
INFO: Run Behavior\BuildLiteBehavior [ RunTime:0.000018s ]
INFO: [ app_init ] --END-- [ RunTime:0.000793s ]
ERR: 无法加载模块:Uploads3232

[ 2018-01-05T13:39:16+08:00 ] ::1 /YiShuBookPlatform/service/Api/Uploads3434
INFO: [ app_init ] --START--
INFO: Run Behavior\BuildLiteBehavior [ RunTime:0.000025s ]
INFO: [ app_init ] --END-- [ RunTime:0.000970s ]
ERR: 无法加载模块:Uploads3434

[ 2018-01-05T13:42:43+08:00 ] ::1 /YiShuBookPlatform/service/Api/Uploads/2018-01-02/5a4b6b4aeb178.jpg
INFO: [ app_init ] --START--
INFO: Run Behavior\BuildLiteBehavior [ RunTime:0.000020s ]
INFO: [ app_init ] --END-- [ RunTime:0.000679s ]
ERR: 无法加载模块:Uploads

[ 2018-01-05T13:42:43+08:00 ] ::1 /YiShuBookPlatform/service/Api/Uploads3232
INFO: [ app_init ] --START--
INFO: Run Behavior\BuildLiteBehavior [ RunTime:0.000027s ]
INFO: [ app_init ] --END-- [ RunTime:0.001783s ]
ERR: 无法加载模块:Uploads3232

[ 2018-01-05T13:42:43+08:00 ] ::1 /YiShuBookPlatform/service/Api/Uploads3434
INFO: [ app_init ] --START--
INFO: Run Behavior\BuildLiteBehavior [ RunTime:0.000044s ]
INFO: [ app_init ] --END-- [ RunTime:0.001051s ]
ERR: 无法加载模块:Uploads3434

[ 2018-01-05T13:45:47+08:00 ] ::1 /YiShuBookPlatform/service/Api/Uploads/2018-01-02/5a4b6b4aeb178.jpg
INFO: [ app_init ] --START--
INFO: Run Behavior\BuildLiteBehavior [ RunTime:0.000024s ]
INFO: [ app_init ] --END-- [ RunTime:0.001346s ]
ERR: 无法加载模块:Uploads

[ 2018-01-05T13:45:47+08:00 ] ::1 /YiShuBookPlatform/service/Api/Uploads3232
INFO: [ app_init ] --START--
INFO: Run Behavior\BuildLiteBehavior [ RunTime:0.000025s ]
INFO: [ app_init ] --END-- [ RunTime:0.001097s ]
ERR: 无法加载模块:Uploads3232

[ 2018-01-05T13:45:47+08:00 ] ::1 /YiShuBookPlatform/service/Api/Uploads3434
INFO: [ app_init ] --START--
INFO: Run Behavior\BuildLiteBehavior [ RunTime:0.000024s ]
INFO: [ app_init ] --END-- [ RunTime:0.001018s ]
ERR: 无法加载模块:Uploads3434

[ 2018-01-05T13:46:02+08:00 ] ::1 /YiShuBookPlatform/service/Api/Uploads/2018-01-02/5a4b6b4aeb178.jpg
INFO: [ app_init ] --START--
INFO: Run Behavior\BuildLiteBehavior [ RunTime:0.000026s ]
INFO: [ app_init ] --END-- [ RunTime:0.001087s ]
ERR: 无法加载模块:Uploads

[ 2018-01-05T13:46:02+08:00 ] ::1 /YiShuBookPlatform/service/Api/Uploads3434
INFO: [ app_init ] --START--
INFO: Run Behavior\BuildLiteBehavior [ RunTime:0.000023s ]
INFO: [ app_init ] --END-- [ RunTime:0.001002s ]
ERR: 无法加载模块:Uploads3434

[ 2018-01-05T13:46:02+08:00 ] ::1 /YiShuBookPlatform/service/Api/Uploads3232
INFO: [ app_init ] --START--
INFO: Run Behavior\BuildLiteBehavior [ RunTime:0.000023s ]
INFO: [ app_init ] --END-- [ RunTime:0.002872s ]
ERR: 无法加载模块:Uploads3232

[ 2018-01-05T13:46:13+08:00 ] ::1 /YiShuBookPlatform/service/Api/Uploads/2018-01-02/5a4b6b4aeb178.jpg
INFO: [ app_init ] --START--
INFO: Run Behavior\BuildLiteBehavior [ RunTime:0.000046s ]
INFO: [ app_init ] --END-- [ RunTime:0.000717s ]
ERR: 无法加载模块:Uploads

[ 2018-01-05T13:46:13+08:00 ] ::1 /YiShuBookPlatform/service/Api/Uploads3434
INFO: [ app_init ] --START--
INFO: Run Behavior\BuildLiteBehavior [ RunTime:0.000031s ]
INFO: [ app_init ] --END-- [ RunTime:0.002112s ]
ERR: 无法加载模块:Uploads3434

[ 2018-01-05T13:46:13+08:00 ] ::1 /YiShuBookPlatform/service/Api/Uploads3232
INFO: [ app_init ] --START--
INFO: Run Behavior\BuildLiteBehavior [ RunTime:0.000035s ]
INFO: [ app_init ] --END-- [ RunTime:0.001579s ]
ERR: 无法加载模块:Uploads3232

[ 2018-01-05T13:46:50+08:00 ] ::1 /YiShuBookPlatform/service/Api/Uploads/2018-01-02/5a4b6b4aeb178.jpg
INFO: [ app_init ] --START--
INFO: Run Behavior\BuildLiteBehavior [ RunTime:0.000024s ]
INFO: [ app_init ] --END-- [ RunTime:0.000762s ]
ERR: 无法加载模块:Uploads

[ 2018-01-05T13:46:51+08:00 ] ::1 /YiShuBookPlatform/service/Api/Uploads3434
INFO: [ app_init ] --START--
INFO: Run Behavior\BuildLiteBehavior [ RunTime:0.000057s ]
INFO: [ app_init ] --END-- [ RunTime:0.001940s ]
ERR: 无法加载模块:Uploads3434

[ 2018-01-05T13:46:51+08:00 ] ::1 /YiShuBookPlatform/service/Api/Uploads3232
INFO: [ app_init ] --START--
INFO: Run Behavior\BuildLiteBehavior [ RunTime:0.000025s ]
INFO: [ app_init ] --END-- [ RunTime:0.001089s ]
ERR: 无法加载模块:Uploads3232

[ 2018-01-05T13:46:57+08:00 ] ::1 /YiShuBookPlatform/service/Api/Uploads3232
INFO: [ app_init ] --START--
INFO: Run Behavior\BuildLiteBehavior [ RunTime:0.000030s ]
INFO: [ app_init ] --END-- [ RunTime:0.004047s ]
ERR: 无法加载模块:Uploads3232

[ 2018-01-05T13:46:58+08:00 ] ::1 /YiShuBookPlatform/service/Api/Uploads/2018-01-02/5a4b6b4aeb178.jpg
INFO: [ app_init ] --START--
INFO: Run Behavior\BuildLiteBehavior [ RunTime:0.000021s ]
INFO: [ app_init ] --END-- [ RunTime:0.000903s ]
ERR: 无法加载模块:Uploads

[ 2018-01-05T13:47:58+08:00 ] ::1 /YiShuBookPlatform/service/Api/Uploads/2018-01-02/5a4b6b4aeb178.jpg
INFO: [ app_init ] --START--
INFO: Run Behavior\BuildLiteBehavior [ RunTime:0.000024s ]
INFO: [ app_init ] --END-- [ RunTime:0.001333s ]
ERR: 无法加载模块:Uploads

[ 2018-01-05T13:47:58+08:00 ] ::1 /YiShuBookPlatform/service/Api/Uploads3232
INFO: [ app_init ] --START--
INFO: Run Behavior\BuildLiteBehavior [ RunTime:0.000022s ]
INFO: [ app_init ] --END-- [ RunTime:0.000760s ]
ERR: 无法加载模块:Uploads3232

[ 2018-01-05T13:47:58+08:00 ] ::1 /YiShuBookPlatform/service/Api/Uploads3434
INFO: [ app_init ] --START--
INFO: Run Behavior\BuildLiteBehavior [ RunTime:0.000025s ]
INFO: [ app_init ] --END-- [ RunTime:0.001570s ]
ERR: 无法加载模块:Uploads3434

[ 2018-01-05T13:50:06+08:00 ] ::1 /YiShuBookPlatform/service/Api/Uploads/2018-01-02/5a4b6b4aeb178.jpg
INFO: [ app_init ] --START--
INFO: Run Behavior\BuildLiteBehavior [ RunTime:0.000022s ]
INFO: [ app_init ] --END-- [ RunTime:0.000804s ]
ERR: 无法加载模块:Uploads

[ 2018-01-05T13:50:06+08:00 ] ::1 /YiShuBookPlatform/service/Api/Public/img/garbge.png
INFO: [ app_init ] --START--
INFO: Run Behavior\BuildLiteBehavior [ RunTime:0.000023s ]
INFO: [ app_init ] --END-- [ RunTime:0.000980s ]
ERR: 无法加载模块:Public

[ 2018-01-05T13:50:06+08:00 ] ::1 /YiShuBookPlatform/service/Api/Uploads3434
INFO: [ app_init ] --START--
INFO: Run Behavior\BuildLiteBehavior [ RunTime:0.000022s ]
INFO: [ app_init ] --END-- [ RunTime:0.001008s ]
ERR: 无法加载模块:Uploads3434

[ 2018-01-05T13:50:06+08:00 ] ::1 /YiShuBookPlatform/service/Api/Uploads3232
INFO: [ app_init ] --START--
INFO: Run Behavior\BuildLiteBehavior [ RunTime:0.000024s ]
INFO: [ app_init ] --END-- [ RunTime:0.000962s ]
ERR: 无法加载模块:Uploads3232

[ 2018-01-05T13:50:15+08:00 ] ::1 /YiShuBookPlatform/service/Api/Uploads/2018-01-02/5a4b6b4aeb178.jpg
INFO: [ app_init ] --START--
INFO: Run Behavior\BuildLiteBehavior [ RunTime:0.000023s ]
INFO: [ app_init ] --END-- [ RunTime:0.000742s ]
ERR: 无法加载模块:Uploads

[ 2018-01-05T13:50:15+08:00 ] ::1 /YiShuBookPlatform/service/Api/Uploads3434
INFO: [ app_init ] --START--
INFO: Run Behavior\BuildLiteBehavior [ RunTime:0.000025s ]
INFO: [ app_init ] --END-- [ RunTime:0.000816s ]
ERR: 无法加载模块:Uploads3434

[ 2018-01-05T13:50:15+08:00 ] ::1 /YiShuBookPlatform/service/Api/Uploads3232
INFO: [ app_init ] --START--
INFO: Run Behavior\BuildLiteBehavior [ RunTime:0.000023s ]
INFO: [ app_init ] --END-- [ RunTime:0.000839s ]
ERR: 无法加载模块:Uploads3232

[ 2018-01-05T13:57:55+08:00 ] ::1 /YiShuBookPlatform/service/Api/Uploads/2018-01-02/5a4b6b4aeb178.jpg
INFO: [ app_init ] --START--
INFO: Run Behavior\BuildLiteBehavior [ RunTime:0.000023s ]
INFO: [ app_init ] --END-- [ RunTime:0.000724s ]
ERR: 无法加载模块:Uploads

[ 2018-01-05T13:57:55+08:00 ] ::1 /YiShuBookPlatform/service/Api/Uploads3232
INFO: [ app_init ] --START--
INFO: Run Behavior\BuildLiteBehavior [ RunTime:0.000014s ]
INFO: [ app_init ] --END-- [ RunTime:0.000636s ]
ERR: 无法加载模块:Uploads3232

[ 2018-01-05T13:57:55+08:00 ] ::1 /YiShuBookPlatform/service/Api/Uploads3434
INFO: [ app_init ] --START--
INFO: Run Behavior\BuildLiteBehavior [ RunTime:0.000026s ]
INFO: [ app_init ] --END-- [ RunTime:0.001177s ]
ERR: 无法加载模块:Uploads3434

[ 2018-01-05T14:06:58+08:00 ] ::1 /YiShuBookPlatform/service/Api/Uploads/2018-01-02/5a4b6b4aeb178.jpg
INFO: [ app_init ] --START--
INFO: Run Behavior\BuildLiteBehavior [ RunTime:0.000029s ]
INFO: [ app_init ] --END-- [ RunTime:0.001552s ]
ERR: 无法加载模块:Uploads

[ 2018-01-05T14:06:58+08:00 ] ::1 /YiShuBookPlatform/service/Api/Uploads3434
INFO: [ app_init ] --START--
INFO: Run Behavior\BuildLiteBehavior [ RunTime:0.000022s ]
INFO: [ app_init ] --END-- [ RunTime:0.000954s ]
ERR: 无法加载模块:Uploads3434

[ 2018-01-05T14:06:58+08:00 ] ::1 /YiShuBookPlatform/service/Api/Uploads3232
INFO: [ app_init ] --START--
INFO: Run Behavior\BuildLiteBehavior [ RunTime:0.000015s ]
INFO: [ app_init ] --END-- [ RunTime:0.000612s ]
ERR: 无法加载模块:Uploads3232

[ 2018-01-05T14:07:44+08:00 ] ::1 /YiShuBookPlatform/service/Api/Uploads/2018-01-02/5a4b6b4aeb178.jpg
INFO: [ app_init ] --START--
INFO: Run Behavior\BuildLiteBehavior [ RunTime:0.000025s ]
INFO: [ app_init ] --END-- [ RunTime:0.001363s ]
ERR: 无法加载模块:Uploads

[ 2018-01-05T14:07:44+08:00 ] ::1 /YiShuBookPlatform/service/Api/Uploads3232
INFO: [ app_init ] --START--
INFO: Run Behavior\BuildLiteBehavior [ RunTime:0.000632s ]
INFO: [ app_init ] --END-- [ RunTime:0.003648s ]
ERR: 无法加载模块:Uploads3232

[ 2018-01-05T14:07:44+08:00 ] ::1 /YiShuBookPlatform/service/Api/Uploads3434
INFO: [ app_init ] --START--
INFO: Run Behavior\BuildLiteBehavior [ RunTime:0.000018s ]
INFO: [ app_init ] --END-- [ RunTime:0.001466s ]
ERR: 无法加载模块:Uploads3434

[ 2018-01-05T14:09:42+08:00 ] ::1 /YiShuBookPlatform/service/Api/Uploads/2018-01-02/5a4b6b4aeb178.jpg
INFO: [ app_init ] --START--
INFO: Run Behavior\BuildLiteBehavior [ RunTime:0.000026s ]
INFO: [ app_init ] --END-- [ RunTime:0.001001s ]
ERR: 无法加载模块:Uploads

[ 2018-01-05T14:09:42+08:00 ] ::1 /YiShuBookPlatform/service/Api/Uploads3434
INFO: [ app_init ] --START--
INFO: Run Behavior\BuildLiteBehavior [ RunTime:0.000023s ]
INFO: [ app_init ] --END-- [ RunTime:0.000851s ]
ERR: 无法加载模块:Uploads3434

[ 2018-01-05T14:09:42+08:00 ] ::1 /YiShuBookPlatform/service/Api/Uploads3232
INFO: [ app_init ] --START--
INFO: Run Behavior\BuildLiteBehavior [ RunTime:0.000024s ]
INFO: [ app_init ] --END-- [ RunTime:0.001010s ]
ERR: 无法加载模块:Uploads3232

[ 2018-01-05T14:10:31+08:00 ] ::1 /YiShuBookPlatform/service/Api/Uploads/2018-01-02/5a4b6b4aeb178.jpg
INFO: [ app_init ] --START--
INFO: Run Behavior\BuildLiteBehavior [ RunTime:0.000016s ]
INFO: [ app_init ] --END-- [ RunTime:0.000522s ]
ERR: 无法加载模块:Uploads

[ 2018-01-05T14:10:31+08:00 ] ::1 /YiShuBookPlatform/service/Api/Uploads3232
INFO: [ app_init ] --START--
INFO: Run Behavior\BuildLiteBehavior [ RunTime:0.000025s ]
INFO: [ app_init ] --END-- [ RunTime:0.001046s ]
ERR: 无法加载模块:Uploads3232

[ 2018-01-05T14:10:31+08:00 ] ::1 /YiShuBookPlatform/service/Api/Uploads3434
INFO: [ app_init ] --START--
INFO: Run Behavior\BuildLiteBehavior [ RunTime:0.000028s ]
INFO: [ app_init ] --END-- [ RunTime:0.001281s ]
ERR: 无法加载模块:Uploads3434

[ 2018-01-05T14:10:55+08:00 ] ::1 /YiShuBookPlatform/service/Api/Uploads/2018-01-02/5a4b6b4aeb178.jpg
INFO: [ app_init ] --START--
INFO: Run Behavior\BuildLiteBehavior [ RunTime:0.000015s ]
INFO: [ app_init ] --END-- [ RunTime:0.000622s ]
ERR: 无法加载模块:Uploads

[ 2018-01-05T14:10:55+08:00 ] ::1 /YiShuBookPlatform/service/Api/Uploads3232
INFO: [ app_init ] --START--
INFO: Run Behavior\BuildLiteBehavior [ RunTime:0.000025s ]
INFO: [ app_init ] --END-- [ RunTime:0.001132s ]
ERR: 无法加载模块:Uploads3232

[ 2018-01-05T14:10:55+08:00 ] ::1 /YiShuBookPlatform/service/Api/Uploads3434
INFO: [ app_init ] --START--
INFO: Run Behavior\BuildLiteBehavior [ RunTime:0.000026s ]
INFO: [ app_init ] --END-- [ RunTime:0.001009s ]
ERR: 无法加载模块:Uploads3434

[ 2018-01-05T14:12:35+08:00 ] ::1 /YiShuBookPlatform/service/Api/Uploads/2018-01-02/5a4b6b4aeb178.jpg
INFO: [ app_init ] --START--
INFO: Run Behavior\BuildLiteBehavior [ RunTime:0.000028s ]
INFO: [ app_init ] --END-- [ RunTime:0.001725s ]
ERR: 无法加载模块:Uploads

[ 2018-01-05T14:12:36+08:00 ] ::1 /YiShuBookPlatform/service/Api/Uploads3232
INFO: [ app_init ] --START--
INFO: Run Behavior\BuildLiteBehavior [ RunTime:0.000026s ]
INFO: [ app_init ] --END-- [ RunTime:0.002256s ]
ERR: 无法加载模块:Uploads3232

[ 2018-01-05T14:12:36+08:00 ] ::1 /YiShuBookPlatform/service/Api/Uploads3434
INFO: [ app_init ] --START--
INFO: Run Behavior\BuildLiteBehavior [ RunTime:0.000024s ]
INFO: [ app_init ] --END-- [ RunTime:0.000941s ]
ERR: 无法加载模块:Uploads3434

[ 2018-01-05T14:12:58+08:00 ] ::1 /YiShuBookPlatform/service/Api/Uploads/2018-01-02/5a4b6b4aeb178.jpg
INFO: [ app_init ] --START--
INFO: Run Behavior\BuildLiteBehavior [ RunTime:0.000023s ]
INFO: [ app_init ] --END-- [ RunTime:0.000811s ]
ERR: 无法加载模块:Uploads

[ 2018-01-05T14:12:58+08:00 ] ::1 /YiShuBookPlatform/service/Api/Uploads3232
INFO: [ app_init ] --START--
INFO: Run Behavior\BuildLiteBehavior [ RunTime:0.000021s ]
INFO: [ app_init ] --END-- [ RunTime:0.000892s ]
ERR: 无法加载模块:Uploads3232

[ 2018-01-05T14:12:58+08:00 ] ::1 /YiShuBookPlatform/service/Api/Uploads3434
INFO: [ app_init ] --START--
INFO: Run Behavior\BuildLiteBehavior [ RunTime:0.000022s ]
INFO: [ app_init ] --END-- [ RunTime:0.000995s ]
ERR: 无法加载模块:Uploads3434

[ 2018-01-05T14:13:44+08:00 ] ::1 /YiShuBookPlatform/service/Api/Uploads/2018-01-02/5a4b6b4aeb178.jpg
INFO: [ app_init ] --START--
INFO: Run Behavior\BuildLiteBehavior [ RunTime:0.000027s ]
INFO: [ app_init ] --END-- [ RunTime:0.000846s ]
ERR: 无法加载模块:Uploads

[ 2018-01-05T14:13:44+08:00 ] ::1 /YiShuBookPlatform/service/Api/Uploads3232
INFO: [ app_init ] --START--
INFO: Run Behavior\BuildLiteBehavior [ RunTime:0.000024s ]
INFO: [ app_init ] --END-- [ RunTime:0.001075s ]
ERR: 无法加载模块:Uploads3232

[ 2018-01-05T14:13:44+08:00 ] ::1 /YiShuBookPlatform/service/Api/Uploads3434
INFO: [ app_init ] --START--
INFO: Run Behavior\BuildLiteBehavior [ RunTime:0.000026s ]
INFO: [ app_init ] --END-- [ RunTime:0.001267s ]
ERR: 无法加载模块:Uploads3434

[ 2018-01-05T14:13:45+08:00 ] ::1 /YiShuBookPlatform/service/Api/Uploads/2018-01-02/5a4b6b4aeb178.jpg
INFO: [ app_init ] --START--
INFO: Run Behavior\BuildLiteBehavior [ RunTime:0.000023s ]
INFO: [ app_init ] --END-- [ RunTime:0.000800s ]
ERR: 无法加载模块:Uploads

[ 2018-01-05T14:13:45+08:00 ] ::1 /YiShuBookPlatform/service/Api/Uploads3232
INFO: [ app_init ] --START--
INFO: Run Behavior\BuildLiteBehavior [ RunTime:0.000025s ]
INFO: [ app_init ] --END-- [ RunTime:0.000853s ]
ERR: 无法加载模块:Uploads3232

[ 2018-01-05T14:13:45+08:00 ] ::1 /YiShuBookPlatform/service/Api/Uploads3434
INFO: [ app_init ] --START--
INFO: Run Behavior\BuildLiteBehavior [ RunTime:0.000028s ]
INFO: [ app_init ] --END-- [ RunTime:0.001511s ]
ERR: 无法加载模块:Uploads3434

[ 2018-01-05T14:14:23+08:00 ] ::1 /YiShuBookPlatform/service/Api/Uploads/2018-01-02/5a4b6b4aeb178.jpg
INFO: [ app_init ] --START--
INFO: Run Behavior\BuildLiteBehavior [ RunTime:0.000018s ]
INFO: [ app_init ] --END-- [ RunTime:0.000859s ]
ERR: 无法加载模块:Uploads

[ 2018-01-05T14:14:23+08:00 ] ::1 /YiShuBookPlatform/service/Api/Uploads3232
INFO: [ app_init ] --START--
INFO: Run Behavior\BuildLiteBehavior [ RunTime:0.000024s ]
INFO: [ app_init ] --END-- [ RunTime:0.000725s ]
ERR: 无法加载模块:Uploads3232

[ 2018-01-05T14:14:23+08:00 ] ::1 /YiShuBookPlatform/service/Api/Uploads3434
INFO: [ app_init ] --START--
INFO: Run Behavior\BuildLiteBehavior [ RunTime:0.000026s ]
INFO: [ app_init ] --END-- [ RunTime:0.001254s ]
ERR: 无法加载模块:Uploads3434

[ 2018-01-05T14:17:57+08:00 ] ::1 /YiShuBookPlatform/service/Api/Uploads/2018-01-02/5a4b6b4aeb178.jpg
INFO: [ app_init ] --START--
INFO: Run Behavior\BuildLiteBehavior [ RunTime:0.000023s ]
INFO: [ app_init ] --END-- [ RunTime:0.001032s ]
ERR: 无法加载模块:Uploads

[ 2018-01-05T14:17:57+08:00 ] ::1 /YiShuBookPlatform/service/Api/Uploads3434
INFO: [ app_init ] --START--
INFO: Run Behavior\BuildLiteBehavior [ RunTime:0.000021s ]
INFO: [ app_init ] --END-- [ RunTime:0.000993s ]
ERR: 无法加载模块:Uploads3434

[ 2018-01-05T14:17:57+08:00 ] ::1 /YiShuBookPlatform/service/Api/Uploads3232
INFO: [ app_init ] --START--
INFO: Run Behavior\BuildLiteBehavior [ RunTime:0.000021s ]
INFO: [ app_init ] --END-- [ RunTime:0.000914s ]
ERR: 无法加载模块:Uploads3232

[ 2018-01-05T14:18:01+08:00 ] ::1 /YiShuBookPlatform/service/Api/Uploads3434
INFO: [ app_init ] --START--
INFO: Run Behavior\BuildLiteBehavior [ RunTime:0.000022s ]
INFO: [ app_init ] --END-- [ RunTime:0.000689s ]
ERR: 无法加载模块:Uploads3434

[ 2018-01-05T14:18:01+08:00 ] ::1 /YiShuBookPlatform/service/Api/Uploads3232
INFO: [ app_init ] --START--
INFO: Run Behavior\BuildLiteBehavior [ RunTime:0.000023s ]
INFO: [ app_init ] --END-- [ RunTime:0.001234s ]
ERR: 无法加载模块:Uploads3232

[ 2018-01-05T14:18:01+08:00 ] ::1 /YiShuBookPlatform/service/Api/Uploads/2018-01-02/5a4b6b4aeb178.jpg
INFO: [ app_init ] --START--
INFO: Run Behavior\BuildLiteBehavior [ RunTime:0.000022s ]
INFO: [ app_init ] --END-- [ RunTime:0.001061s ]
ERR: 无法加载模块:Uploads

[ 2018-01-05T14:18:09+08:00 ] ::1 /YiShuBookPlatform/service/Api/Uploads3232
INFO: [ app_init ] --START--
INFO: Run Behavior\BuildLiteBehavior [ RunTime:0.000021s ]
INFO: [ app_init ] --END-- [ RunTime:0.000958s ]
ERR: 无法加载模块:Uploads3232

[ 2018-01-05T14:18:09+08:00 ] ::1 /YiShuBookPlatform/service/Api/Uploads/2018-01-02/5a4b6b4aeb178.jpg
INFO: [ app_init ] --START--
INFO: Run Behavior\BuildLiteBehavior [ RunTime:0.000022s ]
INFO: [ app_init ] --END-- [ RunTime:0.000791s ]
ERR: 无法加载模块:Uploads

[ 2018-01-05T14:18:09+08:00 ] ::1 /YiShuBookPlatform/service/Api/Uploads3434
INFO: [ app_init ] --START--
INFO: Run Behavior\BuildLiteBehavior [ RunTime:0.000031s ]
INFO: [ app_init ] --END-- [ RunTime:0.001109s ]
ERR: 无法加载模块:Uploads3434

[ 2018-01-05T14:18:25+08:00 ] ::1 /YiShuBookPlatform/service/Api/Uploads3232
INFO: [ app_init ] --START--
INFO: Run Behavior\BuildLiteBehavior [ RunTime:0.000024s ]
INFO: [ app_init ] --END-- [ RunTime:0.001675s ]
ERR: 无法加载模块:Uploads3232

[ 2018-01-05T14:18:25+08:00 ] ::1 /YiShuBookPlatform/service/Api/Uploads3434
INFO: [ app_init ] --START--
INFO: Run Behavior\BuildLiteBehavior [ RunTime:0.000027s ]
INFO: [ app_init ] --END-- [ RunTime:0.001002s ]
ERR: 无法加载模块:Uploads3434

[ 2018-01-05T14:18:25+08:00 ] ::1 /YiShuBookPlatform/service/Api/Uploads/2018-01-02/5a4b6b4aeb178.jpg
INFO: [ app_init ] --START--
INFO: Run Behavior\BuildLiteBehavior [ RunTime:0.000029s ]
INFO: [ app_init ] --END-- [ RunTime:0.001315s ]
ERR: 无法加载模块:Uploads

[ 2018-01-05T14:18:32+08:00 ] ::1 /YiShuBookPlatform/service/Api/Uploads/2018-01-02/5a4b6b4aeb178.jpg
INFO: [ app_init ] --START--
INFO: Run Behavior\BuildLiteBehavior [ RunTime:0.000022s ]
INFO: [ app_init ] --END-- [ RunTime:0.000844s ]
ERR: 无法加载模块:Uploads

[ 2018-01-05T14:18:32+08:00 ] ::1 /YiShuBookPlatform/service/Api/Uploads3434
INFO: [ app_init ] --START--
INFO: Run Behavior\BuildLiteBehavior [ RunTime:0.000022s ]
INFO: [ app_init ] --END-- [ RunTime:0.000810s ]
ERR: 无法加载模块:Uploads3434

[ 2018-01-05T14:18:32+08:00 ] ::1 /YiShuBookPlatform/service/Api/Uploads3232
INFO: [ app_init ] --START--
INFO: Run Behavior\BuildLiteBehavior [ RunTime:0.000015s ]
INFO: [ app_init ] --END-- [ RunTime:0.000582s ]
ERR: 无法加载模块:Uploads3232

[ 2018-01-05T14:19:05+08:00 ] ::1 /YiShuBookPlatform/service/Api/Uploads3232
INFO: [ app_init ] --START--
INFO: Run Behavior\BuildLiteBehavior [ RunTime:0.000022s ]
INFO: [ app_init ] --END-- [ RunTime:0.000700s ]
ERR: 无法加载模块:Uploads3232

[ 2018-01-05T14:19:05+08:00 ] ::1 /YiShuBookPlatform/service/Api/Uploads/2018-01-02/5a4b6b4aeb178.jpg
INFO: [ app_init ] --START--
INFO: Run Behavior\BuildLiteBehavior [ RunTime:0.000023s ]
INFO: [ app_init ] --END-- [ RunTime:0.001085s ]
ERR: 无法加载模块:Uploads

[ 2018-01-05T14:19:05+08:00 ] ::1 /YiShuBookPlatform/service/Api/Uploads3434
INFO: [ app_init ] --START--
INFO: Run Behavior\BuildLiteBehavior [ RunTime:0.000026s ]
INFO: [ app_init ] --END-- [ RunTime:0.000980s ]
ERR: 无法加载模块:Uploads3434

[ 2018-01-05T14:24:52+08:00 ] ::1 /YiShuBookPlatform/service/Api/Uploads/2018-01-02/5a4b6b4aeb178.jpg
INFO: [ app_init ] --START--
INFO: Run Behavior\BuildLiteBehavior [ RunTime:0.000018s ]
INFO: [ app_init ] --END-- [ RunTime:0.000664s ]
ERR: 无法加载模块:Uploads

[ 2018-01-05T14:24:52+08:00 ] ::1 /YiShuBookPlatform/service/Api/Uploads3232
INFO: [ app_init ] --START--
INFO: Run Behavior\BuildLiteBehavior [ RunTime:0.000025s ]
INFO: [ app_init ] --END-- [ RunTime:0.001033s ]
ERR: 无法加载模块:Uploads3232

[ 2018-01-05T14:24:52+08:00 ] ::1 /YiShuBookPlatform/service/Api/Uploads3434
INFO: [ app_init ] --START--
INFO: Run Behavior\BuildLiteBehavior [ RunTime:0.000025s ]
INFO: [ app_init ] --END-- [ RunTime:0.002800s ]
ERR: 无法加载模块:Uploads3434

[ 2018-01-05T14:25:28+08:00 ] ::1 /YiShuBookPlatform/service/Api/Uploads/2018-01-02/5a4b6b4aeb178.jpg
INFO: [ app_init ] --START--
INFO: Run Behavior\BuildLiteBehavior [ RunTime:0.000021s ]
INFO: [ app_init ] --END-- [ RunTime:0.000707s ]
ERR: 无法加载模块:Uploads

[ 2018-01-05T14:25:28+08:00 ] ::1 /YiShuBookPlatform/service/Api/Uploads3434
INFO: [ app_init ] --START--
INFO: Run Behavior\BuildLiteBehavior [ RunTime:0.000021s ]
INFO: [ app_init ] --END-- [ RunTime:0.000744s ]
ERR: 无法加载模块:Uploads3434

[ 2018-01-05T14:25:28+08:00 ] ::1 /YiShuBookPlatform/service/Api/Uploads3232
INFO: [ app_init ] --START--
INFO: Run Behavior\BuildLiteBehavior [ RunTime:0.000021s ]
INFO: [ app_init ] --END-- [ RunTime:0.000733s ]
ERR: 无法加载模块:Uploads3232

[ 2018-01-05T14:25:34+08:00 ] ::1 /YiShuBookPlatform/service/Api/Uploads3232
INFO: [ app_init ] --START--
INFO: Run Behavior\BuildLiteBehavior [ RunTime:0.000025s ]
INFO: [ app_init ] --END-- [ RunTime:0.000912s ]
ERR: 无法加载模块:Uploads3232

[ 2018-01-05T14:25:34+08:00 ] ::1 /YiShuBookPlatform/service/Api/Uploads/2018-01-02/5a4b6b4aeb178.jpg
INFO: [ app_init ] --START--
INFO: Run Behavior\BuildLiteBehavior [ RunTime:0.000021s ]
INFO: [ app_init ] --END-- [ RunTime:0.000687s ]
ERR: 无法加载模块:Uploads

[ 2018-01-05T14:25:34+08:00 ] ::1 /YiShuBookPlatform/service/Api/Uploads3434
INFO: [ app_init ] --START--
INFO: Run Behavior\BuildLiteBehavior [ RunTime:0.000015s ]
INFO: [ app_init ] --END-- [ RunTime:0.000695s ]
ERR: 无法加载模块:Uploads3434

[ 2018-01-05T14:25:47+08:00 ] ::1 /YiShuBookPlatform/service/Api/Uploads3434
INFO: [ app_init ] --START--
INFO: Run Behavior\BuildLiteBehavior [ RunTime:0.000024s ]
INFO: [ app_init ] --END-- [ RunTime:0.000921s ]
ERR: 无法加载模块:Uploads3434

[ 2018-01-05T14:25:47+08:00 ] ::1 /YiShuBookPlatform/service/Api/Uploads3232
INFO: [ app_init ] --START--
INFO: Run Behavior\BuildLiteBehavior [ RunTime:0.000014s ]
INFO: [ app_init ] --END-- [ RunTime:0.000604s ]
ERR: 无法加载模块:Uploads3232

[ 2018-01-05T14:25:47+08:00 ] ::1 /YiShuBookPlatform/service/Api/Uploads/2018-01-02/5a4b6b4aeb178.jpg
INFO: [ app_init ] --START--
INFO: Run Behavior\BuildLiteBehavior [ RunTime:0.000025s ]
INFO: [ app_init ] --END-- [ RunTime:0.001064s ]
ERR: 无法加载模块:Uploads

[ 2018-01-05T14:25:50+08:00 ] ::1 /YiShuBookPlatform/service/Api/Uploads/2018-01-02/5a4b6b4aeb178.jpg
INFO: [ app_init ] --START--
INFO: Run Behavior\BuildLiteBehavior [ RunTime:0.000024s ]
INFO: [ app_init ] --END-- [ RunTime:0.000799s ]
ERR: 无法加载模块:Uploads

[ 2018-01-05T14:25:50+08:00 ] ::1 /YiShuBookPlatform/service/Api/Uploads3434
INFO: [ app_init ] --START--
INFO: Run Behavior\BuildLiteBehavior [ RunTime:0.000019s ]
INFO: [ app_init ] --END-- [ RunTime:0.000835s ]
ERR: 无法加载模块:Uploads3434

[ 2018-01-05T14:25:50+08:00 ] ::1 /YiShuBookPlatform/service/Api/Uploads3232
INFO: [ app_init ] --START--
INFO: Run Behavior\BuildLiteBehavior [ RunTime:0.000023s ]
INFO: [ app_init ] --END-- [ RunTime:0.001380s ]
ERR: 无法加载模块:Uploads3232

[ 2018-01-05T14:31:06+08:00 ] ::1 /YiShuBookPlatform/service/Api/Uploads3434
INFO: [ app_init ] --START--
INFO: Run Behavior\BuildLiteBehavior [ RunTime:0.000023s ]
INFO: [ app_init ] --END-- [ RunTime:0.001600s ]
ERR: 无法加载模块:Uploads3434

[ 2018-01-05T14:31:07+08:00 ] ::1 /YiShuBookPlatform/service/Api/Uploads3232
INFO: [ app_init ] --START--
INFO: Run Behavior\BuildLiteBehavior [ RunTime:0.000028s ]
INFO: [ app_init ] --END-- [ RunTime:0.001726s ]
ERR: 无法加载模块:Uploads3232

[ 2018-01-05T14:31:07+08:00 ] ::1 /YiShuBookPlatform/service/Api/Uploads/2018-01-02/5a4b6b4aeb178.jpg
INFO: [ app_init ] --START--
INFO: Run Behavior\BuildLiteBehavior [ RunTime:0.000057s ]
INFO: [ app_init ] --END-- [ RunTime:0.004050s ]
ERR: 无法加载模块:Uploads

[ 2018-01-05T14:31:09+08:00 ] ::1 /YiShuBookPlatform/service/Api/Uploads3434
INFO: [ app_init ] --START--
INFO: Run Behavior\BuildLiteBehavior [ RunTime:0.000023s ]
INFO: [ app_init ] --END-- [ RunTime:0.000905s ]
ERR: 无法加载模块:Uploads3434

[ 2018-01-05T14:31:09+08:00 ] ::1 /YiShuBookPlatform/service/Api/Uploads/2018-01-02/5a4b6b4aeb178.jpg
INFO: [ app_init ] --START--
INFO: Run Behavior\BuildLiteBehavior [ RunTime:0.000031s ]
INFO: [ app_init ] --END-- [ RunTime:0.001036s ]
ERR: 无法加载模块:Uploads

[ 2018-01-05T14:31:09+08:00 ] ::1 /YiShuBookPlatform/service/Api/Uploads3232
INFO: [ app_init ] --START--
INFO: Run Behavior\BuildLiteBehavior [ RunTime:0.000026s ]
INFO: [ app_init ] --END-- [ RunTime:0.001213s ]
ERR: 无法加载模块:Uploads3232

[ 2018-01-05T14:31:27+08:00 ] ::1 /YiShuBookPlatform/service/Api/Uploads/2018-01-02/5a4b6b4aeb178.jpg
INFO: [ app_init ] --START--
INFO: Run Behavior\BuildLiteBehavior [ RunTime:0.000026s ]
INFO: [ app_init ] --END-- [ RunTime:0.006502s ]
ERR: 无法加载模块:Uploads

[ 2018-01-05T14:31:27+08:00 ] ::1 /YiShuBookPlatform/service/Api/Uploads3434
INFO: [ app_init ] --START--
INFO: Run Behavior\BuildLiteBehavior [ RunTime:0.000022s ]
INFO: [ app_init ] --END-- [ RunTime:0.000717s ]
ERR: 无法加载模块:Uploads3434

[ 2018-01-05T14:31:27+08:00 ] ::1 /YiShuBookPlatform/service/Api/Uploads3232
INFO: [ app_init ] --START--
INFO: Run Behavior\BuildLiteBehavior [ RunTime:0.000023s ]
INFO: [ app_init ] --END-- [ RunTime:0.000770s ]
ERR: 无法加载模块:Uploads3232

[ 2018-01-05T14:31:37+08:00 ] ::1 /YiShuBookPlatform/service/Api/Uploads/2018-01-02/5a4b6b4aeb178.jpg
INFO: [ app_init ] --START--
INFO: Run Behavior\BuildLiteBehavior [ RunTime:0.000025s ]
INFO: [ app_init ] --END-- [ RunTime:0.000855s ]
ERR: 无法加载模块:Uploads

[ 2018-01-05T14:31:37+08:00 ] ::1 /YiShuBookPlatform/service/Api/Uploads3434
INFO: [ app_init ] --START--
INFO: Run Behavior\BuildLiteBehavior [ RunTime:0.000024s ]
INFO: [ app_init ] --END-- [ RunTime:0.000843s ]
ERR: 无法加载模块:Uploads3434

[ 2018-01-05T14:31:37+08:00 ] ::1 /YiShuBookPlatform/service/Api/Uploads3232
INFO: [ app_init ] --START--
INFO: Run Behavior\BuildLiteBehavior [ RunTime:0.000028s ]
INFO: [ app_init ] --END-- [ RunTime:0.001861s ]
ERR: 无法加载模块:Uploads3232

[ 2018-01-05T14:31:39+08:00 ] ::1 /YiShuBookPlatform/service/Api/Uploads3232
INFO: [ app_init ] --START--
INFO: Run Behavior\BuildLiteBehavior [ RunTime:0.000022s ]
INFO: [ app_init ] --END-- [ RunTime:0.000683s ]
ERR: 无法加载模块:Uploads3232

[ 2018-01-05T14:31:39+08:00 ] ::1 /YiShuBookPlatform/service/Api/Uploads3434
INFO: [ app_init ] --START--
INFO: Run Behavior\BuildLiteBehavior [ RunTime:0.000021s ]
INFO: [ app_init ] --END-- [ RunTime:0.000689s ]
ERR: 无法加载模块:Uploads3434

[ 2018-01-05T14:31:40+08:00 ] ::1 /YiShuBookPlatform/service/Api/Uploads/2018-01-02/5a4b6b4aeb178.jpg
INFO: [ app_init ] --START--
INFO: Run Behavior\BuildLiteBehavior [ RunTime:0.000025s ]
INFO: [ app_init ] --END-- [ RunTime:0.001042s ]
ERR: 无法加载模块:Uploads

[ 2018-01-05T14:31:42+08:00 ] ::1 /YiShuBookPlatform/service/Api/Uploads3434
INFO: [ app_init ] --START--
INFO: Run Behavior\BuildLiteBehavior [ RunTime:0.000024s ]
INFO: [ app_init ] --END-- [ RunTime:0.000798s ]
ERR: 无法加载模块:Uploads3434

[ 2018-01-05T14:31:42+08:00 ] ::1 /YiShuBookPlatform/service/Api/Uploads/2018-01-02/5a4b6b4aeb178.jpg
INFO: [ app_init ] --START--
INFO: Run Behavior\BuildLiteBehavior [ RunTime:0.000021s ]
INFO: [ app_init ] --END-- [ RunTime:0.000702s ]
ERR: 无法加载模块:Uploads

[ 2018-01-05T14:31:42+08:00 ] ::1 /YiShuBookPlatform/service/Api/Uploads3232
INFO: [ app_init ] --START--
INFO: Run Behavior\BuildLiteBehavior [ RunTime:0.000024s ]
INFO: [ app_init ] --END-- [ RunTime:0.000977s ]
ERR: 无法加载模块:Uploads3232

[ 2018-01-05T14:32:05+08:00 ] ::1 /YiShuBookPlatform/service/Api/Uploads3232
INFO: [ app_init ] --START--
INFO: Run Behavior\BuildLiteBehavior [ RunTime:0.000016s ]
INFO: [ app_init ] --END-- [ RunTime:0.000637s ]
ERR: 无法加载模块:Uploads3232

[ 2018-01-05T14:32:05+08:00 ] ::1 /YiShuBookPlatform/service/Api/Uploads/2018-01-02/5a4b6b4aeb178.jpg
INFO: [ app_init ] --START--
INFO: Run Behavior\BuildLiteBehavior [ RunTime:0.000032s ]
INFO: [ app_init ] --END-- [ RunTime:0.001115s ]
ERR: 无法加载模块:Uploads

[ 2018-01-05T14:32:05+08:00 ] ::1 /YiShuBookPlatform/service/Api/Uploads3434
INFO: [ app_init ] --START--
INFO: Run Behavior\BuildLiteBehavior [ RunTime:0.000028s ]
INFO: [ app_init ] --END-- [ RunTime:0.000841s ]
ERR: 无法加载模块:Uploads3434

[ 2018-01-05T14:32:08+08:00 ] ::1 /YiShuBookPlatform/service/Api/Uploads3434
INFO: [ app_init ] --START--
INFO: Run Behavior\BuildLiteBehavior [ RunTime:0.000022s ]
INFO: [ app_init ] --END-- [ RunTime:0.000764s ]
ERR: 无法加载模块:Uploads3434

[ 2018-01-05T14:32:08+08:00 ] ::1 /YiShuBookPlatform/service/Api/Uploads/2018-01-02/5a4b6b4aeb178.jpg
INFO: [ app_init ] --START--
INFO: Run Behavior\BuildLiteBehavior [ RunTime:0.000025s ]
INFO: [ app_init ] --END-- [ RunTime:0.001108s ]
ERR: 无法加载模块:Uploads

[ 2018-01-05T14:32:08+08:00 ] ::1 /YiShuBookPlatform/service/Api/Uploads3232
INFO: [ app_init ] --START--
INFO: Run Behavior\BuildLiteBehavior [ RunTime:0.000056s ]
INFO: [ app_init ] --END-- [ RunTime:0.001549s ]
ERR: 无法加载模块:Uploads3232

[ 2018-01-05T14:32:16+08:00 ] ::1 /YiShuBookPlatform/service/Api/Uploads/2018-01-02/5a4b6b4aeb178.jpg
INFO: [ app_init ] --START--
INFO: Run Behavior\BuildLiteBehavior [ RunTime:0.000025s ]
INFO: [ app_init ] --END-- [ RunTime:0.001039s ]
ERR: 无法加载模块:Uploads

[ 2018-01-05T14:32:16+08:00 ] ::1 /YiShuBookPlatform/service/Api/Uploads3232
INFO: [ app_init ] --START--
INFO: Run Behavior\BuildLiteBehavior [ RunTime:0.000022s ]
INFO: [ app_init ] --END-- [ RunTime:0.000787s ]
ERR: 无法加载模块:Uploads3232

[ 2018-01-05T14:32:16+08:00 ] ::1 /YiShuBookPlatform/service/Api/Uploads3434
INFO: [ app_init ] --START--
INFO: Run Behavior\BuildLiteBehavior [ RunTime:0.000021s ]
INFO: [ app_init ] --END-- [ RunTime:0.000755s ]
ERR: 无法加载模块:Uploads3434

[ 2018-01-05T14:32:36+08:00 ] ::1 /YiShuBookPlatform/service/Api/Uploads/2018-01-02/5a4b6b4aeb178.jpg
INFO: [ app_init ] --START--
INFO: Run Behavior\BuildLiteBehavior [ RunTime:0.000024s ]
INFO: [ app_init ] --END-- [ RunTime:0.000764s ]
ERR: 无法加载模块:Uploads

[ 2018-01-05T14:32:36+08:00 ] ::1 /YiShuBookPlatform/service/Api/Uploads3232
INFO: [ app_init ] --START--
INFO: Run Behavior\BuildLiteBehavior [ RunTime:0.000015s ]
INFO: [ app_init ] --END-- [ RunTime:0.000667s ]
ERR: 无法加载模块:Uploads3232

[ 2018-01-05T14:32:36+08:00 ] ::1 /YiShuBookPlatform/service/Api/Uploads3434
INFO: [ app_init ] --START--
INFO: Run Behavior\BuildLiteBehavior [ RunTime:0.000026s ]
INFO: [ app_init ] --END-- [ RunTime:0.001749s ]
ERR: 无法加载模块:Uploads3434

[ 2018-01-05T14:32:39+08:00 ] ::1 /YiShuBookPlatform/service/Api/Uploads3434
INFO: [ app_init ] --START--
INFO: Run Behavior\BuildLiteBehavior [ RunTime:0.000021s ]
INFO: [ app_init ] --END-- [ RunTime:0.000680s ]
ERR: 无法加载模块:Uploads3434

[ 2018-01-05T14:32:39+08:00 ] ::1 /YiShuBookPlatform/service/Api/Uploads/2018-01-02/5a4b6b4aeb178.jpg
INFO: [ app_init ] --START--
INFO: Run Behavior\BuildLiteBehavior [ RunTime:0.000024s ]
INFO: [ app_init ] --END-- [ RunTime:0.000695s ]
ERR: 无法加载模块:Uploads

[ 2018-01-05T14:32:39+08:00 ] ::1 /YiShuBookPlatform/service/Api/Uploads3232
INFO: [ app_init ] --START--
INFO: Run Behavior\BuildLiteBehavior [ RunTime:0.000078s ]
INFO: [ app_init ] --END-- [ RunTime:0.001541s ]
ERR: 无法加载模块:Uploads3232

[ 2018-01-05T14:32:54+08:00 ] ::1 /YiShuBookPlatform/service/Api/Uploads3232
INFO: [ app_init ] --START--
INFO: Run Behavior\BuildLiteBehavior [ RunTime:0.000024s ]
INFO: [ app_init ] --END-- [ RunTime:0.000973s ]
ERR: 无法加载模块:Uploads3232

[ 2018-01-05T14:32:54+08:00 ] ::1 /YiShuBookPlatform/service/Api/Uploads/2018-01-02/5a4b6b4aeb178.jpg
INFO: [ app_init ] --START--
INFO: Run Behavior\BuildLiteBehavior [ RunTime:0.000019s ]
INFO: [ app_init ] --END-- [ RunTime:0.000671s ]
ERR: 无法加载模块:Uploads

[ 2018-01-05T14:32:54+08:00 ] ::1 /YiShuBookPlatform/service/Api/Uploads3434
INFO: [ app_init ] --START--
INFO: Run Behavior\BuildLiteBehavior [ RunTime:0.000023s ]
INFO: [ app_init ] --END-- [ RunTime:0.000778s ]
ERR: 无法加载模块:Uploads3434

[ 2018-01-05T14:32:58+08:00 ] ::1 /YiShuBookPlatform/service/Api/Uploads3232
INFO: [ app_init ] --START--
INFO: Run Behavior\BuildLiteBehavior [ RunTime:0.000020s ]
INFO: [ app_init ] --END-- [ RunTime:0.000683s ]
ERR: 无法加载模块:Uploads3232

[ 2018-01-05T14:32:58+08:00 ] ::1 /YiShuBookPlatform/service/Api/Uploads3434
INFO: [ app_init ] --START--
INFO: Run Behavior\BuildLiteBehavior [ RunTime:0.000027s ]
INFO: [ app_init ] --END-- [ RunTime:0.001118s ]
ERR: 无法加载模块:Uploads3434

[ 2018-01-05T14:32:58+08:00 ] ::1 /YiShuBookPlatform/service/Api/Uploads/2018-01-02/5a4b6b4aeb178.jpg
INFO: [ app_init ] --START--
INFO: Run Behavior\BuildLiteBehavior [ RunTime:0.000015s ]
INFO: [ app_init ] --END-- [ RunTime:0.000685s ]
ERR: 无法加载模块:Uploads

[ 2018-01-05T14:34:04+08:00 ] ::1 /YiShuBookPlatform/service/Api/Uploads3232
INFO: [ app_init ] --START--
INFO: Run Behavior\BuildLiteBehavior [ RunTime:0.000024s ]
INFO: [ app_init ] --END-- [ RunTime:0.001002s ]
ERR: 无法加载模块:Uploads3232

[ 2018-01-05T14:34:04+08:00 ] ::1 /YiShuBookPlatform/service/Api/Uploads3434
INFO: [ app_init ] --START--
INFO: Run Behavior\BuildLiteBehavior [ RunTime:0.000024s ]
INFO: [ app_init ] --END-- [ RunTime:0.001410s ]
ERR: 无法加载模块:Uploads3434

[ 2018-01-05T14:34:04+08:00 ] ::1 /YiShuBookPlatform/service/Api/Uploads/2018-01-02/5a4b6b4aeb178.jpg
INFO: [ app_init ] --START--
INFO: Run Behavior\BuildLiteBehavior [ RunTime:0.000023s ]
INFO: [ app_init ] --END-- [ RunTime:0.001181s ]
ERR: 无法加载模块:Uploads

[ 2018-01-05T14:34:07+08:00 ] ::1 /YiShuBookPlatform/service/Api/Uploads3434
INFO: [ app_init ] --START--
INFO: Run Behavior\BuildLiteBehavior [ RunTime:0.000016s ]
INFO: [ app_init ] --END-- [ RunTime:0.000495s ]
ERR: 无法加载模块:Uploads3434

[ 2018-01-05T14:34:07+08:00 ] ::1 /YiShuBookPlatform/service/Api/Uploads/2018-01-02/5a4b6b4aeb178.jpg
INFO: [ app_init ] --START--
INFO: Run Behavior\BuildLiteBehavior [ RunTime:0.000024s ]
INFO: [ app_init ] --END-- [ RunTime:0.000883s ]
ERR: 无法加载模块:Uploads

[ 2018-01-05T14:35:37+08:00 ] ::1 /YiShuBookPlatform/service/Api/Uploads3434
INFO: [ app_init ] --START--
INFO: Run Behavior\BuildLiteBehavior [ RunTime:0.000024s ]
INFO: [ app_init ] --END-- [ RunTime:0.000938s ]
ERR: 无法加载模块:Uploads3434

[ 2018-01-05T14:35:37+08:00 ] ::1 /YiShuBookPlatform/service/Api/Uploads/2018-01-02/5a4b6b4aeb178.jpg
INFO: [ app_init ] --START--
INFO: Run Behavior\BuildLiteBehavior [ RunTime:0.000025s ]
INFO: [ app_init ] --END-- [ RunTime:0.000842s ]
ERR: 无法加载模块:Uploads

[ 2018-01-05T14:35:47+08:00 ] ::1 /YiShuBookPlatform/service/Api/Uploads/2018-01-02/5a4b6b4aeb178.jpg
INFO: [ app_init ] --START--
INFO: Run Behavior\BuildLiteBehavior [ RunTime:0.000014s ]
INFO: [ app_init ] --END-- [ RunTime:0.000603s ]
ERR: 无法加载模块:Uploads

[ 2018-01-05T14:36:00+08:00 ] ::1 /YiShuBookPlatform/service/Api/Uploads/2018-01-02/5a4b6b4aeb178.jpg
INFO: [ app_init ] --START--
INFO: Run Behavior\BuildLiteBehavior [ RunTime:0.000024s ]
INFO: [ app_init ] --END-- [ RunTime:0.001021s ]
ERR: 无法加载模块:Uploads

[ 2018-01-05T14:37:02+08:00 ] ::1 /YiShuBookPlatform/service/Api/Uploads/2018-01-02/5a4b6b4aeb178.jpg
INFO: [ app_init ] --START--
INFO: Run Behavior\BuildLiteBehavior [ RunTime:0.000025s ]
INFO: [ app_init ] --END-- [ RunTime:0.001082s ]
ERR: 无法加载模块:Uploads

[ 2018-01-05T14:37:05+08:00 ] ::1 /YiShuBookPlatform/service/Api/Uploads/2018-01-02/5a4b6b4aeb178.jpg
INFO: [ app_init ] --START--
INFO: Run Behavior\BuildLiteBehavior [ RunTime:0.000015s ]
INFO: [ app_init ] --END-- [ RunTime:0.000723s ]
ERR: 无法加载模块:Uploads

[ 2018-01-05T14:50:12+08:00 ] ::1 /YiShuBookPlatform/service/Api/Uploads/2018-01-02/5a4b6b4aeb178.jpg
INFO: [ app_init ] --START--
INFO: Run Behavior\BuildLiteBehavior [ RunTime:0.000024s ]
INFO: [ app_init ] --END-- [ RunTime:0.000854s ]
ERR: 无法加载模块:Uploads

[ 2018-01-05T14:50:13+08:00 ] ::1 /YiShuBookPlatform/service/Api/Uploads/2018-01-02/5a4b6b4aeb178.jpg
INFO: [ app_init ] --START--
INFO: Run Behavior\BuildLiteBehavior [ RunTime:0.000026s ]
INFO: [ app_init ] --END-- [ RunTime:0.001034s ]
ERR: 无法加载模块:Uploads

[ 2018-01-05T14:50:20+08:00 ] ::1 /YiShuBookPlatform/service/Api/Uploads/2018-01-02/5a4b6b4aeb178.jpg
INFO: [ app_init ] --START--
INFO: Run Behavior\BuildLiteBehavior [ RunTime:0.000017s ]
INFO: [ app_init ] --END-- [ RunTime:0.001016s ]
ERR: 无法加载模块:Uploads

[ 2018-01-05T15:02:03+08:00 ] ::1 /YiShuBookPlatform/service/Api/Uploads/2018-01-02/5a4b6b4aeb178.jpg
INFO: [ app_init ] --START--
INFO: Run Behavior\BuildLiteBehavior [ RunTime:0.000025s ]
INFO: [ app_init ] --END-- [ RunTime:0.001233s ]
ERR: 无法加载模块:Uploads

[ 2018-01-05T15:02:07+08:00 ] ::1 /YiShuBookPlatform/service/Api/Uploads/2018-01-02/5a4b6b4aeb178.jpg
INFO: [ app_init ] --START--
INFO: Run Behavior\BuildLiteBehavior [ RunTime:0.000015s ]
INFO: [ app_init ] --END-- [ RunTime:0.000614s ]
ERR: 无法加载模块:Uploads

[ 2018-01-05T15:03:56+08:00 ] ::1 /YiShuBookPlatform/service/Api/Uploads/2018-01-02/5a4b6b4aeb178.jpg
INFO: [ app_init ] --START--
INFO: Run Behavior\BuildLiteBehavior [ RunTime:0.000018s ]
INFO: [ app_init ] --END-- [ RunTime:0.000536s ]
ERR: 无法加载模块:Uploads

[ 2018-01-05T15:03:57+08:00 ] ::1 /YiShuBookPlatform/service/Api/Uploads/2018-01-02/5a4b6b4aeb178.jpg
INFO: [ app_init ] --START--
INFO: Run Behavior\BuildLiteBehavior [ RunTime:0.000016s ]
INFO: [ app_init ] --END-- [ RunTime:0.000560s ]
ERR: 无法加载模块:Uploads

[ 2018-01-05T15:08:47+08:00 ] ::1 /YiShuBookPlatform/service/Api/Uploads/2018-01-02/5a4b6b4aeb178.jpg
INFO: [ app_init ] --START--
INFO: Run Behavior\BuildLiteBehavior [ RunTime:0.000022s ]
INFO: [ app_init ] --END-- [ RunTime:0.000768s ]
ERR: 无法加载模块:Uploads

[ 2018-01-05T15:08:55+08:00 ] ::1 /YiShuBookPlatform/service/Api/Uploads/2018-01-02/5a4b6b4aeb178.jpg
INFO: [ app_init ] --START--
INFO: Run Behavior\BuildLiteBehavior [ RunTime:0.000024s ]
INFO: [ app_init ] --END-- [ RunTime:0.001017s ]
ERR: 无法加载模块:Uploads

[ 2018-01-05T15:09:00+08:00 ] ::1 /YiShuBookPlatform/service/Api/Uploads/2018-01-02/5a4b6b4aeb178.jpg
INFO: [ app_init ] --START--
INFO: Run Behavior\BuildLiteBehavior [ RunTime:0.000016s ]
INFO: [ app_init ] --END-- [ RunTime:0.000562s ]
ERR: 无法加载模块:Uploads

[ 2018-01-05T15:23:32+08:00 ] ::1 /YiShuBookPlatform/service/Api/Uploads/2018-01-02/5a4b6b4aeb178.jpg
INFO: [ app_init ] --START--
INFO: Run Behavior\BuildLiteBehavior [ RunTime:0.000026s ]
INFO: [ app_init ] --END-- [ RunTime:0.000892s ]
ERR: 无法加载模块:Uploads

